<?xml version="1.0" encoding="UTF-8"?>
<testsuite name="apoc.spatial.SpatialTest" tests="4" skipped="0" failures="0" errors="0" timestamp="2017-04-19T16:36:12" hostname="Pc" time="0.589">
  <properties/>
  <testcase name="testGeocodePointAndDistance" classname="apoc.spatial.SpatialTest" time="0.192"/>
  <testcase name="testSimpleGeocode" classname="apoc.spatial.SpatialTest" time="0.126"/>
  <testcase name="testAllTheThings" classname="apoc.spatial.SpatialTest" time="0.126"/>
  <testcase name="testGraphRefactoring" classname="apoc.spatial.SpatialTest" time="0.144"/>
  <system-out><![CDATA[]]></system-out>
  <system-err><![CDATA[]]></system-err>
</testsuite>
