<?xml version="1.0" encoding="UTF-8"?>
<testsuite name="apoc.create.CreateTest" tests="14" skipped="0" failures="0" errors="0" timestamp="2017-04-24T10:27:04" hostname="Pc" time="1.603">
  <properties/>
  <testcase name="testCreateVirtualRelationship" classname="apoc.create.CreateTest" time="0.126"/>
  <testcase name="testCreateNodeWithArrayProps" classname="apoc.create.CreateTest" time="0.12"/>
  <testcase name="testVirtualNodeFunction" classname="apoc.create.CreateTest" time="0.098"/>
  <testcase name="testVirtualNode" classname="apoc.create.CreateTest" time="0.094"/>
  <testcase name="testCreateNodes" classname="apoc.create.CreateTest" time="0.099"/>
  <testcase name="testCreatePattern" classname="apoc.create.CreateTest" time="0.111"/>
  <testcase name="testCreateRelationship" classname="apoc.create.CreateTest" time="0.115"/>
  <testcase name="testSetProperty" classname="apoc.create.CreateTest" time="0.127"/>
  <testcase name="testCreateNode" classname="apoc.create.CreateTest" time="0.131"/>
  <testcase name="testSetRelProperty" classname="apoc.create.CreateTest" time="0.119"/>
  <testcase name="testCreatePatternFull" classname="apoc.create.CreateTest" time="0.112"/>
  <testcase name="testSetProperties" classname="apoc.create.CreateTest" time="0.117"/>
  <testcase name="testSetRelProperties" classname="apoc.create.CreateTest" time="0.124"/>
  <testcase name="testCreateVirtualRelationshipFunction" classname="apoc.create.CreateTest" time="0.105"/>
  <system-out><![CDATA[]]></system-out>
  <system-err><![CDATA[]]></system-err>
</testsuite>
