<?xml version="1.0" encoding="UTF-8"?>
<testsuite name="apoc.cypher.CypherTest" tests="15" skipped="0" failures="0" errors="0" timestamp="2017-04-20T16:00:22" hostname="Pc" time="1.524">
  <properties/>
  <testcase name="testParallel2" classname="apoc.cypher.CypherTest" time="0.469"/>
  <testcase name="testRunFileWithResults" classname="apoc.cypher.CypherTest" time="0.069"/>
  <testcase name="testRunFileWithSchema" classname="apoc.cypher.CypherTest" time="0.007"/>
  <testcase name="testRunNoParams" classname="apoc.cypher.CypherTest" time="0.007"/>
  <testcase name="testRun" classname="apoc.cypher.CypherTest" time="0.007"/>
  <testcase name="testWithTimeout" classname="apoc.cypher.CypherTest" time="0.112"/>
  <testcase name="testMapParallel2" classname="apoc.cypher.CypherTest" time="0.193"/>
  <testcase name="testMapParallel" classname="apoc.cypher.CypherTest" time="0.125"/>
  <testcase name="testRunNullParams" classname="apoc.cypher.CypherTest" time="0.005"/>
  <testcase name="testRunVariable" classname="apoc.cypher.CypherTest" time="0.009"/>
  <testcase name="testRunFile" classname="apoc.cypher.CypherTest" time="0.015"/>
  <testcase name="testRunMany" classname="apoc.cypher.CypherTest" time="0.019"/>
  <testcase name="testSingular" classname="apoc.cypher.CypherTest" time="0.118"/>
  <testcase name="testRunWithPeriodic" classname="apoc.cypher.CypherTest" time="0.187"/>
  <testcase name="testParallel" classname="apoc.cypher.CypherTest" time="0.179"/>
  <system-out><![CDATA[]]></system-out>
  <system-err><![CDATA[]]></system-err>
</testsuite>
