<?xml version="1.0" encoding="UTF-8"?>
<testsuite name="apoc.nodes.NodesTest" tests="4" skipped="0" failures="0" errors="0" timestamp="2017-04-22T14:53:35" hostname="Pc" time="0.953">
  <properties/>
  <testcase name="delete" classname="apoc.nodes.NodesTest" time="0.472"/>
  <testcase name="link" classname="apoc.nodes.NodesTest" time="0.155"/>
  <testcase name="hasRelationhip" classname="apoc.nodes.NodesTest" time="0.189"/>
  <testcase name="isDense" classname="apoc.nodes.NodesTest" time="0.137"/>
  <system-out><![CDATA[]]></system-out>
  <system-err><![CDATA[]]></system-err>
</testsuite>
