<?xml version="1.0" encoding="UTF-8"?>
<testsuite name="apoc.trigger.TriggerTest" tests="8" skipped="0" failures="0" errors="0" timestamp="2017-04-20T11:37:11" hostname="Pc" time="0.879">
  <properties/>
  <testcase name="testTimeStampTriggerForUpdatedProperties" classname="apoc.trigger.TriggerTest" time="0.123"/>
  <testcase name="testTxId" classname="apoc.trigger.TriggerTest" time="0.11"/>
  <testcase name="testListTriggers" classname="apoc.trigger.TriggerTest" time="0.09"/>
  <testcase name="testLowerCaseName" classname="apoc.trigger.TriggerTest" time="0.098"/>
  <testcase name="testRemoveNode" classname="apoc.trigger.TriggerTest" time="0.115"/>
  <testcase name="testRemoveRelationship" classname="apoc.trigger.TriggerTest" time="0.134"/>
  <testcase name="testSetLabels" classname="apoc.trigger.TriggerTest" time="0.116"/>
  <testcase name="testTimeStampTrigger" classname="apoc.trigger.TriggerTest" time="0.093"/>
  <system-out><![CDATA[]]></system-out>
  <system-err><![CDATA[]]></system-err>
</testsuite>
