<?xml version="1.0" encoding="UTF-8"?>
<testsuite name="apoc.cypher.CypherTest" tests="15" skipped="0" failures="0" errors="0" timestamp="2017-04-25T14:17:51" hostname="Pc" time="1.457">
  <properties/>
  <testcase name="testParallel2" classname="apoc.cypher.CypherTest" time="0.435"/>
  <testcase name="testRunFileWithResults" classname="apoc.cypher.CypherTest" time="0.068"/>
  <testcase name="testRunFileWithSchema" classname="apoc.cypher.CypherTest" time="0.006"/>
  <testcase name="testRunNoParams" classname="apoc.cypher.CypherTest" time="0.007"/>
  <testcase name="testRun" classname="apoc.cypher.CypherTest" time="0.009"/>
  <testcase name="testWithTimeout" classname="apoc.cypher.CypherTest" time="0.117"/>
  <testcase name="testMapParallel2" classname="apoc.cypher.CypherTest" time="0.17"/>
  <testcase name="testMapParallel" classname="apoc.cypher.CypherTest" time="0.157"/>
  <testcase name="testRunNullParams" classname="apoc.cypher.CypherTest" time="0.003"/>
  <testcase name="testRunVariable" classname="apoc.cypher.CypherTest" time="0.007"/>
  <testcase name="testRunFile" classname="apoc.cypher.CypherTest" time="0.015"/>
  <testcase name="testRunMany" classname="apoc.cypher.CypherTest" time="0.017"/>
  <testcase name="testSingular" classname="apoc.cypher.CypherTest" time="0.107"/>
  <testcase name="testRunWithPeriodic" classname="apoc.cypher.CypherTest" time="0.184"/>
  <testcase name="testParallel" classname="apoc.cypher.CypherTest" time="0.152"/>
  <system-out><![CDATA[]]></system-out>
  <system-err><![CDATA[]]></system-err>
</testsuite>
