<?xml version="1.0" encoding="UTF-8"?>
<testsuite name="apoc.convert.ConvertTest" tests="7" skipped="0" failures="0" errors="0" timestamp="2017-04-20T12:32:32" hostname="Pc" time="0.105">
  <properties/>
  <testcase name="testToMap" classname="apoc.convert.ConvertTest" time="0.006"/>
  <testcase name="testToSet" classname="apoc.convert.ConvertTest" time="0.006"/>
  <testcase name="testToString" classname="apoc.convert.ConvertTest" time="0.023"/>
  <testcase name="testToBoolean" classname="apoc.convert.ConvertTest" time="0.028"/>
  <testcase name="testToList" classname="apoc.convert.ConvertTest" time="0.007"/>
  <testcase name="testToNode" classname="apoc.convert.ConvertTest" time="0.02"/>
  <testcase name="testToRelationship" classname="apoc.convert.ConvertTest" time="0.014"/>
  <system-out><![CDATA[]]></system-out>
  <system-err><![CDATA[]]></system-err>
</testsuite>
