<?xml version="1.0" encoding="UTF-8"?>
<testsuite name="apoc.cypher.CypherTest" tests="15" skipped="0" failures="0" errors="0" timestamp="2017-04-20T10:33:00" hostname="Pc" time="1.545">
  <properties/>
  <testcase name="testParallel2" classname="apoc.cypher.CypherTest" time="0.506"/>
  <testcase name="testRunFileWithResults" classname="apoc.cypher.CypherTest" time="0.068"/>
  <testcase name="testRunFileWithSchema" classname="apoc.cypher.CypherTest" time="0.007"/>
  <testcase name="testRunNoParams" classname="apoc.cypher.CypherTest" time="0.007"/>
  <testcase name="testRun" classname="apoc.cypher.CypherTest" time="0.009"/>
  <testcase name="testWithTimeout" classname="apoc.cypher.CypherTest" time="0.112"/>
  <testcase name="testMapParallel2" classname="apoc.cypher.CypherTest" time="0.162"/>
  <testcase name="testMapParallel" classname="apoc.cypher.CypherTest" time="0.166"/>
  <testcase name="testRunNullParams" classname="apoc.cypher.CypherTest" time="0.004"/>
  <testcase name="testRunVariable" classname="apoc.cypher.CypherTest" time="0.008"/>
  <testcase name="testRunFile" classname="apoc.cypher.CypherTest" time="0.017"/>
  <testcase name="testRunMany" classname="apoc.cypher.CypherTest" time="0.02"/>
  <testcase name="testSingular" classname="apoc.cypher.CypherTest" time="0.116"/>
  <testcase name="testRunWithPeriodic" classname="apoc.cypher.CypherTest" time="0.176"/>
  <testcase name="testParallel" classname="apoc.cypher.CypherTest" time="0.163"/>
  <system-out><![CDATA[]]></system-out>
  <system-err><![CDATA[]]></system-err>
</testsuite>
