<?xml version="1.0" encoding="UTF-8"?>
<testsuite name="apoc.index.FulltextIndexTest" tests="13" skipped="0" failures="0" errors="0" timestamp="2017-04-26T16:42:32" hostname="Pc" time="1.514">
  <properties/>
  <testcase name="testRelationships" classname="apoc.index.FulltextIndexTest" time="0.114"/>
  <testcase name="testAddNode" classname="apoc.index.FulltextIndexTest" time="0.101"/>
  <testcase name="testOut" classname="apoc.index.FulltextIndexTest" time="0.112"/>
  <testcase name="testNodes" classname="apoc.index.FulltextIndexTest" time="0.149"/>
  <testcase name="testRemoveRelationshipByName" classname="apoc.index.FulltextIndexTest" time="0.126"/>
  <testcase name="testIn" classname="apoc.index.FulltextIndexTest" time="0.115"/>
  <testcase name="testBetween" classname="apoc.index.FulltextIndexTest" time="0.122"/>
  <testcase name="testAddRelationshipToExistingIndex" classname="apoc.index.FulltextIndexTest" time="0.106"/>
  <testcase name="testAddNodeByLabel" classname="apoc.index.FulltextIndexTest" time="0.107"/>
  <testcase name="testAddNodeToExistingIndex" classname="apoc.index.FulltextIndexTest" time="0.122"/>
  <testcase name="testAddNodeByLabelMultipleProperties" classname="apoc.index.FulltextIndexTest" time="0.109"/>
  <testcase name="testRemoveNodeByName" classname="apoc.index.FulltextIndexTest" time="0.116"/>
  <testcase name="testAddRelationship" classname="apoc.index.FulltextIndexTest" time="0.114"/>
  <system-out><![CDATA[]]></system-out>
  <system-err><![CDATA[]]></system-err>
</testsuite>
