<?xml version="1.0" encoding="UTF-8"?>
<testsuite name="apoc.load.LoadJsonTest" tests="6" skipped="1" failures="0" errors="0" timestamp="2017-04-19T17:29:05" hostname="Pc" time="0.487">
  <properties/>
  <testcase name="testLoadJson" classname="apoc.load.LoadJsonTest" time="0.094"/>
  <testcase name="testLoadJsonArrayPath" classname="apoc.load.LoadJsonTest" time="0.095"/>
  <testcase name="testLoadJsonPathRoot" classname="apoc.load.LoadJsonTest" time="0.109"/>
  <testcase name="testLoadJsonPath" classname="apoc.load.LoadJsonTest" time="0.094"/>
  <testcase name="testLoadJsonGraphCommons" classname="apoc.load.LoadJsonTest" time="0.001">
    <skipped/>
  </testcase>
  <testcase name="testLoadJsonArrayPathRoot" classname="apoc.load.LoadJsonTest" time="0.094"/>
  <system-out><![CDATA[]]></system-out>
  <system-err><![CDATA[]]></system-err>
</testsuite>
