<?xml version="1.0" encoding="UTF-8"?>
<testsuite name="apoc.algo.PregelTest" tests="4" skipped="1" failures="0" errors="0" timestamp="2017-04-21T14:41:20" hostname="Pc" time="35.708">
  <properties/>
  <testcase name="testCreateGraph" classname="apoc.algo.PregelTest" time="0.0">
    <skipped/>
  </testcase>
  <testcase name="runPageRank" classname="apoc.algo.PregelTest" time="17.436"/>
  <testcase name="runPageRank3" classname="apoc.algo.PregelTest" time="14.757"/>
  <testcase name="runDegreeProgram" classname="apoc.algo.PregelTest" time="3.513"/>
  <system-out><![CDATA[]]></system-out>
  <system-err><![CDATA[Generating Data took 16321 ms. nodes 100001 rels 950769
PageRank Program ran for 100001 nodes in 527 ms. 10 hightest Ranks [1.3125209, 1.3138509, 1.3168213, 1.3177344, 1.3323275, 1.3679276, 1.376396, 1.3843566, 1.4682544, 1.468718]
Generating Data took 13737 ms. nodes 100001 rels 950769
PageRank Program ran for 100001 nodes in 396 ms. 10 hightest Ranks [1.3125209, 1.3138509, 1.3168212, 1.3177345, 1.3323275, 1.3679276, 1.3763961, 1.3843566, 1.4682544, 1.4687179]
Program ran for 100001 nodes in 81 ms.
]]></system-err>
</testsuite>
