<?xml version="1.0" encoding="UTF-8"?>
<testsuite name="apoc.convert.ConvertJsonTest" tests="9" skipped="0" failures="0" errors="0" timestamp="2017-04-21T11:42:36" hostname="Pc" time="1.401">
  <properties/>
  <testcase name="testFromJsonMap" classname="apoc.convert.ConvertJsonTest" time="0.304"/>
  <testcase name="testGetJsonPropertyMap" classname="apoc.convert.ConvertJsonTest" time="0.148"/>
  <testcase name="testGetJsonProperty" classname="apoc.convert.ConvertJsonTest" time="0.123"/>
  <testcase name="testSetJsonProperty" classname="apoc.convert.ConvertJsonTest" time="0.151"/>
  <testcase name="testToTreeLeafNodes" classname="apoc.convert.ConvertJsonTest" time="0.219"/>
  <testcase name="testFromJsonList" classname="apoc.convert.ConvertJsonTest" time="0.115"/>
  <testcase name="testToJsonList" classname="apoc.convert.ConvertJsonTest" time="0.108"/>
  <testcase name="testToTree" classname="apoc.convert.ConvertJsonTest" time="0.118"/>
  <testcase name="testToJsonMap" classname="apoc.convert.ConvertJsonTest" time="0.113"/>
  <system-out><![CDATA[root = {_id=0, _type=Category, name=PC, subcategory=[{_id=1, _type=Category, name=Parts, subcategory.id=1, subcategory=[{_id=2, _type=Category, name=CPU, subcategory.id=2}]}]}
root = {_id=0, _type=Movie, title=M, acted_in=[{_id=1, _type=Actor, name=A1, acted_in.role=R1}, {_id=2, _type=Actor, name=A2, acted_in.role=R2}]}
]]></system-out>
  <system-err><![CDATA[]]></system-err>
</testsuite>
