<?xml version="1.0" encoding="UTF-8"?>
<testsuite name="apoc.trigger.TriggerTest" tests="8" skipped="0" failures="0" errors="0" timestamp="2017-04-24T15:38:06" hostname="Pc" time="1.13">
  <properties/>
  <testcase name="testTimeStampTriggerForUpdatedProperties" classname="apoc.trigger.TriggerTest" time="0.151"/>
  <testcase name="testTxId" classname="apoc.trigger.TriggerTest" time="0.127"/>
  <testcase name="testListTriggers" classname="apoc.trigger.TriggerTest" time="0.112"/>
  <testcase name="testLowerCaseName" classname="apoc.trigger.TriggerTest" time="0.139"/>
  <testcase name="testRemoveNode" classname="apoc.trigger.TriggerTest" time="0.186"/>
  <testcase name="testRemoveRelationship" classname="apoc.trigger.TriggerTest" time="0.138"/>
  <testcase name="testSetLabels" classname="apoc.trigger.TriggerTest" time="0.149"/>
  <testcase name="testTimeStampTrigger" classname="apoc.trigger.TriggerTest" time="0.128"/>
  <system-out><![CDATA[]]></system-out>
  <system-err><![CDATA[]]></system-err>
</testsuite>
