<?xml version="1.0" encoding="UTF-8"?>
<testsuite name="apoc.data.ExtractTest" tests="8" skipped="0" failures="0" errors="0" timestamp="2017-04-19T17:58:36" hostname="Pc" time="0.9">
  <properties/>
  <testcase name="testBadString" classname="apoc.data.ExtractTest" time="0.115"/>
  <testcase name="testUrl" classname="apoc.data.ExtractTest" time="0.118"/>
  <testcase name="testEmail" classname="apoc.data.ExtractTest" time="0.108"/>
  <testcase name="testNull" classname="apoc.data.ExtractTest" time="0.11"/>
  <testcase name="testEmptyString" classname="apoc.data.ExtractTest" time="0.114"/>
  <testcase name="testQuotedEmail" classname="apoc.data.ExtractTest" time="0.106"/>
  <testcase name="testQueryParameter" classname="apoc.data.ExtractTest" time="0.117"/>
  <testcase name="testEmailWithDotsBeforeAt" classname="apoc.data.ExtractTest" time="0.111"/>
  <system-out><![CDATA[]]></system-out>
  <system-err><![CDATA[]]></system-err>
</testsuite>
