<?xml version="1.0" encoding="UTF-8"?>
<testsuite name="apoc.schema.SchemasTest" tests="6" skipped="0" failures="0" errors="0" timestamp="2017-04-19T18:26:58" hostname="Pc" time="0.547">
  <properties/>
  <testcase name="testCreateSchema" classname="apoc.schema.SchemasTest" time="0.097"/>
  <testcase name="testCreateIndex" classname="apoc.schema.SchemasTest" time="0.082"/>
  <testcase name="testKeepIndex" classname="apoc.schema.SchemasTest" time="0.086"/>
  <testcase name="testDropIndex" classname="apoc.schema.SchemasTest" time="0.094"/>
  <testcase name="testDropSchema" classname="apoc.schema.SchemasTest" time="0.1"/>
  <testcase name="testKeepSchema" classname="apoc.schema.SchemasTest" time="0.087"/>
  <system-out><![CDATA[]]></system-out>
  <system-err><![CDATA[]]></system-err>
</testsuite>
