<?xml version="1.0" encoding="UTF-8"?>
<testsuite name="apoc.nodes.NodesTest" tests="4" skipped="0" failures="0" errors="0" timestamp="2017-04-24T15:37:27" hostname="Pc" time="1.009">
  <properties/>
  <testcase name="delete" classname="apoc.nodes.NodesTest" time="0.45"/>
  <testcase name="link" classname="apoc.nodes.NodesTest" time="0.139"/>
  <testcase name="hasRelationhip" classname="apoc.nodes.NodesTest" time="0.219"/>
  <testcase name="isDense" classname="apoc.nodes.NodesTest" time="0.2"/>
  <system-out><![CDATA[]]></system-out>
  <system-err><![CDATA[]]></system-err>
</testsuite>
