<?xml version="1.0" encoding="UTF-8"?>
<testsuite name="apoc.spatial.GeocodeTest" tests="2" skipped="0" failures="0" errors="0" timestamp="2017-04-21T15:28:24" hostname="Pc" time="24.967">
  <properties/>
  <testcase name="testGeocodeGoogle" classname="apoc.spatial.GeocodeTest" time="11.887"/>
  <testcase name="testGeocodeOSM" classname="apoc.spatial.GeocodeTest" time="13.08"/>
  <system-out><![CDATA[Fast google test took 1553ms
Slow google test took 10190ms
Fast osm test took 987ms
Slow osm test took 11998ms
]]></system-out>
  <system-err><![CDATA[]]></system-err>
</testsuite>
