<?xml version="1.0" encoding="UTF-8"?>
<testsuite name="apoc.config.ConfigTest" tests="8" skipped="0" failures="0" errors="0" timestamp="2017-04-24T13:38:07" hostname="Pc" time="0.788">
  <properties/>
  <testcase name="changeSlashUrlWithDirectoryImportContrained" classname="apoc.config.ConfigTest" time="0.101"/>
  <testcase name="notChangeFileUrlWithdirectoryImportConstrained" classname="apoc.config.ConfigTest" time="0.102"/>
  <testcase name="changeFileSlashUrlWithDirectoryImportContrained" classname="apoc.config.ConfigTest" time="0.107"/>
  <testcase name="list" classname="apoc.config.ConfigTest" time="0.109"/>
  <testcase name="changeFileTripleSlashesUrlWithdirectoryImportConstrained" classname="apoc.config.ConfigTest" time="0.091"/>
  <testcase name="changeNoSlashesUrlWithDirectoryImportContrained" classname="apoc.config.ConfigTest" time="0.09"/>
  <testcase name="changeFileDoubleSlashesUrlWithdirectoryImportConstrained" classname="apoc.config.ConfigTest" time="0.098"/>
  <testcase name="getConfigurationValue" classname="apoc.config.ConfigTest" time="0.089"/>
  <system-out><![CDATA[]]></system-out>
  <system-err><![CDATA[]]></system-err>
</testsuite>
