<?xml version="1.0" encoding="UTF-8"?>
<testsuite name="apoc.algo.PageRankTest" tests="11" skipped="0" failures="0" errors="0" timestamp="2017-04-20T11:33:58" hostname="Pc" time="1.959">
  <properties/>
  <testcase name="shouldGetPageRankWithCypherExpectedResultWithoutNodes" classname="apoc.algo.PageRankTest" time="0.195"/>
  <testcase name="shouldGetPageRankWithCypherExpectedResultWithoutNodesParallel" classname="apoc.algo.PageRankTest" time="0.215"/>
  <testcase name="shouldGetPageRankWithCypherExpectedResultWithLables" classname="apoc.algo.PageRankTest" time="0.205"/>
  <testcase name="shouldGetPageRankStats" classname="apoc.algo.PageRankTest" time="0.147"/>
  <testcase name="shouldGetPageRankWithCypherExpectedResult" classname="apoc.algo.PageRankTest" time="0.181"/>
  <testcase name="shouldHandleNullIterations" classname="apoc.algo.PageRankTest" time="0.133"/>
  <testcase name="shouldGetPageRankWithSubCypherExpectedResult" classname="apoc.algo.PageRankTest" time="0.212"/>
  <testcase name="shouldGetPageRankExpectedResult" classname="apoc.algo.PageRankTest" time="0.186"/>
  <testcase name="shouldHandleNullNodes" classname="apoc.algo.PageRankTest" time="0.135"/>
  <testcase name="shouldHandleEmptyNodeSet" classname="apoc.algo.PageRankTest" time="0.169"/>
  <testcase name="shouldGetPageRankExpectedResultWithTypes" classname="apoc.algo.PageRankTest" time="0.178"/>
  <system-out><![CDATA[+---------------------------------------------------------------------------------------------------------------------------------+
| nodes | relationships | iterations | readNodeMillis | readRelationshipMillis | computeMillis | writeMillis | write | property   |
+---------------------------------------------------------------------------------------------------------------------------------+
| 11    | 16            | 20         | 0              | 19                     | 1             | 3           | true  | "pagerank" |
+---------------------------------------------------------------------------------------------------------------------------------+
1 row

+---------------------------------------------------------------------------------------------------------------------------------+
| nodes | relationships | iterations | readNodeMillis | readRelationshipMillis | computeMillis | writeMillis | write | property   |
+---------------------------------------------------------------------------------------------------------------------------------+
| 11    | 16            | 20         | 0              | 43                     | 0             | 2           | true  | "pagerank" |
+---------------------------------------------------------------------------------------------------------------------------------+
1 row

+---------------------------------------------------------------------------------------------------------------------------------+
| nodes | relationships | iterations | readNodeMillis | readRelationshipMillis | computeMillis | writeMillis | write | property   |
+---------------------------------------------------------------------------------------------------------------------------------+
| 11    | 16            | 20         | 11             | 15                     | 1             | 2           | true  | "pagerank" |
+---------------------------------------------------------------------------------------------------------------------------------+
1 row

row = {relationships=16, nodes=11, writeMillis=0, property=null, computeMillis=2, write=false, iterations=20, readRelationshipMillis=0, readNodeMillis=0}
+---------------------------------------------------------------------------------------------------------------------------------+
| nodes | relationships | iterations | readNodeMillis | readRelationshipMillis | computeMillis | writeMillis | write | property   |
+---------------------------------------------------------------------------------------------------------------------------------+
| 11    | 16            | 20         | 9              | 14                     | 1             | 2           | true  | "pagerank" |
+---------------------------------------------------------------------------------------------------------------------------------+
1 row

+---------------------------------------------------------------------------------------------------------------------------------+
| nodes | relationships | iterations | readNodeMillis | readRelationshipMillis | computeMillis | writeMillis | write | property   |
+---------------------------------------------------------------------------------------------------------------------------------+
| 5     | 0             | 5          | 15             | 20                     | 0             | 2           | true  | "pagerank" |
+---------------------------------------------------------------------------------------------------------------------------------+
1 row

]]></system-out>
  <system-err><![CDATA[]]></system-err>
</testsuite>
