<?xml version="1.0" encoding="UTF-8"?>
<testsuite name="apoc.algo.LabelPropagationTest" tests="1" skipped="0" failures="0" errors="0" timestamp="2017-04-24T15:34:35" hostname="Pc" time="0.147">
  <properties/>
  <testcase name="testCommunity" classname="apoc.algo.LabelPropagationTest" time="0.147"/>
  <system-out><![CDATA[]]></system-out>
  <system-err><![CDATA[]]></system-err>
</testsuite>
