<?xml version="1.0" encoding="UTF-8"?>
<testsuite name="apoc.trigger.TriggerTest" tests="8" skipped="0" failures="0" errors="0" timestamp="2017-04-24T13:15:42" hostname="Pc" time="0.992">
  <properties/>
  <testcase name="testTimeStampTriggerForUpdatedProperties" classname="apoc.trigger.TriggerTest" time="0.14"/>
  <testcase name="testTxId" classname="apoc.trigger.TriggerTest" time="0.117"/>
  <testcase name="testListTriggers" classname="apoc.trigger.TriggerTest" time="0.096"/>
  <testcase name="testLowerCaseName" classname="apoc.trigger.TriggerTest" time="0.134"/>
  <testcase name="testRemoveNode" classname="apoc.trigger.TriggerTest" time="0.143"/>
  <testcase name="testRemoveRelationship" classname="apoc.trigger.TriggerTest" time="0.126"/>
  <testcase name="testSetLabels" classname="apoc.trigger.TriggerTest" time="0.129"/>
  <testcase name="testTimeStampTrigger" classname="apoc.trigger.TriggerTest" time="0.106"/>
  <system-out><![CDATA[]]></system-out>
  <system-err><![CDATA[]]></system-err>
</testsuite>
