<?xml version="1.0" encoding="UTF-8"?>
<testsuite name="apoc.search.ParallelNodeSearchTest" tests="7" skipped="0" failures="0" errors="0" timestamp="2017-04-19T16:35:45" hostname="Pc" time="0.29">
  <properties/>
  <testcase name="testMultiSearchNodeReduced" classname="apoc.search.ParallelNodeSearchTest" time="0.089"/>
  <testcase name="testMultiSearchNodeAll" classname="apoc.search.ParallelNodeSearchTest" time="0.076"/>
  <testcase name="testMultiSearchNode" classname="apoc.search.ParallelNodeSearchTest" time="0.018"/>
  <testcase name="testMultiSearchNodeAllReduced" classname="apoc.search.ParallelNodeSearchTest" time="0.023"/>
  <testcase name="testMultiSearchNodeNumberComparison" classname="apoc.search.ParallelNodeSearchTest" time="0.033"/>
  <testcase name="testMultiSearchNodeAllReducedMapParam" classname="apoc.search.ParallelNodeSearchTest" time="0.026"/>
  <testcase name="testMultiSearchNodeNumberExactComparison" classname="apoc.search.ParallelNodeSearchTest" time="0.025"/>
  <system-out><![CDATA[]]></system-out>
  <system-err><![CDATA[]]></system-err>
</testsuite>
