<?xml version="1.0" encoding="UTF-8"?>
<testsuite name="apoc.algo.CliquesTest" tests="6" skipped="0" failures="0" errors="0" timestamp="2017-04-20T10:54:47" hostname="Pc" time="0.771">
  <properties/>
  <testcase name="testCliquesFromGraphWithTwoCliquesAndExtraNodes" classname="apoc.algo.CliquesTest" time="0.158"/>
  <testcase name="testCliquesFromGraphWithOneCliqueAndExtraNodes" classname="apoc.algo.CliquesTest" time="0.12"/>
  <testcase name="testCliquesFromGraphWithTwoCliques" classname="apoc.algo.CliquesTest" time="0.112"/>
  <testcase name="testCliquesFromEmptyGraphShouldBeEmpty" classname="apoc.algo.CliquesTest" time="0.11"/>
  <testcase name="testCliquesFromSpecifcNode" classname="apoc.algo.CliquesTest" time="0.142"/>
  <testcase name="testCliquesFromGraphWithOneClique" classname="apoc.algo.CliquesTest" time="0.128"/>
  <system-out><![CDATA[]]></system-out>
  <system-err><![CDATA[]]></system-err>
</testsuite>
