<?xml version="1.0" encoding="UTF-8"?>
<testsuite name="apoc.cluster.ClusterTest" tests="1" skipped="0" failures="0" errors="0" timestamp="2017-04-22T13:27:11" hostname="Pc" time="19.684">
  <properties/>
  <testcase name="testClusterOverview" classname="apoc.cluster.ClusterTest" time="19.684"/>
  <system-out><![CDATA[]]></system-out>
  <system-err><![CDATA[]]></system-err>
</testsuite>
