<?xml version="1.0" encoding="UTF-8"?>
<testsuite name="apoc.generate.relationship.WattsStrogatzRelationshipGeneratorTest" tests="2" skipped="0" failures="0" errors="0" timestamp="2017-04-22T13:59:55" hostname="Pc" time="0.006">
  <properties/>
  <testcase name="testDoGenerateEdgesPerformance" classname="apoc.generate.relationship.WattsStrogatzRelationshipGeneratorTest" time="0.005"/>
  <testcase name="testDoGenerateEdgesValidity" classname="apoc.generate.relationship.WattsStrogatzRelationshipGeneratorTest" time="0.001"/>
  <system-out><![CDATA[]]></system-out>
  <system-err><![CDATA[]]></system-err>
</testsuite>
