<?xml version="1.0" encoding="UTF-8"?>
<testsuite name="apoc.algo.PathFindingTest" tests="6" skipped="0" failures="0" errors="0" timestamp="2017-04-22T10:46:00" hostname="Pc" time="1.094">
  <properties/>
  <testcase name="testAllSimplePathResults" classname="apoc.algo.PathFindingTest" time="0.203"/>
  <testcase name="testAStar" classname="apoc.algo.PathFindingTest" time="0.182"/>
  <testcase name="testAStarConfig" classname="apoc.algo.PathFindingTest" time="0.185"/>
  <testcase name="testDijkstra" classname="apoc.algo.PathFindingTest" time="0.188"/>
  <testcase name="testAllSimplePaths" classname="apoc.algo.PathFindingTest" time="0.182"/>
  <testcase name="testDijkstraWithDefaultWeight" classname="apoc.algo.PathFindingTest" time="0.152"/>
  <system-out><![CDATA[]]></system-out>
  <system-err><![CDATA[]]></system-err>
</testsuite>
