<?xml version="1.0" encoding="UTF-8"?>
<testsuite name="apoc.trigger.TriggerTest" tests="8" skipped="0" failures="0" errors="0" timestamp="2017-04-21T14:30:50" hostname="Pc" time="0.97">
  <properties/>
  <testcase name="testTimeStampTriggerForUpdatedProperties" classname="apoc.trigger.TriggerTest" time="0.137"/>
  <testcase name="testTxId" classname="apoc.trigger.TriggerTest" time="0.108"/>
  <testcase name="testListTriggers" classname="apoc.trigger.TriggerTest" time="0.105"/>
  <testcase name="testLowerCaseName" classname="apoc.trigger.TriggerTest" time="0.103"/>
  <testcase name="testRemoveNode" classname="apoc.trigger.TriggerTest" time="0.134"/>
  <testcase name="testRemoveRelationship" classname="apoc.trigger.TriggerTest" time="0.129"/>
  <testcase name="testSetLabels" classname="apoc.trigger.TriggerTest" time="0.12"/>
  <testcase name="testTimeStampTrigger" classname="apoc.trigger.TriggerTest" time="0.134"/>
  <system-out><![CDATA[]]></system-out>
  <system-err><![CDATA[]]></system-err>
</testsuite>
