<?xml version="1.0" encoding="UTF-8"?>
<testsuite name="apoc.spatial.SpatialTest" tests="4" skipped="0" failures="0" errors="0" timestamp="2017-04-20T17:45:03" hostname="Pc" time="0.679">
  <properties/>
  <testcase name="testGeocodePointAndDistance" classname="apoc.spatial.SpatialTest" time="0.212"/>
  <testcase name="testSimpleGeocode" classname="apoc.spatial.SpatialTest" time="0.138"/>
  <testcase name="testAllTheThings" classname="apoc.spatial.SpatialTest" time="0.161"/>
  <testcase name="testGraphRefactoring" classname="apoc.spatial.SpatialTest" time="0.168"/>
  <system-out><![CDATA[]]></system-out>
  <system-err><![CDATA[]]></system-err>
</testsuite>
