<?xml version="1.0" encoding="UTF-8"?>
<testsuite name="apoc.search.ParallelNodeSearchTest" tests="7" skipped="0" failures="0" errors="0" timestamp="2017-04-19T18:00:15" hostname="Pc" time="0.321">
  <properties/>
  <testcase name="testMultiSearchNodeReduced" classname="apoc.search.ParallelNodeSearchTest" time="0.099"/>
  <testcase name="testMultiSearchNodeAll" classname="apoc.search.ParallelNodeSearchTest" time="0.086"/>
  <testcase name="testMultiSearchNode" classname="apoc.search.ParallelNodeSearchTest" time="0.022"/>
  <testcase name="testMultiSearchNodeAllReduced" classname="apoc.search.ParallelNodeSearchTest" time="0.025"/>
  <testcase name="testMultiSearchNodeNumberComparison" classname="apoc.search.ParallelNodeSearchTest" time="0.034"/>
  <testcase name="testMultiSearchNodeAllReducedMapParam" classname="apoc.search.ParallelNodeSearchTest" time="0.026"/>
  <testcase name="testMultiSearchNodeNumberExactComparison" classname="apoc.search.ParallelNodeSearchTest" time="0.027"/>
  <system-out><![CDATA[]]></system-out>
  <system-err><![CDATA[]]></system-err>
</testsuite>
