<?xml version="1.0" encoding="UTF-8"?>
<testsuite name="apoc.monitor.StoreInfoProcedureTest" tests="1" skipped="0" failures="0" errors="0" timestamp="2017-04-19T18:00:04" hostname="Pc" time="0.096">
  <properties/>
  <testcase name="testGetStoreInfo" classname="apoc.monitor.StoreInfoProcedureTest" time="0.096"/>
  <system-out><![CDATA[]]></system-out>
  <system-err><![CDATA[]]></system-err>
</testsuite>
