<?xml version="1.0" encoding="UTF-8"?>
<testsuite name="apoc.algo.PathFindingTest" tests="6" skipped="0" failures="0" errors="0" timestamp="2017-04-24T14:31:45" hostname="Pc" time="0.883">
  <properties/>
  <testcase name="testAllSimplePathResults" classname="apoc.algo.PathFindingTest" time="0.18"/>
  <testcase name="testAStar" classname="apoc.algo.PathFindingTest" time="0.164"/>
  <testcase name="testAStarConfig" classname="apoc.algo.PathFindingTest" time="0.144"/>
  <testcase name="testDijkstra" classname="apoc.algo.PathFindingTest" time="0.147"/>
  <testcase name="testAllSimplePaths" classname="apoc.algo.PathFindingTest" time="0.125"/>
  <testcase name="testDijkstraWithDefaultWeight" classname="apoc.algo.PathFindingTest" time="0.122"/>
  <system-out><![CDATA[]]></system-out>
  <system-err><![CDATA[]]></system-err>
</testsuite>
