<?xml version="1.0" encoding="UTF-8"?>
<testsuite name="apoc.search.ParallelNodeSearchTest" tests="7" skipped="0" failures="0" errors="0" timestamp="2017-04-24T10:57:32" hostname="Pc" time="0.331">
  <properties/>
  <testcase name="testMultiSearchNodeReduced" classname="apoc.search.ParallelNodeSearchTest" time="0.106"/>
  <testcase name="testMultiSearchNodeAll" classname="apoc.search.ParallelNodeSearchTest" time="0.089"/>
  <testcase name="testMultiSearchNode" classname="apoc.search.ParallelNodeSearchTest" time="0.019"/>
  <testcase name="testMultiSearchNodeAllReduced" classname="apoc.search.ParallelNodeSearchTest" time="0.024"/>
  <testcase name="testMultiSearchNodeNumberComparison" classname="apoc.search.ParallelNodeSearchTest" time="0.035"/>
  <testcase name="testMultiSearchNodeAllReducedMapParam" classname="apoc.search.ParallelNodeSearchTest" time="0.027"/>
  <testcase name="testMultiSearchNodeNumberExactComparison" classname="apoc.search.ParallelNodeSearchTest" time="0.031"/>
  <system-out><![CDATA[]]></system-out>
  <system-err><![CDATA[]]></system-err>
</testsuite>
