<?xml version="1.0" encoding="UTF-8"?>
<testsuite name="apoc.cache.StaticTest" tests="4" skipped="0" failures="0" errors="0" timestamp="2017-04-21T16:36:16" hostname="Pc" time="0.518">
  <properties/>
  <testcase name="testListFromConfig" classname="apoc.cache.StaticTest" time="0.157"/>
  <testcase name="testSet" classname="apoc.cache.StaticTest" time="0.12"/>
  <testcase name="testGetAllFromConfig" classname="apoc.cache.StaticTest" time="0.117"/>
  <testcase name="testOverrideConfig" classname="apoc.cache.StaticTest" time="0.124"/>
  <system-out><![CDATA[]]></system-out>
  <system-err><![CDATA[]]></system-err>
</testsuite>
