<?xml version="1.0" encoding="UTF-8"?>
<testsuite name="apoc.cache.StaticTest" tests="4" skipped="0" failures="0" errors="0" timestamp="2017-04-20T18:35:24" hostname="Pc" time="0.421">
  <properties/>
  <testcase name="testListFromConfig" classname="apoc.cache.StaticTest" time="0.105"/>
  <testcase name="testSet" classname="apoc.cache.StaticTest" time="0.103"/>
  <testcase name="testGetAllFromConfig" classname="apoc.cache.StaticTest" time="0.112"/>
  <testcase name="testOverrideConfig" classname="apoc.cache.StaticTest" time="0.1"/>
  <system-out><![CDATA[]]></system-out>
  <system-err><![CDATA[]]></system-err>
</testsuite>
