<?xml version="1.0" encoding="UTF-8"?>
<testsuite name="apoc.cypher.CypherTest" tests="15" skipped="0" failures="0" errors="0" timestamp="2017-04-22T13:27:49" hostname="Pc" time="1.817">
  <properties/>
  <testcase name="testParallel2" classname="apoc.cypher.CypherTest" time="0.574"/>
  <testcase name="testRunFileWithResults" classname="apoc.cypher.CypherTest" time="0.1"/>
  <testcase name="testRunFileWithSchema" classname="apoc.cypher.CypherTest" time="0.009"/>
  <testcase name="testRunNoParams" classname="apoc.cypher.CypherTest" time="0.01"/>
  <testcase name="testRun" classname="apoc.cypher.CypherTest" time="0.01"/>
  <testcase name="testWithTimeout" classname="apoc.cypher.CypherTest" time="0.119"/>
  <testcase name="testMapParallel2" classname="apoc.cypher.CypherTest" time="0.224"/>
  <testcase name="testMapParallel" classname="apoc.cypher.CypherTest" time="0.172"/>
  <testcase name="testRunNullParams" classname="apoc.cypher.CypherTest" time="0.004"/>
  <testcase name="testRunVariable" classname="apoc.cypher.CypherTest" time="0.008"/>
  <testcase name="testRunFile" classname="apoc.cypher.CypherTest" time="0.018"/>
  <testcase name="testRunMany" classname="apoc.cypher.CypherTest" time="0.02"/>
  <testcase name="testSingular" classname="apoc.cypher.CypherTest" time="0.158"/>
  <testcase name="testRunWithPeriodic" classname="apoc.cypher.CypherTest" time="0.2"/>
  <testcase name="testParallel" classname="apoc.cypher.CypherTest" time="0.188"/>
  <system-out><![CDATA[]]></system-out>
  <system-err><![CDATA[]]></system-err>
</testsuite>
