<?xml version="1.0" encoding="UTF-8"?>
<testsuite name="apoc.algo.PregelTest" tests="4" skipped="1" failures="0" errors="0" timestamp="2017-04-24T15:34:38" hostname="Pc" time="32.867">
  <properties/>
  <testcase name="testCreateGraph" classname="apoc.algo.PregelTest" time="0.0">
    <skipped/>
  </testcase>
  <testcase name="runPageRank" classname="apoc.algo.PregelTest" time="16.367"/>
  <testcase name="runPageRank3" classname="apoc.algo.PregelTest" time="13.631"/>
  <testcase name="runDegreeProgram" classname="apoc.algo.PregelTest" time="2.868"/>
  <system-out><![CDATA[]]></system-out>
  <system-err><![CDATA[Generating Data took 15261 ms. nodes 100001 rels 950769
PageRank Program ran for 100001 nodes in 502 ms. 10 hightest Ranks [1.3125209, 1.3138509, 1.3168213, 1.3177344, 1.3323275, 1.3679276, 1.376396, 1.3843566, 1.4682544, 1.468718]
Generating Data took 12664 ms. nodes 100001 rels 950769
PageRank Program ran for 100001 nodes in 403 ms. 10 hightest Ranks [1.3125207, 1.3138508, 1.3168212, 1.3177344, 1.3323275, 1.3679274, 1.376396, 1.3843565, 1.4682546, 1.468718]
Program ran for 100001 nodes in 174 ms.
]]></system-err>
</testsuite>
