<?xml version="1.0" encoding="UTF-8"?>
<testsuite name="apoc.generate.Neo4jGraphGeneratorTest" tests="2" skipped="0" failures="0" errors="0" timestamp="2017-04-26T11:07:12" hostname="Pc" time="0.254">
  <properties/>
  <testcase name="validDistributionShouldGenerateGraph" classname="apoc.generate.Neo4jGraphGeneratorTest" time="0.115"/>
  <testcase name="invalidDistributionShouldThrowException" classname="apoc.generate.Neo4jGraphGeneratorTest" time="0.139"/>
  <system-out><![CDATA[]]></system-out>
  <system-err><![CDATA[]]></system-err>
</testsuite>
