<?xml version="1.0" encoding="UTF-8"?>
<testsuite name="apoc.map.MapsTest" tests="17" skipped="0" failures="0" errors="0" timestamp="2017-04-19T18:40:33" hostname="Pc" time="1.666">
  <properties/>
  <testcase name="testMergeList" classname="apoc.map.MapsTest" time="0.11"/>
  <testcase name="testClean" classname="apoc.map.MapsTest" time="0.095"/>
  <testcase name="testMerge" classname="apoc.map.MapsTest" time="0.082"/>
  <testcase name="testFlatten" classname="apoc.map.MapsTest" time="0.092"/>
  <testcase name="testGroupBy" classname="apoc.map.MapsTest" time="0.107"/>
  <testcase name="testRemoveKeys" classname="apoc.map.MapsTest" time="0.092"/>
  <testcase name="testFromLists" classname="apoc.map.MapsTest" time="0.097"/>
  <testcase name="testFromNodes" classname="apoc.map.MapsTest" time="0.102"/>
  <testcase name="testFromPairs" classname="apoc.map.MapsTest" time="0.103"/>
  <testcase name="testGroupByMulti" classname="apoc.map.MapsTest" time="0.109"/>
  <testcase name="testSetValues" classname="apoc.map.MapsTest" time="0.1"/>
  <testcase name="testFromValues" classname="apoc.map.MapsTest" time="0.095"/>
  <testcase name="testSetKey" classname="apoc.map.MapsTest" time="0.105"/>
  <testcase name="testRemoveKey" classname="apoc.map.MapsTest" time="0.085"/>
  <testcase name="testSetEntry" classname="apoc.map.MapsTest" time="0.096"/>
  <testcase name="testSetLists" classname="apoc.map.MapsTest" time="0.086"/>
  <testcase name="testSetPairs" classname="apoc.map.MapsTest" time="0.094"/>
  <system-out><![CDATA[]]></system-out>
  <system-err><![CDATA[]]></system-err>
</testsuite>
