<?xml version="1.0" encoding="UTF-8"?>
<testsuite name="apoc.algo.PathFindingTest" tests="6" skipped="0" failures="0" errors="0" timestamp="2017-04-20T15:37:39" hostname="Pc" time="0.919">
  <properties/>
  <testcase name="testAllSimplePathResults" classname="apoc.algo.PathFindingTest" time="0.186"/>
  <testcase name="testAStar" classname="apoc.algo.PathFindingTest" time="0.143"/>
  <testcase name="testAStarConfig" classname="apoc.algo.PathFindingTest" time="0.159"/>
  <testcase name="testDijkstra" classname="apoc.algo.PathFindingTest" time="0.146"/>
  <testcase name="testAllSimplePaths" classname="apoc.algo.PathFindingTest" time="0.152"/>
  <testcase name="testDijkstraWithDefaultWeight" classname="apoc.algo.PathFindingTest" time="0.133"/>
  <system-out><![CDATA[]]></system-out>
  <system-err><![CDATA[]]></system-err>
</testsuite>
