<?xml version="1.0" encoding="UTF-8"?>
<testsuite name="apoc.coll.EqualityTest" tests="5" skipped="0" failures="0" errors="0" timestamp="2017-04-20T15:38:39" hostname="Pc" time="0.096">
  <properties/>
  <testcase name="testIn" classname="apoc.coll.EqualityTest" time="0.009"/>
  <testcase name="testGraphEntities" classname="apoc.coll.EqualityTest" time="0.087"/>
  <testcase name="testPropertyEquality" classname="apoc.coll.EqualityTest" time="0.0"/>
  <testcase name="testEquality" classname="apoc.coll.EqualityTest" time="0.0"/>
  <testcase name="testSpecial" classname="apoc.coll.EqualityTest" time="0.0"/>
  <system-out><![CDATA[]]></system-out>
  <system-err><![CDATA[]]></system-err>
</testsuite>
