<?xml version="1.0" encoding="UTF-8"?>
<testsuite name="apoc.index.FulltextIndexTest" tests="13" skipped="0" failures="0" errors="0" timestamp="2017-04-24T14:33:49" hostname="Pc" time="1.538">
  <properties/>
  <testcase name="testRelationships" classname="apoc.index.FulltextIndexTest" time="0.111"/>
  <testcase name="testAddNode" classname="apoc.index.FulltextIndexTest" time="0.112"/>
  <testcase name="testOut" classname="apoc.index.FulltextIndexTest" time="0.129"/>
  <testcase name="testNodes" classname="apoc.index.FulltextIndexTest" time="0.119"/>
  <testcase name="testRemoveRelationshipByName" classname="apoc.index.FulltextIndexTest" time="0.128"/>
  <testcase name="testIn" classname="apoc.index.FulltextIndexTest" time="0.117"/>
  <testcase name="testBetween" classname="apoc.index.FulltextIndexTest" time="0.125"/>
  <testcase name="testAddRelationshipToExistingIndex" classname="apoc.index.FulltextIndexTest" time="0.11"/>
  <testcase name="testAddNodeByLabel" classname="apoc.index.FulltextIndexTest" time="0.151"/>
  <testcase name="testAddNodeToExistingIndex" classname="apoc.index.FulltextIndexTest" time="0.121"/>
  <testcase name="testAddNodeByLabelMultipleProperties" classname="apoc.index.FulltextIndexTest" time="0.103"/>
  <testcase name="testRemoveNodeByName" classname="apoc.index.FulltextIndexTest" time="0.118"/>
  <testcase name="testAddRelationship" classname="apoc.index.FulltextIndexTest" time="0.094"/>
  <system-out><![CDATA[]]></system-out>
  <system-err><![CDATA[]]></system-err>
</testsuite>
