<?xml version="1.0" encoding="UTF-8"?>
<testsuite name="apoc.spatial.SpatialTest" tests="4" skipped="0" failures="0" errors="0" timestamp="2017-04-18T13:14:07" hostname="Pc" time="0.577">
  <properties/>
  <testcase name="testGeocodePointAndDistance" classname="apoc.spatial.SpatialTest" time="0.186"/>
  <testcase name="testSimpleGeocode" classname="apoc.spatial.SpatialTest" time="0.107"/>
  <testcase name="testAllTheThings" classname="apoc.spatial.SpatialTest" time="0.135"/>
  <testcase name="testGraphRefactoring" classname="apoc.spatial.SpatialTest" time="0.149"/>
  <system-out><![CDATA[]]></system-out>
  <system-err><![CDATA[]]></system-err>
</testsuite>
