<?xml version="1.0" encoding="UTF-8"?>
<testsuite name="apoc.trigger.TriggerTest" tests="8" skipped="0" failures="0" errors="0" timestamp="2017-04-20T18:38:06" hostname="Pc" time="0.937">
  <properties/>
  <testcase name="testTimeStampTriggerForUpdatedProperties" classname="apoc.trigger.TriggerTest" time="0.14"/>
  <testcase name="testTxId" classname="apoc.trigger.TriggerTest" time="0.104"/>
  <testcase name="testListTriggers" classname="apoc.trigger.TriggerTest" time="0.087"/>
  <testcase name="testLowerCaseName" classname="apoc.trigger.TriggerTest" time="0.125"/>
  <testcase name="testRemoveNode" classname="apoc.trigger.TriggerTest" time="0.14"/>
  <testcase name="testRemoveRelationship" classname="apoc.trigger.TriggerTest" time="0.115"/>
  <testcase name="testSetLabels" classname="apoc.trigger.TriggerTest" time="0.12"/>
  <testcase name="testTimeStampTrigger" classname="apoc.trigger.TriggerTest" time="0.105"/>
  <system-out><![CDATA[]]></system-out>
  <system-err><![CDATA[]]></system-err>
</testsuite>
