<?xml version="1.0" encoding="UTF-8"?>
<testsuite name="apoc.create.CreateTest" tests="14" skipped="0" failures="0" errors="0" timestamp="2017-04-19T18:25:21" hostname="Pc" time="1.509">
  <properties/>
  <testcase name="testCreateVirtualRelationship" classname="apoc.create.CreateTest" time="0.122"/>
  <testcase name="testCreateNodeWithArrayProps" classname="apoc.create.CreateTest" time="0.105"/>
  <testcase name="testVirtualNodeFunction" classname="apoc.create.CreateTest" time="0.09"/>
  <testcase name="testVirtualNode" classname="apoc.create.CreateTest" time="0.084"/>
  <testcase name="testCreateNodes" classname="apoc.create.CreateTest" time="0.111"/>
  <testcase name="testCreatePattern" classname="apoc.create.CreateTest" time="0.116"/>
  <testcase name="testCreateRelationship" classname="apoc.create.CreateTest" time="0.101"/>
  <testcase name="testSetProperty" classname="apoc.create.CreateTest" time="0.102"/>
  <testcase name="testCreateNode" classname="apoc.create.CreateTest" time="0.099"/>
  <testcase name="testSetRelProperty" classname="apoc.create.CreateTest" time="0.11"/>
  <testcase name="testCreatePatternFull" classname="apoc.create.CreateTest" time="0.104"/>
  <testcase name="testSetProperties" classname="apoc.create.CreateTest" time="0.105"/>
  <testcase name="testSetRelProperties" classname="apoc.create.CreateTest" time="0.158"/>
  <testcase name="testCreateVirtualRelationshipFunction" classname="apoc.create.CreateTest" time="0.099"/>
  <system-out><![CDATA[]]></system-out>
  <system-err><![CDATA[]]></system-err>
</testsuite>
