<?xml version="1.0" encoding="UTF-8"?>
<testsuite name="apoc.coll.SetBackedListTest" tests="5" skipped="0" failures="0" errors="0" timestamp="2017-04-26T11:06:28" hostname="Pc" time="0.0">
  <properties/>
  <testcase name="testEmptyList" classname="apoc.coll.SetBackedListTest" time="0.0"/>
  <testcase name="testDoubleList" classname="apoc.coll.SetBackedListTest" time="0.0"/>
  <testcase name="testContains" classname="apoc.coll.SetBackedListTest" time="0.0"/>
  <testcase name="testSingleList" classname="apoc.coll.SetBackedListTest" time="0.0"/>
  <testcase name="testReverse" classname="apoc.coll.SetBackedListTest" time="0.0"/>
  <system-out><![CDATA[]]></system-out>
  <system-err><![CDATA[]]></system-err>
</testsuite>
