<?xml version="1.0" encoding="UTF-8"?>
<testsuite name="apoc.get.GetTest" tests="2" skipped="0" failures="0" errors="0" timestamp="2017-04-19T16:34:46" hostname="Pc" time="0.202">
  <properties/>
  <testcase name="testNodes" classname="apoc.get.GetTest" time="0.101"/>
  <testcase name="testRels" classname="apoc.get.GetTest" time="0.101"/>
  <system-out><![CDATA[]]></system-out>
  <system-err><![CDATA[]]></system-err>
</testsuite>
