<?xml version="1.0" encoding="UTF-8"?>
<testsuite name="apoc.trigger.TriggerTest" tests="8" skipped="0" failures="0" errors="0" timestamp="2017-04-26T16:58:46" hostname="Pc" time="0.877">
  <properties/>
  <testcase name="testTimeStampTriggerForUpdatedProperties" classname="apoc.trigger.TriggerTest" time="0.125"/>
  <testcase name="testTxId" classname="apoc.trigger.TriggerTest" time="0.1"/>
  <testcase name="testListTriggers" classname="apoc.trigger.TriggerTest" time="0.082"/>
  <testcase name="testLowerCaseName" classname="apoc.trigger.TriggerTest" time="0.12"/>
  <testcase name="testRemoveNode" classname="apoc.trigger.TriggerTest" time="0.117"/>
  <testcase name="testRemoveRelationship" classname="apoc.trigger.TriggerTest" time="0.115"/>
  <testcase name="testSetLabels" classname="apoc.trigger.TriggerTest" time="0.114"/>
  <testcase name="testTimeStampTrigger" classname="apoc.trigger.TriggerTest" time="0.103"/>
  <system-out><![CDATA[]]></system-out>
  <system-err><![CDATA[]]></system-err>
</testsuite>
