<?xml version="1.0" encoding="UTF-8"?>
<testsuite name="apoc.spatial.SpatialTest" tests="4" skipped="0" failures="0" errors="0" timestamp="2017-04-19T17:29:46" hostname="Pc" time="0.645">
  <properties/>
  <testcase name="testGeocodePointAndDistance" classname="apoc.spatial.SpatialTest" time="0.198"/>
  <testcase name="testSimpleGeocode" classname="apoc.spatial.SpatialTest" time="0.119"/>
  <testcase name="testAllTheThings" classname="apoc.spatial.SpatialTest" time="0.174"/>
  <testcase name="testGraphRefactoring" classname="apoc.spatial.SpatialTest" time="0.154"/>
  <system-out><![CDATA[]]></system-out>
  <system-err><![CDATA[]]></system-err>
</testsuite>
