<?xml version="1.0" encoding="UTF-8"?>
<testsuite name="apoc.schema.SchemasTest" tests="6" skipped="0" failures="0" errors="0" timestamp="2017-04-18T13:13:40" hostname="Pc" time="0.626">
  <properties/>
  <testcase name="testCreateSchema" classname="apoc.schema.SchemasTest" time="0.11"/>
  <testcase name="testCreateIndex" classname="apoc.schema.SchemasTest" time="0.105"/>
  <testcase name="testKeepIndex" classname="apoc.schema.SchemasTest" time="0.103"/>
  <testcase name="testDropIndex" classname="apoc.schema.SchemasTest" time="0.106"/>
  <testcase name="testDropSchema" classname="apoc.schema.SchemasTest" time="0.105"/>
  <testcase name="testKeepSchema" classname="apoc.schema.SchemasTest" time="0.096"/>
  <system-out><![CDATA[]]></system-out>
  <system-err><![CDATA[]]></system-err>
</testsuite>
