<?xml version="1.0" encoding="UTF-8"?>
<testsuite name="apoc.index.FulltextIndexTest" tests="13" skipped="0" failures="0" errors="0" timestamp="2017-04-24T15:36:49" hostname="Pc" time="1.879">
  <properties/>
  <testcase name="testRelationships" classname="apoc.index.FulltextIndexTest" time="0.135"/>
  <testcase name="testAddNode" classname="apoc.index.FulltextIndexTest" time="0.119"/>
  <testcase name="testOut" classname="apoc.index.FulltextIndexTest" time="0.155"/>
  <testcase name="testNodes" classname="apoc.index.FulltextIndexTest" time="0.132"/>
  <testcase name="testRemoveRelationshipByName" classname="apoc.index.FulltextIndexTest" time="0.152"/>
  <testcase name="testIn" classname="apoc.index.FulltextIndexTest" time="0.141"/>
  <testcase name="testBetween" classname="apoc.index.FulltextIndexTest" time="0.155"/>
  <testcase name="testAddRelationshipToExistingIndex" classname="apoc.index.FulltextIndexTest" time="0.141"/>
  <testcase name="testAddNodeByLabel" classname="apoc.index.FulltextIndexTest" time="0.18"/>
  <testcase name="testAddNodeToExistingIndex" classname="apoc.index.FulltextIndexTest" time="0.158"/>
  <testcase name="testAddNodeByLabelMultipleProperties" classname="apoc.index.FulltextIndexTest" time="0.133"/>
  <testcase name="testRemoveNodeByName" classname="apoc.index.FulltextIndexTest" time="0.141"/>
  <testcase name="testAddRelationship" classname="apoc.index.FulltextIndexTest" time="0.132"/>
  <system-out><![CDATA[]]></system-out>
  <system-err><![CDATA[]]></system-err>
</testsuite>
