<?xml version="1.0" encoding="UTF-8"?>
<testsuite name="apoc.cypher.CypherTest" tests="15" skipped="0" failures="0" errors="0" timestamp="2017-04-22T13:59:21" hostname="Pc" time="1.692">
  <properties/>
  <testcase name="testParallel2" classname="apoc.cypher.CypherTest" time="0.525"/>
  <testcase name="testRunFileWithResults" classname="apoc.cypher.CypherTest" time="0.088"/>
  <testcase name="testRunFileWithSchema" classname="apoc.cypher.CypherTest" time="0.006"/>
  <testcase name="testRunNoParams" classname="apoc.cypher.CypherTest" time="0.007"/>
  <testcase name="testRun" classname="apoc.cypher.CypherTest" time="0.011"/>
  <testcase name="testWithTimeout" classname="apoc.cypher.CypherTest" time="0.115"/>
  <testcase name="testMapParallel2" classname="apoc.cypher.CypherTest" time="0.203"/>
  <testcase name="testMapParallel" classname="apoc.cypher.CypherTest" time="0.153"/>
  <testcase name="testRunNullParams" classname="apoc.cypher.CypherTest" time="0.003"/>
  <testcase name="testRunVariable" classname="apoc.cypher.CypherTest" time="0.008"/>
  <testcase name="testRunFile" classname="apoc.cypher.CypherTest" time="0.022"/>
  <testcase name="testRunMany" classname="apoc.cypher.CypherTest" time="0.023"/>
  <testcase name="testSingular" classname="apoc.cypher.CypherTest" time="0.136"/>
  <testcase name="testRunWithPeriodic" classname="apoc.cypher.CypherTest" time="0.198"/>
  <testcase name="testParallel" classname="apoc.cypher.CypherTest" time="0.192"/>
  <system-out><![CDATA[]]></system-out>
  <system-err><![CDATA[]]></system-err>
</testsuite>
