<?xml version="1.0" encoding="UTF-8"?>
<testsuite name="apoc.path.SubgraphTest" tests="6" skipped="0" failures="0" errors="0" timestamp="2017-04-22T09:43:04" hostname="Pc" time="0.306">
  <properties/>
  <testcase name="testFullSubgraphShouldContainAllNodes" classname="apoc.path.SubgraphTest" time="0.017"/>
  <testcase name="testSpanningTreeShouldHaveOnlyOnePathToEachNode" classname="apoc.path.SubgraphTest" time="0.083"/>
  <testcase name="testSugbraphWithRelationshipFilterShouldContainExpectedNodes" classname="apoc.path.SubgraphTest" time="0.034"/>
  <testcase name="testSugbraphAllShouldContainExpectedNodesAndRels" classname="apoc.path.SubgraphTest" time="0.073"/>
  <testcase name="testSugbraphWithLabelFilterShouldContainExpectedNodes" classname="apoc.path.SubgraphTest" time="0.056"/>
  <testcase name="testSugbraphWithMaxDepthShouldContainExpectedNodes" classname="apoc.path.SubgraphTest" time="0.043"/>
  <system-out><![CDATA[]]></system-out>
  <system-err><![CDATA[]]></system-err>
</testsuite>
