<?xml version="1.0" encoding="UTF-8"?>
<testsuite name="apoc.data.ExtractTest" tests="8" skipped="0" failures="0" errors="0" timestamp="2017-04-22T13:59:23" hostname="Pc" time="0.826">
  <properties/>
  <testcase name="testBadString" classname="apoc.data.ExtractTest" time="0.109"/>
  <testcase name="testUrl" classname="apoc.data.ExtractTest" time="0.099"/>
  <testcase name="testEmail" classname="apoc.data.ExtractTest" time="0.087"/>
  <testcase name="testNull" classname="apoc.data.ExtractTest" time="0.103"/>
  <testcase name="testEmptyString" classname="apoc.data.ExtractTest" time="0.111"/>
  <testcase name="testQuotedEmail" classname="apoc.data.ExtractTest" time="0.099"/>
  <testcase name="testQueryParameter" classname="apoc.data.ExtractTest" time="0.111"/>
  <testcase name="testEmailWithDotsBeforeAt" classname="apoc.data.ExtractTest" time="0.106"/>
  <system-out><![CDATA[]]></system-out>
  <system-err><![CDATA[]]></system-err>
</testsuite>
