<?xml version="1.0" encoding="UTF-8"?>
<testsuite name="apoc.generate.GenerateTest" tests="13" skipped="0" failures="0" errors="0" timestamp="2017-04-20T10:33:31" hostname="Pc" time="1.772">
  <properties/>
  <testcase name="shouldGenerateWattsStrogatz1" classname="apoc.generate.GenerateTest" time="0.168"/>
  <testcase name="shouldGenerateWattsStrogatz2" classname="apoc.generate.GenerateTest" time="0.174"/>
  <testcase name="shouldGenerateWattsStrogatz3" classname="apoc.generate.GenerateTest" time="0.134"/>
  <testcase name="shouldGenerateComplete1" classname="apoc.generate.GenerateTest" time="0.106"/>
  <testcase name="shouldGenerateComplete2" classname="apoc.generate.GenerateTest" time="0.116"/>
  <testcase name="shouldGenerateBarabasiAlbert1" classname="apoc.generate.GenerateTest" time="0.135"/>
  <testcase name="shouldGenerateBarabasiAlbert2" classname="apoc.generate.GenerateTest" time="0.097"/>
  <testcase name="shouldGenerateBarabasiAlbert3" classname="apoc.generate.GenerateTest" time="0.138"/>
  <testcase name="shouldGenerateErdosRenyi1" classname="apoc.generate.GenerateTest" time="0.146"/>
  <testcase name="shouldGenerateErdosRenyi2" classname="apoc.generate.GenerateTest" time="0.225"/>
  <testcase name="shouldGenerateErdosRenyi3" classname="apoc.generate.GenerateTest" time="0.094"/>
  <testcase name="shouldGenerateSimple1" classname="apoc.generate.GenerateTest" time="0.118"/>
  <testcase name="shouldGenerateSimple2" classname="apoc.generate.GenerateTest" time="0.118"/>
  <system-out><![CDATA[]]></system-out>
  <system-err><![CDATA[]]></system-err>
</testsuite>
