<?xml version="1.0" encoding="UTF-8"?>
<testsuite name="apoc.export.cypher.ExportCypherTest" tests="2" skipped="0" failures="0" errors="0" timestamp="2017-04-19T16:34:37" hostname="Pc" time="0.039">
  <properties/>
  <testcase name="testExportGraphCypher" classname="apoc.export.cypher.ExportCypherTest" time="0.027"/>
  <testcase name="testExportAllCypher" classname="apoc.export.cypher.ExportCypherTest" time="0.012"/>
  <system-out><![CDATA[]]></system-out>
  <system-err><![CDATA[]]></system-err>
</testsuite>
