<?xml version="1.0" encoding="UTF-8"?>
<testsuite name="apoc.cache.StaticTest" tests="4" skipped="0" failures="0" errors="0" timestamp="2017-04-18T22:39:50" hostname="Pc" time="0.485">
  <properties/>
  <testcase name="testListFromConfig" classname="apoc.cache.StaticTest" time="0.151"/>
  <testcase name="testSet" classname="apoc.cache.StaticTest" time="0.12"/>
  <testcase name="testGetAllFromConfig" classname="apoc.cache.StaticTest" time="0.1"/>
  <testcase name="testOverrideConfig" classname="apoc.cache.StaticTest" time="0.113"/>
  <system-out><![CDATA[]]></system-out>
  <system-err><![CDATA[]]></system-err>
</testsuite>
