<?xml version="1.0" encoding="UTF-8"?>
<testsuite name="apoc.spatial.DistanceTest" tests="1" skipped="0" failures="0" errors="0" timestamp="2017-04-19T17:38:49" hostname="Pc" time="0.113">
  <properties/>
  <testcase name="testSortingPathsOnDistance" classname="apoc.spatial.DistanceTest" time="0.113"/>
  <system-out><![CDATA[]]></system-out>
  <system-err><![CDATA[]]></system-err>
</testsuite>
