<?xml version="1.0" encoding="UTF-8"?>
<testsuite name="apoc.spatial.GeocodeTest" tests="2" skipped="0" failures="0" errors="0" timestamp="2017-04-24T14:34:33" hostname="Pc" time="24.744">
  <properties/>
  <testcase name="testGeocodeGoogle" classname="apoc.spatial.GeocodeTest" time="11.481"/>
  <testcase name="testGeocodeOSM" classname="apoc.spatial.GeocodeTest" time="13.263"/>
  <system-out><![CDATA[Fast google test took 1762ms
Slow google test took 9594ms
Fast osm test took 1162ms
Slow osm test took 12000ms
]]></system-out>
  <system-err><![CDATA[]]></system-err>
</testsuite>
