<?xml version="1.0" encoding="UTF-8"?>
<testsuite name="apoc.algo.PageRankTest" tests="11" skipped="0" failures="0" errors="0" timestamp="2017-04-22T14:37:45" hostname="Pc" time="2.312">
  <properties/>
  <testcase name="shouldGetPageRankWithCypherExpectedResultWithoutNodes" classname="apoc.algo.PageRankTest" time="0.251"/>
  <testcase name="shouldGetPageRankWithCypherExpectedResultWithoutNodesParallel" classname="apoc.algo.PageRankTest" time="0.246"/>
  <testcase name="shouldGetPageRankWithCypherExpectedResultWithLables" classname="apoc.algo.PageRankTest" time="0.247"/>
  <testcase name="shouldGetPageRankStats" classname="apoc.algo.PageRankTest" time="0.188"/>
  <testcase name="shouldGetPageRankWithCypherExpectedResult" classname="apoc.algo.PageRankTest" time="0.252"/>
  <testcase name="shouldHandleNullIterations" classname="apoc.algo.PageRankTest" time="0.162"/>
  <testcase name="shouldGetPageRankWithSubCypherExpectedResult" classname="apoc.algo.PageRankTest" time="0.265"/>
  <testcase name="shouldGetPageRankExpectedResult" classname="apoc.algo.PageRankTest" time="0.21"/>
  <testcase name="shouldHandleNullNodes" classname="apoc.algo.PageRankTest" time="0.147"/>
  <testcase name="shouldHandleEmptyNodeSet" classname="apoc.algo.PageRankTest" time="0.177"/>
  <testcase name="shouldGetPageRankExpectedResultWithTypes" classname="apoc.algo.PageRankTest" time="0.166"/>
  <system-out><![CDATA[+---------------------------------------------------------------------------------------------------------------------------------+
| nodes | relationships | iterations | readNodeMillis | readRelationshipMillis | computeMillis | writeMillis | write | property   |
+---------------------------------------------------------------------------------------------------------------------------------+
| 11    | 16            | 20         | 0              | 25                     | 1             | 3           | true  | "pagerank" |
+---------------------------------------------------------------------------------------------------------------------------------+
1 row

+---------------------------------------------------------------------------------------------------------------------------------+
| nodes | relationships | iterations | readNodeMillis | readRelationshipMillis | computeMillis | writeMillis | write | property   |
+---------------------------------------------------------------------------------------------------------------------------------+
| 11    | 16            | 20         | 0              | 60                     | 1             | 2           | true  | "pagerank" |
+---------------------------------------------------------------------------------------------------------------------------------+
1 row

+---------------------------------------------------------------------------------------------------------------------------------+
| nodes | relationships | iterations | readNodeMillis | readRelationshipMillis | computeMillis | writeMillis | write | property   |
+---------------------------------------------------------------------------------------------------------------------------------+
| 11    | 16            | 20         | 15             | 16                     | 1             | 2           | true  | "pagerank" |
+---------------------------------------------------------------------------------------------------------------------------------+
1 row

row = {relationships=16, nodes=11, writeMillis=0, property=null, computeMillis=2, write=false, iterations=20, readRelationshipMillis=0, readNodeMillis=1}
+---------------------------------------------------------------------------------------------------------------------------------+
| nodes | relationships | iterations | readNodeMillis | readRelationshipMillis | computeMillis | writeMillis | write | property   |
+---------------------------------------------------------------------------------------------------------------------------------+
| 11    | 16            | 20         | 29             | 20                     | 0             | 3           | true  | "pagerank" |
+---------------------------------------------------------------------------------------------------------------------------------+
1 row

+---------------------------------------------------------------------------------------------------------------------------------+
| nodes | relationships | iterations | readNodeMillis | readRelationshipMillis | computeMillis | writeMillis | write | property   |
+---------------------------------------------------------------------------------------------------------------------------------+
| 5     | 0             | 5          | 19             | 25                     | 0             | 3           | true  | "pagerank" |
+---------------------------------------------------------------------------------------------------------------------------------+
1 row

]]></system-out>
  <system-err><![CDATA[]]></system-err>
</testsuite>
