<?xml version="1.0" encoding="UTF-8"?>
<testsuite name="apoc.load.LoadCsvTest" tests="9" skipped="0" failures="0" errors="0" timestamp="2017-04-20T11:21:57" hostname="Pc" time="1.822">
  <properties/>
  <testcase name="testLoadCsvTabSeparator" classname="apoc.load.LoadCsvTest" time="0.155"/>
  <testcase name="testLoadCsvColonSeparator" classname="apoc.load.LoadCsvTest" time="0.101"/>
  <testcase name="testLoadCsvByUrlRedirect" classname="apoc.load.LoadCsvTest" time="0.975"/>
  <testcase name="testLoadCsvSkip" classname="apoc.load.LoadCsvTest" time="0.1"/>
  <testcase name="testLoadCsv" classname="apoc.load.LoadCsvTest" time="0.094"/>
  <testcase name="testMapping" classname="apoc.load.LoadCsvTest" time="0.107"/>
  <testcase name="testLoadCsvIgnoreFields" classname="apoc.load.LoadCsvTest" time="0.103"/>
  <testcase name="testLoadCsvByUrl" classname="apoc.load.LoadCsvTest" time="0.091"/>
  <testcase name="testLoadCsvNoHeader" classname="apoc.load.LoadCsvTest" time="0.095"/>
  <system-out><![CDATA[]]></system-out>
  <system-err><![CDATA[]]></system-err>
</testsuite>
