<?xml version="1.0" encoding="UTF-8"?>
<testsuite name="apoc.path.SubgraphTest" tests="6" skipped="0" failures="0" errors="0" timestamp="2017-04-20T11:09:15" hostname="Pc" time="0.227">
  <properties/>
  <testcase name="testFullSubgraphShouldContainAllNodes" classname="apoc.path.SubgraphTest" time="0.022"/>
  <testcase name="testSpanningTreeShouldHaveOnlyOnePathToEachNode" classname="apoc.path.SubgraphTest" time="0.066"/>
  <testcase name="testSugbraphWithRelationshipFilterShouldContainExpectedNodes" classname="apoc.path.SubgraphTest" time="0.025"/>
  <testcase name="testSugbraphAllShouldContainExpectedNodesAndRels" classname="apoc.path.SubgraphTest" time="0.051"/>
  <testcase name="testSugbraphWithLabelFilterShouldContainExpectedNodes" classname="apoc.path.SubgraphTest" time="0.035"/>
  <testcase name="testSugbraphWithMaxDepthShouldContainExpectedNodes" classname="apoc.path.SubgraphTest" time="0.027"/>
  <system-out><![CDATA[]]></system-out>
  <system-err><![CDATA[]]></system-err>
</testsuite>
