<?xml version="1.0" encoding="UTF-8"?>
<testsuite name="apoc.cypher.CypherTest" tests="15" skipped="0" failures="0" errors="0" timestamp="2017-04-24T13:38:16" hostname="Pc" time="1.449">
  <properties/>
  <testcase name="testParallel2" classname="apoc.cypher.CypherTest" time="0.465"/>
  <testcase name="testRunFileWithResults" classname="apoc.cypher.CypherTest" time="0.069"/>
  <testcase name="testRunFileWithSchema" classname="apoc.cypher.CypherTest" time="0.007"/>
  <testcase name="testRunNoParams" classname="apoc.cypher.CypherTest" time="0.007"/>
  <testcase name="testRun" classname="apoc.cypher.CypherTest" time="0.008"/>
  <testcase name="testWithTimeout" classname="apoc.cypher.CypherTest" time="0.111"/>
  <testcase name="testMapParallel2" classname="apoc.cypher.CypherTest" time="0.158"/>
  <testcase name="testMapParallel" classname="apoc.cypher.CypherTest" time="0.119"/>
  <testcase name="testRunNullParams" classname="apoc.cypher.CypherTest" time="0.004"/>
  <testcase name="testRunVariable" classname="apoc.cypher.CypherTest" time="0.007"/>
  <testcase name="testRunFile" classname="apoc.cypher.CypherTest" time="0.015"/>
  <testcase name="testRunMany" classname="apoc.cypher.CypherTest" time="0.019"/>
  <testcase name="testSingular" classname="apoc.cypher.CypherTest" time="0.113"/>
  <testcase name="testRunWithPeriodic" classname="apoc.cypher.CypherTest" time="0.183"/>
  <testcase name="testParallel" classname="apoc.cypher.CypherTest" time="0.161"/>
  <system-out><![CDATA[]]></system-out>
  <system-err><![CDATA[]]></system-err>
</testsuite>
