<?xml version="1.0" encoding="UTF-8"?>
<testsuite name="apoc.spatial.SpatialTest" tests="4" skipped="0" failures="0" errors="0" timestamp="2017-04-26T16:58:44" hostname="Pc" time="0.614">
  <properties/>
  <testcase name="testGeocodePointAndDistance" classname="apoc.spatial.SpatialTest" time="0.187"/>
  <testcase name="testSimpleGeocode" classname="apoc.spatial.SpatialTest" time="0.112"/>
  <testcase name="testAllTheThings" classname="apoc.spatial.SpatialTest" time="0.152"/>
  <testcase name="testGraphRefactoring" classname="apoc.spatial.SpatialTest" time="0.161"/>
  <system-out><![CDATA[]]></system-out>
  <system-err><![CDATA[]]></system-err>
</testsuite>
