<?xml version="1.0" encoding="UTF-8"?>
<testsuite name="apoc.convert.ConvertTest" tests="7" skipped="0" failures="0" errors="0" timestamp="2017-04-20T10:55:50" hostname="Pc" time="0.115">
  <properties/>
  <testcase name="testToMap" classname="apoc.convert.ConvertTest" time="0.007"/>
  <testcase name="testToSet" classname="apoc.convert.ConvertTest" time="0.007"/>
  <testcase name="testToString" classname="apoc.convert.ConvertTest" time="0.028"/>
  <testcase name="testToBoolean" classname="apoc.convert.ConvertTest" time="0.029"/>
  <testcase name="testToList" classname="apoc.convert.ConvertTest" time="0.006"/>
  <testcase name="testToNode" classname="apoc.convert.ConvertTest" time="0.019"/>
  <testcase name="testToRelationship" classname="apoc.convert.ConvertTest" time="0.018"/>
  <system-out><![CDATA[]]></system-out>
  <system-err><![CDATA[]]></system-err>
</testsuite>
