<?xml version="1.0" encoding="UTF-8"?>
<testsuite name="apoc.spatial.SpatialTest" tests="4" skipped="0" failures="0" errors="0" timestamp="2017-04-20T19:29:31" hostname="Pc" time="0.668">
  <properties/>
  <testcase name="testGeocodePointAndDistance" classname="apoc.spatial.SpatialTest" time="0.212"/>
  <testcase name="testSimpleGeocode" classname="apoc.spatial.SpatialTest" time="0.13"/>
  <testcase name="testAllTheThings" classname="apoc.spatial.SpatialTest" time="0.16"/>
  <testcase name="testGraphRefactoring" classname="apoc.spatial.SpatialTest" time="0.164"/>
  <system-out><![CDATA[]]></system-out>
  <system-err><![CDATA[]]></system-err>
</testsuite>
