<?xml version="1.0" encoding="UTF-8"?>
<testsuite name="apoc.text.PhoneticTest" tests="7" skipped="0" failures="0" errors="0" timestamp="2017-04-26T10:38:56" hostname="Pc" time="0.666">
  <properties/>
  <testcase name="shouldComputeSoundexDifference" classname="apoc.text.PhoneticTest" time="0.103"/>
  <testcase name="shouldComputeSoundexEncodingOfManyWords" classname="apoc.text.PhoneticTest" time="0.1"/>
  <testcase name="shouldComputeEmptySoundexEncodingForTheEmptyString" classname="apoc.text.PhoneticTest" time="0.105"/>
  <testcase name="shouldComputeWordSoundexEncodingOfNull" classname="apoc.text.PhoneticTest" time="0.087"/>
  <testcase name="shouldComputeSoundexEncodingOfManyWordsEvenIfTheStringContainsSomeExtraChars" classname="apoc.text.PhoneticTest" time="0.086"/>
  <testcase name="shouldComputeSimpleSoundexEncodingOfNull" classname="apoc.text.PhoneticTest" time="0.087"/>
  <testcase name="shouldComputeSimpleSoundexEncoding" classname="apoc.text.PhoneticTest" time="0.097"/>
  <system-out><![CDATA[]]></system-out>
  <system-err><![CDATA[]]></system-err>
</testsuite>
