<?xml version="1.0" encoding="UTF-8"?>
<testsuite name="apoc.create.CreateTest" tests="14" skipped="0" failures="0" errors="0" timestamp="2017-04-18T15:08:50" hostname="Pc" time="1.473">
  <properties/>
  <testcase name="testCreateVirtualRelationship" classname="apoc.create.CreateTest" time="0.137"/>
  <testcase name="testCreateNodeWithArrayProps" classname="apoc.create.CreateTest" time="0.108"/>
  <testcase name="testVirtualNodeFunction" classname="apoc.create.CreateTest" time="0.094"/>
  <testcase name="testVirtualNode" classname="apoc.create.CreateTest" time="0.098"/>
  <testcase name="testCreateNodes" classname="apoc.create.CreateTest" time="0.105"/>
  <testcase name="testCreatePattern" classname="apoc.create.CreateTest" time="0.107"/>
  <testcase name="testCreateRelationship" classname="apoc.create.CreateTest" time="0.092"/>
  <testcase name="testSetProperty" classname="apoc.create.CreateTest" time="0.127"/>
  <testcase name="testCreateNode" classname="apoc.create.CreateTest" time="0.107"/>
  <testcase name="testSetRelProperty" classname="apoc.create.CreateTest" time="0.105"/>
  <testcase name="testCreatePatternFull" classname="apoc.create.CreateTest" time="0.097"/>
  <testcase name="testSetProperties" classname="apoc.create.CreateTest" time="0.101"/>
  <testcase name="testSetRelProperties" classname="apoc.create.CreateTest" time="0.107"/>
  <testcase name="testCreateVirtualRelationshipFunction" classname="apoc.create.CreateTest" time="0.087"/>
  <system-out><![CDATA[]]></system-out>
  <system-err><![CDATA[]]></system-err>
</testsuite>
