<?xml version="1.0" encoding="UTF-8"?>
<testsuite name="apoc.algo.CentralityTest" tests="23" skipped="0" failures="0" errors="0" timestamp="2017-04-20T12:21:12" hostname="Pc" time="8.264">
  <properties/>
  <testcase name="shouldHandleNullDirectionWhenUsingBetweenness" classname="apoc.algo.CentralityTest" time="3.621"/>
  <testcase name="shouldHandleEmptyRelationshipTypeUsingCloseness" classname="apoc.algo.CentralityTest" time="0.313"/>
  <testcase name="shouldHandleNullNodesWhenUsingCentrality" classname="apoc.algo.CentralityTest" time="0.211"/>
  <testcase name="shouldProvideSameResultUsingEmptyRelationshipTypeOrSpecifyAllTypesWhenUsingCloseness" classname="apoc.algo.CentralityTest" time="0.277"/>
  <testcase name="shouldReturnExpectedResultCountWhenUsingBetweennessAllDirections" classname="apoc.algo.CentralityTest" time="0.248"/>
  <testcase name="shouldHandleInvalidDirectionWhenUsingCentrality" classname="apoc.algo.CentralityTest" time="0.176"/>
  <testcase name="shouldHaveExpectedBetweennessResultsForCypher" classname="apoc.algo.CentralityTest" time="0.614"/>
  <testcase name="shouldBeCaseInsensitiveForDirectionCloseness" classname="apoc.algo.CentralityTest" time="0.196"/>
  <testcase name="shouldHandleRelationshipTypesThatDoesNotExistWhenUsingCentrality" classname="apoc.algo.CentralityTest" time="0.167"/>
  <testcase name="shouldHandleNullDirectionWhenUsingCentrality" classname="apoc.algo.CentralityTest" time="0.167"/>
  <testcase name="shouldHandleEmptyNodeSetWhenUsingCloseness" classname="apoc.algo.CentralityTest" time="0.149"/>
  <testcase name="shouldHandleNullNodesWhenUsingBetweenness" classname="apoc.algo.CentralityTest" time="0.187"/>
  <testcase name="shouldHaveExpectedBetweennessNodeRemappingForCypher" classname="apoc.algo.CentralityTest" time="0.248"/>
  <testcase name="shouldReturnExpectedResultCountWhenUsingClosenessOutgoingAllDirections" classname="apoc.algo.CentralityTest" time="0.201"/>
  <testcase name="shouldHandleEmptyRelationshipTypeWhenUsingBetweenness" classname="apoc.algo.CentralityTest" time="0.149"/>
  <testcase name="shouldProvideSameResultUsingEmptyRelationshipTypeOrSpecifyAllTypesWhenUsingBetweenness" classname="apoc.algo.CentralityTest" time="0.207"/>
  <testcase name="shouldBeCaseInsensitiveForDirectionBetweenness" classname="apoc.algo.CentralityTest" time="0.171"/>
  <testcase name="shouldHandleEmptyNodeSetWhenUsingBetweenness" classname="apoc.algo.CentralityTest" time="0.145"/>
  <testcase name="shouldHandleNullRelationshipTypesWhenUsingCentrality" classname="apoc.algo.CentralityTest" time="0.16"/>
  <testcase name="shouldHandleNullRelationshipTypesWhenUsingBetweenness" classname="apoc.algo.CentralityTest" time="0.146"/>
  <testcase name="shouldHandleRelationshipTypesThatDoesNotExistWhenUsingBetweenness" classname="apoc.algo.CentralityTest" time="0.155"/>
  <testcase name="shouldHaveExpectedBetweennessMultipleSPCypher" classname="apoc.algo.CentralityTest" time="0.178"/>
  <testcase name="shouldHandleInvalidDirectionWhenUsingBetweenness" classname="apoc.algo.CentralityTest" time="0.173"/>
  <system-out><![CDATA[+----------------------------------------------------------------------------------------------------------------------------------+
| nodes | relationships | readNodeMillis | readRelationshipMillis | computeMillis | writeMillis | write | property                 |
+----------------------------------------------------------------------------------------------------------------------------------+
| 6     | 5             | 159            | 65                     | 3             | 10          | true  | "betweenness_centrality" |
+----------------------------------------------------------------------------------------------------------------------------------+
1 row

+----------------------------------------------------------------------------------------------------------------------------------+
| nodes | relationships | readNodeMillis | readRelationshipMillis | computeMillis | writeMillis | write | property                 |
+----------------------------------------------------------------------------------------------------------------------------------+
| 10    | 5             | 12             | 16                     | 0             | 3           | true  | "betweenness_centrality" |
+----------------------------------------------------------------------------------------------------------------------------------+
1 row

+----------------------------------------------------------------------------------------------------------------------------------+
| nodes | relationships | readNodeMillis | readRelationshipMillis | computeMillis | writeMillis | write | property                 |
+----------------------------------------------------------------------------------------------------------------------------------+
| 7     | 8             | 10             | 14                     | 1             | 2           | true  | "betweenness_centrality" |
+----------------------------------------------------------------------------------------------------------------------------------+
1 row

]]></system-out>
  <system-err><![CDATA[]]></system-err>
</testsuite>
