<?xml version="1.0" encoding="UTF-8"?>
<testsuite name="apoc.spatial.GeocodeTest" tests="2" skipped="0" failures="0" errors="0" timestamp="2017-04-24T14:17:49" hostname="Pc" time="27.216">
  <properties/>
  <testcase name="testGeocodeGoogle" classname="apoc.spatial.GeocodeTest" time="11.948"/>
  <testcase name="testGeocodeOSM" classname="apoc.spatial.GeocodeTest" time="15.268"/>
  <system-out><![CDATA[Fast google test took 2388ms
Slow google test took 9457ms
Fast osm test took 3169ms
Slow osm test took 12000ms
]]></system-out>
  <system-err><![CDATA[]]></system-err>
</testsuite>
