<?xml version="1.0" encoding="UTF-8"?>
<testsuite name="apoc.create.CreateTest" tests="14" skipped="0" failures="0" errors="0" timestamp="2017-04-18T13:38:23" hostname="Pc" time="1.435">
  <properties/>
  <testcase name="testCreateVirtualRelationship" classname="apoc.create.CreateTest" time="0.109"/>
  <testcase name="testCreateNodeWithArrayProps" classname="apoc.create.CreateTest" time="0.116"/>
  <testcase name="testVirtualNodeFunction" classname="apoc.create.CreateTest" time="0.094"/>
  <testcase name="testVirtualNode" classname="apoc.create.CreateTest" time="0.093"/>
  <testcase name="testCreateNodes" classname="apoc.create.CreateTest" time="0.1"/>
  <testcase name="testCreatePattern" classname="apoc.create.CreateTest" time="0.097"/>
  <testcase name="testCreateRelationship" classname="apoc.create.CreateTest" time="0.124"/>
  <testcase name="testSetProperty" classname="apoc.create.CreateTest" time="0.102"/>
  <testcase name="testCreateNode" classname="apoc.create.CreateTest" time="0.095"/>
  <testcase name="testSetRelProperty" classname="apoc.create.CreateTest" time="0.096"/>
  <testcase name="testCreatePatternFull" classname="apoc.create.CreateTest" time="0.102"/>
  <testcase name="testSetProperties" classname="apoc.create.CreateTest" time="0.104"/>
  <testcase name="testSetRelProperties" classname="apoc.create.CreateTest" time="0.101"/>
  <testcase name="testCreateVirtualRelationshipFunction" classname="apoc.create.CreateTest" time="0.1"/>
  <system-out><![CDATA[]]></system-out>
  <system-err><![CDATA[]]></system-err>
</testsuite>
