<?xml version="1.0" encoding="UTF-8"?>
<testsuite name="apoc.schema.SchemasTest" tests="6" skipped="0" failures="0" errors="0" timestamp="2017-04-22T10:49:15" hostname="Pc" time="0.681">
  <properties/>
  <testcase name="testCreateSchema" classname="apoc.schema.SchemasTest" time="0.121"/>
  <testcase name="testCreateIndex" classname="apoc.schema.SchemasTest" time="0.106"/>
  <testcase name="testKeepIndex" classname="apoc.schema.SchemasTest" time="0.111"/>
  <testcase name="testDropIndex" classname="apoc.schema.SchemasTest" time="0.111"/>
  <testcase name="testDropSchema" classname="apoc.schema.SchemasTest" time="0.117"/>
  <testcase name="testKeepSchema" classname="apoc.schema.SchemasTest" time="0.115"/>
  <system-out><![CDATA[]]></system-out>
  <system-err><![CDATA[]]></system-err>
</testsuite>
