<?xml version="1.0" encoding="UTF-8"?>
<testsuite name="apoc.export.graphml.ExportGraphMLTest" tests="4" skipped="0" failures="0" errors="0" timestamp="2017-04-19T17:28:09" hostname="Pc" time="0.19">
  <properties/>
  <testcase name="testExportGraphGraphML" classname="apoc.export.graphml.ExportGraphMLTest" time="0.047"/>
  <testcase name="testExportAllGraphML" classname="apoc.export.graphml.ExportGraphMLTest" time="0.022"/>
  <testcase name="testExportGraphGraphMLTypes" classname="apoc.export.graphml.ExportGraphMLTest" time="0.03"/>
  <testcase name="testImportGraphML" classname="apoc.export.graphml.ExportGraphMLTest" time="0.09"/>
  <system-out><![CDATA[]]></system-out>
  <system-err><![CDATA[]]></system-err>
</testsuite>
