<?xml version="1.0" encoding="UTF-8"?>
<testsuite name="apoc.monitor.StoreInfoProcedureTest" tests="1" skipped="0" failures="0" errors="0" timestamp="2017-04-18T13:13:31" hostname="Pc" time="0.111">
  <properties/>
  <testcase name="testGetStoreInfo" classname="apoc.monitor.StoreInfoProcedureTest" time="0.111"/>
  <system-out><![CDATA[]]></system-out>
  <system-err><![CDATA[]]></system-err>
</testsuite>
