<?xml version="1.0" encoding="UTF-8"?>
<testsuite name="apoc.cache.StaticTest" tests="4" skipped="0" failures="0" errors="0" timestamp="2017-04-19T18:13:47" hostname="Pc" time="0.435">
  <properties/>
  <testcase name="testListFromConfig" classname="apoc.cache.StaticTest" time="0.132"/>
  <testcase name="testSet" classname="apoc.cache.StaticTest" time="0.1"/>
  <testcase name="testGetAllFromConfig" classname="apoc.cache.StaticTest" time="0.102"/>
  <testcase name="testOverrideConfig" classname="apoc.cache.StaticTest" time="0.1"/>
  <system-out><![CDATA[]]></system-out>
  <system-err><![CDATA[]]></system-err>
</testsuite>
