<?xml version="1.0" encoding="UTF-8"?>
<testsuite name="apoc.trigger.TriggerTest" tests="8" skipped="0" failures="0" errors="0" timestamp="2017-04-20T10:58:07" hostname="Pc" time="0.965">
  <properties/>
  <testcase name="testTimeStampTriggerForUpdatedProperties" classname="apoc.trigger.TriggerTest" time="0.133"/>
  <testcase name="testTxId" classname="apoc.trigger.TriggerTest" time="0.112"/>
  <testcase name="testListTriggers" classname="apoc.trigger.TriggerTest" time="0.094"/>
  <testcase name="testLowerCaseName" classname="apoc.trigger.TriggerTest" time="0.116"/>
  <testcase name="testRemoveNode" classname="apoc.trigger.TriggerTest" time="0.16"/>
  <testcase name="testRemoveRelationship" classname="apoc.trigger.TriggerTest" time="0.139"/>
  <testcase name="testSetLabels" classname="apoc.trigger.TriggerTest" time="0.105"/>
  <testcase name="testTimeStampTrigger" classname="apoc.trigger.TriggerTest" time="0.104"/>
  <system-out><![CDATA[]]></system-out>
  <system-err><![CDATA[]]></system-err>
</testsuite>
