<?xml version="1.0" encoding="UTF-8"?>
<testsuite name="apoc.spatial.GeocodeTest" tests="2" skipped="0" failures="0" errors="0" timestamp="2017-04-21T14:44:09" hostname="Pc" time="26.247">
  <properties/>
  <testcase name="testGeocodeGoogle" classname="apoc.spatial.GeocodeTest" time="13.047"/>
  <testcase name="testGeocodeOSM" classname="apoc.spatial.GeocodeTest" time="13.2"/>
  <system-out><![CDATA[Fast google test took 3344ms
Slow google test took 9588ms
Fast osm test took 1088ms
Slow osm test took 12008ms
]]></system-out>
  <system-err><![CDATA[]]></system-err>
</testsuite>
