<?xml version="1.0" encoding="UTF-8"?>
<testsuite name="apoc.coll.CollTest" tests="40" skipped="0" failures="0" errors="0" timestamp="2017-04-19T15:04:22" hostname="Pc" time="5.405">
  <properties/>
  <testcase name="testDuplicates" classname="apoc.coll.CollTest" time="0.008"/>
  <testcase name="testRandomItemsOnNullAndEmptyList" classname="apoc.coll.CollTest" time="0.033"/>
  <testcase name="testRandomItemsLargerThanOriginalAllowingRepick" classname="apoc.coll.CollTest" time="2.362"/>
  <testcase name="testSortMaps" classname="apoc.coll.CollTest" time="0.008"/>
  <testcase name="testSetOperations" classname="apoc.coll.CollTest" time="0.053"/>
  <testcase name="testPairsMinListResult" classname="apoc.coll.CollTest" time="0.024"/>
  <testcase name="testContainsSorted" classname="apoc.coll.CollTest" time="0.36"/>
  <testcase name="testOccurrencesOnNullAndEmptyList" classname="apoc.coll.CollTest" time="0.013"/>
  <testcase name="testRandomItemOnNullAndEmptyList" classname="apoc.coll.CollTest" time="0.013"/>
  <testcase name="testAvg" classname="apoc.coll.CollTest" time="0.008"/>
  <testcase name="testIN2" classname="apoc.coll.CollTest" time="0.484"/>
  <testcase name="testMax" classname="apoc.coll.CollTest" time="0.008"/>
  <testcase name="testMin" classname="apoc.coll.CollTest" time="0.006"/>
  <testcase name="testSum" classname="apoc.coll.CollTest" time="0.007"/>
  <testcase name="testZip" classname="apoc.coll.CollTest" time="0.007"/>
  <testcase name="testReverseOnNullAndEmptyList" classname="apoc.coll.CollTest" time="0.012"/>
  <testcase name="testRandomItems" classname="apoc.coll.CollTest" time="1.219"/>
  <testcase name="testPairs" classname="apoc.coll.CollTest" time="0.007"/>
  <testcase name="testSplit" classname="apoc.coll.CollTest" time="0.018"/>
  <testcase name="testToSet" classname="apoc.coll.CollTest" time="0.006"/>
  <testcase name="testSort" classname="apoc.coll.CollTest" time="0.007"/>
  <testcase name="testPartition" classname="apoc.coll.CollTest" time="0.01"/>
  <testcase name="testDuplicatesOnNullAndEmptyList" classname="apoc.coll.CollTest" time="0.01"/>
  <testcase name="testSumLongs" classname="apoc.coll.CollTest" time="0.008"/>
  <testcase name="testIN" classname="apoc.coll.CollTest" time="0.007"/>
  <testcase name="testDuplicatesWithCountOnNullAndEmptyList" classname="apoc.coll.CollTest" time="0.016"/>
  <testcase name="testRandomItem" classname="apoc.coll.CollTest" time="0.004"/>
  <testcase name="testContainsAll" classname="apoc.coll.CollTest" time="0.025"/>
  <testcase name="testContainsDuplicates" classname="apoc.coll.CollTest" time="0.009"/>
  <testcase name="testOccurrences" classname="apoc.coll.CollTest" time="0.024"/>
  <testcase name="testContainsAllSorted" classname="apoc.coll.CollTest" time="0.036"/>
  <testcase name="testSortNodes" classname="apoc.coll.CollTest" time="0.018"/>
  <testcase name="testReverse" classname="apoc.coll.CollTest" time="0.005"/>
  <testcase name="testIndexOf" classname="apoc.coll.CollTest" time="0.035"/>
  <testcase name="testPairsMin" classname="apoc.coll.CollTest" time="0.009"/>
  <testcase name="testShuffle" classname="apoc.coll.CollTest" time="0.25"/>
  <testcase name="testDuplicatesWithCount" classname="apoc.coll.CollTest" time="0.004"/>
  <testcase name="testShuffleOnNullAndEmptyList" classname="apoc.coll.CollTest" time="0.014"/>
  <testcase name="testRandomItemsLargerThanOriginal" classname="apoc.coll.CollTest" time="0.246"/>
  <testcase name="testContainsDuplicatesOnNullAndEmptyList" classname="apoc.coll.CollTest" time="0.008"/>
  <system-out><![CDATA[contains sorted test on 1000000 elements took 342 ms
contains test on 1000000 elements took 465 ms
]]></system-out>
  <system-err><![CDATA[]]></system-err>
</testsuite>
