<?xml version="1.0" encoding="UTF-8"?>
<testsuite name="apoc.spatial.GeocodeTest" tests="2" skipped="0" failures="0" errors="0" timestamp="2017-04-21T15:03:38" hostname="Pc" time="26.165">
  <properties/>
  <testcase name="testGeocodeGoogle" classname="apoc.spatial.GeocodeTest" time="12.29"/>
  <testcase name="testGeocodeOSM" classname="apoc.spatial.GeocodeTest" time="13.875"/>
  <system-out><![CDATA[Fast google test took 2274ms
Slow google test took 9922ms
Fast osm test took 1758ms
Slow osm test took 12003ms
]]></system-out>
  <system-err><![CDATA[]]></system-err>
</testsuite>
