<?xml version="1.0" encoding="UTF-8"?>
<testsuite name="apoc.algo.pagerank.PageRankAlgoTest" tests="2" skipped="0" failures="0" errors="0" timestamp="2017-04-20T18:34:45" hostname="Pc" time="0.436">
  <properties/>
  <testcase name="shouldGetPageRankArrayStorageSPI" classname="apoc.algo.pagerank.PageRankAlgoTest" time="0.265"/>
  <testcase name="shouldGetPageRankArrayStorageSPIWithTypes" classname="apoc.algo.pagerank.PageRankAlgoTest" time="0.171"/>
  <system-out><![CDATA[]]></system-out>
  <system-err><![CDATA[]]></system-err>
</testsuite>
