<?xml version="1.0" encoding="UTF-8"?>
<testsuite name="apoc.trigger.TriggerTest" tests="8" skipped="0" failures="0" errors="0" timestamp="2017-04-19T12:35:14" hostname="Pc" time="1.022">
  <properties/>
  <testcase name="testTimeStampTriggerForUpdatedProperties" classname="apoc.trigger.TriggerTest" time="0.157"/>
  <testcase name="testTxId" classname="apoc.trigger.TriggerTest" time="0.136"/>
  <testcase name="testListTriggers" classname="apoc.trigger.TriggerTest" time="0.096"/>
  <testcase name="testLowerCaseName" classname="apoc.trigger.TriggerTest" time="0.123"/>
  <testcase name="testRemoveNode" classname="apoc.trigger.TriggerTest" time="0.143"/>
  <testcase name="testRemoveRelationship" classname="apoc.trigger.TriggerTest" time="0.138"/>
  <testcase name="testSetLabels" classname="apoc.trigger.TriggerTest" time="0.12"/>
  <testcase name="testTimeStampTrigger" classname="apoc.trigger.TriggerTest" time="0.108"/>
  <system-out><![CDATA[]]></system-out>
  <system-err><![CDATA[]]></system-err>
</testsuite>
