<?xml version="1.0" encoding="UTF-8"?>
<testsuite name="apoc.generate.GenerateTest" tests="13" skipped="0" failures="0" errors="0" timestamp="2017-04-20T12:33:09" hostname="Pc" time="1.648">
  <properties/>
  <testcase name="shouldGenerateWattsStrogatz1" classname="apoc.generate.GenerateTest" time="0.127"/>
  <testcase name="shouldGenerateWattsStrogatz2" classname="apoc.generate.GenerateTest" time="0.162"/>
  <testcase name="shouldGenerateWattsStrogatz3" classname="apoc.generate.GenerateTest" time="0.121"/>
  <testcase name="shouldGenerateComplete1" classname="apoc.generate.GenerateTest" time="0.095"/>
  <testcase name="shouldGenerateComplete2" classname="apoc.generate.GenerateTest" time="0.117"/>
  <testcase name="shouldGenerateBarabasiAlbert1" classname="apoc.generate.GenerateTest" time="0.151"/>
  <testcase name="shouldGenerateBarabasiAlbert2" classname="apoc.generate.GenerateTest" time="0.095"/>
  <testcase name="shouldGenerateBarabasiAlbert3" classname="apoc.generate.GenerateTest" time="0.113"/>
  <testcase name="shouldGenerateErdosRenyi1" classname="apoc.generate.GenerateTest" time="0.114"/>
  <testcase name="shouldGenerateErdosRenyi2" classname="apoc.generate.GenerateTest" time="0.217"/>
  <testcase name="shouldGenerateErdosRenyi3" classname="apoc.generate.GenerateTest" time="0.092"/>
  <testcase name="shouldGenerateSimple1" classname="apoc.generate.GenerateTest" time="0.11"/>
  <testcase name="shouldGenerateSimple2" classname="apoc.generate.GenerateTest" time="0.133"/>
  <system-out><![CDATA[]]></system-out>
  <system-err><![CDATA[]]></system-err>
</testsuite>
