<?xml version="1.0" encoding="UTF-8"?>
<testsuite name="apoc.cypher.CypherTest" tests="15" skipped="0" failures="0" errors="0" timestamp="2017-04-20T17:42:56" hostname="Pc" time="1.58">
  <properties/>
  <testcase name="testParallel2" classname="apoc.cypher.CypherTest" time="0.498"/>
  <testcase name="testRunFileWithResults" classname="apoc.cypher.CypherTest" time="0.072"/>
  <testcase name="testRunFileWithSchema" classname="apoc.cypher.CypherTest" time="0.008"/>
  <testcase name="testRunNoParams" classname="apoc.cypher.CypherTest" time="0.007"/>
  <testcase name="testRun" classname="apoc.cypher.CypherTest" time="0.008"/>
  <testcase name="testWithTimeout" classname="apoc.cypher.CypherTest" time="0.116"/>
  <testcase name="testMapParallel2" classname="apoc.cypher.CypherTest" time="0.201"/>
  <testcase name="testMapParallel" classname="apoc.cypher.CypherTest" time="0.138"/>
  <testcase name="testRunNullParams" classname="apoc.cypher.CypherTest" time="0.003"/>
  <testcase name="testRunVariable" classname="apoc.cypher.CypherTest" time="0.01"/>
  <testcase name="testRunFile" classname="apoc.cypher.CypherTest" time="0.016"/>
  <testcase name="testRunMany" classname="apoc.cypher.CypherTest" time="0.031"/>
  <testcase name="testSingular" classname="apoc.cypher.CypherTest" time="0.114"/>
  <testcase name="testRunWithPeriodic" classname="apoc.cypher.CypherTest" time="0.184"/>
  <testcase name="testParallel" classname="apoc.cypher.CypherTest" time="0.171"/>
  <system-out><![CDATA[]]></system-out>
  <system-err><![CDATA[]]></system-err>
</testsuite>
