<?xml version="1.0" encoding="UTF-8"?>
<testsuite name="apoc.get.GetTest" tests="2" skipped="0" failures="0" errors="0" timestamp="2017-04-19T15:05:18" hostname="Pc" time="0.252">
  <properties/>
  <testcase name="testNodes" classname="apoc.get.GetTest" time="0.13"/>
  <testcase name="testRels" classname="apoc.get.GetTest" time="0.122"/>
  <system-out><![CDATA[]]></system-out>
  <system-err><![CDATA[]]></system-err>
</testsuite>
