<?xml version="1.0" encoding="UTF-8"?>
<testsuite name="apoc.export.graphml.ExportGraphMLTest" tests="4" skipped="0" failures="0" errors="0" timestamp="2017-04-18T13:12:31" hostname="Pc" time="0.154">
  <properties/>
  <testcase name="testExportGraphGraphML" classname="apoc.export.graphml.ExportGraphMLTest" time="0.038"/>
  <testcase name="testExportAllGraphML" classname="apoc.export.graphml.ExportGraphMLTest" time="0.022"/>
  <testcase name="testExportGraphGraphMLTypes" classname="apoc.export.graphml.ExportGraphMLTest" time="0.016"/>
  <testcase name="testImportGraphML" classname="apoc.export.graphml.ExportGraphMLTest" time="0.078"/>
  <system-out><![CDATA[]]></system-out>
  <system-err><![CDATA[]]></system-err>
</testsuite>
