<?xml version="1.0" encoding="UTF-8"?>
<testsuite name="apoc.algo.CentralityTest" tests="23" skipped="0" failures="0" errors="0" timestamp="2017-04-20T19:26:02" hostname="Pc" time="8.689">
  <properties/>
  <testcase name="shouldHandleNullDirectionWhenUsingBetweenness" classname="apoc.algo.CentralityTest" time="4.003"/>
  <testcase name="shouldHandleEmptyRelationshipTypeUsingCloseness" classname="apoc.algo.CentralityTest" time="0.304"/>
  <testcase name="shouldHandleNullNodesWhenUsingCentrality" classname="apoc.algo.CentralityTest" time="0.21"/>
  <testcase name="shouldProvideSameResultUsingEmptyRelationshipTypeOrSpecifyAllTypesWhenUsingCloseness" classname="apoc.algo.CentralityTest" time="0.277"/>
  <testcase name="shouldReturnExpectedResultCountWhenUsingBetweennessAllDirections" classname="apoc.algo.CentralityTest" time="0.254"/>
  <testcase name="shouldHandleInvalidDirectionWhenUsingCentrality" classname="apoc.algo.CentralityTest" time="0.189"/>
  <testcase name="shouldHaveExpectedBetweennessResultsForCypher" classname="apoc.algo.CentralityTest" time="0.638"/>
  <testcase name="shouldBeCaseInsensitiveForDirectionCloseness" classname="apoc.algo.CentralityTest" time="0.198"/>
  <testcase name="shouldHandleRelationshipTypesThatDoesNotExistWhenUsingCentrality" classname="apoc.algo.CentralityTest" time="0.162"/>
  <testcase name="shouldHandleNullDirectionWhenUsingCentrality" classname="apoc.algo.CentralityTest" time="0.181"/>
  <testcase name="shouldHandleEmptyNodeSetWhenUsingCloseness" classname="apoc.algo.CentralityTest" time="0.135"/>
  <testcase name="shouldHandleNullNodesWhenUsingBetweenness" classname="apoc.algo.CentralityTest" time="0.163"/>
  <testcase name="shouldHaveExpectedBetweennessNodeRemappingForCypher" classname="apoc.algo.CentralityTest" time="0.244"/>
  <testcase name="shouldReturnExpectedResultCountWhenUsingClosenessOutgoingAllDirections" classname="apoc.algo.CentralityTest" time="0.209"/>
  <testcase name="shouldHandleEmptyRelationshipTypeWhenUsingBetweenness" classname="apoc.algo.CentralityTest" time="0.155"/>
  <testcase name="shouldProvideSameResultUsingEmptyRelationshipTypeOrSpecifyAllTypesWhenUsingBetweenness" classname="apoc.algo.CentralityTest" time="0.199"/>
  <testcase name="shouldBeCaseInsensitiveForDirectionBetweenness" classname="apoc.algo.CentralityTest" time="0.159"/>
  <testcase name="shouldHandleEmptyNodeSetWhenUsingBetweenness" classname="apoc.algo.CentralityTest" time="0.15"/>
  <testcase name="shouldHandleNullRelationshipTypesWhenUsingCentrality" classname="apoc.algo.CentralityTest" time="0.153"/>
  <testcase name="shouldHandleNullRelationshipTypesWhenUsingBetweenness" classname="apoc.algo.CentralityTest" time="0.169"/>
  <testcase name="shouldHandleRelationshipTypesThatDoesNotExistWhenUsingBetweenness" classname="apoc.algo.CentralityTest" time="0.165"/>
  <testcase name="shouldHaveExpectedBetweennessMultipleSPCypher" classname="apoc.algo.CentralityTest" time="0.207"/>
  <testcase name="shouldHandleInvalidDirectionWhenUsingBetweenness" classname="apoc.algo.CentralityTest" time="0.159"/>
  <system-out><![CDATA[+----------------------------------------------------------------------------------------------------------------------------------+
| nodes | relationships | readNodeMillis | readRelationshipMillis | computeMillis | writeMillis | write | property                 |
+----------------------------------------------------------------------------------------------------------------------------------+
| 6     | 5             | 156            | 72                     | 13            | 12          | true  | "betweenness_centrality" |
+----------------------------------------------------------------------------------------------------------------------------------+
1 row

+----------------------------------------------------------------------------------------------------------------------------------+
| nodes | relationships | readNodeMillis | readRelationshipMillis | computeMillis | writeMillis | write | property                 |
+----------------------------------------------------------------------------------------------------------------------------------+
| 10    | 5             | 12             | 16                     | 1             | 3           | true  | "betweenness_centrality" |
+----------------------------------------------------------------------------------------------------------------------------------+
1 row

+----------------------------------------------------------------------------------------------------------------------------------+
| nodes | relationships | readNodeMillis | readRelationshipMillis | computeMillis | writeMillis | write | property                 |
+----------------------------------------------------------------------------------------------------------------------------------+
| 7     | 8             | 15             | 17                     | 0             | 4           | true  | "betweenness_centrality" |
+----------------------------------------------------------------------------------------------------------------------------------+
1 row

]]></system-out>
  <system-err><![CDATA[]]></system-err>
</testsuite>
