<?xml version="1.0" encoding="UTF-8"?>
<testsuite name="apoc.monitor.IdsProcedureTest" tests="1" skipped="0" failures="0" errors="0" timestamp="2017-04-20T15:40:20" hostname="Pc" time="0.144">
  <properties/>
  <testcase name="testGetNodeIdsInUse" classname="apoc.monitor.IdsProcedureTest" time="0.144"/>
  <system-out><![CDATA[]]></system-out>
  <system-err><![CDATA[]]></system-err>
</testsuite>
