<?xml version="1.0" encoding="UTF-8"?>
<testsuite name="apoc.index.FulltextIndexTest" tests="13" skipped="0" failures="0" errors="0" timestamp="2017-04-19T12:33:57" hostname="Pc" time="1.789">
  <properties/>
  <testcase name="testRelationships" classname="apoc.index.FulltextIndexTest" time="0.195"/>
  <testcase name="testAddNode" classname="apoc.index.FulltextIndexTest" time="0.109"/>
  <testcase name="testOut" classname="apoc.index.FulltextIndexTest" time="0.137"/>
  <testcase name="testNodes" classname="apoc.index.FulltextIndexTest" time="0.122"/>
  <testcase name="testRemoveRelationshipByName" classname="apoc.index.FulltextIndexTest" time="0.161"/>
  <testcase name="testIn" classname="apoc.index.FulltextIndexTest" time="0.143"/>
  <testcase name="testBetween" classname="apoc.index.FulltextIndexTest" time="0.14"/>
  <testcase name="testAddRelationshipToExistingIndex" classname="apoc.index.FulltextIndexTest" time="0.127"/>
  <testcase name="testAddNodeByLabel" classname="apoc.index.FulltextIndexTest" time="0.108"/>
  <testcase name="testAddNodeToExistingIndex" classname="apoc.index.FulltextIndexTest" time="0.15"/>
  <testcase name="testAddNodeByLabelMultipleProperties" classname="apoc.index.FulltextIndexTest" time="0.124"/>
  <testcase name="testRemoveNodeByName" classname="apoc.index.FulltextIndexTest" time="0.134"/>
  <testcase name="testAddRelationship" classname="apoc.index.FulltextIndexTest" time="0.138"/>
  <system-out><![CDATA[]]></system-out>
  <system-err><![CDATA[]]></system-err>
</testsuite>
