<?xml version="1.0" encoding="UTF-8"?>
<testsuite name="apoc.generate.relationship.ErdosRenyiGraphRelationshipGeneratorTest" tests="1" skipped="0" failures="0" errors="0" timestamp="2017-04-21T14:43:03" hostname="Pc" time="0.085">
  <properties/>
  <testcase name="testErdosRenyiGeneratorValidity" classname="apoc.generate.relationship.ErdosRenyiGraphRelationshipGeneratorTest" time="0.085"/>
  <system-out><![CDATA[]]></system-out>
  <system-err><![CDATA[]]></system-err>
</testsuite>
