<?xml version="1.0" encoding="UTF-8"?>
<testsuite name="apoc.index.FulltextIndexTest" tests="13" skipped="0" failures="0" errors="0" timestamp="2017-04-22T14:52:53" hostname="Pc" time="1.926">
  <properties/>
  <testcase name="testRelationships" classname="apoc.index.FulltextIndexTest" time="0.193"/>
  <testcase name="testAddNode" classname="apoc.index.FulltextIndexTest" time="0.122"/>
  <testcase name="testOut" classname="apoc.index.FulltextIndexTest" time="0.207"/>
  <testcase name="testNodes" classname="apoc.index.FulltextIndexTest" time="0.12"/>
  <testcase name="testRemoveRelationshipByName" classname="apoc.index.FulltextIndexTest" time="0.149"/>
  <testcase name="testIn" classname="apoc.index.FulltextIndexTest" time="0.134"/>
  <testcase name="testBetween" classname="apoc.index.FulltextIndexTest" time="0.15"/>
  <testcase name="testAddRelationshipToExistingIndex" classname="apoc.index.FulltextIndexTest" time="0.123"/>
  <testcase name="testAddNodeByLabel" classname="apoc.index.FulltextIndexTest" time="0.115"/>
  <testcase name="testAddNodeToExistingIndex" classname="apoc.index.FulltextIndexTest" time="0.149"/>
  <testcase name="testAddNodeByLabelMultipleProperties" classname="apoc.index.FulltextIndexTest" time="0.128"/>
  <testcase name="testRemoveNodeByName" classname="apoc.index.FulltextIndexTest" time="0.145"/>
  <testcase name="testAddRelationship" classname="apoc.index.FulltextIndexTest" time="0.188"/>
  <system-out><![CDATA[]]></system-out>
  <system-err><![CDATA[]]></system-err>
</testsuite>
