<?xml version="1.0" encoding="UTF-8"?>
<testsuite name="apoc.data.ExtractTest" tests="8" skipped="0" failures="0" errors="0" timestamp="2017-04-21T16:36:52" hostname="Pc" time="0.85">
  <properties/>
  <testcase name="testBadString" classname="apoc.data.ExtractTest" time="0.122"/>
  <testcase name="testUrl" classname="apoc.data.ExtractTest" time="0.097"/>
  <testcase name="testEmail" classname="apoc.data.ExtractTest" time="0.112"/>
  <testcase name="testNull" classname="apoc.data.ExtractTest" time="0.102"/>
  <testcase name="testEmptyString" classname="apoc.data.ExtractTest" time="0.09"/>
  <testcase name="testQuotedEmail" classname="apoc.data.ExtractTest" time="0.109"/>
  <testcase name="testQueryParameter" classname="apoc.data.ExtractTest" time="0.104"/>
  <testcase name="testEmailWithDotsBeforeAt" classname="apoc.data.ExtractTest" time="0.113"/>
  <system-out><![CDATA[]]></system-out>
  <system-err><![CDATA[]]></system-err>
</testsuite>
