<?xml version="1.0" encoding="UTF-8"?>
<testsuite name="apoc.load.XmlTest" tests="6" skipped="0" failures="2" errors="0" timestamp="2017-04-20T10:34:25" hostname="Pc" time="0.664">
  <properties/>
  <testcase name="testReturnCollectionElements" classname="apoc.load.XmlTest" time="0.151">
    <failure message="org.junit.ComparisonFailure: expected:&lt;...-------------------+[&#10;| id      | author                 | title                                    |&#10;+-----------------------------------------------------------------------------+&#10;| &quot;bk101&quot; | &quot;Gambardella, Matthew&quot; | &quot;Arciniegas, Fabio&quot;                      |&#10;| &quot;bk102&quot; | &quot;Ralls, Kim&quot;           | &quot;Midnight Rain&quot;                          |&#10;| &quot;bk103&quot; | &quot;Corets, Eva&quot;          | &quot;Maeve Ascendant&quot;                        |&#10;| &quot;bk104&quot; | &quot;Corets, Eva&quot;          | &quot;Oberon's Legacy&quot;                        |&#10;| &quot;bk105&quot; | &quot;Corets, Eva&quot;          | &quot;The Sundered Grail&quot;                     |&#10;| &quot;bk106&quot; | &quot;Randall, Cynthia&quot;     | &quot;Lover Birds&quot;                            |&#10;| &quot;bk107&quot; | &quot;Thurman, Paula&quot;       | &quot;Splish Splash&quot;                          |&#10;| &quot;bk108&quot; | &quot;Knorr, Stefan&quot;        | &quot;Creepy Crawlies&quot;                        |&#10;| &quot;bk109&quot; | &quot;Kress, Peter&quot;         | &quot;Paradox Lost&quot;                           |&#10;| &quot;bk110&quot; | &quot;O'Brien, Tim&quot;         | &quot;Microsoft .NET: The Programming Bible&quot;  |&#10;| &quot;bk111&quot; | &quot;O'Brien, Tim&quot;         | &quot;MSXML3: A Comprehensive Guide&quot;          |&#10;| &quot;bk112&quot; | &quot;Galos, Mike&quot;          | &quot;Visual Studio 7: A Comprehensive Guide&quot; |&#10;+-----------------------------------------------------------------------------+&#10;12 rows]&#10;&gt; but was:&lt;...-------------------+[&#13;&#10;| id      | author                 | title                                    |&#13;&#10;+-----------------------------------------------------------------------------+&#13;&#10;| &quot;bk101&quot; | &quot;Gambardella, Matthew&quot; | &quot;Arciniegas, Fabio&quot;                      |&#13;&#10;| &quot;bk102&quot; | &quot;Ralls, Kim&quot;           | &quot;Midnight Rain&quot;                          |&#13;&#10;| &quot;bk103&quot; | &quot;Corets, Eva&quot;          | &quot;Maeve Ascendant&quot;                        |&#13;&#10;| &quot;bk104&quot; | &quot;Corets, Eva&quot;          | &quot;Oberon's Legacy&quot;                        |&#13;&#10;| &quot;bk105&quot; | &quot;Corets, Eva&quot;          | &quot;The Sundered Grail&quot;                     |&#13;&#10;| &quot;bk106&quot; | &quot;Randall, Cynthia&quot;     | &quot;Lover Birds&quot;                            |&#13;&#10;| &quot;bk107&quot; | &quot;Thurman, Paula&quot;       | &quot;Splish Splash&quot;                          |&#13;&#10;| &quot;bk108&quot; | &quot;Knorr, Stefan&quot;        | &quot;Creepy Crawlies&quot;                        |&#13;&#10;| &quot;bk109&quot; | &quot;Kress, Peter&quot;         | &quot;Paradox Lost&quot;                           |&#13;&#10;| &quot;bk110&quot; | &quot;O'Brien, Tim&quot;         | &quot;Microsoft .NET: The Programming Bible&quot;  |&#13;&#10;| &quot;bk111&quot; | &quot;O'Brien, Tim&quot;         | &quot;MSXML3: A Comprehensive Guide&quot;          |&#13;&#10;| &quot;bk112&quot; | &quot;Galos, Mike&quot;          | &quot;Visual Studio 7: A Comprehensive Guide&quot; |&#13;&#10;+-----------------------------------------------------------------------------+&#13;&#10;12 rows&#13;]&#10;&gt;" type="org.junit.ComparisonFailure">org.junit.ComparisonFailure: expected:&lt;...-------------------+[
| id      | author                 | title                                    |
+-----------------------------------------------------------------------------+
| &quot;bk101&quot; | &quot;Gambardella, Matthew&quot; | &quot;Arciniegas, Fabio&quot;                      |
| &quot;bk102&quot; | &quot;Ralls, Kim&quot;           | &quot;Midnight Rain&quot;                          |
| &quot;bk103&quot; | &quot;Corets, Eva&quot;          | &quot;Maeve Ascendant&quot;                        |
| &quot;bk104&quot; | &quot;Corets, Eva&quot;          | &quot;Oberon's Legacy&quot;                        |
| &quot;bk105&quot; | &quot;Corets, Eva&quot;          | &quot;The Sundered Grail&quot;                     |
| &quot;bk106&quot; | &quot;Randall, Cynthia&quot;     | &quot;Lover Birds&quot;                            |
| &quot;bk107&quot; | &quot;Thurman, Paula&quot;       | &quot;Splish Splash&quot;                          |
| &quot;bk108&quot; | &quot;Knorr, Stefan&quot;        | &quot;Creepy Crawlies&quot;                        |
| &quot;bk109&quot; | &quot;Kress, Peter&quot;         | &quot;Paradox Lost&quot;                           |
| &quot;bk110&quot; | &quot;O'Brien, Tim&quot;         | &quot;Microsoft .NET: The Programming Bible&quot;  |
| &quot;bk111&quot; | &quot;O'Brien, Tim&quot;         | &quot;MSXML3: A Comprehensive Guide&quot;          |
| &quot;bk112&quot; | &quot;Galos, Mike&quot;          | &quot;Visual Studio 7: A Comprehensive Guide&quot; |
+-----------------------------------------------------------------------------+
12 rows]
&gt; but was:&lt;...-------------------+[
| id      | author                 | title                                    |
+-----------------------------------------------------------------------------+
| &quot;bk101&quot; | &quot;Gambardella, Matthew&quot; | &quot;Arciniegas, Fabio&quot;                      |
| &quot;bk102&quot; | &quot;Ralls, Kim&quot;           | &quot;Midnight Rain&quot;                          |
| &quot;bk103&quot; | &quot;Corets, Eva&quot;          | &quot;Maeve Ascendant&quot;                        |
| &quot;bk104&quot; | &quot;Corets, Eva&quot;          | &quot;Oberon's Legacy&quot;                        |
| &quot;bk105&quot; | &quot;Corets, Eva&quot;          | &quot;The Sundered Grail&quot;                     |
| &quot;bk106&quot; | &quot;Randall, Cynthia&quot;     | &quot;Lover Birds&quot;                            |
| &quot;bk107&quot; | &quot;Thurman, Paula&quot;       | &quot;Splish Splash&quot;                          |
| &quot;bk108&quot; | &quot;Knorr, Stefan&quot;        | &quot;Creepy Crawlies&quot;                        |
| &quot;bk109&quot; | &quot;Kress, Peter&quot;         | &quot;Paradox Lost&quot;                           |
| &quot;bk110&quot; | &quot;O'Brien, Tim&quot;         | &quot;Microsoft .NET: The Programming Bible&quot;  |
| &quot;bk111&quot; | &quot;O'Brien, Tim&quot;         | &quot;MSXML3: A Comprehensive Guide&quot;          |
| &quot;bk112&quot; | &quot;Galos, Mike&quot;          | &quot;Visual Studio 7: A Comprehensive Guide&quot; |
+-----------------------------------------------------------------------------+
12 rows]
&gt;
	at org.junit.Assert.assertEquals(Assert.java:115)
	at org.junit.Assert.assertEquals(Assert.java:144)
	at apoc.load.XmlTest.lambda$testReturnCollectionElements$6(XmlTest.java:121)
	at apoc.util.TestUtil.testResult(TestUtil.java:86)
	at apoc.util.TestUtil.testResult(TestUtil.java:81)
	at apoc.load.XmlTest.testReturnCollectionElements(XmlTest.java:116)
	at sun.reflect.NativeMethodAccessorImpl.invoke0(Native Method)
	at sun.reflect.NativeMethodAccessorImpl.invoke(NativeMethodAccessorImpl.java:62)
	at sun.reflect.DelegatingMethodAccessorImpl.invoke(DelegatingMethodAccessorImpl.java:43)
	at java.lang.reflect.Method.invoke(Method.java:498)
	at org.junit.runners.model.FrameworkMethod$1.runReflectiveCall(FrameworkMethod.java:50)
	at org.junit.internal.runners.model.ReflectiveCallable.run(ReflectiveCallable.java:12)
	at org.junit.runners.model.FrameworkMethod.invokeExplosively(FrameworkMethod.java:47)
	at org.junit.internal.runners.statements.InvokeMethod.evaluate(InvokeMethod.java:17)
	at org.junit.internal.runners.statements.RunBefores.evaluate(RunBefores.java:26)
	at org.junit.internal.runners.statements.RunAfters.evaluate(RunAfters.java:27)
	at org.junit.runners.ParentRunner.runLeaf(ParentRunner.java:325)
	at org.junit.runners.BlockJUnit4ClassRunner.runChild(BlockJUnit4ClassRunner.java:78)
	at org.junit.runners.BlockJUnit4ClassRunner.runChild(BlockJUnit4ClassRunner.java:57)
	at org.junit.runners.ParentRunner$3.run(ParentRunner.java:290)
	at org.junit.runners.ParentRunner$1.schedule(ParentRunner.java:71)
	at org.junit.runners.ParentRunner.runChildren(ParentRunner.java:288)
	at org.junit.runners.ParentRunner.access$000(ParentRunner.java:58)
	at org.junit.runners.ParentRunner$2.evaluate(ParentRunner.java:268)
	at org.junit.runners.ParentRunner.run(ParentRunner.java:363)
	at org.gradle.api.internal.tasks.testing.junit.JUnitTestClassExecuter.runTestClass(JUnitTestClassExecuter.java:114)
	at org.gradle.api.internal.tasks.testing.junit.JUnitTestClassExecuter.execute(JUnitTestClassExecuter.java:57)
	at org.gradle.api.internal.tasks.testing.junit.JUnitTestClassProcessor.processTestClass(JUnitTestClassProcessor.java:66)
	at org.gradle.api.internal.tasks.testing.SuiteTestClassProcessor.processTestClass(SuiteTestClassProcessor.java:51)
	at sun.reflect.GeneratedMethodAccessor90.invoke(Unknown Source)
	at sun.reflect.DelegatingMethodAccessorImpl.invoke(DelegatingMethodAccessorImpl.java:43)
	at java.lang.reflect.Method.invoke(Method.java:498)
	at org.gradle.internal.dispatch.ReflectionDispatch.dispatch(ReflectionDispatch.java:35)
	at org.gradle.internal.dispatch.ReflectionDispatch.dispatch(ReflectionDispatch.java:24)
	at org.gradle.internal.dispatch.ContextClassLoaderDispatch.dispatch(ContextClassLoaderDispatch.java:32)
	at org.gradle.internal.dispatch.ProxyDispatchAdapter$DispatchingInvocationHandler.invoke(ProxyDispatchAdapter.java:93)
	at com.sun.proxy.$Proxy2.processTestClass(Unknown Source)
	at org.gradle.api.internal.tasks.testing.worker.TestWorker.processTestClass(TestWorker.java:109)
	at sun.reflect.GeneratedMethodAccessor89.invoke(Unknown Source)
	at sun.reflect.DelegatingMethodAccessorImpl.invoke(DelegatingMethodAccessorImpl.java:43)
	at java.lang.reflect.Method.invoke(Method.java:498)
	at org.gradle.internal.dispatch.ReflectionDispatch.dispatch(ReflectionDispatch.java:35)
	at org.gradle.internal.dispatch.ReflectionDispatch.dispatch(ReflectionDispatch.java:24)
	at org.gradle.internal.remote.internal.hub.MessageHub$Handler.run(MessageHub.java:377)
	at org.gradle.internal.concurrent.ExecutorPolicy$CatchAndRecordFailures.onExecute(ExecutorPolicy.java:54)
	at org.gradle.internal.concurrent.StoppableExecutorImpl$1.run(StoppableExecutorImpl.java:40)
	at java.util.concurrent.ThreadPoolExecutor.runWorker(ThreadPoolExecutor.java:1142)
	at java.util.concurrent.ThreadPoolExecutor$Worker.run(ThreadPoolExecutor.java:617)
	at java.lang.Thread.run(Thread.java:745)
</failure>
  </testcase>
  <testcase name="testFilterIntoCollection" classname="apoc.load.XmlTest" time="0.11">
    <failure message="org.junit.ComparisonFailure: expected:&lt;...-------------------+[&#10;| book.id | pairs                                                                                                |&#10;+----------------------------------------------------------------------------------------------------------------+&#10;| &quot;bk101&quot; | [[&quot;author&quot;,&quot;Gambardella, Matthew&quot;],[&quot;author&quot;,&quot;Arciniegas, Fabio&quot;],[&quot;title&quot;,&quot;XML Developer's Guide&quot;]] |&#10;| &quot;bk102&quot; | [[&quot;author&quot;,&quot;Ralls, Kim&quot;],[&quot;title&quot;,&quot;Midnight Rain&quot;]]                                                  |&#10;| &quot;bk103&quot; | [[&quot;author&quot;,&quot;Corets, Eva&quot;],[&quot;title&quot;,&quot;Maeve Ascendant&quot;]]                                               |&#10;| &quot;bk104&quot; | [[&quot;author&quot;,&quot;Corets, Eva&quot;],[&quot;title&quot;,&quot;Oberon's Legacy&quot;]]                                               |&#10;| &quot;bk105&quot; | [[&quot;author&quot;,&quot;Corets, Eva&quot;],[&quot;title&quot;,&quot;The Sundered Grail&quot;]]                                            |&#10;| &quot;bk106&quot; | [[&quot;author&quot;,&quot;Randall, Cynthia&quot;],[&quot;title&quot;,&quot;Lover Birds&quot;]]                                              |&#10;| &quot;bk107&quot; | [[&quot;author&quot;,&quot;Thurman, Paula&quot;],[&quot;title&quot;,&quot;Splish Splash&quot;]]                                              |&#10;| &quot;bk108&quot; | [[&quot;author&quot;,&quot;Knorr, Stefan&quot;],[&quot;title&quot;,&quot;Creepy Crawlies&quot;]]                                             |&#10;| &quot;bk109&quot; | [[&quot;author&quot;,&quot;Kress, Peter&quot;],[&quot;title&quot;,&quot;Paradox Lost&quot;]]                                                 |&#10;| &quot;bk110&quot; | [[&quot;author&quot;,&quot;O'Brien, Tim&quot;],[&quot;title&quot;,&quot;Microsoft .NET: The Programming Bible&quot;]]                        |&#10;| &quot;bk111&quot; | [[&quot;author&quot;,&quot;O'Brien, Tim&quot;],[&quot;title&quot;,&quot;MSXML3: A Comprehensive Guide&quot;]]                                |&#10;| &quot;bk112&quot; | [[&quot;author&quot;,&quot;Galos, Mike&quot;],[&quot;title&quot;,&quot;Visual Studio 7: A Comprehensive Guide&quot;]]                        |&#10;+----------------------------------------------------------------------------------------------------------------+&#10;12 rows]&#10;&gt; but was:&lt;...-------------------+[&#13;&#10;| book.id | pairs                                                                                                |&#13;&#10;+----------------------------------------------------------------------------------------------------------------+&#13;&#10;| &quot;bk101&quot; | [[&quot;author&quot;,&quot;Gambardella, Matthew&quot;],[&quot;author&quot;,&quot;Arciniegas, Fabio&quot;],[&quot;title&quot;,&quot;XML Developer's Guide&quot;]] |&#13;&#10;| &quot;bk102&quot; | [[&quot;author&quot;,&quot;Ralls, Kim&quot;],[&quot;title&quot;,&quot;Midnight Rain&quot;]]                                                  |&#13;&#10;| &quot;bk103&quot; | [[&quot;author&quot;,&quot;Corets, Eva&quot;],[&quot;title&quot;,&quot;Maeve Ascendant&quot;]]                                               |&#13;&#10;| &quot;bk104&quot; | [[&quot;author&quot;,&quot;Corets, Eva&quot;],[&quot;title&quot;,&quot;Oberon's Legacy&quot;]]                                               |&#13;&#10;| &quot;bk105&quot; | [[&quot;author&quot;,&quot;Corets, Eva&quot;],[&quot;title&quot;,&quot;The Sundered Grail&quot;]]                                            |&#13;&#10;| &quot;bk106&quot; | [[&quot;author&quot;,&quot;Randall, Cynthia&quot;],[&quot;title&quot;,&quot;Lover Birds&quot;]]                                              |&#13;&#10;| &quot;bk107&quot; | [[&quot;author&quot;,&quot;Thurman, Paula&quot;],[&quot;title&quot;,&quot;Splish Splash&quot;]]                                              |&#13;&#10;| &quot;bk108&quot; | [[&quot;author&quot;,&quot;Knorr, Stefan&quot;],[&quot;title&quot;,&quot;Creepy Crawlies&quot;]]                                             |&#13;&#10;| &quot;bk109&quot; | [[&quot;author&quot;,&quot;Kress, Peter&quot;],[&quot;title&quot;,&quot;Paradox Lost&quot;]]                                                 |&#13;&#10;| &quot;bk110&quot; | [[&quot;author&quot;,&quot;O'Brien, Tim&quot;],[&quot;title&quot;,&quot;Microsoft .NET: The Programming Bible&quot;]]                        |&#13;&#10;| &quot;bk111&quot; | [[&quot;author&quot;,&quot;O'Brien, Tim&quot;],[&quot;title&quot;,&quot;MSXML3: A Comprehensive Guide&quot;]]                                |&#13;&#10;| &quot;bk112&quot; | [[&quot;author&quot;,&quot;Galos, Mike&quot;],[&quot;title&quot;,&quot;Visual Studio 7: A Comprehensive Guide&quot;]]                        |&#13;&#10;+----------------------------------------------------------------------------------------------------------------+&#13;&#10;12 rows&#13;]&#10;&gt;" type="org.junit.ComparisonFailure">org.junit.ComparisonFailure: expected:&lt;...-------------------+[
| book.id | pairs                                                                                                |
+----------------------------------------------------------------------------------------------------------------+
| &quot;bk101&quot; | [[&quot;author&quot;,&quot;Gambardella, Matthew&quot;],[&quot;author&quot;,&quot;Arciniegas, Fabio&quot;],[&quot;title&quot;,&quot;XML Developer's Guide&quot;]] |
| &quot;bk102&quot; | [[&quot;author&quot;,&quot;Ralls, Kim&quot;],[&quot;title&quot;,&quot;Midnight Rain&quot;]]                                                  |
| &quot;bk103&quot; | [[&quot;author&quot;,&quot;Corets, Eva&quot;],[&quot;title&quot;,&quot;Maeve Ascendant&quot;]]                                               |
| &quot;bk104&quot; | [[&quot;author&quot;,&quot;Corets, Eva&quot;],[&quot;title&quot;,&quot;Oberon's Legacy&quot;]]                                               |
| &quot;bk105&quot; | [[&quot;author&quot;,&quot;Corets, Eva&quot;],[&quot;title&quot;,&quot;The Sundered Grail&quot;]]                                            |
| &quot;bk106&quot; | [[&quot;author&quot;,&quot;Randall, Cynthia&quot;],[&quot;title&quot;,&quot;Lover Birds&quot;]]                                              |
| &quot;bk107&quot; | [[&quot;author&quot;,&quot;Thurman, Paula&quot;],[&quot;title&quot;,&quot;Splish Splash&quot;]]                                              |
| &quot;bk108&quot; | [[&quot;author&quot;,&quot;Knorr, Stefan&quot;],[&quot;title&quot;,&quot;Creepy Crawlies&quot;]]                                             |
| &quot;bk109&quot; | [[&quot;author&quot;,&quot;Kress, Peter&quot;],[&quot;title&quot;,&quot;Paradox Lost&quot;]]                                                 |
| &quot;bk110&quot; | [[&quot;author&quot;,&quot;O'Brien, Tim&quot;],[&quot;title&quot;,&quot;Microsoft .NET: The Programming Bible&quot;]]                        |
| &quot;bk111&quot; | [[&quot;author&quot;,&quot;O'Brien, Tim&quot;],[&quot;title&quot;,&quot;MSXML3: A Comprehensive Guide&quot;]]                                |
| &quot;bk112&quot; | [[&quot;author&quot;,&quot;Galos, Mike&quot;],[&quot;title&quot;,&quot;Visual Studio 7: A Comprehensive Guide&quot;]]                        |
+----------------------------------------------------------------------------------------------------------------+
12 rows]
&gt; but was:&lt;...-------------------+[
| book.id | pairs                                                                                                |
+----------------------------------------------------------------------------------------------------------------+
| &quot;bk101&quot; | [[&quot;author&quot;,&quot;Gambardella, Matthew&quot;],[&quot;author&quot;,&quot;Arciniegas, Fabio&quot;],[&quot;title&quot;,&quot;XML Developer's Guide&quot;]] |
| &quot;bk102&quot; | [[&quot;author&quot;,&quot;Ralls, Kim&quot;],[&quot;title&quot;,&quot;Midnight Rain&quot;]]                                                  |
| &quot;bk103&quot; | [[&quot;author&quot;,&quot;Corets, Eva&quot;],[&quot;title&quot;,&quot;Maeve Ascendant&quot;]]                                               |
| &quot;bk104&quot; | [[&quot;author&quot;,&quot;Corets, Eva&quot;],[&quot;title&quot;,&quot;Oberon's Legacy&quot;]]                                               |
| &quot;bk105&quot; | [[&quot;author&quot;,&quot;Corets, Eva&quot;],[&quot;title&quot;,&quot;The Sundered Grail&quot;]]                                            |
| &quot;bk106&quot; | [[&quot;author&quot;,&quot;Randall, Cynthia&quot;],[&quot;title&quot;,&quot;Lover Birds&quot;]]                                              |
| &quot;bk107&quot; | [[&quot;author&quot;,&quot;Thurman, Paula&quot;],[&quot;title&quot;,&quot;Splish Splash&quot;]]                                              |
| &quot;bk108&quot; | [[&quot;author&quot;,&quot;Knorr, Stefan&quot;],[&quot;title&quot;,&quot;Creepy Crawlies&quot;]]                                             |
| &quot;bk109&quot; | [[&quot;author&quot;,&quot;Kress, Peter&quot;],[&quot;title&quot;,&quot;Paradox Lost&quot;]]                                                 |
| &quot;bk110&quot; | [[&quot;author&quot;,&quot;O'Brien, Tim&quot;],[&quot;title&quot;,&quot;Microsoft .NET: The Programming Bible&quot;]]                        |
| &quot;bk111&quot; | [[&quot;author&quot;,&quot;O'Brien, Tim&quot;],[&quot;title&quot;,&quot;MSXML3: A Comprehensive Guide&quot;]]                                |
| &quot;bk112&quot; | [[&quot;author&quot;,&quot;Galos, Mike&quot;],[&quot;title&quot;,&quot;Visual Studio 7: A Comprehensive Guide&quot;]]                        |
+----------------------------------------------------------------------------------------------------------------+
12 rows]
&gt;
	at org.junit.Assert.assertEquals(Assert.java:115)
	at org.junit.Assert.assertEquals(Assert.java:144)
	at apoc.load.XmlTest.lambda$testFilterIntoCollection$5(XmlTest.java:94)
	at apoc.util.TestUtil.testResult(TestUtil.java:86)
	at apoc.util.TestUtil.testResult(TestUtil.java:81)
	at apoc.load.XmlTest.testFilterIntoCollection(XmlTest.java:90)
	at sun.reflect.NativeMethodAccessorImpl.invoke0(Native Method)
	at sun.reflect.NativeMethodAccessorImpl.invoke(NativeMethodAccessorImpl.java:62)
	at sun.reflect.DelegatingMethodAccessorImpl.invoke(DelegatingMethodAccessorImpl.java:43)
	at java.lang.reflect.Method.invoke(Method.java:498)
	at org.junit.runners.model.FrameworkMethod$1.runReflectiveCall(FrameworkMethod.java:50)
	at org.junit.internal.runners.model.ReflectiveCallable.run(ReflectiveCallable.java:12)
	at org.junit.runners.model.FrameworkMethod.invokeExplosively(FrameworkMethod.java:47)
	at org.junit.internal.runners.statements.InvokeMethod.evaluate(InvokeMethod.java:17)
	at org.junit.internal.runners.statements.RunBefores.evaluate(RunBefores.java:26)
	at org.junit.internal.runners.statements.RunAfters.evaluate(RunAfters.java:27)
	at org.junit.runners.ParentRunner.runLeaf(ParentRunner.java:325)
	at org.junit.runners.BlockJUnit4ClassRunner.runChild(BlockJUnit4ClassRunner.java:78)
	at org.junit.runners.BlockJUnit4ClassRunner.runChild(BlockJUnit4ClassRunner.java:57)
	at org.junit.runners.ParentRunner$3.run(ParentRunner.java:290)
	at org.junit.runners.ParentRunner$1.schedule(ParentRunner.java:71)
	at org.junit.runners.ParentRunner.runChildren(ParentRunner.java:288)
	at org.junit.runners.ParentRunner.access$000(ParentRunner.java:58)
	at org.junit.runners.ParentRunner$2.evaluate(ParentRunner.java:268)
	at org.junit.runners.ParentRunner.run(ParentRunner.java:363)
	at org.gradle.api.internal.tasks.testing.junit.JUnitTestClassExecuter.runTestClass(JUnitTestClassExecuter.java:114)
	at org.gradle.api.internal.tasks.testing.junit.JUnitTestClassExecuter.execute(JUnitTestClassExecuter.java:57)
	at org.gradle.api.internal.tasks.testing.junit.JUnitTestClassProcessor.processTestClass(JUnitTestClassProcessor.java:66)
	at org.gradle.api.internal.tasks.testing.SuiteTestClassProcessor.processTestClass(SuiteTestClassProcessor.java:51)
	at sun.reflect.GeneratedMethodAccessor90.invoke(Unknown Source)
	at sun.reflect.DelegatingMethodAccessorImpl.invoke(DelegatingMethodAccessorImpl.java:43)
	at java.lang.reflect.Method.invoke(Method.java:498)
	at org.gradle.internal.dispatch.ReflectionDispatch.dispatch(ReflectionDispatch.java:35)
	at org.gradle.internal.dispatch.ReflectionDispatch.dispatch(ReflectionDispatch.java:24)
	at org.gradle.internal.dispatch.ContextClassLoaderDispatch.dispatch(ContextClassLoaderDispatch.java:32)
	at org.gradle.internal.dispatch.ProxyDispatchAdapter$DispatchingInvocationHandler.invoke(ProxyDispatchAdapter.java:93)
	at com.sun.proxy.$Proxy2.processTestClass(Unknown Source)
	at org.gradle.api.internal.tasks.testing.worker.TestWorker.processTestClass(TestWorker.java:109)
	at sun.reflect.GeneratedMethodAccessor89.invoke(Unknown Source)
	at sun.reflect.DelegatingMethodAccessorImpl.invoke(DelegatingMethodAccessorImpl.java:43)
	at java.lang.reflect.Method.invoke(Method.java:498)
	at org.gradle.internal.dispatch.ReflectionDispatch.dispatch(ReflectionDispatch.java:35)
	at org.gradle.internal.dispatch.ReflectionDispatch.dispatch(ReflectionDispatch.java:24)
	at org.gradle.internal.remote.internal.hub.MessageHub$Handler.run(MessageHub.java:377)
	at org.gradle.internal.concurrent.ExecutorPolicy$CatchAndRecordFailures.onExecute(ExecutorPolicy.java:54)
	at org.gradle.internal.concurrent.StoppableExecutorImpl$1.run(StoppableExecutorImpl.java:40)
	at java.util.concurrent.ThreadPoolExecutor.runWorker(ThreadPoolExecutor.java:1142)
	at java.util.concurrent.ThreadPoolExecutor$Worker.run(ThreadPoolExecutor.java:617)
	at java.lang.Thread.run(Thread.java:745)
</failure>
  </testcase>
  <testcase name="testMixedContent" classname="apoc.load.XmlTest" time="0.101"/>
  <testcase name="testBookIds" classname="apoc.load.XmlTest" time="0.12"/>
  <testcase name="testLoadXml" classname="apoc.load.XmlTest" time="0.092"/>
  <testcase name="testLoadXmlSimple" classname="apoc.load.XmlTest" time="0.088"/>
  <system-out><![CDATA[]]></system-out>
  <system-err><![CDATA[]]></system-err>
</testsuite>
