<?xml version="1.0" encoding="UTF-8"?>
<testsuite name="apoc.number.NumbersTest" tests="3" skipped="0" failures="0" errors="0" timestamp="2017-04-21T15:03:29" hostname="Pc" time="0.089">
  <properties/>
  <testcase name="testParseFloat" classname="apoc.number.NumbersTest" time="0.024"/>
  <testcase name="testFormat" classname="apoc.number.NumbersTest" time="0.043"/>
  <testcase name="testParseInt" classname="apoc.number.NumbersTest" time="0.022"/>
  <system-out><![CDATA[]]></system-out>
  <system-err><![CDATA[]]></system-err>
</testsuite>
