<?xml version="1.0" encoding="UTF-8"?>
<testsuite name="apoc.export.graphml.ExportGraphMLTest" tests="4" skipped="0" failures="0" errors="0" timestamp="2017-04-20T10:33:29" hostname="Pc" time="0.139">
  <properties/>
  <testcase name="testExportGraphGraphML" classname="apoc.export.graphml.ExportGraphMLTest" time="0.037"/>
  <testcase name="testExportAllGraphML" classname="apoc.export.graphml.ExportGraphMLTest" time="0.015"/>
  <testcase name="testExportGraphGraphMLTypes" classname="apoc.export.graphml.ExportGraphMLTest" time="0.017"/>
  <testcase name="testImportGraphML" classname="apoc.export.graphml.ExportGraphMLTest" time="0.07"/>
  <system-out><![CDATA[]]></system-out>
  <system-err><![CDATA[]]></system-err>
</testsuite>
