<?xml version="1.0" encoding="UTF-8"?>
<testsuite name="apoc.cypher.CypherTest" tests="15" skipped="0" failures="0" errors="0" timestamp="2017-04-21T16:36:50" hostname="Pc" time="1.882">
  <properties/>
  <testcase name="testParallel2" classname="apoc.cypher.CypherTest" time="0.657"/>
  <testcase name="testRunFileWithResults" classname="apoc.cypher.CypherTest" time="0.097"/>
  <testcase name="testRunFileWithSchema" classname="apoc.cypher.CypherTest" time="0.009"/>
  <testcase name="testRunNoParams" classname="apoc.cypher.CypherTest" time="0.008"/>
  <testcase name="testRun" classname="apoc.cypher.CypherTest" time="0.008"/>
  <testcase name="testWithTimeout" classname="apoc.cypher.CypherTest" time="0.119"/>
  <testcase name="testMapParallel2" classname="apoc.cypher.CypherTest" time="0.239"/>
  <testcase name="testMapParallel" classname="apoc.cypher.CypherTest" time="0.177"/>
  <testcase name="testRunNullParams" classname="apoc.cypher.CypherTest" time="0.003"/>
  <testcase name="testRunVariable" classname="apoc.cypher.CypherTest" time="0.011"/>
  <testcase name="testRunFile" classname="apoc.cypher.CypherTest" time="0.017"/>
  <testcase name="testRunMany" classname="apoc.cypher.CypherTest" time="0.03"/>
  <testcase name="testSingular" classname="apoc.cypher.CypherTest" time="0.145"/>
  <testcase name="testRunWithPeriodic" classname="apoc.cypher.CypherTest" time="0.195"/>
  <testcase name="testParallel" classname="apoc.cypher.CypherTest" time="0.162"/>
  <system-out><![CDATA[]]></system-out>
  <system-err><![CDATA[]]></system-err>
</testsuite>
