<?xml version="1.0" encoding="UTF-8"?>
<testsuite name="apoc.spatial.SpatialTest" tests="4" skipped="0" failures="0" errors="0" timestamp="2017-04-20T11:09:47" hostname="Pc" time="0.592">
  <properties/>
  <testcase name="testGeocodePointAndDistance" classname="apoc.spatial.SpatialTest" time="0.193"/>
  <testcase name="testSimpleGeocode" classname="apoc.spatial.SpatialTest" time="0.13"/>
  <testcase name="testAllTheThings" classname="apoc.spatial.SpatialTest" time="0.132"/>
  <testcase name="testGraphRefactoring" classname="apoc.spatial.SpatialTest" time="0.136"/>
  <system-out><![CDATA[]]></system-out>
  <system-err><![CDATA[]]></system-err>
</testsuite>
