<?xml version="1.0" encoding="UTF-8"?>
<testsuite name="apoc.index.SchemaIndexTest" tests="8" skipped="0" failures="0" errors="0" timestamp="2017-04-24T13:39:13" hostname="Pc" time="0.099">
  <properties/>
  <testcase name="testOrderedRangeNumbers" classname="apoc.index.SchemaIndexTest" time="0.031"/>
  <testcase name="testOrderedRangeText" classname="apoc.index.SchemaIndexTest" time="0.008"/>
  <testcase name="testOrderedRangeNumbersLowerBound" classname="apoc.index.SchemaIndexTest" time="0.004"/>
  <testcase name="testOrderByText" classname="apoc.index.SchemaIndexTest" time="0.005"/>
  <testcase name="testRelated" classname="apoc.index.SchemaIndexTest" time="0.017"/>
  <testcase name="testDistinctProperties" classname="apoc.index.SchemaIndexTest" time="0.024"/>
  <testcase name="testOrderedRangeNumbersUpperBound" classname="apoc.index.SchemaIndexTest" time="0.006"/>
  <testcase name="testOrderedRangeNumbersRangeSmallerSize" classname="apoc.index.SchemaIndexTest" time="0.004"/>
  <system-out><![CDATA[[]
id  1 age 1
id  2 age 2
id  3 age 3
id  4 age 4
id  5 age 5
]]></system-out>
  <system-err><![CDATA[]]></system-err>
</testsuite>
