<?xml version="1.0" encoding="UTF-8"?>
<testsuite name="apoc.convert.ConvertTest" tests="7" skipped="0" failures="0" errors="0" timestamp="2017-04-26T17:22:53" hostname="Pc" time="0.109">
  <properties/>
  <testcase name="testToMap" classname="apoc.convert.ConvertTest" time="0.005"/>
  <testcase name="testToSet" classname="apoc.convert.ConvertTest" time="0.007"/>
  <testcase name="testToString" classname="apoc.convert.ConvertTest" time="0.021"/>
  <testcase name="testToBoolean" classname="apoc.convert.ConvertTest" time="0.026"/>
  <testcase name="testToList" classname="apoc.convert.ConvertTest" time="0.009"/>
  <testcase name="testToNode" classname="apoc.convert.ConvertTest" time="0.019"/>
  <testcase name="testToRelationship" classname="apoc.convert.ConvertTest" time="0.022"/>
  <system-out><![CDATA[]]></system-out>
  <system-err><![CDATA[]]></system-err>
</testsuite>
