<?xml version="1.0" encoding="UTF-8"?>
<testsuite name="apoc.generate.config.ErdosRenyiConfigTest" tests="1" skipped="0" failures="0" errors="0" timestamp="2017-04-19T15:05:10" hostname="Pc" time="0.006">
  <properties/>
  <testcase name="shouldCorrectlyEvaluateValidConfig" classname="apoc.generate.config.ErdosRenyiConfigTest" time="0.006"/>
  <system-out><![CDATA[]]></system-out>
  <system-err><![CDATA[]]></system-err>
</testsuite>
