<?xml version="1.0" encoding="UTF-8"?>
<testsuite name="apoc.es.ElasticSearchTest" tests="14" skipped="0" failures="0" errors="0" timestamp="2017-04-22T14:39:33" hostname="Pc" time="11.082">
  <properties/>
  <testcase name="testGetQueryUrlShouldNotHaveTrailingQuestionMarkIfQueryIsEmpty" classname="apoc.es.ElasticSearchTest" time="0.0"/>
  <testcase name="testGetWithQueryAsStringSingleParam" classname="apoc.es.ElasticSearchTest" time="1.015"/>
  <testcase name="testGetQueryUrlShouldBeTheSameAsOldFormatting" classname="apoc.es.ElasticSearchTest" time="0.001"/>
  <testcase name="testStats" classname="apoc.es.ElasticSearchTest" time="1.008"/>
  <testcase name="testGetWithQueryAsMapSingleParam" classname="apoc.es.ElasticSearchTest" time="1.016"/>
  <testcase name="testSearchWithQueryAsAMap" classname="apoc.es.ElasticSearchTest" time="1.007"/>
  <testcase name="testPostUpdateDocument" classname="apoc.es.ElasticSearchTest" time="1.005"/>
  <testcase name="testPutNewDocument" classname="apoc.es.ElasticSearchTest" time="1.004"/>
  <testcase name="testGetWithQueryAsMapMultipleParams" classname="apoc.es.ElasticSearchTest" time="1.003"/>
  <testcase name="testPostAddNewDocument" classname="apoc.es.ElasticSearchTest" time="1.001"/>
  <testcase name="testGetWithQueryAsStringMultipleParams" classname="apoc.es.ElasticSearchTest" time="1.006"/>
  <testcase name="testGetWithQueryNull" classname="apoc.es.ElasticSearchTest" time="1.005"/>
  <testcase name="testSearchWithQueryAsAString" classname="apoc.es.ElasticSearchTest" time="1.007"/>
  <testcase name="testGetQueryUrlShouldNotHaveTrailingQuestionMarkIfQueryIsNull" classname="apoc.es.ElasticSearchTest" time="0.0"/>
  <system-out><![CDATA[]]></system-out>
  <system-err><![CDATA[Ignoring Exception org.neo4j.graphdb.QueryExecutionException: Failed to invoke procedure `apoc.es.post`: Caused by: java.lang.RuntimeException: Can't read url http://localhost:9200/test-index/test-type/0f92d9a0-f34a-4130-8829-3da9e244523a as json: Connection refused: connect: Failed to invoke procedure `apoc.es.post`: Caused by: java.lang.RuntimeException: Can't read url http://localhost:9200/test-index/test-type/0f92d9a0-f34a-4130-8829-3da9e244523a as json: Connection refused: connect due to causes [class java.net.ConnectException]
Ignoring Exception org.neo4j.graphdb.QueryExecutionException: Failed to invoke procedure `apoc.es.post`: Caused by: java.lang.RuntimeException: Can't read url http://localhost:9200/test-index/test-type/98cf3b5d-dad8-4f5a-a648-b1ec18edf6b4 as json: Connection refused: connect: Failed to invoke procedure `apoc.es.post`: Caused by: java.lang.RuntimeException: Can't read url http://localhost:9200/test-index/test-type/98cf3b5d-dad8-4f5a-a648-b1ec18edf6b4 as json: Connection refused: connect due to causes [class java.net.ConnectException]
Ignoring Exception org.neo4j.graphdb.QueryExecutionException: Failed to invoke procedure `apoc.es.post`: Caused by: java.lang.RuntimeException: Can't read url http://localhost:9200/test-index/test-type/8f6fd716-9134-4733-9b89-746b4a36c6aa as json: Connection refused: connect: Failed to invoke procedure `apoc.es.post`: Caused by: java.lang.RuntimeException: Can't read url http://localhost:9200/test-index/test-type/8f6fd716-9134-4733-9b89-746b4a36c6aa as json: Connection refused: connect due to causes [class java.net.ConnectException]
Ignoring Exception org.neo4j.graphdb.QueryExecutionException: Failed to invoke procedure `apoc.es.get`: Caused by: java.lang.RuntimeException: Can't read url http://localhost:9200/test-index/test-type/8f6fd716-9134-4733-9b89-746b4a36c6aa?_source_include=name as json: Connection refused: connect: Failed to invoke procedure `apoc.es.get`: Caused by: java.lang.RuntimeException: Can't read url http://localhost:9200/test-index/test-type/8f6fd716-9134-4733-9b89-746b4a36c6aa?_source_include=name as json: Connection refused: connect due to causes [class java.net.ConnectException]
Ignoring Exception org.neo4j.graphdb.QueryExecutionException: Failed to invoke procedure `apoc.es.stats`: Caused by: java.lang.RuntimeException: Can't read url http://localhost:9200/_stats as json: Connection refused: connect: Failed to invoke procedure `apoc.es.stats`: Caused by: java.lang.RuntimeException: Can't read url http://localhost:9200/_stats as json: Connection refused: connect due to causes [class java.net.ConnectException]
Ignoring Exception org.neo4j.graphdb.QueryExecutionException: Failed to invoke procedure `apoc.es.get`: Caused by: java.lang.RuntimeException: Can't read url http://localhost:9200/test-index/test-type/8f6fd716-9134-4733-9b89-746b4a36c6aa?_source_include=name as json: Connection refused: connect: Failed to invoke procedure `apoc.es.get`: Caused by: java.lang.RuntimeException: Can't read url http://localhost:9200/test-index/test-type/8f6fd716-9134-4733-9b89-746b4a36c6aa?_source_include=name as json: Connection refused: connect due to causes [class java.net.ConnectException]
Ignoring Exception org.neo4j.graphdb.QueryExecutionException: Failed to invoke procedure `apoc.es.query`: Caused by: java.lang.RuntimeException: Can't read url http://localhost:9200/test-index/test-type/_search?q=name=Neo4j as json: Connection refused: connect: Failed to invoke procedure `apoc.es.query`: Caused by: java.lang.RuntimeException: Can't read url http://localhost:9200/test-index/test-type/_search?q=name=Neo4j as json: Connection refused: connect due to causes [class java.net.ConnectException]
Ignoring Exception org.neo4j.graphdb.QueryExecutionException: Failed to invoke procedure `apoc.es.put`: Caused by: java.lang.RuntimeException: Can't read url http://localhost:9200/test-index/test-type/4155ebdc-7362-441a-9ec0-9f47b6a7791c as json: Connection refused: connect: Failed to invoke procedure `apoc.es.put`: Caused by: java.lang.RuntimeException: Can't read url http://localhost:9200/test-index/test-type/4155ebdc-7362-441a-9ec0-9f47b6a7791c as json: Connection refused: connect due to causes [class java.net.ConnectException]
Ignoring Exception org.neo4j.graphdb.QueryExecutionException: Failed to invoke procedure `apoc.es.put`: Caused by: java.lang.RuntimeException: Can't read url http://localhost:9200/test-index/test-type/b3408093-4d83-488a-905e-56f4b7f9d901 as json: Connection refused: connect: Failed to invoke procedure `apoc.es.put`: Caused by: java.lang.RuntimeException: Can't read url http://localhost:9200/test-index/test-type/b3408093-4d83-488a-905e-56f4b7f9d901 as json: Connection refused: connect due to causes [class java.net.ConnectException]
Ignoring Exception org.neo4j.graphdb.QueryExecutionException: Failed to invoke procedure `apoc.es.get`: Caused by: java.lang.RuntimeException: Can't read url http://localhost:9200/test-index/test-type/8f6fd716-9134-4733-9b89-746b4a36c6aa?_source_include=name&_source_exclude=description as json: Connection refused: connect: Failed to invoke procedure `apoc.es.get`: Caused by: java.lang.RuntimeException: Can't read url http://localhost:9200/test-index/test-type/8f6fd716-9134-4733-9b89-746b4a36c6aa?_source_include=name&_source_exclude=description as json: Connection refused: connect due to causes [class java.net.ConnectException]
Ignoring Exception org.neo4j.graphdb.QueryExecutionException: Failed to invoke procedure `apoc.es.post`: Caused by: java.lang.RuntimeException: Can't read url http://localhost:9200/test-index/test-type/f1b3061a-e818-4caa-bd1b-f950768a5450 as json: Connection refused: connect: Failed to invoke procedure `apoc.es.post`: Caused by: java.lang.RuntimeException: Can't read url http://localhost:9200/test-index/test-type/f1b3061a-e818-4caa-bd1b-f950768a5450 as json: Connection refused: connect due to causes [class java.net.ConnectException]
Ignoring Exception org.neo4j.graphdb.QueryExecutionException: Failed to invoke procedure `apoc.es.get`: Caused by: java.lang.RuntimeException: Can't read url http://localhost:9200/test-index/test-type/8f6fd716-9134-4733-9b89-746b4a36c6aa?_source_include=name&_source_exclude=description as json: Connection refused: connect: Failed to invoke procedure `apoc.es.get`: Caused by: java.lang.RuntimeException: Can't read url http://localhost:9200/test-index/test-type/8f6fd716-9134-4733-9b89-746b4a36c6aa?_source_include=name&_source_exclude=description as json: Connection refused: connect due to causes [class java.net.ConnectException]
Ignoring Exception org.neo4j.graphdb.QueryExecutionException: Failed to invoke procedure `apoc.es.get`: Caused by: java.lang.RuntimeException: Can't read url http://localhost:9200/test-index/test-type/8f6fd716-9134-4733-9b89-746b4a36c6aa as json: Connection refused: connect: Failed to invoke procedure `apoc.es.get`: Caused by: java.lang.RuntimeException: Can't read url http://localhost:9200/test-index/test-type/8f6fd716-9134-4733-9b89-746b4a36c6aa as json: Connection refused: connect due to causes [class java.net.ConnectException]
Ignoring Exception org.neo4j.graphdb.QueryExecutionException: Failed to invoke procedure `apoc.es.query`: Caused by: java.lang.RuntimeException: Can't read url http://localhost:9200/test-index/test-type/_search?q=name:Neo4j as json: Connection refused: connect: Failed to invoke procedure `apoc.es.query`: Caused by: java.lang.RuntimeException: Can't read url http://localhost:9200/test-index/test-type/_search?q=name:Neo4j as json: Connection refused: connect due to causes [class java.net.ConnectException]
]]></system-err>
</testsuite>
