<?xml version="1.0" encoding="UTF-8"?>
<testsuite name="apoc.number.NumbersTest" tests="3" skipped="0" failures="0" errors="0" timestamp="2017-04-26T17:24:34" hostname="Pc" time="0.093">
  <properties/>
  <testcase name="testParseFloat" classname="apoc.number.NumbersTest" time="0.024"/>
  <testcase name="testFormat" classname="apoc.number.NumbersTest" time="0.048"/>
  <testcase name="testParseInt" classname="apoc.number.NumbersTest" time="0.021"/>
  <system-out><![CDATA[]]></system-out>
  <system-err><![CDATA[]]></system-err>
</testsuite>
