<?xml version="1.0" encoding="UTF-8"?>
<testsuite name="apoc.algo.SimilarityTest" tests="4" skipped="0" failures="0" errors="0" timestamp="2017-04-22T13:58:44" hostname="Pc" time="1.366">
  <properties/>
  <testcase name="testEuclideanSimilarity" classname="apoc.algo.SimilarityTest" time="0.53"/>
  <testcase name="testCosineSimilarityWithSomeRelationshipsNull" classname="apoc.algo.SimilarityTest" time="0.295"/>
  <testcase name="testCosineSimilarityWithSomeWeightPropertiesNull" classname="apoc.algo.SimilarityTest" time="0.281"/>
  <testcase name="testEuclideanDistance" classname="apoc.algo.SimilarityTest" time="0.259"/>
  <system-out><![CDATA[]]></system-out>
  <system-err><![CDATA[]]></system-err>
</testsuite>
