<?xml version="1.0" encoding="UTF-8"?>
<testsuite name="apoc.couchbase.CouchbaseTest" tests="0" skipped="0" failures="0" errors="0" timestamp="1970-01-01T00:00:00" hostname="Pc" time="0.0">
  <properties/>
  <system-out><![CDATA[]]></system-out>
  <system-err><![CDATA[Apr 20, 2017 11:11:26 AM com.couchbase.client.core.CouchbaseCore <init>
INFO: CouchbaseEnvironment: {sslEnabled=false, sslKeystoreFile='null', sslKeystorePassword=false, sslKeystore=null, bootstrapHttpEnabled=true, bootstrapCarrierEnabled=true, bootstrapHttpDirectPort=8091, bootstrapHttpSslPort=18091, bootstrapCarrierDirectPort=11210, bootstrapCarrierSslPort=11207, ioPoolSize=12, computationPoolSize=12, responseBufferSize=16384, requestBufferSize=16384, kvServiceEndpoints=1, viewServiceEndpoints=1, queryServiceEndpoints=1, searchServiceEndpoints=1, ioPool=NioEventLoopGroup, coreScheduler=CoreScheduler, eventBus=DefaultEventBus, packageNameAndVersion=couchbase-java-client/2.3.1 (git: 2.3.1, core: 1.3.1), dcpEnabled=false, retryStrategy=BestEffort, maxRequestLifetime=75000, retryDelay=ExponentialDelay{growBy 1.0 MICROSECONDS, powers of 2; lower=100, upper=100000}, reconnectDelay=ExponentialDelay{growBy 1.0 MILLISECONDS, powers of 2; lower=32, upper=4096}, observeIntervalDelay=ExponentialDelay{growBy 1.0 MICROSECONDS, powers of 2; lower=10, upper=100000}, keepAliveInterval=30000, autoreleaseAfter=2000, bufferPoolingEnabled=true, tcpNodelayEnabled=true, mutationTokensEnabled=false, socketConnectTimeout=1000, dcpConnectionBufferSize=20971520, dcpConnectionBufferAckThreshold=0.2, dcpConnectionName=dcp/core-io, callbacksOnIoPool=false, disconnectTimeout=25000, requestBufferWaitStrategy=com.couchbase.client.core.env.DefaultCoreEnvironment$2@7bd0dd31, queryTimeout=75000, viewTimeout=75000, kvTimeout=2500, connectTimeout=5000, dnsSrvEnabled=false}
Apr 20, 2017 11:11:27 AM com.couchbase.client.core.endpoint.AbstractEndpoint$2 operationComplete
WARNING: [null][KeyValueEndpoint]: Socket connect took longer than specified timeout.
Apr 20, 2017 11:11:28 AM com.couchbase.client.core.endpoint.AbstractEndpoint$2 operationComplete
WARNING: [null][ConfigEndpoint]: Socket connect took longer than specified timeout.
Ignoring Exception com.couchbase.client.core.config.ConfigurationException: Could not open bucket.: Could not open bucket. due to causes [class java.util.concurrent.TimeoutException, class com.couchbase.client.core.CouchbaseException]
]]></system-err>
</testsuite>
