<?xml version="1.0" encoding="UTF-8"?>
<testsuite name="apoc.generate.config.BarabasiAlbertConfigTest" tests="1" skipped="0" failures="0" errors="0" timestamp="2017-04-24T14:33:24" hostname="Pc" time="0.0">
  <properties/>
  <testcase name="shouldCorrectlyEvaluateValidConfig" classname="apoc.generate.config.BarabasiAlbertConfigTest" time="0.0"/>
  <system-out><![CDATA[]]></system-out>
  <system-err><![CDATA[]]></system-err>
</testsuite>
