<?xml version="1.0" encoding="UTF-8"?>
<testsuite name="apoc.index.FulltextIndexTest" tests="13" skipped="0" failures="0" errors="0" timestamp="2017-04-19T15:05:37" hostname="Pc" time="1.706">
  <properties/>
  <testcase name="testRelationships" classname="apoc.index.FulltextIndexTest" time="0.13"/>
  <testcase name="testAddNode" classname="apoc.index.FulltextIndexTest" time="0.119"/>
  <testcase name="testOut" classname="apoc.index.FulltextIndexTest" time="0.189"/>
  <testcase name="testNodes" classname="apoc.index.FulltextIndexTest" time="0.119"/>
  <testcase name="testRemoveRelationshipByName" classname="apoc.index.FulltextIndexTest" time="0.149"/>
  <testcase name="testIn" classname="apoc.index.FulltextIndexTest" time="0.121"/>
  <testcase name="testBetween" classname="apoc.index.FulltextIndexTest" time="0.136"/>
  <testcase name="testAddRelationshipToExistingIndex" classname="apoc.index.FulltextIndexTest" time="0.107"/>
  <testcase name="testAddNodeByLabel" classname="apoc.index.FulltextIndexTest" time="0.12"/>
  <testcase name="testAddNodeToExistingIndex" classname="apoc.index.FulltextIndexTest" time="0.13"/>
  <testcase name="testAddNodeByLabelMultipleProperties" classname="apoc.index.FulltextIndexTest" time="0.128"/>
  <testcase name="testRemoveNodeByName" classname="apoc.index.FulltextIndexTest" time="0.133"/>
  <testcase name="testAddRelationship" classname="apoc.index.FulltextIndexTest" time="0.124"/>
  <system-out><![CDATA[]]></system-out>
  <system-err><![CDATA[]]></system-err>
</testsuite>
