<?xml version="1.0" encoding="UTF-8"?>
<testsuite name="apoc.cypher.CypherTest" tests="15" skipped="0" failures="0" errors="0" timestamp="2017-04-20T19:27:24" hostname="Pc" time="1.65">
  <properties/>
  <testcase name="testParallel2" classname="apoc.cypher.CypherTest" time="0.478"/>
  <testcase name="testRunFileWithResults" classname="apoc.cypher.CypherTest" time="0.07"/>
  <testcase name="testRunFileWithSchema" classname="apoc.cypher.CypherTest" time="0.006"/>
  <testcase name="testRunNoParams" classname="apoc.cypher.CypherTest" time="0.008"/>
  <testcase name="testRun" classname="apoc.cypher.CypherTest" time="0.008"/>
  <testcase name="testWithTimeout" classname="apoc.cypher.CypherTest" time="0.118"/>
  <testcase name="testMapParallel2" classname="apoc.cypher.CypherTest" time="0.237"/>
  <testcase name="testMapParallel" classname="apoc.cypher.CypherTest" time="0.194"/>
  <testcase name="testRunNullParams" classname="apoc.cypher.CypherTest" time="0.004"/>
  <testcase name="testRunVariable" classname="apoc.cypher.CypherTest" time="0.008"/>
  <testcase name="testRunFile" classname="apoc.cypher.CypherTest" time="0.016"/>
  <testcase name="testRunMany" classname="apoc.cypher.CypherTest" time="0.019"/>
  <testcase name="testSingular" classname="apoc.cypher.CypherTest" time="0.13"/>
  <testcase name="testRunWithPeriodic" classname="apoc.cypher.CypherTest" time="0.185"/>
  <testcase name="testParallel" classname="apoc.cypher.CypherTest" time="0.167"/>
  <system-out><![CDATA[]]></system-out>
  <system-err><![CDATA[]]></system-err>
</testsuite>
