<?xml version="1.0" encoding="UTF-8"?>
<testsuite name="apoc.algo.CliquesTest" tests="6" skipped="0" failures="0" errors="0" timestamp="2017-04-20T11:33:56" hostname="Pc" time="0.811">
  <properties/>
  <testcase name="testCliquesFromGraphWithTwoCliquesAndExtraNodes" classname="apoc.algo.CliquesTest" time="0.159"/>
  <testcase name="testCliquesFromGraphWithOneCliqueAndExtraNodes" classname="apoc.algo.CliquesTest" time="0.13"/>
  <testcase name="testCliquesFromGraphWithTwoCliques" classname="apoc.algo.CliquesTest" time="0.131"/>
  <testcase name="testCliquesFromEmptyGraphShouldBeEmpty" classname="apoc.algo.CliquesTest" time="0.113"/>
  <testcase name="testCliquesFromSpecifcNode" classname="apoc.algo.CliquesTest" time="0.145"/>
  <testcase name="testCliquesFromGraphWithOneClique" classname="apoc.algo.CliquesTest" time="0.132"/>
  <system-out><![CDATA[]]></system-out>
  <system-err><![CDATA[]]></system-err>
</testsuite>
