<?xml version="1.0" encoding="UTF-8"?>
<testsuite name="apoc.index.IndexUpdateTransactionEventHandlerTest" tests="2" skipped="0" failures="0" errors="0" timestamp="2017-04-20T16:01:20" hostname="Pc" time="0.354">
  <properties/>
  <testcase name="shouldDeletingIndexedNodesSucceed" classname="apoc.index.IndexUpdateTransactionEventHandlerTest" time="0.223"/>
  <testcase name="shouldIndexFieldsBeUsedConsistently" classname="apoc.index.IndexUpdateTransactionEventHandlerTest" time="0.131"/>
  <system-out><![CDATA[]]></system-out>
  <system-err><![CDATA[]]></system-err>
</testsuite>
