<?xml version="1.0" encoding="UTF-8"?>
<testsuite name="apoc.text.StringsTest" tests="20" skipped="0" failures="1" errors="0" timestamp="2017-04-20T10:58:07" hostname="Pc" time="0.116">
  <properties/>
  <testcase name="testReplaceAllWithNull" classname="apoc.text.StringsTest" time="0.006"/>
  <testcase name="testDocCompareCleaned" classname="apoc.text.StringsTest" time="0.004"/>
  <testcase name="testJoinWithNull" classname="apoc.text.StringsTest" time="0.005"/>
  <testcase name="testJoin" classname="apoc.text.StringsTest" time="0.0"/>
  <testcase name="testLPad" classname="apoc.text.StringsTest" time="0.014"/>
  <testcase name="testRPad" classname="apoc.text.StringsTest" time="0.013"/>
  <testcase name="testCleanWithNull" classname="apoc.text.StringsTest" time="0.005"/>
  <testcase name="testUrlDecode" classname="apoc.text.StringsTest" time="0.007"/>
  <testcase name="testUrlEncode" classname="apoc.text.StringsTest" time="0.005"/>
  <testcase name="testCompareCleaned" classname="apoc.text.StringsTest" time="0.002"/>
  <testcase name="testUrlDecodeFailure" classname="apoc.text.StringsTest" time="0.003"/>
  <testcase name="testReplace" classname="apoc.text.StringsTest" time="0.001"/>
  <testcase name="testRegexGroupsForNPE" classname="apoc.text.StringsTest" time="0.009"/>
  <testcase name="testFormat" classname="apoc.text.StringsTest" time="0.013">
    <failure message="org.junit.ComparisonFailure: expected:&lt;abcd 42 3.1 true[]&#10;&gt; but was:&lt;abcd 42 3.1 true[&#13;]&#10;&gt;" type="org.junit.ComparisonFailure">org.junit.ComparisonFailure: expected:&lt;abcd 42 3.1 true[]
&gt; but was:&lt;abcd 42 3.1 true[]
&gt;
	at org.junit.Assert.assertEquals(Assert.java:115)
	at org.junit.Assert.assertEquals(Assert.java:144)
	at apoc.text.StringsTest.lambda$testFormat$30(StringsTest.java:226)
	at apoc.util.TestUtil.lambda$testCall$0(TestUtil.java:38)
	at apoc.util.TestUtil.testResult(TestUtil.java:86)
	at apoc.util.TestUtil.testCall(TestUtil.java:34)
	at apoc.util.TestUtil.testCall(TestUtil.java:30)
	at apoc.text.StringsTest.testFormat(StringsTest.java:226)
	at sun.reflect.NativeMethodAccessorImpl.invoke0(Native Method)
	at sun.reflect.NativeMethodAccessorImpl.invoke(NativeMethodAccessorImpl.java:62)
	at sun.reflect.DelegatingMethodAccessorImpl.invoke(DelegatingMethodAccessorImpl.java:43)
	at java.lang.reflect.Method.invoke(Method.java:498)
	at org.junit.runners.model.FrameworkMethod$1.runReflectiveCall(FrameworkMethod.java:50)
	at org.junit.internal.runners.model.ReflectiveCallable.run(ReflectiveCallable.java:12)
	at org.junit.runners.model.FrameworkMethod.invokeExplosively(FrameworkMethod.java:47)
	at org.junit.internal.runners.statements.InvokeMethod.evaluate(InvokeMethod.java:17)
	at org.junit.rules.ExpectedException$ExpectedExceptionStatement.evaluate(ExpectedException.java:239)
	at org.junit.rules.RunRules.evaluate(RunRules.java:20)
	at org.junit.runners.ParentRunner.runLeaf(ParentRunner.java:325)
	at org.junit.runners.BlockJUnit4ClassRunner.runChild(BlockJUnit4ClassRunner.java:78)
	at org.junit.runners.BlockJUnit4ClassRunner.runChild(BlockJUnit4ClassRunner.java:57)
	at org.junit.runners.ParentRunner$3.run(ParentRunner.java:290)
	at org.junit.runners.ParentRunner$1.schedule(ParentRunner.java:71)
	at org.junit.runners.ParentRunner.runChildren(ParentRunner.java:288)
	at org.junit.runners.ParentRunner.access$000(ParentRunner.java:58)
	at org.junit.runners.ParentRunner$2.evaluate(ParentRunner.java:268)
	at org.junit.internal.runners.statements.RunBefores.evaluate(RunBefores.java:26)
	at org.junit.internal.runners.statements.RunAfters.evaluate(RunAfters.java:27)
	at org.junit.runners.ParentRunner.run(ParentRunner.java:363)
	at org.gradle.api.internal.tasks.testing.junit.JUnitTestClassExecuter.runTestClass(JUnitTestClassExecuter.java:114)
	at org.gradle.api.internal.tasks.testing.junit.JUnitTestClassExecuter.execute(JUnitTestClassExecuter.java:57)
	at org.gradle.api.internal.tasks.testing.junit.JUnitTestClassProcessor.processTestClass(JUnitTestClassProcessor.java:66)
	at org.gradle.api.internal.tasks.testing.SuiteTestClassProcessor.processTestClass(SuiteTestClassProcessor.java:51)
	at sun.reflect.GeneratedMethodAccessor90.invoke(Unknown Source)
	at sun.reflect.DelegatingMethodAccessorImpl.invoke(DelegatingMethodAccessorImpl.java:43)
	at java.lang.reflect.Method.invoke(Method.java:498)
	at org.gradle.internal.dispatch.ReflectionDispatch.dispatch(ReflectionDispatch.java:35)
	at org.gradle.internal.dispatch.ReflectionDispatch.dispatch(ReflectionDispatch.java:24)
	at org.gradle.internal.dispatch.ContextClassLoaderDispatch.dispatch(ContextClassLoaderDispatch.java:32)
	at org.gradle.internal.dispatch.ProxyDispatchAdapter$DispatchingInvocationHandler.invoke(ProxyDispatchAdapter.java:93)
	at com.sun.proxy.$Proxy2.processTestClass(Unknown Source)
	at org.gradle.api.internal.tasks.testing.worker.TestWorker.processTestClass(TestWorker.java:109)
	at sun.reflect.GeneratedMethodAccessor89.invoke(Unknown Source)
	at sun.reflect.DelegatingMethodAccessorImpl.invoke(DelegatingMethodAccessorImpl.java:43)
	at java.lang.reflect.Method.invoke(Method.java:498)
	at org.gradle.internal.dispatch.ReflectionDispatch.dispatch(ReflectionDispatch.java:35)
	at org.gradle.internal.dispatch.ReflectionDispatch.dispatch(ReflectionDispatch.java:24)
	at org.gradle.internal.remote.internal.hub.MessageHub$Handler.run(MessageHub.java:377)
	at org.gradle.internal.concurrent.ExecutorPolicy$CatchAndRecordFailures.onExecute(ExecutorPolicy.java:54)
	at org.gradle.internal.concurrent.StoppableExecutorImpl$1.run(StoppableExecutorImpl.java:40)
	at java.util.concurrent.ThreadPoolExecutor.runWorker(ThreadPoolExecutor.java:1142)
	at java.util.concurrent.ThreadPoolExecutor$Worker.run(ThreadPoolExecutor.java:617)
	at java.lang.Thread.run(Thread.java:745)
</failure>
  </testcase>
  <testcase name="testDocJoin" classname="apoc.text.StringsTest" time="0.005"/>
  <testcase name="testDocClean" classname="apoc.text.StringsTest" time="0.004"/>
  <testcase name="testDocReplace" classname="apoc.text.StringsTest" time="0.004"/>
  <testcase name="testCompareCleanedWithNull" classname="apoc.text.StringsTest" time="0.001"/>
  <testcase name="testCompareCleanedInQuery" classname="apoc.text.StringsTest" time="0.007"/>
  <testcase name="testRegexGroups" classname="apoc.text.StringsTest" time="0.005"/>
  <system-out><![CDATA[]]></system-out>
  <system-err><![CDATA[                URLDecoder: Incomplete trailing escape (%) pattern
                apoc.text.Strings.urldecode(Strings.java:100)
                java.lang.invoke.MethodHandle.invokeWithArguments(MethodHandle.java:627)
                org.neo4j.kernel.impl.api.OperationsFacade.callFunction(OperationsFacade.java:1641)
                org.neo4j.kernel.impl.api.OperationsFacade.functionCall(OperationsFacade.java:1621)
                apoc.text.StringsTest.testUrlDecodeFailure(StringsTest.java:201)
                org.gradle.api.internal.tasks.testing.junit.JUnitTestClassExecuter.runTestClass(JUnitTestClassExecuter.java:114)
                org.gradle.api.internal.tasks.testing.junit.JUnitTestClassExecuter.execute(JUnitTestClassExecuter.java:57)
                org.gradle.api.internal.tasks.testing.junit.JUnitTestClassProcessor.processTestClass(JUnitTestClassProcessor.java:66)
                org.gradle.api.internal.tasks.testing.SuiteTestClassProcessor.processTestClass(SuiteTestClassProcessor.java:51)
                org.gradle.internal.dispatch.ReflectionDispatch.dispatch(ReflectionDispatch.java:35)
                org.gradle.internal.dispatch.ReflectionDispatch.dispatch(ReflectionDispatch.java:24)
                org.gradle.internal.dispatch.ContextClassLoaderDispatch.dispatch(ContextClassLoaderDispatch.java:32)
                org.gradle.internal.dispatch.ProxyDispatchAdapter$DispatchingInvocationHandler.invoke(ProxyDispatchAdapter.java:93)
                com.sun.proxy.$Proxy2.processTestClass(Unknown Source)
                org.gradle.api.internal.tasks.testing.worker.TestWorker.processTestClass(TestWorker.java:109)
                org.gradle.internal.dispatch.ReflectionDispatch.dispatch(ReflectionDispatch.java:35)
                org.gradle.internal.dispatch.ReflectionDispatch.dispatch(ReflectionDispatch.java:24)
                org.gradle.internal.remote.internal.hub.MessageHub$Handler.run(MessageHub.java:377)
                org.gradle.internal.concurrent.ExecutorPolicy$CatchAndRecordFailures.onExecute(ExecutorPolicy.java:54)
                org.gradle.internal.concurrent.StoppableExecutorImpl$1.run(StoppableExecutorImpl.java:40)
                java.util.concurrent.ThreadPoolExecutor.runWorker(ThreadPoolExecutor.java:1142)
                java.util.concurrent.ThreadPoolExecutor$Worker.run(ThreadPoolExecutor.java:617)
                java.lang.Thread.run(Thread.java:745)
expected:<abcd 42 3.1 true[]
> but was:<abcd 42 3.1 true[]
>
apoc.text.StringsTest.lambda$testFormat$30(StringsTest.java:226)
apoc.text.StringsTest.testFormat(StringsTest.java:226)
org.gradle.api.internal.tasks.testing.junit.JUnitTestClassExecuter.runTestClass(JUnitTestClassExecuter.java:114)
org.gradle.api.internal.tasks.testing.junit.JUnitTestClassExecuter.execute(JUnitTestClassExecuter.java:57)
org.gradle.api.internal.tasks.testing.junit.JUnitTestClassProcessor.processTestClass(JUnitTestClassProcessor.java:66)
org.gradle.api.internal.tasks.testing.SuiteTestClassProcessor.processTestClass(SuiteTestClassProcessor.java:51)
org.gradle.internal.dispatch.ReflectionDispatch.dispatch(ReflectionDispatch.java:35)
org.gradle.internal.dispatch.ReflectionDispatch.dispatch(ReflectionDispatch.java:24)
org.gradle.internal.dispatch.ContextClassLoaderDispatch.dispatch(ContextClassLoaderDispatch.java:32)
org.gradle.internal.dispatch.ProxyDispatchAdapter$DispatchingInvocationHandler.invoke(ProxyDispatchAdapter.java:93)
com.sun.proxy.$Proxy2.processTestClass(Unknown Source)
org.gradle.api.internal.tasks.testing.worker.TestWorker.processTestClass(TestWorker.java:109)
org.gradle.internal.dispatch.ReflectionDispatch.dispatch(ReflectionDispatch.java:35)
org.gradle.internal.dispatch.ReflectionDispatch.dispatch(ReflectionDispatch.java:24)
org.gradle.internal.remote.internal.hub.MessageHub$Handler.run(MessageHub.java:377)
org.gradle.internal.concurrent.ExecutorPolicy$CatchAndRecordFailures.onExecute(ExecutorPolicy.java:54)
org.gradle.internal.concurrent.StoppableExecutorImpl$1.run(StoppableExecutorImpl.java:40)
java.util.concurrent.ThreadPoolExecutor.runWorker(ThreadPoolExecutor.java:1142)
java.util.concurrent.ThreadPoolExecutor$Worker.run(ThreadPoolExecutor.java:617)
java.lang.Thread.run(Thread.java:745)
]]></system-err>
</testsuite>
