<?xml version="1.0" encoding="UTF-8"?>
<testsuite name="apoc.path.ExpandPathTest" tests="14" skipped="0" failures="0" errors="0" timestamp="2017-04-22T14:01:03" hostname="Pc" time="0.324">
  <properties/>
  <testcase name="testTerminationListBeforeWhitelist" classname="apoc.path.ExpandPathTest" time="0.084"/>
  <testcase name="testBlacklistBeforeWhitelist" classname="apoc.path.ExpandPathTest" time="0.034"/>
  <testcase name="testBlacklistBeforeTerminationList" classname="apoc.path.ExpandPathTest" time="0.017"/>
  <testcase name="testExplorePathWithEndNodeLabelAndLimit" classname="apoc.path.ExpandPathTest" time="0.028"/>
  <testcase name="testExplorePathRelationshipsTest" classname="apoc.path.ExpandPathTest" time="0.026"/>
  <testcase name="testExplorePathWithEndNodeLabel" classname="apoc.path.ExpandPathTest" time="0.015"/>
  <testcase name="testExplorePathWithFilterStartNodeFalseIgnoresLabelFilter" classname="apoc.path.ExpandPathTest" time="0.014"/>
  <testcase name="testExplorePathWithTerminationLabel" classname="apoc.path.ExpandPathTest" time="0.017"/>
  <testcase name="testTerminationListBeforeEndNodeList" classname="apoc.path.ExpandPathTest" time="0.015"/>
  <testcase name="testExplorePathWithLimitReturnsLimitedResults" classname="apoc.path.ExpandPathTest" time="0.016"/>
  <testcase name="testExplorePathLabelWhiteListTest" classname="apoc.path.ExpandPathTest" time="0.008"/>
  <testcase name="testBlacklistBeforeEndNodeList" classname="apoc.path.ExpandPathTest" time="0.014"/>
  <testcase name="testEndNodeListBeforeWhitelist" classname="apoc.path.ExpandPathTest" time="0.017"/>
  <testcase name="testExplorePathLabelBlackListTest" classname="apoc.path.ExpandPathTest" time="0.017"/>
  <system-out><![CDATA[]]></system-out>
  <system-err><![CDATA[]]></system-err>
</testsuite>
