<?xml version="1.0" encoding="UTF-8"?>
<testsuite name="apoc.spatial.GeocodeTest" tests="2" skipped="0" failures="0" errors="0" timestamp="2017-04-19T18:40:48" hostname="Pc" time="25.429">
  <properties/>
  <testcase name="testGeocodeGoogle" classname="apoc.spatial.GeocodeTest" time="12.115"/>
  <testcase name="testGeocodeOSM" classname="apoc.spatial.GeocodeTest" time="13.314"/>
  <system-out><![CDATA[Fast google test took 2482ms
Slow google test took 9520ms
Fast osm test took 1221ms
Slow osm test took 12000ms
]]></system-out>
  <system-err><![CDATA[]]></system-err>
</testsuite>
