<?xml version="1.0" encoding="UTF-8"?>
<testsuite name="apoc.map.MapsTest" tests="17" skipped="0" failures="0" errors="0" timestamp="2017-04-21T16:38:24" hostname="Pc" time="1.924">
  <properties/>
  <testcase name="testMergeList" classname="apoc.map.MapsTest" time="0.119"/>
  <testcase name="testClean" classname="apoc.map.MapsTest" time="0.116"/>
  <testcase name="testMerge" classname="apoc.map.MapsTest" time="0.112"/>
  <testcase name="testFlatten" classname="apoc.map.MapsTest" time="0.12"/>
  <testcase name="testGroupBy" classname="apoc.map.MapsTest" time="0.116"/>
  <testcase name="testRemoveKeys" classname="apoc.map.MapsTest" time="0.104"/>
  <testcase name="testFromLists" classname="apoc.map.MapsTest" time="0.114"/>
  <testcase name="testFromNodes" classname="apoc.map.MapsTest" time="0.126"/>
  <testcase name="testFromPairs" classname="apoc.map.MapsTest" time="0.115"/>
  <testcase name="testGroupByMulti" classname="apoc.map.MapsTest" time="0.114"/>
  <testcase name="testSetValues" classname="apoc.map.MapsTest" time="0.111"/>
  <testcase name="testFromValues" classname="apoc.map.MapsTest" time="0.105"/>
  <testcase name="testSetKey" classname="apoc.map.MapsTest" time="0.115"/>
  <testcase name="testRemoveKey" classname="apoc.map.MapsTest" time="0.095"/>
  <testcase name="testSetEntry" classname="apoc.map.MapsTest" time="0.108"/>
  <testcase name="testSetLists" classname="apoc.map.MapsTest" time="0.127"/>
  <testcase name="testSetPairs" classname="apoc.map.MapsTest" time="0.105"/>
  <system-out><![CDATA[]]></system-out>
  <system-err><![CDATA[]]></system-err>
</testsuite>
