<?xml version="1.0" encoding="UTF-8"?>
<testsuite name="apoc.nodes.NodesTest" tests="4" skipped="0" failures="0" errors="0" timestamp="2017-04-20T12:24:03" hostname="Pc" time="0.796">
  <properties/>
  <testcase name="delete" classname="apoc.nodes.NodesTest" time="0.395"/>
  <testcase name="link" classname="apoc.nodes.NodesTest" time="0.125"/>
  <testcase name="hasRelationhip" classname="apoc.nodes.NodesTest" time="0.166"/>
  <testcase name="isDense" classname="apoc.nodes.NodesTest" time="0.11"/>
  <system-out><![CDATA[]]></system-out>
  <system-err><![CDATA[]]></system-err>
</testsuite>
