<?xml version="1.0" encoding="UTF-8"?>
<testsuite name="apoc.load.LoadJsonTest" tests="6" skipped="1" failures="0" errors="0" timestamp="2017-04-22T09:42:54" hostname="Pc" time="0.529">
  <properties/>
  <testcase name="testLoadJson" classname="apoc.load.LoadJsonTest" time="0.109"/>
  <testcase name="testLoadJsonArrayPath" classname="apoc.load.LoadJsonTest" time="0.122"/>
  <testcase name="testLoadJsonPathRoot" classname="apoc.load.LoadJsonTest" time="0.097"/>
  <testcase name="testLoadJsonPath" classname="apoc.load.LoadJsonTest" time="0.1"/>
  <testcase name="testLoadJsonGraphCommons" classname="apoc.load.LoadJsonTest" time="0.0">
    <skipped/>
  </testcase>
  <testcase name="testLoadJsonArrayPathRoot" classname="apoc.load.LoadJsonTest" time="0.099"/>
  <system-out><![CDATA[]]></system-out>
  <system-err><![CDATA[]]></system-err>
</testsuite>
