<?xml version="1.0" encoding="UTF-8"?>
<testsuite name="apoc.generate.config.WattsStrogatzConfigTest" tests="1" skipped="0" failures="0" errors="0" timestamp="2017-04-18T22:40:55" hostname="Pc" time="0.001">
  <properties/>
  <testcase name="shouldCorrectlyEvaluateValidConfig" classname="apoc.generate.config.WattsStrogatzConfigTest" time="0.001"/>
  <system-out><![CDATA[]]></system-out>
  <system-err><![CDATA[]]></system-err>
</testsuite>
