<?xml version="1.0" encoding="UTF-8"?>
<testsuite name="apoc.cypher.CypherTest" tests="15" skipped="0" failures="0" errors="0" timestamp="2017-04-24T14:32:54" hostname="Pc" time="1.499">
  <properties/>
  <testcase name="testParallel2" classname="apoc.cypher.CypherTest" time="0.469"/>
  <testcase name="testRunFileWithResults" classname="apoc.cypher.CypherTest" time="0.065"/>
  <testcase name="testRunFileWithSchema" classname="apoc.cypher.CypherTest" time="0.006"/>
  <testcase name="testRunNoParams" classname="apoc.cypher.CypherTest" time="0.009"/>
  <testcase name="testRun" classname="apoc.cypher.CypherTest" time="0.008"/>
  <testcase name="testWithTimeout" classname="apoc.cypher.CypherTest" time="0.113"/>
  <testcase name="testMapParallel2" classname="apoc.cypher.CypherTest" time="0.197"/>
  <testcase name="testMapParallel" classname="apoc.cypher.CypherTest" time="0.129"/>
  <testcase name="testRunNullParams" classname="apoc.cypher.CypherTest" time="0.003"/>
  <testcase name="testRunVariable" classname="apoc.cypher.CypherTest" time="0.007"/>
  <testcase name="testRunFile" classname="apoc.cypher.CypherTest" time="0.026"/>
  <testcase name="testRunMany" classname="apoc.cypher.CypherTest" time="0.018"/>
  <testcase name="testSingular" classname="apoc.cypher.CypherTest" time="0.107"/>
  <testcase name="testRunWithPeriodic" classname="apoc.cypher.CypherTest" time="0.18"/>
  <testcase name="testParallel" classname="apoc.cypher.CypherTest" time="0.159"/>
  <system-out><![CDATA[]]></system-out>
  <system-err><![CDATA[]]></system-err>
</testsuite>
