<?xml version="1.0" encoding="UTF-8"?>
<testsuite name="apoc.get.GetTest" tests="2" skipped="0" failures="0" errors="0" timestamp="2017-04-26T17:23:43" hostname="Pc" time="0.208">
  <properties/>
  <testcase name="testNodes" classname="apoc.get.GetTest" time="0.109"/>
  <testcase name="testRels" classname="apoc.get.GetTest" time="0.099"/>
  <system-out><![CDATA[]]></system-out>
  <system-err><![CDATA[]]></system-err>
</testsuite>
