<?xml version="1.0" encoding="UTF-8"?>
<testsuite name="apoc.monitor.LockProcedureTest" tests="1" skipped="0" failures="0" errors="0" timestamp="2017-04-20T11:22:03" hostname="Pc" time="0.007">
  <properties/>
  <testcase name="testGetLockInfo" classname="apoc.monitor.LockProcedureTest" time="0.007"/>
  <system-out><![CDATA[]]></system-out>
  <system-err><![CDATA[]]></system-err>
</testsuite>
