<?xml version="1.0" encoding="UTF-8"?>
<testsuite name="apoc.graph.GraphsTest" tests="5" skipped="0" failures="0" errors="0" timestamp="2017-04-22T14:39:56" hostname="Pc" time="0.08">
  <properties/>
  <testcase name="testFromData" classname="apoc.graph.GraphsTest" time="0.015"/>
  <testcase name="testFromPath" classname="apoc.graph.GraphsTest" time="0.019"/>
  <testcase name="testFromPaths" classname="apoc.graph.GraphsTest" time="0.022"/>
  <testcase name="testFromCypher" classname="apoc.graph.GraphsTest" time="0.02"/>
  <testcase name="testFromDB" classname="apoc.graph.GraphsTest" time="0.004"/>
  <system-out><![CDATA[]]></system-out>
  <system-err><![CDATA[]]></system-err>
</testsuite>
