<?xml version="1.0" encoding="UTF-8"?>
<testsuite name="apoc.algo.PathFindingTest" tests="6" skipped="0" failures="0" errors="0" timestamp="2017-04-19T15:03:24" hostname="Pc" time="0.922">
  <properties/>
  <testcase name="testAllSimplePathResults" classname="apoc.algo.PathFindingTest" time="0.195"/>
  <testcase name="testAStar" classname="apoc.algo.PathFindingTest" time="0.156"/>
  <testcase name="testAStarConfig" classname="apoc.algo.PathFindingTest" time="0.148"/>
  <testcase name="testDijkstra" classname="apoc.algo.PathFindingTest" time="0.15"/>
  <testcase name="testAllSimplePaths" classname="apoc.algo.PathFindingTest" time="0.138"/>
  <testcase name="testDijkstraWithDefaultWeight" classname="apoc.algo.PathFindingTest" time="0.134"/>
  <system-out><![CDATA[]]></system-out>
  <system-err><![CDATA[]]></system-err>
</testsuite>
