<?xml version="1.0" encoding="UTF-8"?>
<testsuite name="apoc.index.FulltextIndexTest" tests="13" skipped="0" failures="0" errors="0" timestamp="2017-04-20T11:36:01" hostname="Pc" time="1.584">
  <properties/>
  <testcase name="testRelationships" classname="apoc.index.FulltextIndexTest" time="0.125"/>
  <testcase name="testAddNode" classname="apoc.index.FulltextIndexTest" time="0.101"/>
  <testcase name="testOut" classname="apoc.index.FulltextIndexTest" time="0.166"/>
  <testcase name="testNodes" classname="apoc.index.FulltextIndexTest" time="0.108"/>
  <testcase name="testRemoveRelationshipByName" classname="apoc.index.FulltextIndexTest" time="0.125"/>
  <testcase name="testIn" classname="apoc.index.FulltextIndexTest" time="0.12"/>
  <testcase name="testBetween" classname="apoc.index.FulltextIndexTest" time="0.134"/>
  <testcase name="testAddRelationshipToExistingIndex" classname="apoc.index.FulltextIndexTest" time="0.113"/>
  <testcase name="testAddNodeByLabel" classname="apoc.index.FulltextIndexTest" time="0.102"/>
  <testcase name="testAddNodeToExistingIndex" classname="apoc.index.FulltextIndexTest" time="0.137"/>
  <testcase name="testAddNodeByLabelMultipleProperties" classname="apoc.index.FulltextIndexTest" time="0.105"/>
  <testcase name="testRemoveNodeByName" classname="apoc.index.FulltextIndexTest" time="0.128"/>
  <testcase name="testAddRelationship" classname="apoc.index.FulltextIndexTest" time="0.118"/>
  <system-out><![CDATA[]]></system-out>
  <system-err><![CDATA[]]></system-err>
</testsuite>
