<?xml version="1.0" encoding="UTF-8"?>
<testsuite name="apoc.data.ExtractTest" tests="8" skipped="0" failures="0" errors="0" timestamp="2017-04-24T13:13:44" hostname="Pc" time="0.847">
  <properties/>
  <testcase name="testBadString" classname="apoc.data.ExtractTest" time="0.117"/>
  <testcase name="testUrl" classname="apoc.data.ExtractTest" time="0.098"/>
  <testcase name="testEmail" classname="apoc.data.ExtractTest" time="0.096"/>
  <testcase name="testNull" classname="apoc.data.ExtractTest" time="0.108"/>
  <testcase name="testEmptyString" classname="apoc.data.ExtractTest" time="0.108"/>
  <testcase name="testQuotedEmail" classname="apoc.data.ExtractTest" time="0.11"/>
  <testcase name="testQueryParameter" classname="apoc.data.ExtractTest" time="0.112"/>
  <testcase name="testEmailWithDotsBeforeAt" classname="apoc.data.ExtractTest" time="0.097"/>
  <system-out><![CDATA[]]></system-out>
  <system-err><![CDATA[]]></system-err>
</testsuite>
