<?xml version="1.0" encoding="UTF-8"?>
<testsuite name="apoc.algo.PathFindingTest" tests="6" skipped="0" failures="0" errors="0" timestamp="2017-04-19T17:36:01" hostname="Pc" time="0.953">
  <properties/>
  <testcase name="testAllSimplePathResults" classname="apoc.algo.PathFindingTest" time="0.192"/>
  <testcase name="testAStar" classname="apoc.algo.PathFindingTest" time="0.166"/>
  <testcase name="testAStarConfig" classname="apoc.algo.PathFindingTest" time="0.148"/>
  <testcase name="testDijkstra" classname="apoc.algo.PathFindingTest" time="0.151"/>
  <testcase name="testAllSimplePaths" classname="apoc.algo.PathFindingTest" time="0.147"/>
  <testcase name="testDijkstraWithDefaultWeight" classname="apoc.algo.PathFindingTest" time="0.148"/>
  <system-out><![CDATA[]]></system-out>
  <system-err><![CDATA[]]></system-err>
</testsuite>
