<?xml version="1.0" encoding="UTF-8"?>
<testsuite name="apoc.trigger.TriggerTest" tests="8" skipped="0" failures="0" errors="0" timestamp="2017-04-18T13:14:08" hostname="Pc" time="0.978">
  <properties/>
  <testcase name="testTimeStampTriggerForUpdatedProperties" classname="apoc.trigger.TriggerTest" time="0.13"/>
  <testcase name="testTxId" classname="apoc.trigger.TriggerTest" time="0.114"/>
  <testcase name="testListTriggers" classname="apoc.trigger.TriggerTest" time="0.095"/>
  <testcase name="testLowerCaseName" classname="apoc.trigger.TriggerTest" time="0.123"/>
  <testcase name="testRemoveNode" classname="apoc.trigger.TriggerTest" time="0.142"/>
  <testcase name="testRemoveRelationship" classname="apoc.trigger.TriggerTest" time="0.131"/>
  <testcase name="testSetLabels" classname="apoc.trigger.TriggerTest" time="0.118"/>
  <testcase name="testTimeStampTrigger" classname="apoc.trigger.TriggerTest" time="0.125"/>
  <system-out><![CDATA[]]></system-out>
  <system-err><![CDATA[]]></system-err>
</testsuite>
