<?xml version="1.0" encoding="UTF-8"?>
<testsuite name="apoc.convert.ConvertTest" tests="7" skipped="0" failures="0" errors="0" timestamp="2017-04-19T18:39:02" hostname="Pc" time="0.136">
  <properties/>
  <testcase name="testToMap" classname="apoc.convert.ConvertTest" time="0.007"/>
  <testcase name="testToSet" classname="apoc.convert.ConvertTest" time="0.01"/>
  <testcase name="testToString" classname="apoc.convert.ConvertTest" time="0.032"/>
  <testcase name="testToBoolean" classname="apoc.convert.ConvertTest" time="0.038"/>
  <testcase name="testToList" classname="apoc.convert.ConvertTest" time="0.008"/>
  <testcase name="testToNode" classname="apoc.convert.ConvertTest" time="0.023"/>
  <testcase name="testToRelationship" classname="apoc.convert.ConvertTest" time="0.017"/>
  <system-out><![CDATA[]]></system-out>
  <system-err><![CDATA[]]></system-err>
</testsuite>
