<?xml version="1.0" encoding="UTF-8"?>
<testsuite name="apoc.algo.algorithms.ChunksTest" tests="1" skipped="0" failures="0" errors="0" timestamp="2017-04-21T15:51:38" hostname="Pc" time="0.006">
  <properties/>
  <testcase name="testWriteChunks" classname="apoc.algo.algorithms.ChunksTest" time="0.006"/>
  <system-out><![CDATA[]]></system-out>
  <system-err><![CDATA[]]></system-err>
</testsuite>
