<?xml version="1.0" encoding="UTF-8"?>
<testsuite name="apoc.trigger.TriggerTest" tests="8" skipped="0" failures="0" errors="0" timestamp="2017-04-21T15:04:06" hostname="Pc" time="0.868">
  <properties/>
  <testcase name="testTimeStampTriggerForUpdatedProperties" classname="apoc.trigger.TriggerTest" time="0.104"/>
  <testcase name="testTxId" classname="apoc.trigger.TriggerTest" time="0.089"/>
  <testcase name="testListTriggers" classname="apoc.trigger.TriggerTest" time="0.091"/>
  <testcase name="testLowerCaseName" classname="apoc.trigger.TriggerTest" time="0.107"/>
  <testcase name="testRemoveNode" classname="apoc.trigger.TriggerTest" time="0.119"/>
  <testcase name="testRemoveRelationship" classname="apoc.trigger.TriggerTest" time="0.134"/>
  <testcase name="testSetLabels" classname="apoc.trigger.TriggerTest" time="0.112"/>
  <testcase name="testTimeStampTrigger" classname="apoc.trigger.TriggerTest" time="0.111"/>
  <system-out><![CDATA[]]></system-out>
  <system-err><![CDATA[]]></system-err>
</testsuite>
