<?xml version="1.0" encoding="UTF-8"?>
<testsuite name="apoc.algo.PageRankTest" tests="11" skipped="0" failures="0" errors="0" timestamp="2017-04-24T14:15:04" hostname="Pc" time="1.85">
  <properties/>
  <testcase name="shouldGetPageRankWithCypherExpectedResultWithoutNodes" classname="apoc.algo.PageRankTest" time="0.204"/>
  <testcase name="shouldGetPageRankWithCypherExpectedResultWithoutNodesParallel" classname="apoc.algo.PageRankTest" time="0.216"/>
  <testcase name="shouldGetPageRankWithCypherExpectedResultWithLables" classname="apoc.algo.PageRankTest" time="0.178"/>
  <testcase name="shouldGetPageRankStats" classname="apoc.algo.PageRankTest" time="0.145"/>
  <testcase name="shouldGetPageRankWithCypherExpectedResult" classname="apoc.algo.PageRankTest" time="0.176"/>
  <testcase name="shouldHandleNullIterations" classname="apoc.algo.PageRankTest" time="0.138"/>
  <testcase name="shouldGetPageRankWithSubCypherExpectedResult" classname="apoc.algo.PageRankTest" time="0.22"/>
  <testcase name="shouldGetPageRankExpectedResult" classname="apoc.algo.PageRankTest" time="0.149"/>
  <testcase name="shouldHandleNullNodes" classname="apoc.algo.PageRankTest" time="0.123"/>
  <testcase name="shouldHandleEmptyNodeSet" classname="apoc.algo.PageRankTest" time="0.143"/>
  <testcase name="shouldGetPageRankExpectedResultWithTypes" classname="apoc.algo.PageRankTest" time="0.156"/>
  <system-out><![CDATA[+---------------------------------------------------------------------------------------------------------------------------------+
| nodes | relationships | iterations | readNodeMillis | readRelationshipMillis | computeMillis | writeMillis | write | property   |
+---------------------------------------------------------------------------------------------------------------------------------+
| 11    | 16            | 20         | 0              | 19                     | 1             | 2           | true  | "pagerank" |
+---------------------------------------------------------------------------------------------------------------------------------+
1 row

+---------------------------------------------------------------------------------------------------------------------------------+
| nodes | relationships | iterations | readNodeMillis | readRelationshipMillis | computeMillis | writeMillis | write | property   |
+---------------------------------------------------------------------------------------------------------------------------------+
| 11    | 16            | 20         | 0              | 44                     | 0             | 2           | true  | "pagerank" |
+---------------------------------------------------------------------------------------------------------------------------------+
1 row

+---------------------------------------------------------------------------------------------------------------------------------+
| nodes | relationships | iterations | readNodeMillis | readRelationshipMillis | computeMillis | writeMillis | write | property   |
+---------------------------------------------------------------------------------------------------------------------------------+
| 11    | 16            | 20         | 11             | 13                     | 1             | 2           | true  | "pagerank" |
+---------------------------------------------------------------------------------------------------------------------------------+
1 row

row = {relationships=16, nodes=11, writeMillis=0, property=null, computeMillis=2, write=false, iterations=20, readRelationshipMillis=0, readNodeMillis=0}
+---------------------------------------------------------------------------------------------------------------------------------+
| nodes | relationships | iterations | readNodeMillis | readRelationshipMillis | computeMillis | writeMillis | write | property   |
+---------------------------------------------------------------------------------------------------------------------------------+
| 11    | 16            | 20         | 9              | 14                     | 1             | 2           | true  | "pagerank" |
+---------------------------------------------------------------------------------------------------------------------------------+
1 row

+---------------------------------------------------------------------------------------------------------------------------------+
| nodes | relationships | iterations | readNodeMillis | readRelationshipMillis | computeMillis | writeMillis | write | property   |
+---------------------------------------------------------------------------------------------------------------------------------+
| 5     | 0             | 5          | 16             | 19                     | 1             | 1           | true  | "pagerank" |
+---------------------------------------------------------------------------------------------------------------------------------+
1 row

]]></system-out>
  <system-err><![CDATA[]]></system-err>
</testsuite>
