<?xml version="1.0" encoding="UTF-8"?>
<testsuite name="apoc.convert.ConvertTest" tests="7" skipped="0" failures="0" errors="0" timestamp="2017-04-20T18:13:47" hostname="Pc" time="0.113">
  <properties/>
  <testcase name="testToMap" classname="apoc.convert.ConvertTest" time="0.008"/>
  <testcase name="testToSet" classname="apoc.convert.ConvertTest" time="0.008"/>
  <testcase name="testToString" classname="apoc.convert.ConvertTest" time="0.022"/>
  <testcase name="testToBoolean" classname="apoc.convert.ConvertTest" time="0.032"/>
  <testcase name="testToList" classname="apoc.convert.ConvertTest" time="0.006"/>
  <testcase name="testToNode" classname="apoc.convert.ConvertTest" time="0.022"/>
  <testcase name="testToRelationship" classname="apoc.convert.ConvertTest" time="0.015"/>
  <system-out><![CDATA[]]></system-out>
  <system-err><![CDATA[]]></system-err>
</testsuite>
