<?xml version="1.0" encoding="UTF-8"?>
<testsuite name="apoc.path.SubgraphTest" tests="6" skipped="0" failures="0" errors="0" timestamp="2017-04-19T15:06:16" hostname="Pc" time="0.243">
  <properties/>
  <testcase name="testFullSubgraphShouldContainAllNodes" classname="apoc.path.SubgraphTest" time="0.016"/>
  <testcase name="testSpanningTreeShouldHaveOnlyOnePathToEachNode" classname="apoc.path.SubgraphTest" time="0.062"/>
  <testcase name="testSugbraphWithRelationshipFilterShouldContainExpectedNodes" classname="apoc.path.SubgraphTest" time="0.026"/>
  <testcase name="testSugbraphAllShouldContainExpectedNodesAndRels" classname="apoc.path.SubgraphTest" time="0.056"/>
  <testcase name="testSugbraphWithLabelFilterShouldContainExpectedNodes" classname="apoc.path.SubgraphTest" time="0.054"/>
  <testcase name="testSugbraphWithMaxDepthShouldContainExpectedNodes" classname="apoc.path.SubgraphTest" time="0.029"/>
  <system-out><![CDATA[]]></system-out>
  <system-err><![CDATA[]]></system-err>
</testsuite>
