<?xml version="1.0" encoding="UTF-8"?>
<testsuite name="apoc.date.TTLTest" tests="1" skipped="0" failures="0" errors="0" timestamp="2017-04-20T12:32:41" hostname="Pc" time="10.0">
  <properties/>
  <testcase name="testExpire" classname="apoc.date.TTLTest" time="10.0"/>
  <system-out><![CDATA[]]></system-out>
  <system-err><![CDATA[]]></system-err>
</testsuite>
