<?xml version="1.0" encoding="UTF-8"?>
<testsuite name="apoc.warmup.WarmupTest" tests="1" skipped="0" failures="0" errors="0" timestamp="2017-04-24T14:35:11" hostname="Pc" time="0.181">
  <properties/>
  <testcase name="testWarmup" classname="apoc.warmup.WarmupTest" time="0.181"/>
  <system-out><![CDATA[]]></system-out>
  <system-err><![CDATA[]]></system-err>
</testsuite>
