<?xml version="1.0" encoding="UTF-8"?>
<testsuite name="apoc.algo.WeaklyConnectedComponentsTest" tests="2" skipped="0" failures="0" errors="0" timestamp="2017-04-21T16:36:15" hostname="Pc" time="0.341">
  <properties/>
  <testcase name="shouldReturnExpectedResultWhenUsingWeaklyConnected" classname="apoc.algo.WeaklyConnectedComponentsTest" time="0.186"/>
  <testcase name="shouldReturnExpectedResultCountWhenUsingWeaklyConnected" classname="apoc.algo.WeaklyConnectedComponentsTest" time="0.155"/>
  <system-out><![CDATA[]]></system-out>
  <system-err><![CDATA[]]></system-err>
</testsuite>
