<?xml version="1.0" encoding="UTF-8"?>
<testsuite name="apoc.cache.StaticTest" tests="4" skipped="0" failures="0" errors="0" timestamp="2017-04-24T12:20:21" hostname="Pc" time="0.454">
  <properties/>
  <testcase name="testListFromConfig" classname="apoc.cache.StaticTest" time="0.137"/>
  <testcase name="testSet" classname="apoc.cache.StaticTest" time="0.115"/>
  <testcase name="testGetAllFromConfig" classname="apoc.cache.StaticTest" time="0.112"/>
  <testcase name="testOverrideConfig" classname="apoc.cache.StaticTest" time="0.09"/>
  <system-out><![CDATA[]]></system-out>
  <system-err><![CDATA[]]></system-err>
</testsuite>
