<?xml version="1.0" encoding="UTF-8"?>
<testsuite name="apoc.generate.GenerateTest" tests="13" skipped="0" failures="0" errors="0" timestamp="2017-04-19T17:59:06" hostname="Pc" time="1.767">
  <properties/>
  <testcase name="shouldGenerateWattsStrogatz1" classname="apoc.generate.GenerateTest" time="0.17"/>
  <testcase name="shouldGenerateWattsStrogatz2" classname="apoc.generate.GenerateTest" time="0.166"/>
  <testcase name="shouldGenerateWattsStrogatz3" classname="apoc.generate.GenerateTest" time="0.128"/>
  <testcase name="shouldGenerateComplete1" classname="apoc.generate.GenerateTest" time="0.106"/>
  <testcase name="shouldGenerateComplete2" classname="apoc.generate.GenerateTest" time="0.131"/>
  <testcase name="shouldGenerateBarabasiAlbert1" classname="apoc.generate.GenerateTest" time="0.132"/>
  <testcase name="shouldGenerateBarabasiAlbert2" classname="apoc.generate.GenerateTest" time="0.107"/>
  <testcase name="shouldGenerateBarabasiAlbert3" classname="apoc.generate.GenerateTest" time="0.125"/>
  <testcase name="shouldGenerateErdosRenyi1" classname="apoc.generate.GenerateTest" time="0.142"/>
  <testcase name="shouldGenerateErdosRenyi2" classname="apoc.generate.GenerateTest" time="0.204"/>
  <testcase name="shouldGenerateErdosRenyi3" classname="apoc.generate.GenerateTest" time="0.105"/>
  <testcase name="shouldGenerateSimple1" classname="apoc.generate.GenerateTest" time="0.122"/>
  <testcase name="shouldGenerateSimple2" classname="apoc.generate.GenerateTest" time="0.128"/>
  <system-out><![CDATA[]]></system-out>
  <system-err><![CDATA[]]></system-err>
</testsuite>
