<?xml version="1.0" encoding="UTF-8"?>
<testsuite name="apoc.nodes.NodesTest" tests="4" skipped="0" failures="0" errors="0" timestamp="2017-04-26T11:08:09" hostname="Pc" time="0.774">
  <properties/>
  <testcase name="delete" classname="apoc.nodes.NodesTest" time="0.37"/>
  <testcase name="link" classname="apoc.nodes.NodesTest" time="0.127"/>
  <testcase name="hasRelationhip" classname="apoc.nodes.NodesTest" time="0.163"/>
  <testcase name="isDense" classname="apoc.nodes.NodesTest" time="0.114"/>
  <system-out><![CDATA[]]></system-out>
  <system-err><![CDATA[]]></system-err>
</testsuite>
