<?xml version="1.0" encoding="UTF-8"?>
<testsuite name="apoc.monitor.KernelProcedureTest" tests="1" skipped="0" failures="0" errors="0" timestamp="2017-04-20T16:01:52" hostname="Pc" time="0.107">
  <properties/>
  <testcase name="testGetKernelInfo" classname="apoc.monitor.KernelProcedureTest" time="0.107"/>
  <system-out><![CDATA[]]></system-out>
  <system-err><![CDATA[]]></system-err>
</testsuite>
