<?xml version="1.0" encoding="UTF-8"?>
<testsuite name="apoc.nodes.NodesTest" tests="4" skipped="0" failures="0" errors="0" timestamp="2017-04-22T13:29:30" hostname="Pc" time="1.239">
  <properties/>
  <testcase name="delete" classname="apoc.nodes.NodesTest" time="0.669"/>
  <testcase name="link" classname="apoc.nodes.NodesTest" time="0.2"/>
  <testcase name="hasRelationhip" classname="apoc.nodes.NodesTest" time="0.226"/>
  <testcase name="isDense" classname="apoc.nodes.NodesTest" time="0.143"/>
  <system-out><![CDATA[]]></system-out>
  <system-err><![CDATA[]]></system-err>
</testsuite>
