<?xml version="1.0" encoding="UTF-8"?>
<testsuite name="apoc.algo.PregelTest" tests="4" skipped="1" failures="0" errors="0" timestamp="2017-04-19T18:13:10" hostname="Pc" time="35.825">
  <properties/>
  <testcase name="testCreateGraph" classname="apoc.algo.PregelTest" time="0.0">
    <skipped/>
  </testcase>
  <testcase name="runPageRank" classname="apoc.algo.PregelTest" time="18.197"/>
  <testcase name="runPageRank3" classname="apoc.algo.PregelTest" time="14.034"/>
  <testcase name="runDegreeProgram" classname="apoc.algo.PregelTest" time="3.594"/>
  <system-out><![CDATA[]]></system-out>
  <system-err><![CDATA[Generating Data took 17166 ms. nodes 100001 rels 950769
PageRank Program ran for 100001 nodes in 459 ms. 10 hightest Ranks [1.3125209, 1.3138509, 1.3168213, 1.3177344, 1.3323275, 1.3679276, 1.376396, 1.3843566, 1.4682544, 1.468718]
Generating Data took 12998 ms. nodes 100001 rels 950769
PageRank Program ran for 100001 nodes in 419 ms. 10 hightest Ranks [1.3125207, 1.3138509, 1.3168213, 1.3177342, 1.3323274, 1.3679274, 1.376396, 1.3843566, 1.4682546, 1.468718]
Program ran for 100001 nodes in 162 ms.
]]></system-err>
</testsuite>
