<?xml version="1.0" encoding="UTF-8"?>
<testsuite name="apoc.text.PhoneticTest" tests="7" skipped="0" failures="0" errors="0" timestamp="2017-04-18T22:42:36" hostname="Pc" time="0.619">
  <properties/>
  <testcase name="shouldComputeSoundexDifference" classname="apoc.text.PhoneticTest" time="0.096"/>
  <testcase name="shouldComputeSoundexEncodingOfManyWords" classname="apoc.text.PhoneticTest" time="0.08"/>
  <testcase name="shouldComputeEmptySoundexEncodingForTheEmptyString" classname="apoc.text.PhoneticTest" time="0.077"/>
  <testcase name="shouldComputeWordSoundexEncodingOfNull" classname="apoc.text.PhoneticTest" time="0.099"/>
  <testcase name="shouldComputeSoundexEncodingOfManyWordsEvenIfTheStringContainsSomeExtraChars" classname="apoc.text.PhoneticTest" time="0.091"/>
  <testcase name="shouldComputeSimpleSoundexEncodingOfNull" classname="apoc.text.PhoneticTest" time="0.086"/>
  <testcase name="shouldComputeSimpleSoundexEncoding" classname="apoc.text.PhoneticTest" time="0.088"/>
  <system-out><![CDATA[]]></system-out>
  <system-err><![CDATA[]]></system-err>
</testsuite>
