<?xml version="1.0" encoding="UTF-8"?>
<testsuite name="apoc.algo.PathFindingTest" tests="6" skipped="0" failures="0" errors="0" timestamp="2017-04-20T18:34:48" hostname="Pc" time="0.915">
  <properties/>
  <testcase name="testAllSimplePathResults" classname="apoc.algo.PathFindingTest" time="0.184"/>
  <testcase name="testAStar" classname="apoc.algo.PathFindingTest" time="0.153"/>
  <testcase name="testAStarConfig" classname="apoc.algo.PathFindingTest" time="0.138"/>
  <testcase name="testDijkstra" classname="apoc.algo.PathFindingTest" time="0.159"/>
  <testcase name="testAllSimplePaths" classname="apoc.algo.PathFindingTest" time="0.137"/>
  <testcase name="testDijkstraWithDefaultWeight" classname="apoc.algo.PathFindingTest" time="0.144"/>
  <system-out><![CDATA[]]></system-out>
  <system-err><![CDATA[]]></system-err>
</testsuite>
