<?xml version="1.0" encoding="UTF-8"?>
<testsuite name="apoc.load.LoadCsvTest" tests="9" skipped="0" failures="0" errors="0" timestamp="2017-04-19T18:15:39" hostname="Pc" time="1.801">
  <properties/>
  <testcase name="testLoadCsvTabSeparator" classname="apoc.load.LoadCsvTest" time="0.134"/>
  <testcase name="testLoadCsvColonSeparator" classname="apoc.load.LoadCsvTest" time="0.098"/>
  <testcase name="testLoadCsvByUrlRedirect" classname="apoc.load.LoadCsvTest" time="0.978"/>
  <testcase name="testLoadCsvSkip" classname="apoc.load.LoadCsvTest" time="0.093"/>
  <testcase name="testLoadCsv" classname="apoc.load.LoadCsvTest" time="0.095"/>
  <testcase name="testMapping" classname="apoc.load.LoadCsvTest" time="0.104"/>
  <testcase name="testLoadCsvIgnoreFields" classname="apoc.load.LoadCsvTest" time="0.094"/>
  <testcase name="testLoadCsvByUrl" classname="apoc.load.LoadCsvTest" time="0.104"/>
  <testcase name="testLoadCsvNoHeader" classname="apoc.load.LoadCsvTest" time="0.101"/>
  <system-out><![CDATA[]]></system-out>
  <system-err><![CDATA[]]></system-err>
</testsuite>
