<?xml version="1.0" encoding="UTF-8"?>
<testsuite name="apoc.nodes.NodesTest" tests="4" skipped="0" failures="0" errors="0" timestamp="2017-04-24T14:17:39" hostname="Pc" time="0.766">
  <properties/>
  <testcase name="delete" classname="apoc.nodes.NodesTest" time="0.362"/>
  <testcase name="link" classname="apoc.nodes.NodesTest" time="0.119"/>
  <testcase name="hasRelationhip" classname="apoc.nodes.NodesTest" time="0.17"/>
  <testcase name="isDense" classname="apoc.nodes.NodesTest" time="0.115"/>
  <system-out><![CDATA[]]></system-out>
  <system-err><![CDATA[]]></system-err>
</testsuite>
