<?xml version="1.0" encoding="UTF-8"?>
<testsuite name="apoc.cache.StaticTest" tests="4" skipped="0" failures="0" errors="0" timestamp="2017-04-21T15:26:01" hostname="Pc" time="0.501">
  <properties/>
  <testcase name="testListFromConfig" classname="apoc.cache.StaticTest" time="0.155"/>
  <testcase name="testSet" classname="apoc.cache.StaticTest" time="0.122"/>
  <testcase name="testGetAllFromConfig" classname="apoc.cache.StaticTest" time="0.106"/>
  <testcase name="testOverrideConfig" classname="apoc.cache.StaticTest" time="0.118"/>
  <system-out><![CDATA[]]></system-out>
  <system-err><![CDATA[]]></system-err>
</testsuite>
