<?xml version="1.0" encoding="UTF-8"?>
<testsuite name="apoc.load.LoadCsvTest" tests="9" skipped="0" failures="0" errors="0" timestamp="2017-04-24T10:28:29" hostname="Pc" time="1.71">
  <properties/>
  <testcase name="testLoadCsvTabSeparator" classname="apoc.load.LoadCsvTest" time="0.167"/>
  <testcase name="testLoadCsvColonSeparator" classname="apoc.load.LoadCsvTest" time="0.109"/>
  <testcase name="testLoadCsvByUrlRedirect" classname="apoc.load.LoadCsvTest" time="0.831"/>
  <testcase name="testLoadCsvSkip" classname="apoc.load.LoadCsvTest" time="0.089"/>
  <testcase name="testLoadCsv" classname="apoc.load.LoadCsvTest" time="0.109"/>
  <testcase name="testMapping" classname="apoc.load.LoadCsvTest" time="0.105"/>
  <testcase name="testLoadCsvIgnoreFields" classname="apoc.load.LoadCsvTest" time="0.098"/>
  <testcase name="testLoadCsvByUrl" classname="apoc.load.LoadCsvTest" time="0.111"/>
  <testcase name="testLoadCsvNoHeader" classname="apoc.load.LoadCsvTest" time="0.09"/>
  <system-out><![CDATA[]]></system-out>
  <system-err><![CDATA[]]></system-err>
</testsuite>
