<?xml version="1.0" encoding="UTF-8"?>
<testsuite name="apoc.text.PhoneticTest" tests="7" skipped="0" failures="0" errors="0" timestamp="2017-04-24T13:15:41" hostname="Pc" time="0.732">
  <properties/>
  <testcase name="shouldComputeSoundexDifference" classname="apoc.text.PhoneticTest" time="0.144"/>
  <testcase name="shouldComputeSoundexEncodingOfManyWords" classname="apoc.text.PhoneticTest" time="0.09"/>
  <testcase name="shouldComputeEmptySoundexEncodingForTheEmptyString" classname="apoc.text.PhoneticTest" time="0.095"/>
  <testcase name="shouldComputeWordSoundexEncodingOfNull" classname="apoc.text.PhoneticTest" time="0.102"/>
  <testcase name="shouldComputeSoundexEncodingOfManyWordsEvenIfTheStringContainsSomeExtraChars" classname="apoc.text.PhoneticTest" time="0.091"/>
  <testcase name="shouldComputeSimpleSoundexEncodingOfNull" classname="apoc.text.PhoneticTest" time="0.092"/>
  <testcase name="shouldComputeSimpleSoundexEncoding" classname="apoc.text.PhoneticTest" time="0.117"/>
  <system-out><![CDATA[]]></system-out>
  <system-err><![CDATA[]]></system-err>
</testsuite>
