<?xml version="1.0" encoding="UTF-8"?>
<testsuite name="apoc.index.FulltextIndexTest" tests="13" skipped="0" failures="0" errors="0" timestamp="2017-04-20T11:08:38" hostname="Pc" time="1.634">
  <properties/>
  <testcase name="testRelationships" classname="apoc.index.FulltextIndexTest" time="0.131"/>
  <testcase name="testAddNode" classname="apoc.index.FulltextIndexTest" time="0.12"/>
  <testcase name="testOut" classname="apoc.index.FulltextIndexTest" time="0.124"/>
  <testcase name="testNodes" classname="apoc.index.FulltextIndexTest" time="0.106"/>
  <testcase name="testRemoveRelationshipByName" classname="apoc.index.FulltextIndexTest" time="0.133"/>
  <testcase name="testIn" classname="apoc.index.FulltextIndexTest" time="0.127"/>
  <testcase name="testBetween" classname="apoc.index.FulltextIndexTest" time="0.131"/>
  <testcase name="testAddRelationshipToExistingIndex" classname="apoc.index.FulltextIndexTest" time="0.113"/>
  <testcase name="testAddNodeByLabel" classname="apoc.index.FulltextIndexTest" time="0.121"/>
  <testcase name="testAddNodeToExistingIndex" classname="apoc.index.FulltextIndexTest" time="0.143"/>
  <testcase name="testAddNodeByLabelMultipleProperties" classname="apoc.index.FulltextIndexTest" time="0.158"/>
  <testcase name="testRemoveNodeByName" classname="apoc.index.FulltextIndexTest" time="0.125"/>
  <testcase name="testAddRelationship" classname="apoc.index.FulltextIndexTest" time="0.101"/>
  <system-out><![CDATA[]]></system-out>
  <system-err><![CDATA[]]></system-err>
</testsuite>
