<?xml version="1.0" encoding="UTF-8"?>
<testsuite name="apoc.schema.SchemasTest" tests="6" skipped="0" failures="0" errors="0" timestamp="2017-04-24T13:39:53" hostname="Pc" time="0.63">
  <properties/>
  <testcase name="testCreateSchema" classname="apoc.schema.SchemasTest" time="0.114"/>
  <testcase name="testCreateIndex" classname="apoc.schema.SchemasTest" time="0.097"/>
  <testcase name="testKeepIndex" classname="apoc.schema.SchemasTest" time="0.1"/>
  <testcase name="testDropIndex" classname="apoc.schema.SchemasTest" time="0.102"/>
  <testcase name="testDropSchema" classname="apoc.schema.SchemasTest" time="0.115"/>
  <testcase name="testKeepSchema" classname="apoc.schema.SchemasTest" time="0.102"/>
  <system-out><![CDATA[]]></system-out>
  <system-err><![CDATA[]]></system-err>
</testsuite>
