<?xml version="1.0" encoding="UTF-8"?>
<testsuite name="apoc.algo.PageRankTest" tests="11" skipped="0" failures="0" errors="0" timestamp="2017-04-19T17:36:00" hostname="Pc" time="1.891">
  <properties/>
  <testcase name="shouldGetPageRankWithCypherExpectedResultWithoutNodes" classname="apoc.algo.PageRankTest" time="0.209"/>
  <testcase name="shouldGetPageRankWithCypherExpectedResultWithoutNodesParallel" classname="apoc.algo.PageRankTest" time="0.211"/>
  <testcase name="shouldGetPageRankWithCypherExpectedResultWithLables" classname="apoc.algo.PageRankTest" time="0.181"/>
  <testcase name="shouldGetPageRankStats" classname="apoc.algo.PageRankTest" time="0.16"/>
  <testcase name="shouldGetPageRankWithCypherExpectedResult" classname="apoc.algo.PageRankTest" time="0.169"/>
  <testcase name="shouldHandleNullIterations" classname="apoc.algo.PageRankTest" time="0.133"/>
  <testcase name="shouldGetPageRankWithSubCypherExpectedResult" classname="apoc.algo.PageRankTest" time="0.211"/>
  <testcase name="shouldGetPageRankExpectedResult" classname="apoc.algo.PageRankTest" time="0.169"/>
  <testcase name="shouldHandleNullNodes" classname="apoc.algo.PageRankTest" time="0.135"/>
  <testcase name="shouldHandleEmptyNodeSet" classname="apoc.algo.PageRankTest" time="0.137"/>
  <testcase name="shouldGetPageRankExpectedResultWithTypes" classname="apoc.algo.PageRankTest" time="0.175"/>
  <system-out><![CDATA[+---------------------------------------------------------------------------------------------------------------------------------+
| nodes | relationships | iterations | readNodeMillis | readRelationshipMillis | computeMillis | writeMillis | write | property   |
+---------------------------------------------------------------------------------------------------------------------------------+
| 11    | 16            | 20         | 0              | 21                     | 1             | 2           | true  | "pagerank" |
+---------------------------------------------------------------------------------------------------------------------------------+
1 row

+---------------------------------------------------------------------------------------------------------------------------------+
| nodes | relationships | iterations | readNodeMillis | readRelationshipMillis | computeMillis | writeMillis | write | property   |
+---------------------------------------------------------------------------------------------------------------------------------+
| 11    | 16            | 20         | 0              | 46                     | 0             | 2           | true  | "pagerank" |
+---------------------------------------------------------------------------------------------------------------------------------+
1 row

+---------------------------------------------------------------------------------------------------------------------------------+
| nodes | relationships | iterations | readNodeMillis | readRelationshipMillis | computeMillis | writeMillis | write | property   |
+---------------------------------------------------------------------------------------------------------------------------------+
| 11    | 16            | 20         | 12             | 15                     | 0             | 2           | true  | "pagerank" |
+---------------------------------------------------------------------------------------------------------------------------------+
1 row

row = {relationships=16, nodes=11, writeMillis=0, property=null, computeMillis=2, write=false, iterations=20, readRelationshipMillis=0, readNodeMillis=1}
+---------------------------------------------------------------------------------------------------------------------------------+
| nodes | relationships | iterations | readNodeMillis | readRelationshipMillis | computeMillis | writeMillis | write | property   |
+---------------------------------------------------------------------------------------------------------------------------------+
| 11    | 16            | 20         | 10             | 14                     | 0             | 3           | true  | "pagerank" |
+---------------------------------------------------------------------------------------------------------------------------------+
1 row

+---------------------------------------------------------------------------------------------------------------------------------+
| nodes | relationships | iterations | readNodeMillis | readRelationshipMillis | computeMillis | writeMillis | write | property   |
+---------------------------------------------------------------------------------------------------------------------------------+
| 5     | 0             | 5          | 16             | 19                     | 0             | 2           | true  | "pagerank" |
+---------------------------------------------------------------------------------------------------------------------------------+
1 row

]]></system-out>
  <system-err><![CDATA[]]></system-err>
</testsuite>
