<?xml version="1.0" encoding="UTF-8"?>
<testsuite name="apoc.spatial.SpatialTest" tests="4" skipped="0" failures="0" errors="0" timestamp="2017-04-21T15:04:05" hostname="Pc" time="0.618">
  <properties/>
  <testcase name="testGeocodePointAndDistance" classname="apoc.spatial.SpatialTest" time="0.183"/>
  <testcase name="testSimpleGeocode" classname="apoc.spatial.SpatialTest" time="0.115"/>
  <testcase name="testAllTheThings" classname="apoc.spatial.SpatialTest" time="0.158"/>
  <testcase name="testGraphRefactoring" classname="apoc.spatial.SpatialTest" time="0.162"/>
  <system-out><![CDATA[]]></system-out>
  <system-err><![CDATA[]]></system-err>
</testsuite>
