<?xml version="1.0" encoding="UTF-8"?>
<testsuite name="apoc.index.FulltextIndexTest" tests="13" skipped="0" failures="0" errors="0" timestamp="2017-04-25T14:18:47" hostname="Pc" time="1.657">
  <properties/>
  <testcase name="testRelationships" classname="apoc.index.FulltextIndexTest" time="0.121"/>
  <testcase name="testAddNode" classname="apoc.index.FulltextIndexTest" time="0.108"/>
  <testcase name="testOut" classname="apoc.index.FulltextIndexTest" time="0.117"/>
  <testcase name="testNodes" classname="apoc.index.FulltextIndexTest" time="0.122"/>
  <testcase name="testRemoveRelationshipByName" classname="apoc.index.FulltextIndexTest" time="0.145"/>
  <testcase name="testIn" classname="apoc.index.FulltextIndexTest" time="0.124"/>
  <testcase name="testBetween" classname="apoc.index.FulltextIndexTest" time="0.166"/>
  <testcase name="testAddRelationshipToExistingIndex" classname="apoc.index.FulltextIndexTest" time="0.119"/>
  <testcase name="testAddNodeByLabel" classname="apoc.index.FulltextIndexTest" time="0.124"/>
  <testcase name="testAddNodeToExistingIndex" classname="apoc.index.FulltextIndexTest" time="0.161"/>
  <testcase name="testAddNodeByLabelMultipleProperties" classname="apoc.index.FulltextIndexTest" time="0.109"/>
  <testcase name="testRemoveNodeByName" classname="apoc.index.FulltextIndexTest" time="0.122"/>
  <testcase name="testAddRelationship" classname="apoc.index.FulltextIndexTest" time="0.117"/>
  <system-out><![CDATA[]]></system-out>
  <system-err><![CDATA[]]></system-err>
</testsuite>
