<?xml version="1.0" encoding="UTF-8"?>
<testsuite name="apoc.spatial.SpatialTest" tests="4" skipped="0" failures="0" errors="0" timestamp="2017-04-19T18:16:21" hostname="Pc" time="0.601">
  <properties/>
  <testcase name="testGeocodePointAndDistance" classname="apoc.spatial.SpatialTest" time="0.18"/>
  <testcase name="testSimpleGeocode" classname="apoc.spatial.SpatialTest" time="0.127"/>
  <testcase name="testAllTheThings" classname="apoc.spatial.SpatialTest" time="0.146"/>
  <testcase name="testGraphRefactoring" classname="apoc.spatial.SpatialTest" time="0.148"/>
  <system-out><![CDATA[]]></system-out>
  <system-err><![CDATA[]]></system-err>
</testsuite>
