<?xml version="1.0" encoding="UTF-8"?>
<testsuite name="apoc.cypher.CypherTest" tests="15" skipped="0" failures="0" errors="0" timestamp="2017-04-22T09:41:18" hostname="Pc" time="1.638">
  <properties/>
  <testcase name="testParallel2" classname="apoc.cypher.CypherTest" time="0.516"/>
  <testcase name="testRunFileWithResults" classname="apoc.cypher.CypherTest" time="0.088"/>
  <testcase name="testRunFileWithSchema" classname="apoc.cypher.CypherTest" time="0.008"/>
  <testcase name="testRunNoParams" classname="apoc.cypher.CypherTest" time="0.008"/>
  <testcase name="testRun" classname="apoc.cypher.CypherTest" time="0.008"/>
  <testcase name="testWithTimeout" classname="apoc.cypher.CypherTest" time="0.112"/>
  <testcase name="testMapParallel2" classname="apoc.cypher.CypherTest" time="0.19"/>
  <testcase name="testMapParallel" classname="apoc.cypher.CypherTest" time="0.169"/>
  <testcase name="testRunNullParams" classname="apoc.cypher.CypherTest" time="0.004"/>
  <testcase name="testRunVariable" classname="apoc.cypher.CypherTest" time="0.011"/>
  <testcase name="testRunFile" classname="apoc.cypher.CypherTest" time="0.016"/>
  <testcase name="testRunMany" classname="apoc.cypher.CypherTest" time="0.02"/>
  <testcase name="testSingular" classname="apoc.cypher.CypherTest" time="0.129"/>
  <testcase name="testRunWithPeriodic" classname="apoc.cypher.CypherTest" time="0.188"/>
  <testcase name="testParallel" classname="apoc.cypher.CypherTest" time="0.167"/>
  <system-out><![CDATA[]]></system-out>
  <system-err><![CDATA[]]></system-err>
</testsuite>
