<?xml version="1.0" encoding="UTF-8"?>
<testsuite name="apoc.index.FulltextIndexTest" tests="13" skipped="0" failures="0" errors="0" timestamp="2017-04-20T11:21:31" hostname="Pc" time="1.54">
  <properties/>
  <testcase name="testRelationships" classname="apoc.index.FulltextIndexTest" time="0.115"/>
  <testcase name="testAddNode" classname="apoc.index.FulltextIndexTest" time="0.148"/>
  <testcase name="testOut" classname="apoc.index.FulltextIndexTest" time="0.125"/>
  <testcase name="testNodes" classname="apoc.index.FulltextIndexTest" time="0.095"/>
  <testcase name="testRemoveRelationshipByName" classname="apoc.index.FulltextIndexTest" time="0.121"/>
  <testcase name="testIn" classname="apoc.index.FulltextIndexTest" time="0.105"/>
  <testcase name="testBetween" classname="apoc.index.FulltextIndexTest" time="0.122"/>
  <testcase name="testAddRelationshipToExistingIndex" classname="apoc.index.FulltextIndexTest" time="0.116"/>
  <testcase name="testAddNodeByLabel" classname="apoc.index.FulltextIndexTest" time="0.091"/>
  <testcase name="testAddNodeToExistingIndex" classname="apoc.index.FulltextIndexTest" time="0.119"/>
  <testcase name="testAddNodeByLabelMultipleProperties" classname="apoc.index.FulltextIndexTest" time="0.118"/>
  <testcase name="testRemoveNodeByName" classname="apoc.index.FulltextIndexTest" time="0.116"/>
  <testcase name="testAddRelationship" classname="apoc.index.FulltextIndexTest" time="0.146"/>
  <system-out><![CDATA[]]></system-out>
  <system-err><![CDATA[]]></system-err>
</testsuite>
