<?xml version="1.0" encoding="UTF-8"?>
<testsuite name="apoc.trigger.TriggerTest" tests="8" skipped="0" failures="0" errors="0" timestamp="2017-04-20T19:29:32" hostname="Pc" time="0.964">
  <properties/>
  <testcase name="testTimeStampTriggerForUpdatedProperties" classname="apoc.trigger.TriggerTest" time="0.146"/>
  <testcase name="testTxId" classname="apoc.trigger.TriggerTest" time="0.113"/>
  <testcase name="testListTriggers" classname="apoc.trigger.TriggerTest" time="0.094"/>
  <testcase name="testLowerCaseName" classname="apoc.trigger.TriggerTest" time="0.112"/>
  <testcase name="testRemoveNode" classname="apoc.trigger.TriggerTest" time="0.141"/>
  <testcase name="testRemoveRelationship" classname="apoc.trigger.TriggerTest" time="0.129"/>
  <testcase name="testSetLabels" classname="apoc.trigger.TriggerTest" time="0.123"/>
  <testcase name="testTimeStampTrigger" classname="apoc.trigger.TriggerTest" time="0.105"/>
  <system-out><![CDATA[]]></system-out>
  <system-err><![CDATA[]]></system-err>
</testsuite>
