<?xml version="1.0" encoding="UTF-8"?>
<testsuite name="apoc.get.GetTest" tests="2" skipped="0" failures="0" errors="0" timestamp="2017-04-22T14:52:33" hostname="Pc" time="0.25">
  <properties/>
  <testcase name="testNodes" classname="apoc.get.GetTest" time="0.123"/>
  <testcase name="testRels" classname="apoc.get.GetTest" time="0.127"/>
  <system-out><![CDATA[]]></system-out>
  <system-err><![CDATA[]]></system-err>
</testsuite>
