<?xml version="1.0" encoding="UTF-8"?>
<testsuite name="apoc.generate.WattsStrogatzGeneratorTest" tests="2" skipped="1" failures="0" errors="0" timestamp="2017-04-24T15:36:23" hostname="Pc" time="1.306">
  <properties/>
  <testcase name="shouldGenerateCorrectNumberOfNodesAndRelationships" classname="apoc.generate.WattsStrogatzGeneratorTest" time="1.305"/>
  <testcase name="shouldGenerateRelationshipsForLargeGraphInAReasonableAmountOfTime" classname="apoc.generate.WattsStrogatzGeneratorTest" time="0.001">
    <skipped/>
  </testcase>
  <system-out><![CDATA[]]></system-out>
  <system-err><![CDATA[]]></system-err>
</testsuite>
