<?xml version="1.0" encoding="UTF-8"?>
<testsuite name="apoc.spatial.SpatialTest" tests="4" skipped="0" failures="0" errors="0" timestamp="2017-04-24T12:22:55" hostname="Pc" time="0.655">
  <properties/>
  <testcase name="testGeocodePointAndDistance" classname="apoc.spatial.SpatialTest" time="0.217"/>
  <testcase name="testSimpleGeocode" classname="apoc.spatial.SpatialTest" time="0.132"/>
  <testcase name="testAllTheThings" classname="apoc.spatial.SpatialTest" time="0.163"/>
  <testcase name="testGraphRefactoring" classname="apoc.spatial.SpatialTest" time="0.142"/>
  <system-out><![CDATA[]]></system-out>
  <system-err><![CDATA[]]></system-err>
</testsuite>
