<?xml version="1.0" encoding="UTF-8"?>
<testsuite name="apoc.load.JdbcTest" tests="4" skipped="0" failures="0" errors="0" timestamp="2017-04-22T14:53:26" hostname="Pc" time="0.05">
  <properties/>
  <testcase name="testLoadJdbc" classname="apoc.load.JdbcTest" time="0.018"/>
  <testcase name="testLoadJdbcParams" classname="apoc.load.JdbcTest" time="0.023"/>
  <testcase name="testLoadJdbcSelect" classname="apoc.load.JdbcTest" time="0.006"/>
  <testcase name="testLoadJdbcKey" classname="apoc.load.JdbcTest" time="0.003"/>
  <system-out><![CDATA[]]></system-out>
  <system-err><![CDATA[]]></system-err>
</testsuite>
