<?xml version="1.0" encoding="UTF-8"?>
<testsuite name="apoc.index.FulltextIndexTest" tests="13" skipped="0" failures="0" errors="0" timestamp="2017-04-19T16:35:03" hostname="Pc" time="1.561">
  <properties/>
  <testcase name="testRelationships" classname="apoc.index.FulltextIndexTest" time="0.101"/>
  <testcase name="testAddNode" classname="apoc.index.FulltextIndexTest" time="0.114"/>
  <testcase name="testOut" classname="apoc.index.FulltextIndexTest" time="0.135"/>
  <testcase name="testNodes" classname="apoc.index.FulltextIndexTest" time="0.12"/>
  <testcase name="testRemoveRelationshipByName" classname="apoc.index.FulltextIndexTest" time="0.131"/>
  <testcase name="testIn" classname="apoc.index.FulltextIndexTest" time="0.129"/>
  <testcase name="testBetween" classname="apoc.index.FulltextIndexTest" time="0.126"/>
  <testcase name="testAddRelationshipToExistingIndex" classname="apoc.index.FulltextIndexTest" time="0.146"/>
  <testcase name="testAddNodeByLabel" classname="apoc.index.FulltextIndexTest" time="0.11"/>
  <testcase name="testAddNodeToExistingIndex" classname="apoc.index.FulltextIndexTest" time="0.109"/>
  <testcase name="testAddNodeByLabelMultipleProperties" classname="apoc.index.FulltextIndexTest" time="0.101"/>
  <testcase name="testRemoveNodeByName" classname="apoc.index.FulltextIndexTest" time="0.125"/>
  <testcase name="testAddRelationship" classname="apoc.index.FulltextIndexTest" time="0.112"/>
  <system-out><![CDATA[]]></system-out>
  <system-err><![CDATA[]]></system-err>
</testsuite>
