<?xml version="1.0" encoding="UTF-8"?>
<testsuite name="apoc.nodes.NodesTest" tests="4" skipped="0" failures="0" errors="0" timestamp="2017-04-19T18:00:04" hostname="Pc" time="0.793">
  <properties/>
  <testcase name="delete" classname="apoc.nodes.NodesTest" time="0.378"/>
  <testcase name="link" classname="apoc.nodes.NodesTest" time="0.122"/>
  <testcase name="hasRelationhip" classname="apoc.nodes.NodesTest" time="0.171"/>
  <testcase name="isDense" classname="apoc.nodes.NodesTest" time="0.122"/>
  <system-out><![CDATA[]]></system-out>
  <system-err><![CDATA[]]></system-err>
</testsuite>
