<?xml version="1.0" encoding="UTF-8"?>
<testsuite name="apoc.spatial.SpatialTest" tests="4" skipped="0" failures="0" errors="0" timestamp="2017-04-24T14:18:16" hostname="Pc" time="0.576">
  <properties/>
  <testcase name="testGeocodePointAndDistance" classname="apoc.spatial.SpatialTest" time="0.185"/>
  <testcase name="testSimpleGeocode" classname="apoc.spatial.SpatialTest" time="0.112"/>
  <testcase name="testAllTheThings" classname="apoc.spatial.SpatialTest" time="0.137"/>
  <testcase name="testGraphRefactoring" classname="apoc.spatial.SpatialTest" time="0.142"/>
  <system-out><![CDATA[]]></system-out>
  <system-err><![CDATA[]]></system-err>
</testsuite>
