<?xml version="1.0" encoding="UTF-8"?>
<testsuite name="apoc.index.FulltextIndexTest" tests="13" skipped="0" failures="0" errors="0" timestamp="2017-04-18T13:39:19" hostname="Pc" time="1.51">
  <properties/>
  <testcase name="testRelationships" classname="apoc.index.FulltextIndexTest" time="0.112"/>
  <testcase name="testAddNode" classname="apoc.index.FulltextIndexTest" time="0.093"/>
  <testcase name="testOut" classname="apoc.index.FulltextIndexTest" time="0.13"/>
  <testcase name="testNodes" classname="apoc.index.FulltextIndexTest" time="0.107"/>
  <testcase name="testRemoveRelationshipByName" classname="apoc.index.FulltextIndexTest" time="0.174"/>
  <testcase name="testIn" classname="apoc.index.FulltextIndexTest" time="0.126"/>
  <testcase name="testBetween" classname="apoc.index.FulltextIndexTest" time="0.12"/>
  <testcase name="testAddRelationshipToExistingIndex" classname="apoc.index.FulltextIndexTest" time="0.093"/>
  <testcase name="testAddNodeByLabel" classname="apoc.index.FulltextIndexTest" time="0.101"/>
  <testcase name="testAddNodeToExistingIndex" classname="apoc.index.FulltextIndexTest" time="0.134"/>
  <testcase name="testAddNodeByLabelMultipleProperties" classname="apoc.index.FulltextIndexTest" time="0.095"/>
  <testcase name="testRemoveNodeByName" classname="apoc.index.FulltextIndexTest" time="0.104"/>
  <testcase name="testAddRelationship" classname="apoc.index.FulltextIndexTest" time="0.121"/>
  <system-out><![CDATA[]]></system-out>
  <system-err><![CDATA[]]></system-err>
</testsuite>
