<?xml version="1.0" encoding="UTF-8"?>
<testsuite name="apoc.algo.PregelTest" tests="4" skipped="1" failures="0" errors="0" timestamp="2017-04-22T09:40:08" hostname="Pc" time="36.188">
  <properties/>
  <testcase name="testCreateGraph" classname="apoc.algo.PregelTest" time="0.0">
    <skipped/>
  </testcase>
  <testcase name="runPageRank" classname="apoc.algo.PregelTest" time="17.715"/>
  <testcase name="runPageRank3" classname="apoc.algo.PregelTest" time="14.833"/>
  <testcase name="runDegreeProgram" classname="apoc.algo.PregelTest" time="3.639"/>
  <system-out><![CDATA[]]></system-out>
  <system-err><![CDATA[Generating Data took 16619 ms. nodes 100001 rels 950769
PageRank Program ran for 100001 nodes in 472 ms. 10 hightest Ranks [1.3125209, 1.3138509, 1.3168213, 1.3177344, 1.3323275, 1.3679276, 1.376396, 1.3843566, 1.4682544, 1.468718]
Generating Data took 13677 ms. nodes 100001 rels 950769
PageRank Program ran for 100001 nodes in 447 ms. 10 hightest Ranks [1.3125207, 1.3138508, 1.3168212, 1.3177344, 1.3323275, 1.3679274, 1.376396, 1.3843565, 1.4682546, 1.468718]
Program ran for 100001 nodes in 193 ms.
]]></system-err>
</testsuite>
