<?xml version="1.0" encoding="UTF-8"?>
<testsuite name="apoc.cypher.CypherTest" tests="15" skipped="0" failures="0" errors="0" timestamp="2017-04-20T15:38:50" hostname="Pc" time="1.576">
  <properties/>
  <testcase name="testParallel2" classname="apoc.cypher.CypherTest" time="0.474"/>
  <testcase name="testRunFileWithResults" classname="apoc.cypher.CypherTest" time="0.064"/>
  <testcase name="testRunFileWithSchema" classname="apoc.cypher.CypherTest" time="0.006"/>
  <testcase name="testRunNoParams" classname="apoc.cypher.CypherTest" time="0.007"/>
  <testcase name="testRun" classname="apoc.cypher.CypherTest" time="0.008"/>
  <testcase name="testWithTimeout" classname="apoc.cypher.CypherTest" time="0.116"/>
  <testcase name="testMapParallel2" classname="apoc.cypher.CypherTest" time="0.188"/>
  <testcase name="testMapParallel" classname="apoc.cypher.CypherTest" time="0.165"/>
  <testcase name="testRunNullParams" classname="apoc.cypher.CypherTest" time="0.005"/>
  <testcase name="testRunVariable" classname="apoc.cypher.CypherTest" time="0.009"/>
  <testcase name="testRunFile" classname="apoc.cypher.CypherTest" time="0.018"/>
  <testcase name="testRunMany" classname="apoc.cypher.CypherTest" time="0.018"/>
  <testcase name="testSingular" classname="apoc.cypher.CypherTest" time="0.123"/>
  <testcase name="testRunWithPeriodic" classname="apoc.cypher.CypherTest" time="0.185"/>
  <testcase name="testParallel" classname="apoc.cypher.CypherTest" time="0.188"/>
  <system-out><![CDATA[]]></system-out>
  <system-err><![CDATA[]]></system-err>
</testsuite>
