<?xml version="1.0" encoding="UTF-8"?>
<testsuite name="apoc.util.UtilTest" tests="3" skipped="0" failures="0" errors="0" timestamp="2017-04-19T18:00:55" hostname="Pc" time="0.024">
  <properties/>
  <testcase name="cleanPassword" classname="apoc.util.UtilTest" time="0.001"/>
  <testcase name="testPartitionList" classname="apoc.util.UtilTest" time="0.022"/>
  <testcase name="testSubMap" classname="apoc.util.UtilTest" time="0.0"/>
  <system-out><![CDATA[]]></system-out>
  <system-err><![CDATA[]]></system-err>
</testsuite>
