<?xml version="1.0" encoding="UTF-8"?>
<testsuite name="apoc.generate.Neo4jGraphGeneratorTest" tests="2" skipped="0" failures="0" errors="0" timestamp="2017-04-22T13:28:23" hostname="Pc" time="0.26">
  <properties/>
  <testcase name="validDistributionShouldGenerateGraph" classname="apoc.generate.Neo4jGraphGeneratorTest" time="0.133"/>
  <testcase name="invalidDistributionShouldThrowException" classname="apoc.generate.Neo4jGraphGeneratorTest" time="0.126"/>
  <system-out><![CDATA[]]></system-out>
  <system-err><![CDATA[]]></system-err>
</testsuite>
