<?xml version="1.0" encoding="UTF-8"?>
<testsuite name="apoc.index.FulltextIndexTest" tests="13" skipped="0" failures="0" errors="0" timestamp="2017-04-21T15:54:08" hostname="Pc" time="1.75">
  <properties/>
  <testcase name="testRelationships" classname="apoc.index.FulltextIndexTest" time="0.184"/>
  <testcase name="testAddNode" classname="apoc.index.FulltextIndexTest" time="0.116"/>
  <testcase name="testOut" classname="apoc.index.FulltextIndexTest" time="0.141"/>
  <testcase name="testNodes" classname="apoc.index.FulltextIndexTest" time="0.121"/>
  <testcase name="testRemoveRelationshipByName" classname="apoc.index.FulltextIndexTest" time="0.139"/>
  <testcase name="testIn" classname="apoc.index.FulltextIndexTest" time="0.139"/>
  <testcase name="testBetween" classname="apoc.index.FulltextIndexTest" time="0.142"/>
  <testcase name="testAddRelationshipToExistingIndex" classname="apoc.index.FulltextIndexTest" time="0.173"/>
  <testcase name="testAddNodeByLabel" classname="apoc.index.FulltextIndexTest" time="0.127"/>
  <testcase name="testAddNodeToExistingIndex" classname="apoc.index.FulltextIndexTest" time="0.118"/>
  <testcase name="testAddNodeByLabelMultipleProperties" classname="apoc.index.FulltextIndexTest" time="0.116"/>
  <testcase name="testRemoveNodeByName" classname="apoc.index.FulltextIndexTest" time="0.122"/>
  <testcase name="testAddRelationship" classname="apoc.index.FulltextIndexTest" time="0.11"/>
  <system-out><![CDATA[]]></system-out>
  <system-err><![CDATA[]]></system-err>
</testsuite>
