<?xml version="1.0" encoding="UTF-8"?>
<testsuite name="apoc.algo.SimilarityTest" tests="4" skipped="0" failures="0" errors="0" timestamp="2017-04-26T16:56:04" hostname="Pc" time="0.999">
  <properties/>
  <testcase name="testEuclideanSimilarity" classname="apoc.algo.SimilarityTest" time="0.336"/>
  <testcase name="testCosineSimilarityWithSomeRelationshipsNull" classname="apoc.algo.SimilarityTest" time="0.21"/>
  <testcase name="testCosineSimilarityWithSomeWeightPropertiesNull" classname="apoc.algo.SimilarityTest" time="0.225"/>
  <testcase name="testEuclideanDistance" classname="apoc.algo.SimilarityTest" time="0.228"/>
  <system-out><![CDATA[]]></system-out>
  <system-err><![CDATA[]]></system-err>
</testsuite>
