<?xml version="1.0" encoding="UTF-8"?>
<testsuite name="apoc.create.CreateTest" tests="14" skipped="0" failures="0" errors="0" timestamp="2017-04-22T14:51:51" hostname="Pc" time="1.678">
  <properties/>
  <testcase name="testCreateVirtualRelationship" classname="apoc.create.CreateTest" time="0.139"/>
  <testcase name="testCreateNodeWithArrayProps" classname="apoc.create.CreateTest" time="0.103"/>
  <testcase name="testVirtualNodeFunction" classname="apoc.create.CreateTest" time="0.101"/>
  <testcase name="testVirtualNode" classname="apoc.create.CreateTest" time="0.089"/>
  <testcase name="testCreateNodes" classname="apoc.create.CreateTest" time="0.114"/>
  <testcase name="testCreatePattern" classname="apoc.create.CreateTest" time="0.119"/>
  <testcase name="testCreateRelationship" classname="apoc.create.CreateTest" time="0.122"/>
  <testcase name="testSetProperty" classname="apoc.create.CreateTest" time="0.122"/>
  <testcase name="testCreateNode" classname="apoc.create.CreateTest" time="0.111"/>
  <testcase name="testSetRelProperty" classname="apoc.create.CreateTest" time="0.117"/>
  <testcase name="testCreatePatternFull" classname="apoc.create.CreateTest" time="0.106"/>
  <testcase name="testSetProperties" classname="apoc.create.CreateTest" time="0.18"/>
  <testcase name="testSetRelProperties" classname="apoc.create.CreateTest" time="0.13"/>
  <testcase name="testCreateVirtualRelationshipFunction" classname="apoc.create.CreateTest" time="0.123"/>
  <system-out><![CDATA[]]></system-out>
  <system-err><![CDATA[]]></system-err>
</testsuite>
