<?xml version="1.0" encoding="UTF-8"?>
<testsuite name="apoc.path.ExpandPathTest" tests="14" skipped="0" failures="0" errors="0" timestamp="2017-04-26T16:58:10" hostname="Pc" time="0.258">
  <properties/>
  <testcase name="testTerminationListBeforeWhitelist" classname="apoc.path.ExpandPathTest" time="0.054"/>
  <testcase name="testBlacklistBeforeWhitelist" classname="apoc.path.ExpandPathTest" time="0.02"/>
  <testcase name="testBlacklistBeforeTerminationList" classname="apoc.path.ExpandPathTest" time="0.013"/>
  <testcase name="testExplorePathWithEndNodeLabelAndLimit" classname="apoc.path.ExpandPathTest" time="0.019"/>
  <testcase name="testExplorePathRelationshipsTest" classname="apoc.path.ExpandPathTest" time="0.022"/>
  <testcase name="testExplorePathWithEndNodeLabel" classname="apoc.path.ExpandPathTest" time="0.013"/>
  <testcase name="testExplorePathWithFilterStartNodeFalseIgnoresLabelFilter" classname="apoc.path.ExpandPathTest" time="0.013"/>
  <testcase name="testExplorePathWithTerminationLabel" classname="apoc.path.ExpandPathTest" time="0.013"/>
  <testcase name="testTerminationListBeforeEndNodeList" classname="apoc.path.ExpandPathTest" time="0.015"/>
  <testcase name="testExplorePathWithLimitReturnsLimitedResults" classname="apoc.path.ExpandPathTest" time="0.022"/>
  <testcase name="testExplorePathLabelWhiteListTest" classname="apoc.path.ExpandPathTest" time="0.009"/>
  <testcase name="testBlacklistBeforeEndNodeList" classname="apoc.path.ExpandPathTest" time="0.016"/>
  <testcase name="testEndNodeListBeforeWhitelist" classname="apoc.path.ExpandPathTest" time="0.016"/>
  <testcase name="testExplorePathLabelBlackListTest" classname="apoc.path.ExpandPathTest" time="0.013"/>
  <system-out><![CDATA[]]></system-out>
  <system-err><![CDATA[]]></system-err>
</testsuite>
