<?xml version="1.0" encoding="UTF-8"?>
<testsuite name="apoc.data.ExtractTest" tests="8" skipped="0" failures="0" errors="0" timestamp="2017-04-20T19:27:26" hostname="Pc" time="0.791">
  <properties/>
  <testcase name="testBadString" classname="apoc.data.ExtractTest" time="0.105"/>
  <testcase name="testUrl" classname="apoc.data.ExtractTest" time="0.084"/>
  <testcase name="testEmail" classname="apoc.data.ExtractTest" time="0.103"/>
  <testcase name="testNull" classname="apoc.data.ExtractTest" time="0.111"/>
  <testcase name="testEmptyString" classname="apoc.data.ExtractTest" time="0.104"/>
  <testcase name="testQuotedEmail" classname="apoc.data.ExtractTest" time="0.093"/>
  <testcase name="testQueryParameter" classname="apoc.data.ExtractTest" time="0.097"/>
  <testcase name="testEmailWithDotsBeforeAt" classname="apoc.data.ExtractTest" time="0.094"/>
  <system-out><![CDATA[]]></system-out>
  <system-err><![CDATA[]]></system-err>
</testsuite>
