<?xml version="1.0" encoding="UTF-8"?>
<testsuite name="apoc.algo.PathFindingTest" tests="6" skipped="0" failures="0" errors="0" timestamp="2017-04-21T15:25:14" hostname="Pc" time="1.076">
  <properties/>
  <testcase name="testAllSimplePathResults" classname="apoc.algo.PathFindingTest" time="0.223"/>
  <testcase name="testAStar" classname="apoc.algo.PathFindingTest" time="0.164"/>
  <testcase name="testAStarConfig" classname="apoc.algo.PathFindingTest" time="0.165"/>
  <testcase name="testDijkstra" classname="apoc.algo.PathFindingTest" time="0.21"/>
  <testcase name="testAllSimplePaths" classname="apoc.algo.PathFindingTest" time="0.161"/>
  <testcase name="testDijkstraWithDefaultWeight" classname="apoc.algo.PathFindingTest" time="0.152"/>
  <system-out><![CDATA[]]></system-out>
  <system-err><![CDATA[]]></system-err>
</testsuite>
