<?xml version="1.0" encoding="UTF-8"?>
<testsuite name="apoc.load.LoadCsvTest" tests="9" skipped="0" failures="0" errors="0" timestamp="2017-04-21T16:38:20" hostname="Pc" time="2.45">
  <properties/>
  <testcase name="testLoadCsvTabSeparator" classname="apoc.load.LoadCsvTest" time="0.181"/>
  <testcase name="testLoadCsvColonSeparator" classname="apoc.load.LoadCsvTest" time="0.117"/>
  <testcase name="testLoadCsvByUrlRedirect" classname="apoc.load.LoadCsvTest" time="1.362"/>
  <testcase name="testLoadCsvSkip" classname="apoc.load.LoadCsvTest" time="0.104"/>
  <testcase name="testLoadCsv" classname="apoc.load.LoadCsvTest" time="0.112"/>
  <testcase name="testMapping" classname="apoc.load.LoadCsvTest" time="0.12"/>
  <testcase name="testLoadCsvIgnoreFields" classname="apoc.load.LoadCsvTest" time="0.114"/>
  <testcase name="testLoadCsvByUrl" classname="apoc.load.LoadCsvTest" time="0.227"/>
  <testcase name="testLoadCsvNoHeader" classname="apoc.load.LoadCsvTest" time="0.112"/>
  <system-out><![CDATA[]]></system-out>
  <system-err><![CDATA[]]></system-err>
</testsuite>
