<?xml version="1.0" encoding="UTF-8"?>
<testsuite name="apoc.create.CreateTest" tests="14" skipped="0" failures="0" errors="0" timestamp="2017-04-26T16:41:36" hostname="Pc" time="1.467">
  <properties/>
  <testcase name="testCreateVirtualRelationship" classname="apoc.create.CreateTest" time="0.117"/>
  <testcase name="testCreateNodeWithArrayProps" classname="apoc.create.CreateTest" time="0.105"/>
  <testcase name="testVirtualNodeFunction" classname="apoc.create.CreateTest" time="0.105"/>
  <testcase name="testVirtualNode" classname="apoc.create.CreateTest" time="0.103"/>
  <testcase name="testCreateNodes" classname="apoc.create.CreateTest" time="0.097"/>
  <testcase name="testCreatePattern" classname="apoc.create.CreateTest" time="0.096"/>
  <testcase name="testCreateRelationship" classname="apoc.create.CreateTest" time="0.102"/>
  <testcase name="testSetProperty" classname="apoc.create.CreateTest" time="0.125"/>
  <testcase name="testCreateNode" classname="apoc.create.CreateTest" time="0.103"/>
  <testcase name="testSetRelProperty" classname="apoc.create.CreateTest" time="0.1"/>
  <testcase name="testCreatePatternFull" classname="apoc.create.CreateTest" time="0.092"/>
  <testcase name="testSetProperties" classname="apoc.create.CreateTest" time="0.102"/>
  <testcase name="testSetRelProperties" classname="apoc.create.CreateTest" time="0.113"/>
  <testcase name="testCreateVirtualRelationshipFunction" classname="apoc.create.CreateTest" time="0.105"/>
  <system-out><![CDATA[]]></system-out>
  <system-err><![CDATA[]]></system-err>
</testsuite>
