<?xml version="1.0" encoding="UTF-8"?>
<testsuite name="apoc.index.FulltextIndexTest" tests="13" skipped="0" failures="0" errors="0" timestamp="2017-04-20T12:33:33" hostname="Pc" time="1.601">
  <properties/>
  <testcase name="testRelationships" classname="apoc.index.FulltextIndexTest" time="0.118"/>
  <testcase name="testAddNode" classname="apoc.index.FulltextIndexTest" time="0.096"/>
  <testcase name="testOut" classname="apoc.index.FulltextIndexTest" time="0.181"/>
  <testcase name="testNodes" classname="apoc.index.FulltextIndexTest" time="0.116"/>
  <testcase name="testRemoveRelationshipByName" classname="apoc.index.FulltextIndexTest" time="0.132"/>
  <testcase name="testIn" classname="apoc.index.FulltextIndexTest" time="0.126"/>
  <testcase name="testBetween" classname="apoc.index.FulltextIndexTest" time="0.134"/>
  <testcase name="testAddRelationshipToExistingIndex" classname="apoc.index.FulltextIndexTest" time="0.106"/>
  <testcase name="testAddNodeByLabel" classname="apoc.index.FulltextIndexTest" time="0.113"/>
  <testcase name="testAddNodeToExistingIndex" classname="apoc.index.FulltextIndexTest" time="0.124"/>
  <testcase name="testAddNodeByLabelMultipleProperties" classname="apoc.index.FulltextIndexTest" time="0.104"/>
  <testcase name="testRemoveNodeByName" classname="apoc.index.FulltextIndexTest" time="0.127"/>
  <testcase name="testAddRelationship" classname="apoc.index.FulltextIndexTest" time="0.123"/>
  <system-out><![CDATA[]]></system-out>
  <system-err><![CDATA[]]></system-err>
</testsuite>
