<?xml version="1.0" encoding="UTF-8"?>
<testsuite name="apoc.spatial.SpatialTest" tests="4" skipped="0" failures="0" errors="0" timestamp="2017-04-24T13:40:07" hostname="Pc" time="0.609">
  <properties/>
  <testcase name="testGeocodePointAndDistance" classname="apoc.spatial.SpatialTest" time="0.181"/>
  <testcase name="testSimpleGeocode" classname="apoc.spatial.SpatialTest" time="0.13"/>
  <testcase name="testAllTheThings" classname="apoc.spatial.SpatialTest" time="0.156"/>
  <testcase name="testGraphRefactoring" classname="apoc.spatial.SpatialTest" time="0.142"/>
  <system-out><![CDATA[]]></system-out>
  <system-err><![CDATA[]]></system-err>
</testsuite>
