<?xml version="1.0" encoding="UTF-8"?>
<testsuite name="apoc.spatial.GeocodeTest" tests="2" skipped="0" failures="0" errors="0" timestamp="2017-04-19T18:15:56" hostname="Pc" time="25.054">
  <properties/>
  <testcase name="testGeocodeGoogle" classname="apoc.spatial.GeocodeTest" time="11.757"/>
  <testcase name="testGeocodeOSM" classname="apoc.spatial.GeocodeTest" time="13.297"/>
  <system-out><![CDATA[Fast google test took 2455ms
Slow google test took 9208ms
Fast osm test took 1405ms
Slow osm test took 11775ms
]]></system-out>
  <system-err><![CDATA[]]></system-err>
</testsuite>
