<?xml version="1.0" encoding="UTF-8"?>
<testsuite name="apoc.index.FreeTextQueryParserTest" tests="1" skipped="0" failures="0" errors="0" timestamp="2017-04-19T17:28:18" hostname="Pc" time="0.046">
  <properties/>
  <testcase name="shouldParseNumericRange" classname="apoc.index.FreeTextQueryParserTest" time="0.046"/>
  <system-out><![CDATA[]]></system-out>
  <system-err><![CDATA[]]></system-err>
</testsuite>
