<?xml version="1.0" encoding="UTF-8"?>
<testsuite name="apoc.trigger.TriggerTest" tests="8" skipped="0" failures="0" errors="0" timestamp="2017-04-26T17:25:11" hostname="Pc" time="0.925">
  <properties/>
  <testcase name="testTimeStampTriggerForUpdatedProperties" classname="apoc.trigger.TriggerTest" time="0.133"/>
  <testcase name="testTxId" classname="apoc.trigger.TriggerTest" time="0.101"/>
  <testcase name="testListTriggers" classname="apoc.trigger.TriggerTest" time="0.09"/>
  <testcase name="testLowerCaseName" classname="apoc.trigger.TriggerTest" time="0.113"/>
  <testcase name="testRemoveNode" classname="apoc.trigger.TriggerTest" time="0.137"/>
  <testcase name="testRemoveRelationship" classname="apoc.trigger.TriggerTest" time="0.12"/>
  <testcase name="testSetLabels" classname="apoc.trigger.TriggerTest" time="0.126"/>
  <testcase name="testTimeStampTrigger" classname="apoc.trigger.TriggerTest" time="0.105"/>
  <system-out><![CDATA[]]></system-out>
  <system-err><![CDATA[]]></system-err>
</testsuite>
