<?xml version="1.0" encoding="UTF-8"?>
<testsuite name="apoc.algo.WeaklyConnectedComponentsTest" tests="2" skipped="0" failures="0" errors="0" timestamp="2017-04-22T09:40:45" hostname="Pc" time="0.283">
  <properties/>
  <testcase name="shouldReturnExpectedResultWhenUsingWeaklyConnected" classname="apoc.algo.WeaklyConnectedComponentsTest" time="0.165"/>
  <testcase name="shouldReturnExpectedResultCountWhenUsingWeaklyConnected" classname="apoc.algo.WeaklyConnectedComponentsTest" time="0.117"/>
  <system-out><![CDATA[]]></system-out>
  <system-err><![CDATA[]]></system-err>
</testsuite>
