<?xml version="1.0" encoding="UTF-8"?>
<testsuite name="apoc.number.NumbersTest" tests="3" skipped="0" failures="0" errors="0" timestamp="2017-04-24T15:37:28" hostname="Pc" time="0.105">
  <properties/>
  <testcase name="testParseFloat" classname="apoc.number.NumbersTest" time="0.03"/>
  <testcase name="testFormat" classname="apoc.number.NumbersTest" time="0.05"/>
  <testcase name="testParseInt" classname="apoc.number.NumbersTest" time="0.025"/>
  <system-out><![CDATA[]]></system-out>
  <system-err><![CDATA[]]></system-err>
</testsuite>
