<?xml version="1.0" encoding="UTF-8"?>
<testsuite name="apoc.nodes.NodesTest" tests="4" skipped="0" failures="0" errors="0" timestamp="2017-04-22T14:40:57" hostname="Pc" time="0.983">
  <properties/>
  <testcase name="delete" classname="apoc.nodes.NodesTest" time="0.52"/>
  <testcase name="link" classname="apoc.nodes.NodesTest" time="0.141"/>
  <testcase name="hasRelationhip" classname="apoc.nodes.NodesTest" time="0.179"/>
  <testcase name="isDense" classname="apoc.nodes.NodesTest" time="0.143"/>
  <system-out><![CDATA[]]></system-out>
  <system-err><![CDATA[]]></system-err>
</testsuite>
