<?xml version="1.0" encoding="UTF-8"?>
<testsuite name="apoc.export.graphml.ExportGraphMLTest" tests="4" skipped="0" failures="0" errors="0" timestamp="2017-04-24T14:33:23" hostname="Pc" time="0.145">
  <properties/>
  <testcase name="testExportGraphGraphML" classname="apoc.export.graphml.ExportGraphMLTest" time="0.037"/>
  <testcase name="testExportAllGraphML" classname="apoc.export.graphml.ExportGraphMLTest" time="0.019"/>
  <testcase name="testExportGraphGraphMLTypes" classname="apoc.export.graphml.ExportGraphMLTest" time="0.024"/>
  <testcase name="testImportGraphML" classname="apoc.export.graphml.ExportGraphMLTest" time="0.065"/>
  <system-out><![CDATA[]]></system-out>
  <system-err><![CDATA[]]></system-err>
</testsuite>
