<?xml version="1.0" encoding="UTF-8"?>
<testsuite name="apoc.cypher.CypherTest" tests="15" skipped="0" failures="0" errors="0" timestamp="2017-04-24T15:35:48" hostname="Pc" time="1.593">
  <properties/>
  <testcase name="testParallel2" classname="apoc.cypher.CypherTest" time="0.532"/>
  <testcase name="testRunFileWithResults" classname="apoc.cypher.CypherTest" time="0.08"/>
  <testcase name="testRunFileWithSchema" classname="apoc.cypher.CypherTest" time="0.007"/>
  <testcase name="testRunNoParams" classname="apoc.cypher.CypherTest" time="0.009"/>
  <testcase name="testRun" classname="apoc.cypher.CypherTest" time="0.009"/>
  <testcase name="testWithTimeout" classname="apoc.cypher.CypherTest" time="0.114"/>
  <testcase name="testMapParallel2" classname="apoc.cypher.CypherTest" time="0.17"/>
  <testcase name="testMapParallel" classname="apoc.cypher.CypherTest" time="0.15"/>
  <testcase name="testRunNullParams" classname="apoc.cypher.CypherTest" time="0.004"/>
  <testcase name="testRunVariable" classname="apoc.cypher.CypherTest" time="0.011"/>
  <testcase name="testRunFile" classname="apoc.cypher.CypherTest" time="0.019"/>
  <testcase name="testRunMany" classname="apoc.cypher.CypherTest" time="0.022"/>
  <testcase name="testSingular" classname="apoc.cypher.CypherTest" time="0.121"/>
  <testcase name="testRunWithPeriodic" classname="apoc.cypher.CypherTest" time="0.183"/>
  <testcase name="testParallel" classname="apoc.cypher.CypherTest" time="0.157"/>
  <system-out><![CDATA[]]></system-out>
  <system-err><![CDATA[]]></system-err>
</testsuite>
