<?xml version="1.0" encoding="UTF-8"?>
<testsuite name="apoc.algo.PathFindingTest" tests="6" skipped="0" failures="0" errors="0" timestamp="2017-04-22T14:37:48" hostname="Pc" time="1.092">
  <properties/>
  <testcase name="testAllSimplePathResults" classname="apoc.algo.PathFindingTest" time="0.212"/>
  <testcase name="testAStar" classname="apoc.algo.PathFindingTest" time="0.192"/>
  <testcase name="testAStarConfig" classname="apoc.algo.PathFindingTest" time="0.164"/>
  <testcase name="testDijkstra" classname="apoc.algo.PathFindingTest" time="0.168"/>
  <testcase name="testAllSimplePaths" classname="apoc.algo.PathFindingTest" time="0.164"/>
  <testcase name="testDijkstraWithDefaultWeight" classname="apoc.algo.PathFindingTest" time="0.189"/>
  <system-out><![CDATA[]]></system-out>
  <system-err><![CDATA[]]></system-err>
</testsuite>
