<?xml version="1.0" encoding="UTF-8"?>
<testsuite name="apoc.monitor.StoreInfoProcedureTest" tests="1" skipped="0" failures="0" errors="0" timestamp="2017-04-20T10:34:30" hostname="Pc" time="0.095">
  <properties/>
  <testcase name="testGetStoreInfo" classname="apoc.monitor.StoreInfoProcedureTest" time="0.095"/>
  <system-out><![CDATA[]]></system-out>
  <system-err><![CDATA[]]></system-err>
</testsuite>
