<?xml version="1.0" encoding="UTF-8"?>
<testsuite name="apoc.config.ConfigTest" tests="8" skipped="0" failures="0" errors="0" timestamp="2017-04-24T14:16:01" hostname="Pc" time="0.789">
  <properties/>
  <testcase name="changeSlashUrlWithDirectoryImportContrained" classname="apoc.config.ConfigTest" time="0.107"/>
  <testcase name="notChangeFileUrlWithdirectoryImportConstrained" classname="apoc.config.ConfigTest" time="0.104"/>
  <testcase name="changeFileSlashUrlWithDirectoryImportContrained" classname="apoc.config.ConfigTest" time="0.091"/>
  <testcase name="list" classname="apoc.config.ConfigTest" time="0.106"/>
  <testcase name="changeFileTripleSlashesUrlWithdirectoryImportConstrained" classname="apoc.config.ConfigTest" time="0.097"/>
  <testcase name="changeNoSlashesUrlWithDirectoryImportContrained" classname="apoc.config.ConfigTest" time="0.098"/>
  <testcase name="changeFileDoubleSlashesUrlWithdirectoryImportConstrained" classname="apoc.config.ConfigTest" time="0.087"/>
  <testcase name="getConfigurationValue" classname="apoc.config.ConfigTest" time="0.097"/>
  <system-out><![CDATA[]]></system-out>
  <system-err><![CDATA[]]></system-err>
</testsuite>
