<?xml version="1.0" encoding="UTF-8"?>
<testsuite name="apoc.warmup.WarmupTest" tests="1" skipped="0" failures="0" errors="0" timestamp="2017-04-20T10:13:49" hostname="Pc" time="0.203">
  <properties/>
  <testcase name="testWarmup" classname="apoc.warmup.WarmupTest" time="0.203"/>
  <system-out><![CDATA[]]></system-out>
  <system-err><![CDATA[]]></system-err>
</testsuite>
