<?xml version="1.0" encoding="UTF-8"?>
<testsuite name="apoc.spatial.GeocodeTest" tests="2" skipped="0" failures="0" errors="0" timestamp="2017-04-24T10:57:33" hostname="Pc" time="26.697">
  <properties/>
  <testcase name="testGeocodeGoogle" classname="apoc.spatial.GeocodeTest" time="12.47"/>
  <testcase name="testGeocodeOSM" classname="apoc.spatial.GeocodeTest" time="14.227"/>
  <system-out><![CDATA[Fast google test took 2593ms
Slow google test took 9769ms
Fast osm test took 2239ms
Slow osm test took 11889ms
]]></system-out>
  <system-err><![CDATA[]]></system-err>
</testsuite>
