<?xml version="1.0" encoding="UTF-8"?>
<testsuite name="apoc.schema.SchemasTest" tests="6" skipped="0" failures="0" errors="0" timestamp="2017-04-19T17:38:47" hostname="Pc" time="0.588">
  <properties/>
  <testcase name="testCreateSchema" classname="apoc.schema.SchemasTest" time="0.098"/>
  <testcase name="testCreateIndex" classname="apoc.schema.SchemasTest" time="0.095"/>
  <testcase name="testKeepIndex" classname="apoc.schema.SchemasTest" time="0.093"/>
  <testcase name="testDropIndex" classname="apoc.schema.SchemasTest" time="0.095"/>
  <testcase name="testDropSchema" classname="apoc.schema.SchemasTest" time="0.099"/>
  <testcase name="testKeepSchema" classname="apoc.schema.SchemasTest" time="0.107"/>
  <system-out><![CDATA[]]></system-out>
  <system-err><![CDATA[]]></system-err>
</testsuite>
