<?xml version="1.0" encoding="UTF-8"?>
<testsuite name="apoc.cypher.CypherTest" tests="15" skipped="0" failures="0" errors="0" timestamp="2017-04-19T18:14:18" hostname="Pc" time="1.722">
  <properties/>
  <testcase name="testParallel2" classname="apoc.cypher.CypherTest" time="0.509"/>
  <testcase name="testRunFileWithResults" classname="apoc.cypher.CypherTest" time="0.061"/>
  <testcase name="testRunFileWithSchema" classname="apoc.cypher.CypherTest" time="0.007"/>
  <testcase name="testRunNoParams" classname="apoc.cypher.CypherTest" time="0.007"/>
  <testcase name="testRun" classname="apoc.cypher.CypherTest" time="0.009"/>
  <testcase name="testWithTimeout" classname="apoc.cypher.CypherTest" time="0.111"/>
  <testcase name="testMapParallel2" classname="apoc.cypher.CypherTest" time="0.259"/>
  <testcase name="testMapParallel" classname="apoc.cypher.CypherTest" time="0.2"/>
  <testcase name="testRunNullParams" classname="apoc.cypher.CypherTest" time="0.003"/>
  <testcase name="testRunVariable" classname="apoc.cypher.CypherTest" time="0.01"/>
  <testcase name="testRunFile" classname="apoc.cypher.CypherTest" time="0.019"/>
  <testcase name="testRunMany" classname="apoc.cypher.CypherTest" time="0.023"/>
  <testcase name="testSingular" classname="apoc.cypher.CypherTest" time="0.162"/>
  <testcase name="testRunWithPeriodic" classname="apoc.cypher.CypherTest" time="0.169"/>
  <testcase name="testParallel" classname="apoc.cypher.CypherTest" time="0.17"/>
  <system-out><![CDATA[]]></system-out>
  <system-err><![CDATA[]]></system-err>
</testsuite>
