<?xml version="1.0" encoding="UTF-8"?>
<testsuite name="apoc.index.FulltextIndexTest" tests="13" skipped="0" failures="0" errors="0" timestamp="2017-04-19T17:28:36" hostname="Pc" time="1.689">
  <properties/>
  <testcase name="testRelationships" classname="apoc.index.FulltextIndexTest" time="0.122"/>
  <testcase name="testAddNode" classname="apoc.index.FulltextIndexTest" time="0.119"/>
  <testcase name="testOut" classname="apoc.index.FulltextIndexTest" time="0.143"/>
  <testcase name="testNodes" classname="apoc.index.FulltextIndexTest" time="0.099"/>
  <testcase name="testRemoveRelationshipByName" classname="apoc.index.FulltextIndexTest" time="0.141"/>
  <testcase name="testIn" classname="apoc.index.FulltextIndexTest" time="0.13"/>
  <testcase name="testBetween" classname="apoc.index.FulltextIndexTest" time="0.134"/>
  <testcase name="testAddRelationshipToExistingIndex" classname="apoc.index.FulltextIndexTest" time="0.161"/>
  <testcase name="testAddNodeByLabel" classname="apoc.index.FulltextIndexTest" time="0.103"/>
  <testcase name="testAddNodeToExistingIndex" classname="apoc.index.FulltextIndexTest" time="0.13"/>
  <testcase name="testAddNodeByLabelMultipleProperties" classname="apoc.index.FulltextIndexTest" time="0.123"/>
  <testcase name="testRemoveNodeByName" classname="apoc.index.FulltextIndexTest" time="0.125"/>
  <testcase name="testAddRelationship" classname="apoc.index.FulltextIndexTest" time="0.159"/>
  <system-out><![CDATA[]]></system-out>
  <system-err><![CDATA[]]></system-err>
</testsuite>
