<?xml version="1.0" encoding="UTF-8"?>
<testsuite name="apoc.algo.PathFindingTest" tests="6" skipped="0" failures="0" errors="0" timestamp="2017-04-20T10:31:51" hostname="Pc" time="0.984">
  <properties/>
  <testcase name="testAllSimplePathResults" classname="apoc.algo.PathFindingTest" time="0.175"/>
  <testcase name="testAStar" classname="apoc.algo.PathFindingTest" time="0.157"/>
  <testcase name="testAStarConfig" classname="apoc.algo.PathFindingTest" time="0.159"/>
  <testcase name="testDijkstra" classname="apoc.algo.PathFindingTest" time="0.175"/>
  <testcase name="testAllSimplePaths" classname="apoc.algo.PathFindingTest" time="0.181"/>
  <testcase name="testDijkstraWithDefaultWeight" classname="apoc.algo.PathFindingTest" time="0.135"/>
  <system-out><![CDATA[]]></system-out>
  <system-err><![CDATA[]]></system-err>
</testsuite>
