<?xml version="1.0" encoding="UTF-8"?>
<testsuite name="apoc.load.JdbcTest" tests="4" skipped="0" failures="0" errors="0" timestamp="2017-04-20T18:15:15" hostname="Pc" time="0.04">
  <properties/>
  <testcase name="testLoadJdbc" classname="apoc.load.JdbcTest" time="0.012"/>
  <testcase name="testLoadJdbcParams" classname="apoc.load.JdbcTest" time="0.021"/>
  <testcase name="testLoadJdbcSelect" classname="apoc.load.JdbcTest" time="0.003"/>
  <testcase name="testLoadJdbcKey" classname="apoc.load.JdbcTest" time="0.003"/>
  <system-out><![CDATA[]]></system-out>
  <system-err><![CDATA[]]></system-err>
</testsuite>
