<?xml version="1.0" encoding="UTF-8"?>
<testsuite name="apoc.algo.PathFindingTest" tests="6" skipped="0" failures="0" errors="0" timestamp="2017-04-20T19:26:14" hostname="Pc" time="0.971">
  <properties/>
  <testcase name="testAllSimplePathResults" classname="apoc.algo.PathFindingTest" time="0.215"/>
  <testcase name="testAStar" classname="apoc.algo.PathFindingTest" time="0.161"/>
  <testcase name="testAStarConfig" classname="apoc.algo.PathFindingTest" time="0.152"/>
  <testcase name="testDijkstra" classname="apoc.algo.PathFindingTest" time="0.155"/>
  <testcase name="testAllSimplePaths" classname="apoc.algo.PathFindingTest" time="0.148"/>
  <testcase name="testDijkstraWithDefaultWeight" classname="apoc.algo.PathFindingTest" time="0.139"/>
  <system-out><![CDATA[]]></system-out>
  <system-err><![CDATA[]]></system-err>
</testsuite>
