<?xml version="1.0" encoding="UTF-8"?>
<testsuite name="apoc.cypher.CypherTest" tests="15" skipped="0" failures="0" errors="0" timestamp="2017-04-20T18:36:00" hostname="Pc" time="1.503">
  <properties/>
  <testcase name="testParallel2" classname="apoc.cypher.CypherTest" time="0.449"/>
  <testcase name="testRunFileWithResults" classname="apoc.cypher.CypherTest" time="0.065"/>
  <testcase name="testRunFileWithSchema" classname="apoc.cypher.CypherTest" time="0.008"/>
  <testcase name="testRunNoParams" classname="apoc.cypher.CypherTest" time="0.009"/>
  <testcase name="testRun" classname="apoc.cypher.CypherTest" time="0.009"/>
  <testcase name="testWithTimeout" classname="apoc.cypher.CypherTest" time="0.114"/>
  <testcase name="testMapParallel2" classname="apoc.cypher.CypherTest" time="0.173"/>
  <testcase name="testMapParallel" classname="apoc.cypher.CypherTest" time="0.138"/>
  <testcase name="testRunNullParams" classname="apoc.cypher.CypherTest" time="0.003"/>
  <testcase name="testRunVariable" classname="apoc.cypher.CypherTest" time="0.008"/>
  <testcase name="testRunFile" classname="apoc.cypher.CypherTest" time="0.015"/>
  <testcase name="testRunMany" classname="apoc.cypher.CypherTest" time="0.017"/>
  <testcase name="testSingular" classname="apoc.cypher.CypherTest" time="0.142"/>
  <testcase name="testRunWithPeriodic" classname="apoc.cypher.CypherTest" time="0.179"/>
  <testcase name="testParallel" classname="apoc.cypher.CypherTest" time="0.172"/>
  <system-out><![CDATA[]]></system-out>
  <system-err><![CDATA[]]></system-err>
</testsuite>
