<?xml version="1.0" encoding="UTF-8"?>
<testsuite name="apoc.es.ElasticSearchTest" tests="14" skipped="0" failures="0" errors="0" timestamp="2017-04-18T13:38:41" hostname="Pc" time="11.062">
  <properties/>
  <testcase name="testGetQueryUrlShouldNotHaveTrailingQuestionMarkIfQueryIsEmpty" classname="apoc.es.ElasticSearchTest" time="0.0"/>
  <testcase name="testGetWithQueryAsStringSingleParam" classname="apoc.es.ElasticSearchTest" time="1.012"/>
  <testcase name="testGetQueryUrlShouldBeTheSameAsOldFormatting" classname="apoc.es.ElasticSearchTest" time="0.001"/>
  <testcase name="testStats" classname="apoc.es.ElasticSearchTest" time="1.005"/>
  <testcase name="testGetWithQueryAsMapSingleParam" classname="apoc.es.ElasticSearchTest" time="1.005"/>
  <testcase name="testSearchWithQueryAsAMap" classname="apoc.es.ElasticSearchTest" time="1.005"/>
  <testcase name="testPostUpdateDocument" classname="apoc.es.ElasticSearchTest" time="1.006"/>
  <testcase name="testPutNewDocument" classname="apoc.es.ElasticSearchTest" time="1.003"/>
  <testcase name="testGetWithQueryAsMapMultipleParams" classname="apoc.es.ElasticSearchTest" time="1.005"/>
  <testcase name="testPostAddNewDocument" classname="apoc.es.ElasticSearchTest" time="1.003"/>
  <testcase name="testGetWithQueryAsStringMultipleParams" classname="apoc.es.ElasticSearchTest" time="1.005"/>
  <testcase name="testGetWithQueryNull" classname="apoc.es.ElasticSearchTest" time="1.004"/>
  <testcase name="testSearchWithQueryAsAString" classname="apoc.es.ElasticSearchTest" time="1.004"/>
  <testcase name="testGetQueryUrlShouldNotHaveTrailingQuestionMarkIfQueryIsNull" classname="apoc.es.ElasticSearchTest" time="0.0"/>
  <system-out><![CDATA[]]></system-out>
  <system-err><![CDATA[Ignoring Exception org.neo4j.graphdb.QueryExecutionException: Failed to invoke procedure `apoc.es.post`: Caused by: java.lang.RuntimeException: Can't read url http://localhost:9200/test-index/test-type/c593aeb4-fdc8-4006-aa26-6aac34349cc4 as json: Connection refused: connect: Failed to invoke procedure `apoc.es.post`: Caused by: java.lang.RuntimeException: Can't read url http://localhost:9200/test-index/test-type/c593aeb4-fdc8-4006-aa26-6aac34349cc4 as json: Connection refused: connect due to causes [class java.net.ConnectException]
Ignoring Exception org.neo4j.graphdb.QueryExecutionException: Failed to invoke procedure `apoc.es.post`: Caused by: java.lang.RuntimeException: Can't read url http://localhost:9200/test-index/test-type/f2cff9df-4973-4342-9966-2859b27136b7 as json: Connection refused: connect: Failed to invoke procedure `apoc.es.post`: Caused by: java.lang.RuntimeException: Can't read url http://localhost:9200/test-index/test-type/f2cff9df-4973-4342-9966-2859b27136b7 as json: Connection refused: connect due to causes [class java.net.ConnectException]
Ignoring Exception org.neo4j.graphdb.QueryExecutionException: Failed to invoke procedure `apoc.es.post`: Caused by: java.lang.RuntimeException: Can't read url http://localhost:9200/test-index/test-type/1a62beff-2b73-4ed8-b298-67d44644463a as json: Connection refused: connect: Failed to invoke procedure `apoc.es.post`: Caused by: java.lang.RuntimeException: Can't read url http://localhost:9200/test-index/test-type/1a62beff-2b73-4ed8-b298-67d44644463a as json: Connection refused: connect due to causes [class java.net.ConnectException]
Ignoring Exception org.neo4j.graphdb.QueryExecutionException: Failed to invoke procedure `apoc.es.get`: Caused by: java.lang.RuntimeException: Can't read url http://localhost:9200/test-index/test-type/1a62beff-2b73-4ed8-b298-67d44644463a?_source_include=name as json: Connection refused: connect: Failed to invoke procedure `apoc.es.get`: Caused by: java.lang.RuntimeException: Can't read url http://localhost:9200/test-index/test-type/1a62beff-2b73-4ed8-b298-67d44644463a?_source_include=name as json: Connection refused: connect due to causes [class java.net.ConnectException]
Ignoring Exception org.neo4j.graphdb.QueryExecutionException: Failed to invoke procedure `apoc.es.stats`: Caused by: java.lang.RuntimeException: Can't read url http://localhost:9200/_stats as json: Connection refused: connect: Failed to invoke procedure `apoc.es.stats`: Caused by: java.lang.RuntimeException: Can't read url http://localhost:9200/_stats as json: Connection refused: connect due to causes [class java.net.ConnectException]
Ignoring Exception org.neo4j.graphdb.QueryExecutionException: Failed to invoke procedure `apoc.es.get`: Caused by: java.lang.RuntimeException: Can't read url http://localhost:9200/test-index/test-type/1a62beff-2b73-4ed8-b298-67d44644463a?_source_include=name as json: Connection refused: connect: Failed to invoke procedure `apoc.es.get`: Caused by: java.lang.RuntimeException: Can't read url http://localhost:9200/test-index/test-type/1a62beff-2b73-4ed8-b298-67d44644463a?_source_include=name as json: Connection refused: connect due to causes [class java.net.ConnectException]
Ignoring Exception org.neo4j.graphdb.QueryExecutionException: Failed to invoke procedure `apoc.es.query`: Caused by: java.lang.RuntimeException: Can't read url http://localhost:9200/test-index/test-type/_search?q=name=Neo4j as json: Connection refused: connect: Failed to invoke procedure `apoc.es.query`: Caused by: java.lang.RuntimeException: Can't read url http://localhost:9200/test-index/test-type/_search?q=name=Neo4j as json: Connection refused: connect due to causes [class java.net.ConnectException]
Ignoring Exception org.neo4j.graphdb.QueryExecutionException: Failed to invoke procedure `apoc.es.put`: Caused by: java.lang.RuntimeException: Can't read url http://localhost:9200/test-index/test-type/99c9c1e5-65ce-407a-b41b-63f8648c9848 as json: Connection refused: connect: Failed to invoke procedure `apoc.es.put`: Caused by: java.lang.RuntimeException: Can't read url http://localhost:9200/test-index/test-type/99c9c1e5-65ce-407a-b41b-63f8648c9848 as json: Connection refused: connect due to causes [class java.net.ConnectException]
Ignoring Exception org.neo4j.graphdb.QueryExecutionException: Failed to invoke procedure `apoc.es.put`: Caused by: java.lang.RuntimeException: Can't read url http://localhost:9200/test-index/test-type/372a6f34-5223-4f1f-9249-3372153ef7e3 as json: Connection refused: connect: Failed to invoke procedure `apoc.es.put`: Caused by: java.lang.RuntimeException: Can't read url http://localhost:9200/test-index/test-type/372a6f34-5223-4f1f-9249-3372153ef7e3 as json: Connection refused: connect due to causes [class java.net.ConnectException]
Ignoring Exception org.neo4j.graphdb.QueryExecutionException: Failed to invoke procedure `apoc.es.get`: Caused by: java.lang.RuntimeException: Can't read url http://localhost:9200/test-index/test-type/1a62beff-2b73-4ed8-b298-67d44644463a?_source_include=name&_source_exclude=description as json: Connection refused: connect: Failed to invoke procedure `apoc.es.get`: Caused by: java.lang.RuntimeException: Can't read url http://localhost:9200/test-index/test-type/1a62beff-2b73-4ed8-b298-67d44644463a?_source_include=name&_source_exclude=description as json: Connection refused: connect due to causes [class java.net.ConnectException]
Ignoring Exception org.neo4j.graphdb.QueryExecutionException: Failed to invoke procedure `apoc.es.post`: Caused by: java.lang.RuntimeException: Can't read url http://localhost:9200/test-index/test-type/a3ed07a0-c7ff-4a5d-9692-a47343f6b45f as json: Connection refused: connect: Failed to invoke procedure `apoc.es.post`: Caused by: java.lang.RuntimeException: Can't read url http://localhost:9200/test-index/test-type/a3ed07a0-c7ff-4a5d-9692-a47343f6b45f as json: Connection refused: connect due to causes [class java.net.ConnectException]
Ignoring Exception org.neo4j.graphdb.QueryExecutionException: Failed to invoke procedure `apoc.es.get`: Caused by: java.lang.RuntimeException: Can't read url http://localhost:9200/test-index/test-type/1a62beff-2b73-4ed8-b298-67d44644463a?_source_include=name&_source_exclude=description as json: Connection refused: connect: Failed to invoke procedure `apoc.es.get`: Caused by: java.lang.RuntimeException: Can't read url http://localhost:9200/test-index/test-type/1a62beff-2b73-4ed8-b298-67d44644463a?_source_include=name&_source_exclude=description as json: Connection refused: connect due to causes [class java.net.ConnectException]
Ignoring Exception org.neo4j.graphdb.QueryExecutionException: Failed to invoke procedure `apoc.es.get`: Caused by: java.lang.RuntimeException: Can't read url http://localhost:9200/test-index/test-type/1a62beff-2b73-4ed8-b298-67d44644463a as json: Connection refused: connect: Failed to invoke procedure `apoc.es.get`: Caused by: java.lang.RuntimeException: Can't read url http://localhost:9200/test-index/test-type/1a62beff-2b73-4ed8-b298-67d44644463a as json: Connection refused: connect due to causes [class java.net.ConnectException]
Ignoring Exception org.neo4j.graphdb.QueryExecutionException: Failed to invoke procedure `apoc.es.query`: Caused by: java.lang.RuntimeException: Can't read url http://localhost:9200/test-index/test-type/_search?q=name:Neo4j as json: Connection refused: connect: Failed to invoke procedure `apoc.es.query`: Caused by: java.lang.RuntimeException: Can't read url http://localhost:9200/test-index/test-type/_search?q=name:Neo4j as json: Connection refused: connect due to causes [class java.net.ConnectException]
]]></system-err>
</testsuite>
