<?xml version="1.0" encoding="UTF-8"?>
<testsuite name="apoc.algo.PathFindingTest" tests="6" skipped="0" failures="0" errors="0" timestamp="2017-04-20T18:12:47" hostname="Pc" time="0.987">
  <properties/>
  <testcase name="testAllSimplePathResults" classname="apoc.algo.PathFindingTest" time="0.192"/>
  <testcase name="testAStar" classname="apoc.algo.PathFindingTest" time="0.198"/>
  <testcase name="testAStarConfig" classname="apoc.algo.PathFindingTest" time="0.145"/>
  <testcase name="testDijkstra" classname="apoc.algo.PathFindingTest" time="0.165"/>
  <testcase name="testAllSimplePaths" classname="apoc.algo.PathFindingTest" time="0.145"/>
  <testcase name="testDijkstraWithDefaultWeight" classname="apoc.algo.PathFindingTest" time="0.142"/>
  <system-out><![CDATA[]]></system-out>
  <system-err><![CDATA[]]></system-err>
</testsuite>
