<?xml version="1.0" encoding="UTF-8"?>
<testsuite name="apoc.map.MapsTest" tests="17" skipped="0" failures="0" errors="0" timestamp="2017-04-19T12:34:28" hostname="Pc" time="1.893">
  <properties/>
  <testcase name="testMergeList" classname="apoc.map.MapsTest" time="0.132"/>
  <testcase name="testClean" classname="apoc.map.MapsTest" time="0.12"/>
  <testcase name="testMerge" classname="apoc.map.MapsTest" time="0.099"/>
  <testcase name="testFlatten" classname="apoc.map.MapsTest" time="0.118"/>
  <testcase name="testGroupBy" classname="apoc.map.MapsTest" time="0.101"/>
  <testcase name="testRemoveKeys" classname="apoc.map.MapsTest" time="0.102"/>
  <testcase name="testFromLists" classname="apoc.map.MapsTest" time="0.099"/>
  <testcase name="testFromNodes" classname="apoc.map.MapsTest" time="0.126"/>
  <testcase name="testFromPairs" classname="apoc.map.MapsTest" time="0.107"/>
  <testcase name="testGroupByMulti" classname="apoc.map.MapsTest" time="0.109"/>
  <testcase name="testSetValues" classname="apoc.map.MapsTest" time="0.126"/>
  <testcase name="testFromValues" classname="apoc.map.MapsTest" time="0.109"/>
  <testcase name="testSetKey" classname="apoc.map.MapsTest" time="0.115"/>
  <testcase name="testRemoveKey" classname="apoc.map.MapsTest" time="0.109"/>
  <testcase name="testSetEntry" classname="apoc.map.MapsTest" time="0.106"/>
  <testcase name="testSetLists" classname="apoc.map.MapsTest" time="0.102"/>
  <testcase name="testSetPairs" classname="apoc.map.MapsTest" time="0.11"/>
  <system-out><![CDATA[]]></system-out>
  <system-err><![CDATA[]]></system-err>
</testsuite>
