<?xml version="1.0" encoding="UTF-8"?>
<testsuite name="apoc.generate.BarabasiAlbertGeneratorTest" tests="3" skipped="1" failures="0" errors="0" timestamp="2017-04-24T10:56:21" hostname="Pc" time="1.26">
  <properties/>
  <testcase name="shouldGenerateCorrectNumberOfNodesAndRelationships" classname="apoc.generate.BarabasiAlbertGeneratorTest" time="1.12"/>
  <testcase name="shouldGeneratePowerLawDistribution" classname="apoc.generate.BarabasiAlbertGeneratorTest" time="0.14"/>
  <testcase name="shouldGenerateRelationshipsForLargeGraphInAReasonableAmountOfTime" classname="apoc.generate.BarabasiAlbertGeneratorTest" time="0.0">
    <skipped/>
  </testcase>
  <system-out><![CDATA[{33,27,11,11,10,10,9,8,7,7,7,7,6,5,5,5,5,5,4,4,4,4,4,4,4,4,4,4,4,4,3,3,3,3,3,3,3,3,3,3,3,3,3,3,3,3,3,3,3,3,3,3,3,3,3,3,3,2,2,2,2,2,2,2,2,2,2,2,2,2,2,2,2,2,2,2,2,2,2,2,2,2,2,2,2,2,2,2,2,2,2,2,2,2,2,2,2,2,2,2}
]]></system-out>
  <system-err><![CDATA[]]></system-err>
</testsuite>
