<?xml version="1.0" encoding="UTF-8"?>
<testsuite name="apoc.nodes.NodesTest" tests="4" skipped="0" failures="0" errors="0" timestamp="2017-04-18T15:10:20" hostname="Pc" time="0.772">
  <properties/>
  <testcase name="delete" classname="apoc.nodes.NodesTest" time="0.356"/>
  <testcase name="link" classname="apoc.nodes.NodesTest" time="0.121"/>
  <testcase name="hasRelationhip" classname="apoc.nodes.NodesTest" time="0.167"/>
  <testcase name="isDense" classname="apoc.nodes.NodesTest" time="0.128"/>
  <system-out><![CDATA[]]></system-out>
  <system-err><![CDATA[]]></system-err>
</testsuite>
