<?xml version="1.0" encoding="UTF-8"?>
<testsuite name="apoc.generate.relationship.CompleteGraphRelationshipGeneratorTest" tests="1" skipped="0" failures="0" errors="0" timestamp="2017-04-22T14:39:51" hostname="Pc" time="0.0">
  <properties/>
  <testcase name="testCompleteGraphGenerator" classname="apoc.generate.relationship.CompleteGraphRelationshipGeneratorTest" time="0.0"/>
  <system-out><![CDATA[]]></system-out>
  <system-err><![CDATA[]]></system-err>
</testsuite>
