<?xml version="1.0" encoding="UTF-8"?>
<testsuite name="apoc.path.SubgraphTest" tests="6" skipped="0" failures="0" errors="0" timestamp="2017-04-26T11:08:13" hostname="Pc" time="0.249">
  <properties/>
  <testcase name="testFullSubgraphShouldContainAllNodes" classname="apoc.path.SubgraphTest" time="0.016"/>
  <testcase name="testSpanningTreeShouldHaveOnlyOnePathToEachNode" classname="apoc.path.SubgraphTest" time="0.067"/>
  <testcase name="testSugbraphWithRelationshipFilterShouldContainExpectedNodes" classname="apoc.path.SubgraphTest" time="0.027"/>
  <testcase name="testSugbraphAllShouldContainExpectedNodesAndRels" classname="apoc.path.SubgraphTest" time="0.062"/>
  <testcase name="testSugbraphWithLabelFilterShouldContainExpectedNodes" classname="apoc.path.SubgraphTest" time="0.043"/>
  <testcase name="testSugbraphWithMaxDepthShouldContainExpectedNodes" classname="apoc.path.SubgraphTest" time="0.033"/>
  <system-out><![CDATA[]]></system-out>
  <system-err><![CDATA[]]></system-err>
</testsuite>
