<?xml version="1.0" encoding="UTF-8"?>
<testsuite name="apoc.generate.Neo4jGraphGeneratorTest" tests="2" skipped="0" failures="0" errors="0" timestamp="2017-04-20T18:14:26" hostname="Pc" time="0.267">
  <properties/>
  <testcase name="validDistributionShouldGenerateGraph" classname="apoc.generate.Neo4jGraphGeneratorTest" time="0.128"/>
  <testcase name="invalidDistributionShouldThrowException" classname="apoc.generate.Neo4jGraphGeneratorTest" time="0.139"/>
  <system-out><![CDATA[]]></system-out>
  <system-err><![CDATA[]]></system-err>
</testsuite>
