<?xml version="1.0" encoding="UTF-8"?>
<testsuite name="apoc.trigger.TriggerTest" tests="8" skipped="0" failures="0" errors="0" timestamp="2017-04-20T15:30:58" hostname="Pc" time="0.938">
  <properties/>
  <testcase name="testTimeStampTriggerForUpdatedProperties" classname="apoc.trigger.TriggerTest" time="0.133"/>
  <testcase name="testTxId" classname="apoc.trigger.TriggerTest" time="0.104"/>
  <testcase name="testListTriggers" classname="apoc.trigger.TriggerTest" time="0.093"/>
  <testcase name="testLowerCaseName" classname="apoc.trigger.TriggerTest" time="0.114"/>
  <testcase name="testRemoveNode" classname="apoc.trigger.TriggerTest" time="0.14"/>
  <testcase name="testRemoveRelationship" classname="apoc.trigger.TriggerTest" time="0.126"/>
  <testcase name="testSetLabels" classname="apoc.trigger.TriggerTest" time="0.107"/>
  <testcase name="testTimeStampTrigger" classname="apoc.trigger.TriggerTest" time="0.12"/>
  <system-out><![CDATA[]]></system-out>
  <system-err><![CDATA[]]></system-err>
</testsuite>
