<?xml version="1.0" encoding="UTF-8"?>
<testsuite name="apoc.trigger.TriggerTest" tests="8" skipped="0" failures="0" errors="0" timestamp="2017-04-18T15:10:58" hostname="Pc" time="0.918">
  <properties/>
  <testcase name="testTimeStampTriggerForUpdatedProperties" classname="apoc.trigger.TriggerTest" time="0.128"/>
  <testcase name="testTxId" classname="apoc.trigger.TriggerTest" time="0.103"/>
  <testcase name="testListTriggers" classname="apoc.trigger.TriggerTest" time="0.092"/>
  <testcase name="testLowerCaseName" classname="apoc.trigger.TriggerTest" time="0.101"/>
  <testcase name="testRemoveNode" classname="apoc.trigger.TriggerTest" time="0.13"/>
  <testcase name="testRemoveRelationship" classname="apoc.trigger.TriggerTest" time="0.125"/>
  <testcase name="testSetLabels" classname="apoc.trigger.TriggerTest" time="0.127"/>
  <testcase name="testTimeStampTrigger" classname="apoc.trigger.TriggerTest" time="0.112"/>
  <system-out><![CDATA[]]></system-out>
  <system-err><![CDATA[]]></system-err>
</testsuite>
