<?xml version="1.0" encoding="UTF-8"?>
<testsuite name="apoc.index.FulltextIndexTest" tests="13" skipped="0" failures="0" errors="0" timestamp="2017-04-20T10:12:26" hostname="Pc" time="1.738">
  <properties/>
  <testcase name="testRelationships" classname="apoc.index.FulltextIndexTest" time="0.125"/>
  <testcase name="testAddNode" classname="apoc.index.FulltextIndexTest" time="0.123"/>
  <testcase name="testOut" classname="apoc.index.FulltextIndexTest" time="0.132"/>
  <testcase name="testNodes" classname="apoc.index.FulltextIndexTest" time="0.124"/>
  <testcase name="testRemoveRelationshipByName" classname="apoc.index.FulltextIndexTest" time="0.14"/>
  <testcase name="testIn" classname="apoc.index.FulltextIndexTest" time="0.133"/>
  <testcase name="testBetween" classname="apoc.index.FulltextIndexTest" time="0.129"/>
  <testcase name="testAddRelationshipToExistingIndex" classname="apoc.index.FulltextIndexTest" time="0.122"/>
  <testcase name="testAddNodeByLabel" classname="apoc.index.FulltextIndexTest" time="0.164"/>
  <testcase name="testAddNodeToExistingIndex" classname="apoc.index.FulltextIndexTest" time="0.185"/>
  <testcase name="testAddNodeByLabelMultipleProperties" classname="apoc.index.FulltextIndexTest" time="0.122"/>
  <testcase name="testRemoveNodeByName" classname="apoc.index.FulltextIndexTest" time="0.136"/>
  <testcase name="testAddRelationship" classname="apoc.index.FulltextIndexTest" time="0.103"/>
  <system-out><![CDATA[]]></system-out>
  <system-err><![CDATA[]]></system-err>
</testsuite>
