<?xml version="1.0" encoding="UTF-8"?>
<testsuite name="apoc.trigger.TriggerTest" tests="8" skipped="0" failures="0" errors="0" timestamp="2017-04-26T16:43:43" hostname="Pc" time="0.973">
  <properties/>
  <testcase name="testTimeStampTriggerForUpdatedProperties" classname="apoc.trigger.TriggerTest" time="0.127"/>
  <testcase name="testTxId" classname="apoc.trigger.TriggerTest" time="0.114"/>
  <testcase name="testListTriggers" classname="apoc.trigger.TriggerTest" time="0.104"/>
  <testcase name="testLowerCaseName" classname="apoc.trigger.TriggerTest" time="0.113"/>
  <testcase name="testRemoveNode" classname="apoc.trigger.TriggerTest" time="0.147"/>
  <testcase name="testRemoveRelationship" classname="apoc.trigger.TriggerTest" time="0.139"/>
  <testcase name="testSetLabels" classname="apoc.trigger.TriggerTest" time="0.123"/>
  <testcase name="testTimeStampTrigger" classname="apoc.trigger.TriggerTest" time="0.105"/>
  <system-out><![CDATA[]]></system-out>
  <system-err><![CDATA[]]></system-err>
</testsuite>
