<?xml version="1.0" encoding="UTF-8"?>
<testsuite name="apoc.es.ElasticSearchTest" tests="14" skipped="0" failures="0" errors="0" timestamp="2017-04-20T10:56:18" hostname="Pc" time="11.075">
  <properties/>
  <testcase name="testGetQueryUrlShouldNotHaveTrailingQuestionMarkIfQueryIsEmpty" classname="apoc.es.ElasticSearchTest" time="0.0"/>
  <testcase name="testGetWithQueryAsStringSingleParam" classname="apoc.es.ElasticSearchTest" time="1.009"/>
  <testcase name="testGetQueryUrlShouldBeTheSameAsOldFormatting" classname="apoc.es.ElasticSearchTest" time="0.0"/>
  <testcase name="testStats" classname="apoc.es.ElasticSearchTest" time="1.006"/>
  <testcase name="testGetWithQueryAsMapSingleParam" classname="apoc.es.ElasticSearchTest" time="1.015"/>
  <testcase name="testSearchWithQueryAsAMap" classname="apoc.es.ElasticSearchTest" time="1.005"/>
  <testcase name="testPostUpdateDocument" classname="apoc.es.ElasticSearchTest" time="1.004"/>
  <testcase name="testPutNewDocument" classname="apoc.es.ElasticSearchTest" time="1.001"/>
  <testcase name="testGetWithQueryAsMapMultipleParams" classname="apoc.es.ElasticSearchTest" time="1.005"/>
  <testcase name="testPostAddNewDocument" classname="apoc.es.ElasticSearchTest" time="1.002"/>
  <testcase name="testGetWithQueryAsStringMultipleParams" classname="apoc.es.ElasticSearchTest" time="1.015"/>
  <testcase name="testGetWithQueryNull" classname="apoc.es.ElasticSearchTest" time="1.005"/>
  <testcase name="testSearchWithQueryAsAString" classname="apoc.es.ElasticSearchTest" time="1.004"/>
  <testcase name="testGetQueryUrlShouldNotHaveTrailingQuestionMarkIfQueryIsNull" classname="apoc.es.ElasticSearchTest" time="0.0"/>
  <system-out><![CDATA[]]></system-out>
  <system-err><![CDATA[Ignoring Exception org.neo4j.graphdb.QueryExecutionException: Failed to invoke procedure `apoc.es.post`: Caused by: java.lang.RuntimeException: Can't read url http://localhost:9200/test-index/test-type/20bd54cb-9da2-41f4-b965-e3d8fda3c842 as json: Connection refused: connect: Failed to invoke procedure `apoc.es.post`: Caused by: java.lang.RuntimeException: Can't read url http://localhost:9200/test-index/test-type/20bd54cb-9da2-41f4-b965-e3d8fda3c842 as json: Connection refused: connect due to causes [class java.net.ConnectException]
Ignoring Exception org.neo4j.graphdb.QueryExecutionException: Failed to invoke procedure `apoc.es.post`: Caused by: java.lang.RuntimeException: Can't read url http://localhost:9200/test-index/test-type/0c29cda8-3e47-40dd-8864-1f45739338cb as json: Connection refused: connect: Failed to invoke procedure `apoc.es.post`: Caused by: java.lang.RuntimeException: Can't read url http://localhost:9200/test-index/test-type/0c29cda8-3e47-40dd-8864-1f45739338cb as json: Connection refused: connect due to causes [class java.net.ConnectException]
Ignoring Exception org.neo4j.graphdb.QueryExecutionException: Failed to invoke procedure `apoc.es.post`: Caused by: java.lang.RuntimeException: Can't read url http://localhost:9200/test-index/test-type/b468e4b3-d435-4b2a-9543-089602983d94 as json: Connection refused: connect: Failed to invoke procedure `apoc.es.post`: Caused by: java.lang.RuntimeException: Can't read url http://localhost:9200/test-index/test-type/b468e4b3-d435-4b2a-9543-089602983d94 as json: Connection refused: connect due to causes [class java.net.ConnectException]
Ignoring Exception org.neo4j.graphdb.QueryExecutionException: Failed to invoke procedure `apoc.es.get`: Caused by: java.lang.RuntimeException: Can't read url http://localhost:9200/test-index/test-type/b468e4b3-d435-4b2a-9543-089602983d94?_source_include=name as json: Connection refused: connect: Failed to invoke procedure `apoc.es.get`: Caused by: java.lang.RuntimeException: Can't read url http://localhost:9200/test-index/test-type/b468e4b3-d435-4b2a-9543-089602983d94?_source_include=name as json: Connection refused: connect due to causes [class java.net.ConnectException]
Ignoring Exception org.neo4j.graphdb.QueryExecutionException: Failed to invoke procedure `apoc.es.stats`: Caused by: java.lang.RuntimeException: Can't read url http://localhost:9200/_stats as json: Connection refused: connect: Failed to invoke procedure `apoc.es.stats`: Caused by: java.lang.RuntimeException: Can't read url http://localhost:9200/_stats as json: Connection refused: connect due to causes [class java.net.ConnectException]
Ignoring Exception org.neo4j.graphdb.QueryExecutionException: Failed to invoke procedure `apoc.es.get`: Caused by: java.lang.RuntimeException: Can't read url http://localhost:9200/test-index/test-type/b468e4b3-d435-4b2a-9543-089602983d94?_source_include=name as json: Connection refused: connect: Failed to invoke procedure `apoc.es.get`: Caused by: java.lang.RuntimeException: Can't read url http://localhost:9200/test-index/test-type/b468e4b3-d435-4b2a-9543-089602983d94?_source_include=name as json: Connection refused: connect due to causes [class java.net.ConnectException]
Ignoring Exception org.neo4j.graphdb.QueryExecutionException: Failed to invoke procedure `apoc.es.query`: Caused by: java.lang.RuntimeException: Can't read url http://localhost:9200/test-index/test-type/_search?q=name=Neo4j as json: Connection refused: connect: Failed to invoke procedure `apoc.es.query`: Caused by: java.lang.RuntimeException: Can't read url http://localhost:9200/test-index/test-type/_search?q=name=Neo4j as json: Connection refused: connect due to causes [class java.net.ConnectException]
Ignoring Exception org.neo4j.graphdb.QueryExecutionException: Failed to invoke procedure `apoc.es.put`: Caused by: java.lang.RuntimeException: Can't read url http://localhost:9200/test-index/test-type/f6045eac-6c86-4e07-8995-9480ad5cf4e8 as json: Connection refused: connect: Failed to invoke procedure `apoc.es.put`: Caused by: java.lang.RuntimeException: Can't read url http://localhost:9200/test-index/test-type/f6045eac-6c86-4e07-8995-9480ad5cf4e8 as json: Connection refused: connect due to causes [class java.net.ConnectException]
Ignoring Exception org.neo4j.graphdb.QueryExecutionException: Failed to invoke procedure `apoc.es.put`: Caused by: java.lang.RuntimeException: Can't read url http://localhost:9200/test-index/test-type/a99388d6-1beb-4996-849d-914f3d70a671 as json: Connection refused: connect: Failed to invoke procedure `apoc.es.put`: Caused by: java.lang.RuntimeException: Can't read url http://localhost:9200/test-index/test-type/a99388d6-1beb-4996-849d-914f3d70a671 as json: Connection refused: connect due to causes [class java.net.ConnectException]
Ignoring Exception org.neo4j.graphdb.QueryExecutionException: Failed to invoke procedure `apoc.es.get`: Caused by: java.lang.RuntimeException: Can't read url http://localhost:9200/test-index/test-type/b468e4b3-d435-4b2a-9543-089602983d94?_source_include=name&_source_exclude=description as json: Connection refused: connect: Failed to invoke procedure `apoc.es.get`: Caused by: java.lang.RuntimeException: Can't read url http://localhost:9200/test-index/test-type/b468e4b3-d435-4b2a-9543-089602983d94?_source_include=name&_source_exclude=description as json: Connection refused: connect due to causes [class java.net.ConnectException]
Ignoring Exception org.neo4j.graphdb.QueryExecutionException: Failed to invoke procedure `apoc.es.post`: Caused by: java.lang.RuntimeException: Can't read url http://localhost:9200/test-index/test-type/5c4286f4-3501-4bee-8caf-f7d2d4fc64a2 as json: Connection refused: connect: Failed to invoke procedure `apoc.es.post`: Caused by: java.lang.RuntimeException: Can't read url http://localhost:9200/test-index/test-type/5c4286f4-3501-4bee-8caf-f7d2d4fc64a2 as json: Connection refused: connect due to causes [class java.net.ConnectException]
Ignoring Exception org.neo4j.graphdb.QueryExecutionException: Failed to invoke procedure `apoc.es.get`: Caused by: java.lang.RuntimeException: Can't read url http://localhost:9200/test-index/test-type/b468e4b3-d435-4b2a-9543-089602983d94?_source_include=name&_source_exclude=description as json: Connection refused: connect: Failed to invoke procedure `apoc.es.get`: Caused by: java.lang.RuntimeException: Can't read url http://localhost:9200/test-index/test-type/b468e4b3-d435-4b2a-9543-089602983d94?_source_include=name&_source_exclude=description as json: Connection refused: connect due to causes [class java.net.ConnectException]
Ignoring Exception org.neo4j.graphdb.QueryExecutionException: Failed to invoke procedure `apoc.es.get`: Caused by: java.lang.RuntimeException: Can't read url http://localhost:9200/test-index/test-type/b468e4b3-d435-4b2a-9543-089602983d94 as json: Connection refused: connect: Failed to invoke procedure `apoc.es.get`: Caused by: java.lang.RuntimeException: Can't read url http://localhost:9200/test-index/test-type/b468e4b3-d435-4b2a-9543-089602983d94 as json: Connection refused: connect due to causes [class java.net.ConnectException]
Ignoring Exception org.neo4j.graphdb.QueryExecutionException: Failed to invoke procedure `apoc.es.query`: Caused by: java.lang.RuntimeException: Can't read url http://localhost:9200/test-index/test-type/_search?q=name:Neo4j as json: Connection refused: connect: Failed to invoke procedure `apoc.es.query`: Caused by: java.lang.RuntimeException: Can't read url http://localhost:9200/test-index/test-type/_search?q=name:Neo4j as json: Connection refused: connect due to causes [class java.net.ConnectException]
]]></system-err>
</testsuite>
