<?xml version="1.0" encoding="UTF-8"?>
<testsuite name="apoc.es.ElasticSearchTest" tests="14" skipped="0" failures="0" errors="0" timestamp="2017-04-18T13:12:18" hostname="Pc" time="11.069">
  <properties/>
  <testcase name="testGetQueryUrlShouldNotHaveTrailingQuestionMarkIfQueryIsEmpty" classname="apoc.es.ElasticSearchTest" time="0.0"/>
  <testcase name="testGetWithQueryAsStringSingleParam" classname="apoc.es.ElasticSearchTest" time="1.009"/>
  <testcase name="testGetQueryUrlShouldBeTheSameAsOldFormatting" classname="apoc.es.ElasticSearchTest" time="0.0"/>
  <testcase name="testStats" classname="apoc.es.ElasticSearchTest" time="1.005"/>
  <testcase name="testGetWithQueryAsMapSingleParam" classname="apoc.es.ElasticSearchTest" time="1.005"/>
  <testcase name="testSearchWithQueryAsAMap" classname="apoc.es.ElasticSearchTest" time="1.005"/>
  <testcase name="testPostUpdateDocument" classname="apoc.es.ElasticSearchTest" time="1.005"/>
  <testcase name="testPutNewDocument" classname="apoc.es.ElasticSearchTest" time="1.003"/>
  <testcase name="testGetWithQueryAsMapMultipleParams" classname="apoc.es.ElasticSearchTest" time="1.007"/>
  <testcase name="testPostAddNewDocument" classname="apoc.es.ElasticSearchTest" time="1.011"/>
  <testcase name="testGetWithQueryAsStringMultipleParams" classname="apoc.es.ElasticSearchTest" time="1.004"/>
  <testcase name="testGetWithQueryNull" classname="apoc.es.ElasticSearchTest" time="1.004"/>
  <testcase name="testSearchWithQueryAsAString" classname="apoc.es.ElasticSearchTest" time="1.005"/>
  <testcase name="testGetQueryUrlShouldNotHaveTrailingQuestionMarkIfQueryIsNull" classname="apoc.es.ElasticSearchTest" time="0.0"/>
  <system-out><![CDATA[]]></system-out>
  <system-err><![CDATA[Ignoring Exception org.neo4j.graphdb.QueryExecutionException: Failed to invoke procedure `apoc.es.post`: Caused by: java.lang.RuntimeException: Can't read url http://localhost:9200/test-index/test-type/86d1f2ca-e3bd-4ec6-bc2a-34be47da3a61 as json: Connection refused: connect: Failed to invoke procedure `apoc.es.post`: Caused by: java.lang.RuntimeException: Can't read url http://localhost:9200/test-index/test-type/86d1f2ca-e3bd-4ec6-bc2a-34be47da3a61 as json: Connection refused: connect due to causes [class java.net.ConnectException]
Ignoring Exception org.neo4j.graphdb.QueryExecutionException: Failed to invoke procedure `apoc.es.post`: Caused by: java.lang.RuntimeException: Can't read url http://localhost:9200/test-index/test-type/8bb9d2ab-7177-425e-898d-0c9020869c64 as json: Connection refused: connect: Failed to invoke procedure `apoc.es.post`: Caused by: java.lang.RuntimeException: Can't read url http://localhost:9200/test-index/test-type/8bb9d2ab-7177-425e-898d-0c9020869c64 as json: Connection refused: connect due to causes [class java.net.ConnectException]
Ignoring Exception org.neo4j.graphdb.QueryExecutionException: Failed to invoke procedure `apoc.es.post`: Caused by: java.lang.RuntimeException: Can't read url http://localhost:9200/test-index/test-type/f72bbd63-a3d3-45b1-9862-06b4e82f6271 as json: Connection refused: connect: Failed to invoke procedure `apoc.es.post`: Caused by: java.lang.RuntimeException: Can't read url http://localhost:9200/test-index/test-type/f72bbd63-a3d3-45b1-9862-06b4e82f6271 as json: Connection refused: connect due to causes [class java.net.ConnectException]
Ignoring Exception org.neo4j.graphdb.QueryExecutionException: Failed to invoke procedure `apoc.es.get`: Caused by: java.lang.RuntimeException: Can't read url http://localhost:9200/test-index/test-type/f72bbd63-a3d3-45b1-9862-06b4e82f6271?_source_include=name as json: Connection refused: connect: Failed to invoke procedure `apoc.es.get`: Caused by: java.lang.RuntimeException: Can't read url http://localhost:9200/test-index/test-type/f72bbd63-a3d3-45b1-9862-06b4e82f6271?_source_include=name as json: Connection refused: connect due to causes [class java.net.ConnectException]
Ignoring Exception org.neo4j.graphdb.QueryExecutionException: Failed to invoke procedure `apoc.es.stats`: Caused by: java.lang.RuntimeException: Can't read url http://localhost:9200/_stats as json: Connection refused: connect: Failed to invoke procedure `apoc.es.stats`: Caused by: java.lang.RuntimeException: Can't read url http://localhost:9200/_stats as json: Connection refused: connect due to causes [class java.net.ConnectException]
Ignoring Exception org.neo4j.graphdb.QueryExecutionException: Failed to invoke procedure `apoc.es.get`: Caused by: java.lang.RuntimeException: Can't read url http://localhost:9200/test-index/test-type/f72bbd63-a3d3-45b1-9862-06b4e82f6271?_source_include=name as json: Connection refused: connect: Failed to invoke procedure `apoc.es.get`: Caused by: java.lang.RuntimeException: Can't read url http://localhost:9200/test-index/test-type/f72bbd63-a3d3-45b1-9862-06b4e82f6271?_source_include=name as json: Connection refused: connect due to causes [class java.net.ConnectException]
Ignoring Exception org.neo4j.graphdb.QueryExecutionException: Failed to invoke procedure `apoc.es.query`: Caused by: java.lang.RuntimeException: Can't read url http://localhost:9200/test-index/test-type/_search?q=name=Neo4j as json: Connection refused: connect: Failed to invoke procedure `apoc.es.query`: Caused by: java.lang.RuntimeException: Can't read url http://localhost:9200/test-index/test-type/_search?q=name=Neo4j as json: Connection refused: connect due to causes [class java.net.ConnectException]
Ignoring Exception org.neo4j.graphdb.QueryExecutionException: Failed to invoke procedure `apoc.es.put`: Caused by: java.lang.RuntimeException: Can't read url http://localhost:9200/test-index/test-type/0db6e034-b6fc-4b9d-8f82-55ea63b515f4 as json: Connection refused: connect: Failed to invoke procedure `apoc.es.put`: Caused by: java.lang.RuntimeException: Can't read url http://localhost:9200/test-index/test-type/0db6e034-b6fc-4b9d-8f82-55ea63b515f4 as json: Connection refused: connect due to causes [class java.net.ConnectException]
Ignoring Exception org.neo4j.graphdb.QueryExecutionException: Failed to invoke procedure `apoc.es.put`: Caused by: java.lang.RuntimeException: Can't read url http://localhost:9200/test-index/test-type/a5ac606c-75e0-41ae-90fd-573219137434 as json: Connection refused: connect: Failed to invoke procedure `apoc.es.put`: Caused by: java.lang.RuntimeException: Can't read url http://localhost:9200/test-index/test-type/a5ac606c-75e0-41ae-90fd-573219137434 as json: Connection refused: connect due to causes [class java.net.ConnectException]
Ignoring Exception org.neo4j.graphdb.QueryExecutionException: Failed to invoke procedure `apoc.es.get`: Caused by: java.lang.RuntimeException: Can't read url http://localhost:9200/test-index/test-type/f72bbd63-a3d3-45b1-9862-06b4e82f6271?_source_include=name&_source_exclude=description as json: Connection refused: connect: Failed to invoke procedure `apoc.es.get`: Caused by: java.lang.RuntimeException: Can't read url http://localhost:9200/test-index/test-type/f72bbd63-a3d3-45b1-9862-06b4e82f6271?_source_include=name&_source_exclude=description as json: Connection refused: connect due to causes [class java.net.ConnectException]
Ignoring Exception org.neo4j.graphdb.QueryExecutionException: Failed to invoke procedure `apoc.es.post`: Caused by: java.lang.RuntimeException: Can't read url http://localhost:9200/test-index/test-type/1a096bda-a57f-4f7a-9d45-b5b4cd317c5a as json: Connection refused: connect: Failed to invoke procedure `apoc.es.post`: Caused by: java.lang.RuntimeException: Can't read url http://localhost:9200/test-index/test-type/1a096bda-a57f-4f7a-9d45-b5b4cd317c5a as json: Connection refused: connect due to causes [class java.net.ConnectException]
Ignoring Exception org.neo4j.graphdb.QueryExecutionException: Failed to invoke procedure `apoc.es.get`: Caused by: java.lang.RuntimeException: Can't read url http://localhost:9200/test-index/test-type/f72bbd63-a3d3-45b1-9862-06b4e82f6271?_source_include=name&_source_exclude=description as json: Connection refused: connect: Failed to invoke procedure `apoc.es.get`: Caused by: java.lang.RuntimeException: Can't read url http://localhost:9200/test-index/test-type/f72bbd63-a3d3-45b1-9862-06b4e82f6271?_source_include=name&_source_exclude=description as json: Connection refused: connect due to causes [class java.net.ConnectException]
Ignoring Exception org.neo4j.graphdb.QueryExecutionException: Failed to invoke procedure `apoc.es.get`: Caused by: java.lang.RuntimeException: Can't read url http://localhost:9200/test-index/test-type/f72bbd63-a3d3-45b1-9862-06b4e82f6271 as json: Connection refused: connect: Failed to invoke procedure `apoc.es.get`: Caused by: java.lang.RuntimeException: Can't read url http://localhost:9200/test-index/test-type/f72bbd63-a3d3-45b1-9862-06b4e82f6271 as json: Connection refused: connect due to causes [class java.net.ConnectException]
Ignoring Exception org.neo4j.graphdb.QueryExecutionException: Failed to invoke procedure `apoc.es.query`: Caused by: java.lang.RuntimeException: Can't read url http://localhost:9200/test-index/test-type/_search?q=name:Neo4j as json: Connection refused: connect: Failed to invoke procedure `apoc.es.query`: Caused by: java.lang.RuntimeException: Can't read url http://localhost:9200/test-index/test-type/_search?q=name:Neo4j as json: Connection refused: connect due to causes [class java.net.ConnectException]
]]></system-err>
</testsuite>
