<?xml version="1.0" encoding="UTF-8"?>
<testsuite name="apoc.graph.GraphsTest" tests="5" skipped="0" failures="0" errors="0" timestamp="2017-04-19T18:14:55" hostname="Pc" time="0.074">
  <properties/>
  <testcase name="testFromData" classname="apoc.graph.GraphsTest" time="0.012"/>
  <testcase name="testFromPath" classname="apoc.graph.GraphsTest" time="0.012"/>
  <testcase name="testFromPaths" classname="apoc.graph.GraphsTest" time="0.012"/>
  <testcase name="testFromCypher" classname="apoc.graph.GraphsTest" time="0.033"/>
  <testcase name="testFromDB" classname="apoc.graph.GraphsTest" time="0.004"/>
  <system-out><![CDATA[]]></system-out>
  <system-err><![CDATA[]]></system-err>
</testsuite>
