<?xml version="1.0" encoding="UTF-8"?>
<testsuite name="apoc.cache.StaticTest" tests="4" skipped="0" failures="0" errors="0" timestamp="2017-04-20T12:22:02" hostname="Pc" time="0.475">
  <properties/>
  <testcase name="testListFromConfig" classname="apoc.cache.StaticTest" time="0.142"/>
  <testcase name="testSet" classname="apoc.cache.StaticTest" time="0.113"/>
  <testcase name="testGetAllFromConfig" classname="apoc.cache.StaticTest" time="0.103"/>
  <testcase name="testOverrideConfig" classname="apoc.cache.StaticTest" time="0.117"/>
  <system-out><![CDATA[]]></system-out>
  <system-err><![CDATA[]]></system-err>
</testsuite>
