<?xml version="1.0" encoding="UTF-8"?>
<testsuite name="apoc.index.FreeTextSearchTest" tests="17" skipped="0" failures="0" errors="0" timestamp="2017-04-20T19:28:02" hostname="Pc" time="18.134">
  <properties/>
  <testcase name="shouldCreateIndexWithSingleLabel" classname="apoc.index.FreeTextSearchTest" time="0.232"/>
  <testcase name="shouldReportScoreFromIndex" classname="apoc.index.FreeTextSearchTest" time="0.159"/>
  <testcase name="shouldEnableSearchingBySpecificField" classname="apoc.index.FreeTextSearchTest" time="0.121"/>
  <testcase name="addAllNodeExtendedWithDynamicChainAnalyzer" classname="apoc.index.FreeTextSearchTest" time="0.156"/>
  <testcase name="addAllNodesExtendedOptionsCustomAnalyzer" classname="apoc.index.FreeTextSearchTest" time="0.103"/>
  <testcase name="shouldLimitNumberOfResults" classname="apoc.index.FreeTextSearchTest" time="1.373"/>
  <testcase name="addAllNodesDefaultParameters" classname="apoc.index.FreeTextSearchTest" time="0.116"/>
  <testcase name="shouldHandleRepeatedCalls" classname="apoc.index.FreeTextSearchTest" time="0.141"/>
  <testcase name="shouldIndexNodesWithMultipleLabels" classname="apoc.index.FreeTextSearchTest" time="0.116"/>
  <testcase name="addAllNodesExtendedNoOptionsDefaultParameters" classname="apoc.index.FreeTextSearchTest" time="0.105"/>
  <testcase name="shouldSearchInNumericRange" classname="apoc.index.FreeTextSearchTest" time="0.875"/>
  <testcase name="shouldFindWithWildcards" classname="apoc.index.FreeTextSearchTest" time="0.151"/>
  <testcase name="shouldCreateFreeTextIndexWithMultipleLabels" classname="apoc.index.FreeTextSearchTest" time="0.151"/>
  <testcase name="addAllNodesExtendedOptionsCheck" classname="apoc.index.FreeTextSearchTest" time="0.109"/>
  <testcase name="shouldQueryFreeTextIndex" classname="apoc.index.FreeTextSearchTest" time="0.125"/>
  <testcase name="shouldPopulateIndexInBatches" classname="apoc.index.FreeTextSearchTest" time="3.998"/>
  <testcase name="shouldRefuseToCreateIndexWithNoStructure" classname="apoc.index.FreeTextSearchTest" time="10.101"/>
  <system-out><![CDATA[]]></system-out>
  <system-err><![CDATA[]]></system-err>
</testsuite>
