<?xml version="1.0" encoding="UTF-8"?>
<testsuite name="apoc.trigger.TriggerTest" tests="8" skipped="0" failures="0" errors="0" timestamp="2017-04-19T15:06:51" hostname="Pc" time="1.173">
  <properties/>
  <testcase name="testTimeStampTriggerForUpdatedProperties" classname="apoc.trigger.TriggerTest" time="0.14"/>
  <testcase name="testTxId" classname="apoc.trigger.TriggerTest" time="0.123"/>
  <testcase name="testListTriggers" classname="apoc.trigger.TriggerTest" time="0.109"/>
  <testcase name="testLowerCaseName" classname="apoc.trigger.TriggerTest" time="0.244"/>
  <testcase name="testRemoveNode" classname="apoc.trigger.TriggerTest" time="0.165"/>
  <testcase name="testRemoveRelationship" classname="apoc.trigger.TriggerTest" time="0.144"/>
  <testcase name="testSetLabels" classname="apoc.trigger.TriggerTest" time="0.131"/>
  <testcase name="testTimeStampTrigger" classname="apoc.trigger.TriggerTest" time="0.116"/>
  <system-out><![CDATA[]]></system-out>
  <system-err><![CDATA[]]></system-err>
</testsuite>
