<?xml version="1.0" encoding="UTF-8"?>
<testsuite name="apoc.monitor.KernelProcedureTest" tests="1" skipped="0" failures="0" errors="0" timestamp="2017-04-19T17:38:37" hostname="Pc" time="0.097">
  <properties/>
  <testcase name="testGetKernelInfo" classname="apoc.monitor.KernelProcedureTest" time="0.097"/>
  <system-out><![CDATA[]]></system-out>
  <system-err><![CDATA[]]></system-err>
</testsuite>
