<?xml version="1.0" encoding="UTF-8"?>
<testsuite name="apoc.schema.SchemasTest" tests="6" skipped="0" failures="0" errors="0" timestamp="2017-04-20T15:40:29" hostname="Pc" time="0.605">
  <properties/>
  <testcase name="testCreateSchema" classname="apoc.schema.SchemasTest" time="0.101"/>
  <testcase name="testCreateIndex" classname="apoc.schema.SchemasTest" time="0.102"/>
  <testcase name="testKeepIndex" classname="apoc.schema.SchemasTest" time="0.105"/>
  <testcase name="testDropIndex" classname="apoc.schema.SchemasTest" time="0.094"/>
  <testcase name="testDropSchema" classname="apoc.schema.SchemasTest" time="0.098"/>
  <testcase name="testKeepSchema" classname="apoc.schema.SchemasTest" time="0.105"/>
  <system-out><![CDATA[]]></system-out>
  <system-err><![CDATA[]]></system-err>
</testsuite>
