<?xml version="1.0" encoding="UTF-8"?>
<testsuite name="apoc.nodes.NodesTest" tests="4" skipped="0" failures="0" errors="0" timestamp="2017-04-19T17:29:10" hostname="Pc" time="0.853">
  <properties/>
  <testcase name="delete" classname="apoc.nodes.NodesTest" time="0.43"/>
  <testcase name="link" classname="apoc.nodes.NodesTest" time="0.132"/>
  <testcase name="hasRelationhip" classname="apoc.nodes.NodesTest" time="0.168"/>
  <testcase name="isDense" classname="apoc.nodes.NodesTest" time="0.123"/>
  <system-out><![CDATA[]]></system-out>
  <system-err><![CDATA[]]></system-err>
</testsuite>
