<?xml version="1.0" encoding="UTF-8"?>
<testsuite name="apoc.create.CreateTest" tests="14" skipped="0" failures="0" errors="0" timestamp="2017-04-20T17:42:55" hostname="Pc" time="1.541">
  <properties/>
  <testcase name="testCreateVirtualRelationship" classname="apoc.create.CreateTest" time="0.14"/>
  <testcase name="testCreateNodeWithArrayProps" classname="apoc.create.CreateTest" time="0.114"/>
  <testcase name="testVirtualNodeFunction" classname="apoc.create.CreateTest" time="0.093"/>
  <testcase name="testVirtualNode" classname="apoc.create.CreateTest" time="0.109"/>
  <testcase name="testCreateNodes" classname="apoc.create.CreateTest" time="0.09"/>
  <testcase name="testCreatePattern" classname="apoc.create.CreateTest" time="0.1"/>
  <testcase name="testCreateRelationship" classname="apoc.create.CreateTest" time="0.099"/>
  <testcase name="testSetProperty" classname="apoc.create.CreateTest" time="0.132"/>
  <testcase name="testCreateNode" classname="apoc.create.CreateTest" time="0.098"/>
  <testcase name="testSetRelProperty" classname="apoc.create.CreateTest" time="0.118"/>
  <testcase name="testCreatePatternFull" classname="apoc.create.CreateTest" time="0.108"/>
  <testcase name="testSetProperties" classname="apoc.create.CreateTest" time="0.109"/>
  <testcase name="testSetRelProperties" classname="apoc.create.CreateTest" time="0.117"/>
  <testcase name="testCreateVirtualRelationshipFunction" classname="apoc.create.CreateTest" time="0.112"/>
  <system-out><![CDATA[]]></system-out>
  <system-err><![CDATA[]]></system-err>
</testsuite>
