<?xml version="1.0" encoding="UTF-8"?>
<testsuite name="apoc.generate.BarabasiAlbertGeneratorTest" tests="3" skipped="1" failures="0" errors="0" timestamp="2017-04-24T12:21:24" hostname="Pc" time="1.216">
  <properties/>
  <testcase name="shouldGenerateCorrectNumberOfNodesAndRelationships" classname="apoc.generate.BarabasiAlbertGeneratorTest" time="1.084"/>
  <testcase name="shouldGeneratePowerLawDistribution" classname="apoc.generate.BarabasiAlbertGeneratorTest" time="0.131"/>
  <testcase name="shouldGenerateRelationshipsForLargeGraphInAReasonableAmountOfTime" classname="apoc.generate.BarabasiAlbertGeneratorTest" time="0.0">
    <skipped/>
  </testcase>
  <system-out><![CDATA[{30,18,15,14,12,11,9,8,7,7,7,6,6,6,5,5,5,5,5,5,5,5,5,4,4,4,4,4,4,4,4,4,4,3,3,3,3,3,3,3,3,3,3,3,3,3,3,3,3,3,3,3,2,2,2,2,2,2,2,2,2,2,2,2,2,2,2,2,2,2,2,2,2,2,2,2,2,2,2,2,2,2,2,2,2,2,2,2,2,2,2,2,2,2,2,2,2,2,2,2}
]]></system-out>
  <system-err><![CDATA[]]></system-err>
</testsuite>
