<?xml version="1.0" encoding="UTF-8"?>
<testsuite name="apoc.algo.PathFindingTest" tests="6" skipped="0" failures="0" errors="0" timestamp="2017-04-26T16:55:30" hostname="Pc" time="0.931">
  <properties/>
  <testcase name="testAllSimplePathResults" classname="apoc.algo.PathFindingTest" time="0.182"/>
  <testcase name="testAStar" classname="apoc.algo.PathFindingTest" time="0.151"/>
  <testcase name="testAStarConfig" classname="apoc.algo.PathFindingTest" time="0.148"/>
  <testcase name="testDijkstra" classname="apoc.algo.PathFindingTest" time="0.162"/>
  <testcase name="testAllSimplePaths" classname="apoc.algo.PathFindingTest" time="0.156"/>
  <testcase name="testDijkstraWithDefaultWeight" classname="apoc.algo.PathFindingTest" time="0.13"/>
  <system-out><![CDATA[]]></system-out>
  <system-err><![CDATA[]]></system-err>
</testsuite>
