<?xml version="1.0" encoding="UTF-8"?>
<testsuite name="apoc.monitor.KernelProcedureTest" tests="1" skipped="0" failures="0" errors="0" timestamp="2017-04-18T22:42:00" hostname="Pc" time="0.087">
  <properties/>
  <testcase name="testGetKernelInfo" classname="apoc.monitor.KernelProcedureTest" time="0.087"/>
  <system-out><![CDATA[]]></system-out>
  <system-err><![CDATA[]]></system-err>
</testsuite>
