<?xml version="1.0" encoding="UTF-8"?>
<testsuite name="apoc.algo.PathFindingTest" tests="6" skipped="0" failures="0" errors="0" timestamp="2017-04-24T15:34:37" hostname="Pc" time="0.96">
  <properties/>
  <testcase name="testAllSimplePathResults" classname="apoc.algo.PathFindingTest" time="0.207"/>
  <testcase name="testAStar" classname="apoc.algo.PathFindingTest" time="0.169"/>
  <testcase name="testAStarConfig" classname="apoc.algo.PathFindingTest" time="0.149"/>
  <testcase name="testDijkstra" classname="apoc.algo.PathFindingTest" time="0.163"/>
  <testcase name="testAllSimplePaths" classname="apoc.algo.PathFindingTest" time="0.146"/>
  <testcase name="testDijkstraWithDefaultWeight" classname="apoc.algo.PathFindingTest" time="0.125"/>
  <system-out><![CDATA[]]></system-out>
  <system-err><![CDATA[]]></system-err>
</testsuite>
