<?xml version="1.0" encoding="UTF-8"?>
<testsuite name="apoc.schema.SchemasTest" tests="6" skipped="0" failures="0" errors="0" timestamp="2017-04-22T13:29:42" hostname="Pc" time="0.711">
  <properties/>
  <testcase name="testCreateSchema" classname="apoc.schema.SchemasTest" time="0.128"/>
  <testcase name="testCreateIndex" classname="apoc.schema.SchemasTest" time="0.103"/>
  <testcase name="testKeepIndex" classname="apoc.schema.SchemasTest" time="0.104"/>
  <testcase name="testDropIndex" classname="apoc.schema.SchemasTest" time="0.125"/>
  <testcase name="testDropSchema" classname="apoc.schema.SchemasTest" time="0.129"/>
  <testcase name="testKeepSchema" classname="apoc.schema.SchemasTest" time="0.121"/>
  <system-out><![CDATA[]]></system-out>
  <system-err><![CDATA[]]></system-err>
</testsuite>
