<?xml version="1.0" encoding="UTF-8"?>
<testsuite name="apoc.coll.CollTest" tests="40" skipped="0" failures="0" errors="0" timestamp="2017-04-20T12:22:19" hostname="Pc" time="5.032">
  <properties/>
  <testcase name="testDuplicates" classname="apoc.coll.CollTest" time="0.006"/>
  <testcase name="testRandomItemsOnNullAndEmptyList" classname="apoc.coll.CollTest" time="0.026"/>
  <testcase name="testRandomItemsLargerThanOriginalAllowingRepick" classname="apoc.coll.CollTest" time="2.223"/>
  <testcase name="testSortMaps" classname="apoc.coll.CollTest" time="0.009"/>
  <testcase name="testSetOperations" classname="apoc.coll.CollTest" time="0.043"/>
  <testcase name="testPairsMinListResult" classname="apoc.coll.CollTest" time="0.011"/>
  <testcase name="testContainsSorted" classname="apoc.coll.CollTest" time="0.353"/>
  <testcase name="testOccurrencesOnNullAndEmptyList" classname="apoc.coll.CollTest" time="0.016"/>
  <testcase name="testRandomItemOnNullAndEmptyList" classname="apoc.coll.CollTest" time="0.011"/>
  <testcase name="testAvg" classname="apoc.coll.CollTest" time="0.006"/>
  <testcase name="testIN2" classname="apoc.coll.CollTest" time="0.476"/>
  <testcase name="testMax" classname="apoc.coll.CollTest" time="0.005"/>
  <testcase name="testMin" classname="apoc.coll.CollTest" time="0.005"/>
  <testcase name="testSum" classname="apoc.coll.CollTest" time="0.007"/>
  <testcase name="testZip" classname="apoc.coll.CollTest" time="0.006"/>
  <testcase name="testReverseOnNullAndEmptyList" classname="apoc.coll.CollTest" time="0.011"/>
  <testcase name="testRandomItems" classname="apoc.coll.CollTest" time="1.15"/>
  <testcase name="testPairs" classname="apoc.coll.CollTest" time="0.007"/>
  <testcase name="testSplit" classname="apoc.coll.CollTest" time="0.015"/>
  <testcase name="testToSet" classname="apoc.coll.CollTest" time="0.005"/>
  <testcase name="testSort" classname="apoc.coll.CollTest" time="0.006"/>
  <testcase name="testPartition" classname="apoc.coll.CollTest" time="0.01"/>
  <testcase name="testDuplicatesOnNullAndEmptyList" classname="apoc.coll.CollTest" time="0.01"/>
  <testcase name="testSumLongs" classname="apoc.coll.CollTest" time="0.007"/>
  <testcase name="testIN" classname="apoc.coll.CollTest" time="0.006"/>
  <testcase name="testDuplicatesWithCountOnNullAndEmptyList" classname="apoc.coll.CollTest" time="0.011"/>
  <testcase name="testRandomItem" classname="apoc.coll.CollTest" time="0.004"/>
  <testcase name="testContainsAll" classname="apoc.coll.CollTest" time="0.021"/>
  <testcase name="testContainsDuplicates" classname="apoc.coll.CollTest" time="0.009"/>
  <testcase name="testOccurrences" classname="apoc.coll.CollTest" time="0.017"/>
  <testcase name="testContainsAllSorted" classname="apoc.coll.CollTest" time="0.018"/>
  <testcase name="testSortNodes" classname="apoc.coll.CollTest" time="0.015"/>
  <testcase name="testReverse" classname="apoc.coll.CollTest" time="0.005"/>
  <testcase name="testIndexOf" classname="apoc.coll.CollTest" time="0.024"/>
  <testcase name="testPairsMin" classname="apoc.coll.CollTest" time="0.005"/>
  <testcase name="testShuffle" classname="apoc.coll.CollTest" time="0.223"/>
  <testcase name="testDuplicatesWithCount" classname="apoc.coll.CollTest" time="0.005"/>
  <testcase name="testShuffleOnNullAndEmptyList" classname="apoc.coll.CollTest" time="0.01"/>
  <testcase name="testRandomItemsLargerThanOriginal" classname="apoc.coll.CollTest" time="0.223"/>
  <testcase name="testContainsDuplicatesOnNullAndEmptyList" classname="apoc.coll.CollTest" time="0.011"/>
  <system-out><![CDATA[contains sorted test on 1000000 elements took 337 ms
contains test on 1000000 elements took 462 ms
]]></system-out>
  <system-err><![CDATA[]]></system-err>
</testsuite>
