<?xml version="1.0" encoding="UTF-8"?>
<testsuite name="apoc.trigger.TriggerTest" tests="8" skipped="0" failures="0" errors="0" timestamp="2017-04-19T18:27:27" hostname="Pc" time="0.927">
  <properties/>
  <testcase name="testTimeStampTriggerForUpdatedProperties" classname="apoc.trigger.TriggerTest" time="0.108"/>
  <testcase name="testTxId" classname="apoc.trigger.TriggerTest" time="0.115"/>
  <testcase name="testListTriggers" classname="apoc.trigger.TriggerTest" time="0.093"/>
  <testcase name="testLowerCaseName" classname="apoc.trigger.TriggerTest" time="0.1"/>
  <testcase name="testRemoveNode" classname="apoc.trigger.TriggerTest" time="0.119"/>
  <testcase name="testRemoveRelationship" classname="apoc.trigger.TriggerTest" time="0.136"/>
  <testcase name="testSetLabels" classname="apoc.trigger.TriggerTest" time="0.141"/>
  <testcase name="testTimeStampTrigger" classname="apoc.trigger.TriggerTest" time="0.113"/>
  <system-out><![CDATA[]]></system-out>
  <system-err><![CDATA[]]></system-err>
</testsuite>
