<?xml version="1.0" encoding="UTF-8"?>
<testsuite name="apoc.schema.SchemasTest" tests="6" skipped="0" failures="0" errors="0" timestamp="2017-04-21T14:30:12" hostname="Pc" time="0.593">
  <properties/>
  <testcase name="testCreateSchema" classname="apoc.schema.SchemasTest" time="0.104"/>
  <testcase name="testCreateIndex" classname="apoc.schema.SchemasTest" time="0.085"/>
  <testcase name="testKeepIndex" classname="apoc.schema.SchemasTest" time="0.097"/>
  <testcase name="testDropIndex" classname="apoc.schema.SchemasTest" time="0.095"/>
  <testcase name="testDropSchema" classname="apoc.schema.SchemasTest" time="0.101"/>
  <testcase name="testKeepSchema" classname="apoc.schema.SchemasTest" time="0.11"/>
  <system-out><![CDATA[]]></system-out>
  <system-err><![CDATA[]]></system-err>
</testsuite>
