<?xml version="1.0" encoding="UTF-8"?>
<testsuite name="apoc.load.LoadJsonTest" tests="6" skipped="1" failures="0" errors="0" timestamp="2017-04-24T15:37:21" hostname="Pc" time="0.562">
  <properties/>
  <testcase name="testLoadJson" classname="apoc.load.LoadJsonTest" time="0.109"/>
  <testcase name="testLoadJsonArrayPath" classname="apoc.load.LoadJsonTest" time="0.103"/>
  <testcase name="testLoadJsonPathRoot" classname="apoc.load.LoadJsonTest" time="0.119"/>
  <testcase name="testLoadJsonPath" classname="apoc.load.LoadJsonTest" time="0.115"/>
  <testcase name="testLoadJsonGraphCommons" classname="apoc.load.LoadJsonTest" time="0.0">
    <skipped/>
  </testcase>
  <testcase name="testLoadJsonArrayPathRoot" classname="apoc.load.LoadJsonTest" time="0.116"/>
  <system-out><![CDATA[]]></system-out>
  <system-err><![CDATA[]]></system-err>
</testsuite>
