<?xml version="1.0" encoding="UTF-8"?>
<testsuite name="apoc.trigger.TriggerTest" tests="8" skipped="0" failures="0" errors="0" timestamp="2017-04-24T12:29:08" hostname="Pc" time="0.929">
  <properties/>
  <testcase name="testTimeStampTriggerForUpdatedProperties" classname="apoc.trigger.TriggerTest" time="0.129"/>
  <testcase name="testTxId" classname="apoc.trigger.TriggerTest" time="0.104"/>
  <testcase name="testListTriggers" classname="apoc.trigger.TriggerTest" time="0.093"/>
  <testcase name="testLowerCaseName" classname="apoc.trigger.TriggerTest" time="0.121"/>
  <testcase name="testRemoveNode" classname="apoc.trigger.TriggerTest" time="0.142"/>
  <testcase name="testRemoveRelationship" classname="apoc.trigger.TriggerTest" time="0.117"/>
  <testcase name="testSetLabels" classname="apoc.trigger.TriggerTest" time="0.119"/>
  <testcase name="testTimeStampTrigger" classname="apoc.trigger.TriggerTest" time="0.104"/>
  <system-out><![CDATA[]]></system-out>
  <system-err><![CDATA[]]></system-err>
</testsuite>
