<?xml version="1.0" encoding="UTF-8"?>
<testsuite name="apoc.spatial.GeocodeTest" tests="2" skipped="0" failures="0" errors="0" timestamp="2017-04-20T11:09:23" hostname="Pc" time="24.33">
  <properties/>
  <testcase name="testGeocodeGoogle" classname="apoc.spatial.GeocodeTest" time="10.938"/>
  <testcase name="testGeocodeOSM" classname="apoc.spatial.GeocodeTest" time="13.392"/>
  <system-out><![CDATA[Fast google test took 812ms
Slow google test took 10001ms
Fast osm test took 1296ms
Slow osm test took 12005ms
]]></system-out>
  <system-err><![CDATA[]]></system-err>
</testsuite>
