<?xml version="1.0" encoding="UTF-8"?>
<testsuite name="apoc.index.FulltextIndexTest" tests="13" skipped="0" failures="0" errors="0" timestamp="2017-04-20T16:01:18" hostname="Pc" time="1.623">
  <properties/>
  <testcase name="testRelationships" classname="apoc.index.FulltextIndexTest" time="0.123"/>
  <testcase name="testAddNode" classname="apoc.index.FulltextIndexTest" time="0.125"/>
  <testcase name="testOut" classname="apoc.index.FulltextIndexTest" time="0.151"/>
  <testcase name="testNodes" classname="apoc.index.FulltextIndexTest" time="0.113"/>
  <testcase name="testRemoveRelationshipByName" classname="apoc.index.FulltextIndexTest" time="0.127"/>
  <testcase name="testIn" classname="apoc.index.FulltextIndexTest" time="0.118"/>
  <testcase name="testBetween" classname="apoc.index.FulltextIndexTest" time="0.166"/>
  <testcase name="testAddRelationshipToExistingIndex" classname="apoc.index.FulltextIndexTest" time="0.112"/>
  <testcase name="testAddNodeByLabel" classname="apoc.index.FulltextIndexTest" time="0.104"/>
  <testcase name="testAddNodeToExistingIndex" classname="apoc.index.FulltextIndexTest" time="0.13"/>
  <testcase name="testAddNodeByLabelMultipleProperties" classname="apoc.index.FulltextIndexTest" time="0.105"/>
  <testcase name="testRemoveNodeByName" classname="apoc.index.FulltextIndexTest" time="0.133"/>
  <testcase name="testAddRelationship" classname="apoc.index.FulltextIndexTest" time="0.115"/>
  <system-out><![CDATA[]]></system-out>
  <system-err><![CDATA[]]></system-err>
</testsuite>
