<?xml version="1.0" encoding="UTF-8"?>
<testsuite name="apoc.schema.SchemasTest" tests="6" skipped="0" failures="0" errors="0" timestamp="2017-04-26T16:58:17" hostname="Pc" time="0.582">
  <properties/>
  <testcase name="testCreateSchema" classname="apoc.schema.SchemasTest" time="0.099"/>
  <testcase name="testCreateIndex" classname="apoc.schema.SchemasTest" time="0.094"/>
  <testcase name="testKeepIndex" classname="apoc.schema.SchemasTest" time="0.083"/>
  <testcase name="testDropIndex" classname="apoc.schema.SchemasTest" time="0.097"/>
  <testcase name="testDropSchema" classname="apoc.schema.SchemasTest" time="0.095"/>
  <testcase name="testKeepSchema" classname="apoc.schema.SchemasTest" time="0.113"/>
  <system-out><![CDATA[]]></system-out>
  <system-err><![CDATA[]]></system-err>
</testsuite>
