<?xml version="1.0" encoding="UTF-8"?>
<testsuite name="apoc.load.LoadCsvTest" tests="9" skipped="0" failures="0" errors="0" timestamp="2017-04-22T13:29:22" hostname="Pc" time="2.436">
  <properties/>
  <testcase name="testLoadCsvTabSeparator" classname="apoc.load.LoadCsvTest" time="0.216"/>
  <testcase name="testLoadCsvColonSeparator" classname="apoc.load.LoadCsvTest" time="0.108"/>
  <testcase name="testLoadCsvByUrlRedirect" classname="apoc.load.LoadCsvTest" time="1.405"/>
  <testcase name="testLoadCsvSkip" classname="apoc.load.LoadCsvTest" time="0.11"/>
  <testcase name="testLoadCsv" classname="apoc.load.LoadCsvTest" time="0.117"/>
  <testcase name="testMapping" classname="apoc.load.LoadCsvTest" time="0.126"/>
  <testcase name="testLoadCsvIgnoreFields" classname="apoc.load.LoadCsvTest" time="0.117"/>
  <testcase name="testLoadCsvByUrl" classname="apoc.load.LoadCsvTest" time="0.114"/>
  <testcase name="testLoadCsvNoHeader" classname="apoc.load.LoadCsvTest" time="0.122"/>
  <system-out><![CDATA[]]></system-out>
  <system-err><![CDATA[]]></system-err>
</testsuite>
