<?xml version="1.0" encoding="UTF-8"?>
<testsuite name="apoc.spatial.SpatialTest" tests="4" skipped="0" failures="0" errors="0" timestamp="2017-04-25T14:19:57" hostname="Pc" time="0.602">
  <properties/>
  <testcase name="testGeocodePointAndDistance" classname="apoc.spatial.SpatialTest" time="0.201"/>
  <testcase name="testSimpleGeocode" classname="apoc.spatial.SpatialTest" time="0.108"/>
  <testcase name="testAllTheThings" classname="apoc.spatial.SpatialTest" time="0.141"/>
  <testcase name="testGraphRefactoring" classname="apoc.spatial.SpatialTest" time="0.152"/>
  <system-out><![CDATA[]]></system-out>
  <system-err><![CDATA[]]></system-err>
</testsuite>
