<?xml version="1.0" encoding="UTF-8"?>
<testsuite name="apoc.algo.PathFindingTest" tests="6" skipped="0" failures="0" errors="0" timestamp="2017-04-22T13:26:19" hostname="Pc" time="1.147">
  <properties/>
  <testcase name="testAllSimplePathResults" classname="apoc.algo.PathFindingTest" time="0.214"/>
  <testcase name="testAStar" classname="apoc.algo.PathFindingTest" time="0.194"/>
  <testcase name="testAStarConfig" classname="apoc.algo.PathFindingTest" time="0.176"/>
  <testcase name="testDijkstra" classname="apoc.algo.PathFindingTest" time="0.218"/>
  <testcase name="testAllSimplePaths" classname="apoc.algo.PathFindingTest" time="0.162"/>
  <testcase name="testDijkstraWithDefaultWeight" classname="apoc.algo.PathFindingTest" time="0.182"/>
  <system-out><![CDATA[]]></system-out>
  <system-err><![CDATA[]]></system-err>
</testsuite>
