<?xml version="1.0" encoding="UTF-8"?>
<testsuite name="apoc.spatial.GeocodeTest" tests="2" skipped="0" failures="0" errors="0" timestamp="2017-04-20T12:34:17" hostname="Pc" time="23.591">
  <properties/>
  <testcase name="testGeocodeGoogle" classname="apoc.spatial.GeocodeTest" time="10.553"/>
  <testcase name="testGeocodeOSM" classname="apoc.spatial.GeocodeTest" time="13.038"/>
  <system-out><![CDATA[Fast google test took 437ms
Slow google test took 10001ms
Fast osm test took 942ms
Slow osm test took 12015ms
]]></system-out>
  <system-err><![CDATA[]]></system-err>
</testsuite>
