<?xml version="1.0" encoding="UTF-8"?>
<testsuite name="apoc.algo.CentralityTest" tests="23" skipped="0" failures="0" errors="0" timestamp="2017-04-19T15:03:12" hostname="Pc" time="8.673">
  <properties/>
  <testcase name="shouldHandleNullDirectionWhenUsingBetweenness" classname="apoc.algo.CentralityTest" time="4.03"/>
  <testcase name="shouldHandleEmptyRelationshipTypeUsingCloseness" classname="apoc.algo.CentralityTest" time="0.358"/>
  <testcase name="shouldHandleNullNodesWhenUsingCentrality" classname="apoc.algo.CentralityTest" time="0.219"/>
  <testcase name="shouldProvideSameResultUsingEmptyRelationshipTypeOrSpecifyAllTypesWhenUsingCloseness" classname="apoc.algo.CentralityTest" time="0.235"/>
  <testcase name="shouldReturnExpectedResultCountWhenUsingBetweennessAllDirections" classname="apoc.algo.CentralityTest" time="0.264"/>
  <testcase name="shouldHandleInvalidDirectionWhenUsingCentrality" classname="apoc.algo.CentralityTest" time="0.169"/>
  <testcase name="shouldHaveExpectedBetweennessResultsForCypher" classname="apoc.algo.CentralityTest" time="0.643"/>
  <testcase name="shouldBeCaseInsensitiveForDirectionCloseness" classname="apoc.algo.CentralityTest" time="0.198"/>
  <testcase name="shouldHandleRelationshipTypesThatDoesNotExistWhenUsingCentrality" classname="apoc.algo.CentralityTest" time="0.147"/>
  <testcase name="shouldHandleNullDirectionWhenUsingCentrality" classname="apoc.algo.CentralityTest" time="0.168"/>
  <testcase name="shouldHandleEmptyNodeSetWhenUsingCloseness" classname="apoc.algo.CentralityTest" time="0.139"/>
  <testcase name="shouldHandleNullNodesWhenUsingBetweenness" classname="apoc.algo.CentralityTest" time="0.171"/>
  <testcase name="shouldHaveExpectedBetweennessNodeRemappingForCypher" classname="apoc.algo.CentralityTest" time="0.229"/>
  <testcase name="shouldReturnExpectedResultCountWhenUsingClosenessOutgoingAllDirections" classname="apoc.algo.CentralityTest" time="0.202"/>
  <testcase name="shouldHandleEmptyRelationshipTypeWhenUsingBetweenness" classname="apoc.algo.CentralityTest" time="0.164"/>
  <testcase name="shouldProvideSameResultUsingEmptyRelationshipTypeOrSpecifyAllTypesWhenUsingBetweenness" classname="apoc.algo.CentralityTest" time="0.219"/>
  <testcase name="shouldBeCaseInsensitiveForDirectionBetweenness" classname="apoc.algo.CentralityTest" time="0.168"/>
  <testcase name="shouldHandleEmptyNodeSetWhenUsingBetweenness" classname="apoc.algo.CentralityTest" time="0.141"/>
  <testcase name="shouldHandleNullRelationshipTypesWhenUsingCentrality" classname="apoc.algo.CentralityTest" time="0.14"/>
  <testcase name="shouldHandleNullRelationshipTypesWhenUsingBetweenness" classname="apoc.algo.CentralityTest" time="0.153"/>
  <testcase name="shouldHandleRelationshipTypesThatDoesNotExistWhenUsingBetweenness" classname="apoc.algo.CentralityTest" time="0.172"/>
  <testcase name="shouldHaveExpectedBetweennessMultipleSPCypher" classname="apoc.algo.CentralityTest" time="0.182"/>
  <testcase name="shouldHandleInvalidDirectionWhenUsingBetweenness" classname="apoc.algo.CentralityTest" time="0.158"/>
  <system-out><![CDATA[+----------------------------------------------------------------------------------------------------------------------------------+
| nodes | relationships | readNodeMillis | readRelationshipMillis | computeMillis | writeMillis | write | property                 |
+----------------------------------------------------------------------------------------------------------------------------------+
| 6     | 5             | 147            | 82                     | 6             | 11          | true  | "betweenness_centrality" |
+----------------------------------------------------------------------------------------------------------------------------------+
1 row

+----------------------------------------------------------------------------------------------------------------------------------+
| nodes | relationships | readNodeMillis | readRelationshipMillis | computeMillis | writeMillis | write | property                 |
+----------------------------------------------------------------------------------------------------------------------------------+
| 10    | 5             | 12             | 15                     | 0             | 3           | true  | "betweenness_centrality" |
+----------------------------------------------------------------------------------------------------------------------------------+
1 row

+----------------------------------------------------------------------------------------------------------------------------------+
| nodes | relationships | readNodeMillis | readRelationshipMillis | computeMillis | writeMillis | write | property                 |
+----------------------------------------------------------------------------------------------------------------------------------+
| 7     | 8             | 10             | 14                     | 1             | 2           | true  | "betweenness_centrality" |
+----------------------------------------------------------------------------------------------------------------------------------+
1 row

]]></system-out>
  <system-err><![CDATA[]]></system-err>
</testsuite>
