<?xml version="1.0" encoding="UTF-8"?>
<testsuite name="apoc.data.ExtractTest" tests="8" skipped="0" failures="0" errors="0" timestamp="2017-04-22T13:27:50" hostname="Pc" time="0.929">
  <properties/>
  <testcase name="testBadString" classname="apoc.data.ExtractTest" time="0.135"/>
  <testcase name="testUrl" classname="apoc.data.ExtractTest" time="0.113"/>
  <testcase name="testEmail" classname="apoc.data.ExtractTest" time="0.125"/>
  <testcase name="testNull" classname="apoc.data.ExtractTest" time="0.123"/>
  <testcase name="testEmptyString" classname="apoc.data.ExtractTest" time="0.097"/>
  <testcase name="testQuotedEmail" classname="apoc.data.ExtractTest" time="0.103"/>
  <testcase name="testQueryParameter" classname="apoc.data.ExtractTest" time="0.116"/>
  <testcase name="testEmailWithDotsBeforeAt" classname="apoc.data.ExtractTest" time="0.116"/>
  <system-out><![CDATA[]]></system-out>
  <system-err><![CDATA[]]></system-err>
</testsuite>
