<?xml version="1.0" encoding="UTF-8"?>
<testsuite name="apoc.cypher.CypherTest" tests="15" skipped="0" failures="0" errors="0" timestamp="2017-04-21T15:02:00" hostname="Pc" time="1.521">
  <properties/>
  <testcase name="testParallel2" classname="apoc.cypher.CypherTest" time="0.502"/>
  <testcase name="testRunFileWithResults" classname="apoc.cypher.CypherTest" time="0.067"/>
  <testcase name="testRunFileWithSchema" classname="apoc.cypher.CypherTest" time="0.008"/>
  <testcase name="testRunNoParams" classname="apoc.cypher.CypherTest" time="0.007"/>
  <testcase name="testRun" classname="apoc.cypher.CypherTest" time="0.008"/>
  <testcase name="testWithTimeout" classname="apoc.cypher.CypherTest" time="0.112"/>
  <testcase name="testMapParallel2" classname="apoc.cypher.CypherTest" time="0.143"/>
  <testcase name="testMapParallel" classname="apoc.cypher.CypherTest" time="0.165"/>
  <testcase name="testRunNullParams" classname="apoc.cypher.CypherTest" time="0.003"/>
  <testcase name="testRunVariable" classname="apoc.cypher.CypherTest" time="0.007"/>
  <testcase name="testRunFile" classname="apoc.cypher.CypherTest" time="0.012"/>
  <testcase name="testRunMany" classname="apoc.cypher.CypherTest" time="0.019"/>
  <testcase name="testSingular" classname="apoc.cypher.CypherTest" time="0.14"/>
  <testcase name="testRunWithPeriodic" classname="apoc.cypher.CypherTest" time="0.177"/>
  <testcase name="testParallel" classname="apoc.cypher.CypherTest" time="0.15"/>
  <system-out><![CDATA[]]></system-out>
  <system-err><![CDATA[]]></system-err>
</testsuite>
