<?xml version="1.0" encoding="UTF-8"?>
<testsuite name="apoc.path.SubgraphTest" tests="6" skipped="0" failures="0" errors="0" timestamp="2017-04-24T14:17:42" hostname="Pc" time="0.225">
  <properties/>
  <testcase name="testFullSubgraphShouldContainAllNodes" classname="apoc.path.SubgraphTest" time="0.017"/>
  <testcase name="testSpanningTreeShouldHaveOnlyOnePathToEachNode" classname="apoc.path.SubgraphTest" time="0.06"/>
  <testcase name="testSugbraphWithRelationshipFilterShouldContainExpectedNodes" classname="apoc.path.SubgraphTest" time="0.025"/>
  <testcase name="testSugbraphAllShouldContainExpectedNodesAndRels" classname="apoc.path.SubgraphTest" time="0.061"/>
  <testcase name="testSugbraphWithLabelFilterShouldContainExpectedNodes" classname="apoc.path.SubgraphTest" time="0.036"/>
  <testcase name="testSugbraphWithMaxDepthShouldContainExpectedNodes" classname="apoc.path.SubgraphTest" time="0.026"/>
  <system-out><![CDATA[]]></system-out>
  <system-err><![CDATA[]]></system-err>
</testsuite>
