<?xml version="1.0" encoding="UTF-8"?>
<testsuite name="apoc.algo.PathFindingTest" tests="6" skipped="0" failures="0" errors="0" timestamp="2017-04-19T12:31:44" hostname="Pc" time="1.005">
  <properties/>
  <testcase name="testAllSimplePathResults" classname="apoc.algo.PathFindingTest" time="0.187"/>
  <testcase name="testAStar" classname="apoc.algo.PathFindingTest" time="0.175"/>
  <testcase name="testAStarConfig" classname="apoc.algo.PathFindingTest" time="0.178"/>
  <testcase name="testDijkstra" classname="apoc.algo.PathFindingTest" time="0.177"/>
  <testcase name="testAllSimplePaths" classname="apoc.algo.PathFindingTest" time="0.141"/>
  <testcase name="testDijkstraWithDefaultWeight" classname="apoc.algo.PathFindingTest" time="0.147"/>
  <system-out><![CDATA[]]></system-out>
  <system-err><![CDATA[]]></system-err>
</testsuite>
