<?xml version="1.0" encoding="UTF-8"?>
<testsuite name="apoc.spatial.GeocodeTest" tests="2" skipped="0" failures="0" errors="0" timestamp="2017-04-18T13:13:42" hostname="Pc" time="25.288">
  <properties/>
  <testcase name="testGeocodeGoogle" classname="apoc.spatial.GeocodeTest" time="11.767"/>
  <testcase name="testGeocodeOSM" classname="apoc.spatial.GeocodeTest" time="13.521"/>
  <system-out><![CDATA[Fast google test took 2235ms
Slow google test took 9402ms
Fast osm test took 1447ms
Slow osm test took 11982ms
]]></system-out>
  <system-err><![CDATA[]]></system-err>
</testsuite>
