<?xml version="1.0" encoding="UTF-8"?>
<testsuite name="apoc.data.ExtractTest" tests="8" skipped="0" failures="0" errors="0" timestamp="2017-04-21T15:53:12" hostname="Pc" time="0.894">
  <properties/>
  <testcase name="testBadString" classname="apoc.data.ExtractTest" time="0.121"/>
  <testcase name="testUrl" classname="apoc.data.ExtractTest" time="0.107"/>
  <testcase name="testEmail" classname="apoc.data.ExtractTest" time="0.122"/>
  <testcase name="testNull" classname="apoc.data.ExtractTest" time="0.093"/>
  <testcase name="testEmptyString" classname="apoc.data.ExtractTest" time="0.118"/>
  <testcase name="testQuotedEmail" classname="apoc.data.ExtractTest" time="0.114"/>
  <testcase name="testQueryParameter" classname="apoc.data.ExtractTest" time="0.103"/>
  <testcase name="testEmailWithDotsBeforeAt" classname="apoc.data.ExtractTest" time="0.115"/>
  <system-out><![CDATA[]]></system-out>
  <system-err><![CDATA[]]></system-err>
</testsuite>
