<?xml version="1.0" encoding="UTF-8"?>
<testsuite name="apoc.nodes.NodesTest" tests="4" skipped="0" failures="0" errors="0" timestamp="2017-04-21T15:28:12" hostname="Pc" time="0.961">
  <properties/>
  <testcase name="delete" classname="apoc.nodes.NodesTest" time="0.497"/>
  <testcase name="link" classname="apoc.nodes.NodesTest" time="0.145"/>
  <testcase name="hasRelationhip" classname="apoc.nodes.NodesTest" time="0.18"/>
  <testcase name="isDense" classname="apoc.nodes.NodesTest" time="0.138"/>
  <system-out><![CDATA[]]></system-out>
  <system-err><![CDATA[]]></system-err>
</testsuite>
