<?xml version="1.0" encoding="UTF-8"?>
<testsuite name="apoc.data.ExtractTest" tests="8" skipped="0" failures="0" errors="0" timestamp="2017-04-20T12:32:40" hostname="Pc" time="0.748">
  <properties/>
  <testcase name="testBadString" classname="apoc.data.ExtractTest" time="0.108"/>
  <testcase name="testUrl" classname="apoc.data.ExtractTest" time="0.095"/>
  <testcase name="testEmail" classname="apoc.data.ExtractTest" time="0.094"/>
  <testcase name="testNull" classname="apoc.data.ExtractTest" time="0.083"/>
  <testcase name="testEmptyString" classname="apoc.data.ExtractTest" time="0.094"/>
  <testcase name="testQuotedEmail" classname="apoc.data.ExtractTest" time="0.082"/>
  <testcase name="testQueryParameter" classname="apoc.data.ExtractTest" time="0.093"/>
  <testcase name="testEmailWithDotsBeforeAt" classname="apoc.data.ExtractTest" time="0.096"/>
  <system-out><![CDATA[]]></system-out>
  <system-err><![CDATA[]]></system-err>
</testsuite>
