<?xml version="1.0" encoding="UTF-8"?>
<testsuite name="apoc.number.NumbersTest" tests="3" skipped="0" failures="0" errors="0" timestamp="2017-04-24T12:22:25" hostname="Pc" time="0.092">
  <properties/>
  <testcase name="testParseFloat" classname="apoc.number.NumbersTest" time="0.024"/>
  <testcase name="testFormat" classname="apoc.number.NumbersTest" time="0.045"/>
  <testcase name="testParseInt" classname="apoc.number.NumbersTest" time="0.023"/>
  <system-out><![CDATA[]]></system-out>
  <system-err><![CDATA[]]></system-err>
</testsuite>
