<?xml version="1.0" encoding="UTF-8"?>
<testsuite name="apoc.cache.StaticTest" tests="4" skipped="0" failures="0" errors="0" timestamp="2017-04-18T15:08:21" hostname="Pc" time="0.411">
  <properties/>
  <testcase name="testListFromConfig" classname="apoc.cache.StaticTest" time="0.118"/>
  <testcase name="testSet" classname="apoc.cache.StaticTest" time="0.107"/>
  <testcase name="testGetAllFromConfig" classname="apoc.cache.StaticTest" time="0.097"/>
  <testcase name="testOverrideConfig" classname="apoc.cache.StaticTest" time="0.089"/>
  <system-out><![CDATA[]]></system-out>
  <system-err><![CDATA[]]></system-err>
</testsuite>
