<?xml version="1.0" encoding="UTF-8"?>
<testsuite name="apoc.create.CreateTest" tests="14" skipped="0" failures="0" errors="0" timestamp="2017-04-22T09:41:16" hostname="Pc" time="1.632">
  <properties/>
  <testcase name="testCreateVirtualRelationship" classname="apoc.create.CreateTest" time="0.138"/>
  <testcase name="testCreateNodeWithArrayProps" classname="apoc.create.CreateTest" time="0.122"/>
  <testcase name="testVirtualNodeFunction" classname="apoc.create.CreateTest" time="0.113"/>
  <testcase name="testVirtualNode" classname="apoc.create.CreateTest" time="0.107"/>
  <testcase name="testCreateNodes" classname="apoc.create.CreateTest" time="0.103"/>
  <testcase name="testCreatePattern" classname="apoc.create.CreateTest" time="0.114"/>
  <testcase name="testCreateRelationship" classname="apoc.create.CreateTest" time="0.121"/>
  <testcase name="testSetProperty" classname="apoc.create.CreateTest" time="0.144"/>
  <testcase name="testCreateNode" classname="apoc.create.CreateTest" time="0.109"/>
  <testcase name="testSetRelProperty" classname="apoc.create.CreateTest" time="0.121"/>
  <testcase name="testCreatePatternFull" classname="apoc.create.CreateTest" time="0.109"/>
  <testcase name="testSetProperties" classname="apoc.create.CreateTest" time="0.113"/>
  <testcase name="testSetRelProperties" classname="apoc.create.CreateTest" time="0.102"/>
  <testcase name="testCreateVirtualRelationshipFunction" classname="apoc.create.CreateTest" time="0.115"/>
  <system-out><![CDATA[]]></system-out>
  <system-err><![CDATA[]]></system-err>
</testsuite>
