<?xml version="1.0" encoding="UTF-8"?>
<testsuite name="apoc.index.FreeTextSearchTest" tests="17" skipped="0" failures="0" errors="0" timestamp="2017-04-26T10:37:30" hostname="Pc" time="16.846">
  <properties/>
  <testcase name="shouldCreateIndexWithSingleLabel" classname="apoc.index.FreeTextSearchTest" time="0.202"/>
  <testcase name="shouldReportScoreFromIndex" classname="apoc.index.FreeTextSearchTest" time="0.15"/>
  <testcase name="shouldEnableSearchingBySpecificField" classname="apoc.index.FreeTextSearchTest" time="0.114"/>
  <testcase name="addAllNodeExtendedWithDynamicChainAnalyzer" classname="apoc.index.FreeTextSearchTest" time="0.125"/>
  <testcase name="addAllNodesExtendedOptionsCustomAnalyzer" classname="apoc.index.FreeTextSearchTest" time="0.105"/>
  <testcase name="shouldLimitNumberOfResults" classname="apoc.index.FreeTextSearchTest" time="1.133"/>
  <testcase name="addAllNodesDefaultParameters" classname="apoc.index.FreeTextSearchTest" time="0.114"/>
  <testcase name="shouldHandleRepeatedCalls" classname="apoc.index.FreeTextSearchTest" time="0.134"/>
  <testcase name="shouldIndexNodesWithMultipleLabels" classname="apoc.index.FreeTextSearchTest" time="0.121"/>
  <testcase name="addAllNodesExtendedNoOptionsDefaultParameters" classname="apoc.index.FreeTextSearchTest" time="0.092"/>
  <testcase name="shouldSearchInNumericRange" classname="apoc.index.FreeTextSearchTest" time="0.754"/>
  <testcase name="shouldFindWithWildcards" classname="apoc.index.FreeTextSearchTest" time="0.133"/>
  <testcase name="shouldCreateFreeTextIndexWithMultipleLabels" classname="apoc.index.FreeTextSearchTest" time="0.112"/>
  <testcase name="addAllNodesExtendedOptionsCheck" classname="apoc.index.FreeTextSearchTest" time="0.095"/>
  <testcase name="shouldQueryFreeTextIndex" classname="apoc.index.FreeTextSearchTest" time="0.109"/>
  <testcase name="shouldPopulateIndexInBatches" classname="apoc.index.FreeTextSearchTest" time="3.269"/>
  <testcase name="shouldRefuseToCreateIndexWithNoStructure" classname="apoc.index.FreeTextSearchTest" time="10.08"/>
  <system-out><![CDATA[]]></system-out>
  <system-err><![CDATA[]]></system-err>
</testsuite>
