<?xml version="1.0" encoding="UTF-8"?>
<testsuite name="apoc.algo.PathFindingTest" tests="6" skipped="0" failures="0" errors="0" timestamp="2017-04-22T13:57:52" hostname="Pc" time="1.187">
  <properties/>
  <testcase name="testAllSimplePathResults" classname="apoc.algo.PathFindingTest" time="0.242"/>
  <testcase name="testAStar" classname="apoc.algo.PathFindingTest" time="0.212"/>
  <testcase name="testAStarConfig" classname="apoc.algo.PathFindingTest" time="0.171"/>
  <testcase name="testDijkstra" classname="apoc.algo.PathFindingTest" time="0.219"/>
  <testcase name="testAllSimplePaths" classname="apoc.algo.PathFindingTest" time="0.18"/>
  <testcase name="testDijkstraWithDefaultWeight" classname="apoc.algo.PathFindingTest" time="0.161"/>
  <system-out><![CDATA[]]></system-out>
  <system-err><![CDATA[]]></system-err>
</testsuite>
