<?xml version="1.0" encoding="UTF-8"?>
<testsuite name="apoc.create.CreateTest" tests="14" skipped="0" failures="0" errors="0" timestamp="2017-04-22T10:47:23" hostname="Pc" time="1.798">
  <properties/>
  <testcase name="testCreateVirtualRelationship" classname="apoc.create.CreateTest" time="0.164"/>
  <testcase name="testCreateNodeWithArrayProps" classname="apoc.create.CreateTest" time="0.134"/>
  <testcase name="testVirtualNodeFunction" classname="apoc.create.CreateTest" time="0.121"/>
  <testcase name="testVirtualNode" classname="apoc.create.CreateTest" time="0.118"/>
  <testcase name="testCreateNodes" classname="apoc.create.CreateTest" time="0.127"/>
  <testcase name="testCreatePattern" classname="apoc.create.CreateTest" time="0.111"/>
  <testcase name="testCreateRelationship" classname="apoc.create.CreateTest" time="0.146"/>
  <testcase name="testSetProperty" classname="apoc.create.CreateTest" time="0.137"/>
  <testcase name="testCreateNode" classname="apoc.create.CreateTest" time="0.138"/>
  <testcase name="testSetRelProperty" classname="apoc.create.CreateTest" time="0.116"/>
  <testcase name="testCreatePatternFull" classname="apoc.create.CreateTest" time="0.119"/>
  <testcase name="testSetProperties" classname="apoc.create.CreateTest" time="0.127"/>
  <testcase name="testSetRelProperties" classname="apoc.create.CreateTest" time="0.12"/>
  <testcase name="testCreateVirtualRelationshipFunction" classname="apoc.create.CreateTest" time="0.119"/>
  <system-out><![CDATA[]]></system-out>
  <system-err><![CDATA[]]></system-err>
</testsuite>
