<?xml version="1.0" encoding="UTF-8"?>
<testsuite name="apoc.index.FulltextIndexTest" tests="13" skipped="0" failures="0" errors="0" timestamp="2017-04-19T18:26:17" hostname="Pc" time="1.601">
  <properties/>
  <testcase name="testRelationships" classname="apoc.index.FulltextIndexTest" time="0.116"/>
  <testcase name="testAddNode" classname="apoc.index.FulltextIndexTest" time="0.119"/>
  <testcase name="testOut" classname="apoc.index.FulltextIndexTest" time="0.125"/>
  <testcase name="testNodes" classname="apoc.index.FulltextIndexTest" time="0.113"/>
  <testcase name="testRemoveRelationshipByName" classname="apoc.index.FulltextIndexTest" time="0.13"/>
  <testcase name="testIn" classname="apoc.index.FulltextIndexTest" time="0.131"/>
  <testcase name="testBetween" classname="apoc.index.FulltextIndexTest" time="0.125"/>
  <testcase name="testAddRelationshipToExistingIndex" classname="apoc.index.FulltextIndexTest" time="0.165"/>
  <testcase name="testAddNodeByLabel" classname="apoc.index.FulltextIndexTest" time="0.109"/>
  <testcase name="testAddNodeToExistingIndex" classname="apoc.index.FulltextIndexTest" time="0.13"/>
  <testcase name="testAddNodeByLabelMultipleProperties" classname="apoc.index.FulltextIndexTest" time="0.114"/>
  <testcase name="testRemoveNodeByName" classname="apoc.index.FulltextIndexTest" time="0.123"/>
  <testcase name="testAddRelationship" classname="apoc.index.FulltextIndexTest" time="0.1"/>
  <system-out><![CDATA[]]></system-out>
  <system-err><![CDATA[]]></system-err>
</testsuite>
