<?xml version="1.0" encoding="UTF-8"?>
<testsuite name="apoc.trigger.TriggerTest" tests="8" skipped="0" failures="0" errors="0" timestamp="2017-04-25T14:19:59" hostname="Pc" time="0.953">
  <properties/>
  <testcase name="testTimeStampTriggerForUpdatedProperties" classname="apoc.trigger.TriggerTest" time="0.14"/>
  <testcase name="testTxId" classname="apoc.trigger.TriggerTest" time="0.094"/>
  <testcase name="testListTriggers" classname="apoc.trigger.TriggerTest" time="0.104"/>
  <testcase name="testLowerCaseName" classname="apoc.trigger.TriggerTest" time="0.115"/>
  <testcase name="testRemoveNode" classname="apoc.trigger.TriggerTest" time="0.147"/>
  <testcase name="testRemoveRelationship" classname="apoc.trigger.TriggerTest" time="0.135"/>
  <testcase name="testSetLabels" classname="apoc.trigger.TriggerTest" time="0.117"/>
  <testcase name="testTimeStampTrigger" classname="apoc.trigger.TriggerTest" time="0.101"/>
  <system-out><![CDATA[]]></system-out>
  <system-err><![CDATA[]]></system-err>
</testsuite>
