<?xml version="1.0" encoding="UTF-8"?>
<testsuite name="apoc.map.MapsTest" tests="17" skipped="0" failures="0" errors="0" timestamp="2017-04-24T14:17:35" hostname="Pc" time="1.632">
  <properties/>
  <testcase name="testMergeList" classname="apoc.map.MapsTest" time="0.098"/>
  <testcase name="testClean" classname="apoc.map.MapsTest" time="0.109"/>
  <testcase name="testMerge" classname="apoc.map.MapsTest" time="0.086"/>
  <testcase name="testFlatten" classname="apoc.map.MapsTest" time="0.099"/>
  <testcase name="testGroupBy" classname="apoc.map.MapsTest" time="0.107"/>
  <testcase name="testRemoveKeys" classname="apoc.map.MapsTest" time="0.087"/>
  <testcase name="testFromLists" classname="apoc.map.MapsTest" time="0.098"/>
  <testcase name="testFromNodes" classname="apoc.map.MapsTest" time="0.093"/>
  <testcase name="testFromPairs" classname="apoc.map.MapsTest" time="0.086"/>
  <testcase name="testGroupByMulti" classname="apoc.map.MapsTest" time="0.099"/>
  <testcase name="testSetValues" classname="apoc.map.MapsTest" time="0.097"/>
  <testcase name="testFromValues" classname="apoc.map.MapsTest" time="0.103"/>
  <testcase name="testSetKey" classname="apoc.map.MapsTest" time="0.095"/>
  <testcase name="testRemoveKey" classname="apoc.map.MapsTest" time="0.095"/>
  <testcase name="testSetEntry" classname="apoc.map.MapsTest" time="0.095"/>
  <testcase name="testSetLists" classname="apoc.map.MapsTest" time="0.087"/>
  <testcase name="testSetPairs" classname="apoc.map.MapsTest" time="0.095"/>
  <system-out><![CDATA[]]></system-out>
  <system-err><![CDATA[]]></system-err>
</testsuite>
