<?xml version="1.0" encoding="UTF-8"?>
<testsuite name="apoc.algo.algorithms.ChunksTest" tests="1" skipped="0" failures="0" errors="0" timestamp="2017-04-21T14:41:07" hostname="Pc" time="0.004">
  <properties/>
  <testcase name="testWriteChunks" classname="apoc.algo.algorithms.ChunksTest" time="0.004"/>
  <system-out><![CDATA[]]></system-out>
  <system-err><![CDATA[]]></system-err>
</testsuite>
