<?xml version="1.0" encoding="UTF-8"?>
<testsuite name="apoc.spatial.SpatialTest" tests="4" skipped="0" failures="0" errors="0" timestamp="2017-04-20T10:58:06" hostname="Pc" time="0.621">
  <properties/>
  <testcase name="testGeocodePointAndDistance" classname="apoc.spatial.SpatialTest" time="0.197"/>
  <testcase name="testSimpleGeocode" classname="apoc.spatial.SpatialTest" time="0.103"/>
  <testcase name="testAllTheThings" classname="apoc.spatial.SpatialTest" time="0.148"/>
  <testcase name="testGraphRefactoring" classname="apoc.spatial.SpatialTest" time="0.173"/>
  <system-out><![CDATA[]]></system-out>
  <system-err><![CDATA[]]></system-err>
</testsuite>
