<?xml version="1.0" encoding="UTF-8"?>
<testsuite name="apoc.index.FulltextIndexTest" tests="13" skipped="0" failures="0" errors="0" timestamp="2017-04-24T14:17:06" hostname="Pc" time="1.548">
  <properties/>
  <testcase name="testRelationships" classname="apoc.index.FulltextIndexTest" time="0.117"/>
  <testcase name="testAddNode" classname="apoc.index.FulltextIndexTest" time="0.117"/>
  <testcase name="testOut" classname="apoc.index.FulltextIndexTest" time="0.128"/>
  <testcase name="testNodes" classname="apoc.index.FulltextIndexTest" time="0.117"/>
  <testcase name="testRemoveRelationshipByName" classname="apoc.index.FulltextIndexTest" time="0.119"/>
  <testcase name="testIn" classname="apoc.index.FulltextIndexTest" time="0.126"/>
  <testcase name="testBetween" classname="apoc.index.FulltextIndexTest" time="0.136"/>
  <testcase name="testAddRelationshipToExistingIndex" classname="apoc.index.FulltextIndexTest" time="0.096"/>
  <testcase name="testAddNodeByLabel" classname="apoc.index.FulltextIndexTest" time="0.093"/>
  <testcase name="testAddNodeToExistingIndex" classname="apoc.index.FulltextIndexTest" time="0.13"/>
  <testcase name="testAddNodeByLabelMultipleProperties" classname="apoc.index.FulltextIndexTest" time="0.101"/>
  <testcase name="testRemoveNodeByName" classname="apoc.index.FulltextIndexTest" time="0.161"/>
  <testcase name="testAddRelationship" classname="apoc.index.FulltextIndexTest" time="0.104"/>
  <system-out><![CDATA[]]></system-out>
  <system-err><![CDATA[]]></system-err>
</testsuite>
