<?xml version="1.0" encoding="UTF-8"?>
<testsuite name="apoc.algo.SimilarityTest" tests="4" skipped="0" failures="0" errors="0" timestamp="2017-04-19T17:58:03" hostname="Pc" time="1.062">
  <properties/>
  <testcase name="testEuclideanSimilarity" classname="apoc.algo.SimilarityTest" time="0.337"/>
  <testcase name="testCosineSimilarityWithSomeRelationshipsNull" classname="apoc.algo.SimilarityTest" time="0.219"/>
  <testcase name="testCosineSimilarityWithSomeWeightPropertiesNull" classname="apoc.algo.SimilarityTest" time="0.224"/>
  <testcase name="testEuclideanDistance" classname="apoc.algo.SimilarityTest" time="0.282"/>
  <system-out><![CDATA[]]></system-out>
  <system-err><![CDATA[]]></system-err>
</testsuite>
