<?xml version="1.0" encoding="UTF-8"?>
<testsuite name="apoc.spatial.GeocodeTest" tests="2" skipped="0" failures="0" errors="0" timestamp="2017-04-21T11:44:31" hostname="Pc" time="25.29">
  <properties/>
  <testcase name="testGeocodeGoogle" classname="apoc.spatial.GeocodeTest" time="12.169"/>
  <testcase name="testGeocodeOSM" classname="apoc.spatial.GeocodeTest" time="13.121"/>
  <system-out><![CDATA[Fast google test took 2527ms
Slow google test took 9529ms
Fast osm test took 1019ms
Slow osm test took 12001ms
]]></system-out>
  <system-err><![CDATA[]]></system-err>
</testsuite>
