<?xml version="1.0" encoding="UTF-8"?>
<testsuite name="apoc.warmup.WarmupTest" tests="1" skipped="0" failures="0" errors="0" timestamp="2017-04-26T16:58:57" hostname="Pc" time="0.157">
  <properties/>
  <testcase name="testWarmup" classname="apoc.warmup.WarmupTest" time="0.157"/>
  <system-out><![CDATA[]]></system-out>
  <system-err><![CDATA[]]></system-err>
</testsuite>
