<?xml version="1.0" encoding="UTF-8"?>
<testsuite name="apoc.algo.SimilarityTest" tests="4" skipped="0" failures="0" errors="0" timestamp="2017-04-26T16:41:06" hostname="Pc" time="1.038">
  <properties/>
  <testcase name="testEuclideanSimilarity" classname="apoc.algo.SimilarityTest" time="0.359"/>
  <testcase name="testCosineSimilarityWithSomeRelationshipsNull" classname="apoc.algo.SimilarityTest" time="0.208"/>
  <testcase name="testCosineSimilarityWithSomeWeightPropertiesNull" classname="apoc.algo.SimilarityTest" time="0.226"/>
  <testcase name="testEuclideanDistance" classname="apoc.algo.SimilarityTest" time="0.243"/>
  <system-out><![CDATA[]]></system-out>
  <system-err><![CDATA[]]></system-err>
</testsuite>
