<?xml version="1.0" encoding="UTF-8"?>
<testsuite name="apoc.index.IndexUpdateTransactionEventHandlerTest" tests="2" skipped="0" failures="0" errors="0" timestamp="2017-04-22T09:42:20" hostname="Pc" time="0.396">
  <properties/>
  <testcase name="shouldDeletingIndexedNodesSucceed" classname="apoc.index.IndexUpdateTransactionEventHandlerTest" time="0.23"/>
  <testcase name="shouldIndexFieldsBeUsedConsistently" classname="apoc.index.IndexUpdateTransactionEventHandlerTest" time="0.166"/>
  <system-out><![CDATA[]]></system-out>
  <system-err><![CDATA[]]></system-err>
</testsuite>
