<?xml version="1.0" encoding="UTF-8"?>
<testsuite name="apoc.algo.PathFindingTest" tests="6" skipped="0" failures="0" errors="0" timestamp="2017-04-22T14:50:36" hostname="Pc" time="1.038">
  <properties/>
  <testcase name="testAllSimplePathResults" classname="apoc.algo.PathFindingTest" time="0.209"/>
  <testcase name="testAStar" classname="apoc.algo.PathFindingTest" time="0.193"/>
  <testcase name="testAStarConfig" classname="apoc.algo.PathFindingTest" time="0.157"/>
  <testcase name="testDijkstra" classname="apoc.algo.PathFindingTest" time="0.162"/>
  <testcase name="testAllSimplePaths" classname="apoc.algo.PathFindingTest" time="0.16"/>
  <testcase name="testDijkstraWithDefaultWeight" classname="apoc.algo.PathFindingTest" time="0.156"/>
  <system-out><![CDATA[]]></system-out>
  <system-err><![CDATA[]]></system-err>
</testsuite>
