<?xml version="1.0" encoding="UTF-8"?>
<testsuite name="apoc.trigger.TriggerTest" tests="8" skipped="0" failures="0" errors="0" timestamp="2017-04-22T10:49:44" hostname="Pc" time="1.207">
  <properties/>
  <testcase name="testTimeStampTriggerForUpdatedProperties" classname="apoc.trigger.TriggerTest" time="0.165"/>
  <testcase name="testTxId" classname="apoc.trigger.TriggerTest" time="0.129"/>
  <testcase name="testListTriggers" classname="apoc.trigger.TriggerTest" time="0.114"/>
  <testcase name="testLowerCaseName" classname="apoc.trigger.TriggerTest" time="0.142"/>
  <testcase name="testRemoveNode" classname="apoc.trigger.TriggerTest" time="0.18"/>
  <testcase name="testRemoveRelationship" classname="apoc.trigger.TriggerTest" time="0.194"/>
  <testcase name="testSetLabels" classname="apoc.trigger.TriggerTest" time="0.153"/>
  <testcase name="testTimeStampTrigger" classname="apoc.trigger.TriggerTest" time="0.128"/>
  <system-out><![CDATA[]]></system-out>
  <system-err><![CDATA[]]></system-err>
</testsuite>
