<?xml version="1.0" encoding="UTF-8"?>
<testsuite name="apoc.monitor.KernelProcedureTest" tests="1" skipped="0" failures="0" errors="0" timestamp="2017-04-21T16:38:28" hostname="Pc" time="0.128">
  <properties/>
  <testcase name="testGetKernelInfo" classname="apoc.monitor.KernelProcedureTest" time="0.128"/>
  <system-out><![CDATA[]]></system-out>
  <system-err><![CDATA[]]></system-err>
</testsuite>
