<?xml version="1.0" encoding="UTF-8"?>
<testsuite name="apoc.spatial.SpatialTest" tests="4" skipped="0" failures="0" errors="0" timestamp="2017-04-22T14:41:35" hostname="Pc" time="0.695">
  <properties/>
  <testcase name="testGeocodePointAndDistance" classname="apoc.spatial.SpatialTest" time="0.211"/>
  <testcase name="testSimpleGeocode" classname="apoc.spatial.SpatialTest" time="0.152"/>
  <testcase name="testAllTheThings" classname="apoc.spatial.SpatialTest" time="0.154"/>
  <testcase name="testGraphRefactoring" classname="apoc.spatial.SpatialTest" time="0.176"/>
  <system-out><![CDATA[]]></system-out>
  <system-err><![CDATA[]]></system-err>
</testsuite>
