<?xml version="1.0" encoding="UTF-8"?>
<testsuite name="apoc.index.IndexUpdateTransactionEventHandlerTest" tests="2" skipped="0" failures="0" errors="0" timestamp="2017-04-19T18:40:05" hostname="Pc" time="0.346">
  <properties/>
  <testcase name="shouldDeletingIndexedNodesSucceed" classname="apoc.index.IndexUpdateTransactionEventHandlerTest" time="0.232"/>
  <testcase name="shouldIndexFieldsBeUsedConsistently" classname="apoc.index.IndexUpdateTransactionEventHandlerTest" time="0.114"/>
  <system-out><![CDATA[]]></system-out>
  <system-err><![CDATA[]]></system-err>
</testsuite>
