<?xml version="1.0" encoding="UTF-8"?>
<testsuite name="apoc.generate.config.WattsStrogatzConfigTest" tests="1" skipped="0" failures="0" errors="0" timestamp="2017-04-20T19:50:02" hostname="Pc" time="0.001">
  <properties/>
  <testcase name="shouldCorrectlyEvaluateValidConfig" classname="apoc.generate.config.WattsStrogatzConfigTest" time="0.001"/>
  <system-out><![CDATA[]]></system-out>
  <system-err><![CDATA[]]></system-err>
</testsuite>
