<?xml version="1.0" encoding="UTF-8"?>
<testsuite name="apoc.algo.CliquesTest" tests="6" skipped="0" failures="0" errors="0" timestamp="2017-04-20T17:41:40" hostname="Pc" time="0.807">
  <properties/>
  <testcase name="testCliquesFromGraphWithTwoCliquesAndExtraNodes" classname="apoc.algo.CliquesTest" time="0.16"/>
  <testcase name="testCliquesFromGraphWithOneCliqueAndExtraNodes" classname="apoc.algo.CliquesTest" time="0.131"/>
  <testcase name="testCliquesFromGraphWithTwoCliques" classname="apoc.algo.CliquesTest" time="0.134"/>
  <testcase name="testCliquesFromEmptyGraphShouldBeEmpty" classname="apoc.algo.CliquesTest" time="0.103"/>
  <testcase name="testCliquesFromSpecifcNode" classname="apoc.algo.CliquesTest" time="0.147"/>
  <testcase name="testCliquesFromGraphWithOneClique" classname="apoc.algo.CliquesTest" time="0.132"/>
  <system-out><![CDATA[]]></system-out>
  <system-err><![CDATA[]]></system-err>
</testsuite>
