<?xml version="1.0" encoding="UTF-8"?>
<testsuite name="apoc.text.PhoneticTest" tests="7" skipped="0" failures="0" errors="0" timestamp="2017-04-21T14:44:36" hostname="Pc" time="0.655">
  <properties/>
  <testcase name="shouldComputeSoundexDifference" classname="apoc.text.PhoneticTest" time="0.091"/>
  <testcase name="shouldComputeSoundexEncodingOfManyWords" classname="apoc.text.PhoneticTest" time="0.1"/>
  <testcase name="shouldComputeEmptySoundexEncodingForTheEmptyString" classname="apoc.text.PhoneticTest" time="0.089"/>
  <testcase name="shouldComputeWordSoundexEncodingOfNull" classname="apoc.text.PhoneticTest" time="0.099"/>
  <testcase name="shouldComputeSoundexEncodingOfManyWordsEvenIfTheStringContainsSomeExtraChars" classname="apoc.text.PhoneticTest" time="0.098"/>
  <testcase name="shouldComputeSimpleSoundexEncodingOfNull" classname="apoc.text.PhoneticTest" time="0.089"/>
  <testcase name="shouldComputeSimpleSoundexEncoding" classname="apoc.text.PhoneticTest" time="0.088"/>
  <system-out><![CDATA[]]></system-out>
  <system-err><![CDATA[]]></system-err>
</testsuite>
