<?xml version="1.0" encoding="UTF-8"?>
<testsuite name="apoc.trigger.TriggerTest" tests="8" skipped="0" failures="0" errors="0" timestamp="2017-04-21T15:55:24" hostname="Pc" time="1.069">
  <properties/>
  <testcase name="testTimeStampTriggerForUpdatedProperties" classname="apoc.trigger.TriggerTest" time="0.157"/>
  <testcase name="testTxId" classname="apoc.trigger.TriggerTest" time="0.12"/>
  <testcase name="testListTriggers" classname="apoc.trigger.TriggerTest" time="0.102"/>
  <testcase name="testLowerCaseName" classname="apoc.trigger.TriggerTest" time="0.127"/>
  <testcase name="testRemoveNode" classname="apoc.trigger.TriggerTest" time="0.159"/>
  <testcase name="testRemoveRelationship" classname="apoc.trigger.TriggerTest" time="0.158"/>
  <testcase name="testSetLabels" classname="apoc.trigger.TriggerTest" time="0.129"/>
  <testcase name="testTimeStampTrigger" classname="apoc.trigger.TriggerTest" time="0.116"/>
  <system-out><![CDATA[]]></system-out>
  <system-err><![CDATA[]]></system-err>
</testsuite>
