<?xml version="1.0" encoding="UTF-8"?>
<testsuite name="apoc.algo.CentralityTest" tests="23" skipped="0" failures="0" errors="0" timestamp="2017-04-26T17:21:40" hostname="Pc" time="8.175">
  <properties/>
  <testcase name="shouldHandleNullDirectionWhenUsingBetweenness" classname="apoc.algo.CentralityTest" time="3.741"/>
  <testcase name="shouldHandleEmptyRelationshipTypeUsingCloseness" classname="apoc.algo.CentralityTest" time="0.291"/>
  <testcase name="shouldHandleNullNodesWhenUsingCentrality" classname="apoc.algo.CentralityTest" time="0.207"/>
  <testcase name="shouldProvideSameResultUsingEmptyRelationshipTypeOrSpecifyAllTypesWhenUsingCloseness" classname="apoc.algo.CentralityTest" time="0.245"/>
  <testcase name="shouldReturnExpectedResultCountWhenUsingBetweennessAllDirections" classname="apoc.algo.CentralityTest" time="0.238"/>
  <testcase name="shouldHandleInvalidDirectionWhenUsingCentrality" classname="apoc.algo.CentralityTest" time="0.181"/>
  <testcase name="shouldHaveExpectedBetweennessResultsForCypher" classname="apoc.algo.CentralityTest" time="0.582"/>
  <testcase name="shouldBeCaseInsensitiveForDirectionCloseness" classname="apoc.algo.CentralityTest" time="0.171"/>
  <testcase name="shouldHandleRelationshipTypesThatDoesNotExistWhenUsingCentrality" classname="apoc.algo.CentralityTest" time="0.144"/>
  <testcase name="shouldHandleNullDirectionWhenUsingCentrality" classname="apoc.algo.CentralityTest" time="0.163"/>
  <testcase name="shouldHandleEmptyNodeSetWhenUsingCloseness" classname="apoc.algo.CentralityTest" time="0.14"/>
  <testcase name="shouldHandleNullNodesWhenUsingBetweenness" classname="apoc.algo.CentralityTest" time="0.191"/>
  <testcase name="shouldHaveExpectedBetweennessNodeRemappingForCypher" classname="apoc.algo.CentralityTest" time="0.246"/>
  <testcase name="shouldReturnExpectedResultCountWhenUsingClosenessOutgoingAllDirections" classname="apoc.algo.CentralityTest" time="0.193"/>
  <testcase name="shouldHandleEmptyRelationshipTypeWhenUsingBetweenness" classname="apoc.algo.CentralityTest" time="0.156"/>
  <testcase name="shouldProvideSameResultUsingEmptyRelationshipTypeOrSpecifyAllTypesWhenUsingBetweenness" classname="apoc.algo.CentralityTest" time="0.188"/>
  <testcase name="shouldBeCaseInsensitiveForDirectionBetweenness" classname="apoc.algo.CentralityTest" time="0.179"/>
  <testcase name="shouldHandleEmptyNodeSetWhenUsingBetweenness" classname="apoc.algo.CentralityTest" time="0.135"/>
  <testcase name="shouldHandleNullRelationshipTypesWhenUsingCentrality" classname="apoc.algo.CentralityTest" time="0.151"/>
  <testcase name="shouldHandleNullRelationshipTypesWhenUsingBetweenness" classname="apoc.algo.CentralityTest" time="0.137"/>
  <testcase name="shouldHandleRelationshipTypesThatDoesNotExistWhenUsingBetweenness" classname="apoc.algo.CentralityTest" time="0.146"/>
  <testcase name="shouldHaveExpectedBetweennessMultipleSPCypher" classname="apoc.algo.CentralityTest" time="0.197"/>
  <testcase name="shouldHandleInvalidDirectionWhenUsingBetweenness" classname="apoc.algo.CentralityTest" time="0.15"/>
  <system-out><![CDATA[+----------------------------------------------------------------------------------------------------------------------------------+
| nodes | relationships | readNodeMillis | readRelationshipMillis | computeMillis | writeMillis | write | property                 |
+----------------------------------------------------------------------------------------------------------------------------------+
| 6     | 5             | 144            | 63                     | 3             | 7           | true  | "betweenness_centrality" |
+----------------------------------------------------------------------------------------------------------------------------------+
1 row

+----------------------------------------------------------------------------------------------------------------------------------+
| nodes | relationships | readNodeMillis | readRelationshipMillis | computeMillis | writeMillis | write | property                 |
+----------------------------------------------------------------------------------------------------------------------------------+
| 10    | 5             | 12             | 16                     | 0             | 4           | true  | "betweenness_centrality" |
+----------------------------------------------------------------------------------------------------------------------------------+
1 row

+----------------------------------------------------------------------------------------------------------------------------------+
| nodes | relationships | readNodeMillis | readRelationshipMillis | computeMillis | writeMillis | write | property                 |
+----------------------------------------------------------------------------------------------------------------------------------+
| 7     | 8             | 15             | 16                     | 0             | 3           | true  | "betweenness_centrality" |
+----------------------------------------------------------------------------------------------------------------------------------+
1 row

]]></system-out>
  <system-err><![CDATA[]]></system-err>
</testsuite>
