<?xml version="1.0" encoding="UTF-8"?>
<testsuite name="apoc.index.IndexUpdateTransactionEventHandlerTest" tests="2" skipped="0" failures="0" errors="0" timestamp="2017-04-26T10:37:49" hostname="Pc" time="0.296">
  <properties/>
  <testcase name="shouldDeletingIndexedNodesSucceed" classname="apoc.index.IndexUpdateTransactionEventHandlerTest" time="0.173"/>
  <testcase name="shouldIndexFieldsBeUsedConsistently" classname="apoc.index.IndexUpdateTransactionEventHandlerTest" time="0.123"/>
  <system-out><![CDATA[]]></system-out>
  <system-err><![CDATA[]]></system-err>
</testsuite>
