<?xml version="1.0" encoding="UTF-8"?>
<testsuite name="apoc.data.ExtractTest" tests="8" skipped="0" failures="0" errors="0" timestamp="2017-04-19T15:04:41" hostname="Pc" time="0.862">
  <properties/>
  <testcase name="testBadString" classname="apoc.data.ExtractTest" time="0.116"/>
  <testcase name="testUrl" classname="apoc.data.ExtractTest" time="0.098"/>
  <testcase name="testEmail" classname="apoc.data.ExtractTest" time="0.108"/>
  <testcase name="testNull" classname="apoc.data.ExtractTest" time="0.113"/>
  <testcase name="testEmptyString" classname="apoc.data.ExtractTest" time="0.1"/>
  <testcase name="testQuotedEmail" classname="apoc.data.ExtractTest" time="0.101"/>
  <testcase name="testQueryParameter" classname="apoc.data.ExtractTest" time="0.119"/>
  <testcase name="testEmailWithDotsBeforeAt" classname="apoc.data.ExtractTest" time="0.106"/>
  <system-out><![CDATA[]]></system-out>
  <system-err><![CDATA[]]></system-err>
</testsuite>
