<?xml version="1.0" encoding="UTF-8"?>
<testsuite name="apoc.index.IndexUpdateTransactionEventHandlerTest" tests="2" skipped="0" failures="0" errors="0" timestamp="2017-04-19T17:38:06" hostname="Pc" time="0.3">
  <properties/>
  <testcase name="shouldDeletingIndexedNodesSucceed" classname="apoc.index.IndexUpdateTransactionEventHandlerTest" time="0.174"/>
  <testcase name="shouldIndexFieldsBeUsedConsistently" classname="apoc.index.IndexUpdateTransactionEventHandlerTest" time="0.126"/>
  <system-out><![CDATA[]]></system-out>
  <system-err><![CDATA[]]></system-err>
</testsuite>
