<?xml version="1.0" encoding="UTF-8"?>
<testsuite name="apoc.config.ConfigTest" tests="8" skipped="0" failures="0" errors="0" timestamp="2017-04-26T17:22:51" hostname="Pc" time="0.824">
  <properties/>
  <testcase name="changeSlashUrlWithDirectoryImportContrained" classname="apoc.config.ConfigTest" time="0.119"/>
  <testcase name="notChangeFileUrlWithdirectoryImportConstrained" classname="apoc.config.ConfigTest" time="0.111"/>
  <testcase name="changeFileSlashUrlWithDirectoryImportContrained" classname="apoc.config.ConfigTest" time="0.101"/>
  <testcase name="list" classname="apoc.config.ConfigTest" time="0.116"/>
  <testcase name="changeFileTripleSlashesUrlWithdirectoryImportConstrained" classname="apoc.config.ConfigTest" time="0.113"/>
  <testcase name="changeNoSlashesUrlWithDirectoryImportContrained" classname="apoc.config.ConfigTest" time="0.087"/>
  <testcase name="changeFileDoubleSlashesUrlWithdirectoryImportConstrained" classname="apoc.config.ConfigTest" time="0.078"/>
  <testcase name="getConfigurationValue" classname="apoc.config.ConfigTest" time="0.097"/>
  <system-out><![CDATA[]]></system-out>
  <system-err><![CDATA[]]></system-err>
</testsuite>
