<?xml version="1.0" encoding="UTF-8"?>
<testsuite name="apoc.index.FulltextIndexTest" tests="13" skipped="0" failures="0" errors="0" timestamp="2017-04-21T14:29:31" hostname="Pc" time="1.582">
  <properties/>
  <testcase name="testRelationships" classname="apoc.index.FulltextIndexTest" time="0.129"/>
  <testcase name="testAddNode" classname="apoc.index.FulltextIndexTest" time="0.109"/>
  <testcase name="testOut" classname="apoc.index.FulltextIndexTest" time="0.133"/>
  <testcase name="testNodes" classname="apoc.index.FulltextIndexTest" time="0.123"/>
  <testcase name="testRemoveRelationshipByName" classname="apoc.index.FulltextIndexTest" time="0.149"/>
  <testcase name="testIn" classname="apoc.index.FulltextIndexTest" time="0.107"/>
  <testcase name="testBetween" classname="apoc.index.FulltextIndexTest" time="0.136"/>
  <testcase name="testAddRelationshipToExistingIndex" classname="apoc.index.FulltextIndexTest" time="0.108"/>
  <testcase name="testAddNodeByLabel" classname="apoc.index.FulltextIndexTest" time="0.152"/>
  <testcase name="testAddNodeToExistingIndex" classname="apoc.index.FulltextIndexTest" time="0.112"/>
  <testcase name="testAddNodeByLabelMultipleProperties" classname="apoc.index.FulltextIndexTest" time="0.091"/>
  <testcase name="testRemoveNodeByName" classname="apoc.index.FulltextIndexTest" time="0.117"/>
  <testcase name="testAddRelationship" classname="apoc.index.FulltextIndexTest" time="0.113"/>
  <system-out><![CDATA[]]></system-out>
  <system-err><![CDATA[]]></system-err>
</testsuite>
