<?xml version="1.0" encoding="UTF-8"?>
<testsuite name="apoc.index.FulltextIndexTest" tests="13" skipped="0" failures="0" errors="0" timestamp="2017-04-21T15:27:35" hostname="Pc" time="1.738">
  <properties/>
  <testcase name="testRelationships" classname="apoc.index.FulltextIndexTest" time="0.131"/>
  <testcase name="testAddNode" classname="apoc.index.FulltextIndexTest" time="0.126"/>
  <testcase name="testOut" classname="apoc.index.FulltextIndexTest" time="0.137"/>
  <testcase name="testNodes" classname="apoc.index.FulltextIndexTest" time="0.115"/>
  <testcase name="testRemoveRelationshipByName" classname="apoc.index.FulltextIndexTest" time="0.152"/>
  <testcase name="testIn" classname="apoc.index.FulltextIndexTest" time="0.136"/>
  <testcase name="testBetween" classname="apoc.index.FulltextIndexTest" time="0.186"/>
  <testcase name="testAddRelationshipToExistingIndex" classname="apoc.index.FulltextIndexTest" time="0.113"/>
  <testcase name="testAddNodeByLabel" classname="apoc.index.FulltextIndexTest" time="0.11"/>
  <testcase name="testAddNodeToExistingIndex" classname="apoc.index.FulltextIndexTest" time="0.137"/>
  <testcase name="testAddNodeByLabelMultipleProperties" classname="apoc.index.FulltextIndexTest" time="0.128"/>
  <testcase name="testRemoveNodeByName" classname="apoc.index.FulltextIndexTest" time="0.122"/>
  <testcase name="testAddRelationship" classname="apoc.index.FulltextIndexTest" time="0.143"/>
  <system-out><![CDATA[]]></system-out>
  <system-err><![CDATA[]]></system-err>
</testsuite>
