<?xml version="1.0" encoding="UTF-8"?>
<testsuite name="apoc.trigger.TriggerTest" tests="8" skipped="0" failures="0" errors="0" timestamp="2017-04-24T14:18:18" hostname="Pc" time="0.995">
  <properties/>
  <testcase name="testTimeStampTriggerForUpdatedProperties" classname="apoc.trigger.TriggerTest" time="0.141"/>
  <testcase name="testTxId" classname="apoc.trigger.TriggerTest" time="0.133"/>
  <testcase name="testListTriggers" classname="apoc.trigger.TriggerTest" time="0.103"/>
  <testcase name="testLowerCaseName" classname="apoc.trigger.TriggerTest" time="0.129"/>
  <testcase name="testRemoveNode" classname="apoc.trigger.TriggerTest" time="0.138"/>
  <testcase name="testRemoveRelationship" classname="apoc.trigger.TriggerTest" time="0.128"/>
  <testcase name="testSetLabels" classname="apoc.trigger.TriggerTest" time="0.118"/>
  <testcase name="testTimeStampTrigger" classname="apoc.trigger.TriggerTest" time="0.105"/>
  <system-out><![CDATA[]]></system-out>
  <system-err><![CDATA[]]></system-err>
</testsuite>
