<?xml version="1.0" encoding="UTF-8"?>
<testsuite name="apoc.trigger.TriggerTest" tests="8" skipped="0" failures="0" errors="0" timestamp="2017-04-20T10:13:37" hostname="Pc" time="0.961">
  <properties/>
  <testcase name="testTimeStampTriggerForUpdatedProperties" classname="apoc.trigger.TriggerTest" time="0.143"/>
  <testcase name="testTxId" classname="apoc.trigger.TriggerTest" time="0.096"/>
  <testcase name="testListTriggers" classname="apoc.trigger.TriggerTest" time="0.098"/>
  <testcase name="testLowerCaseName" classname="apoc.trigger.TriggerTest" time="0.124"/>
  <testcase name="testRemoveNode" classname="apoc.trigger.TriggerTest" time="0.13"/>
  <testcase name="testRemoveRelationship" classname="apoc.trigger.TriggerTest" time="0.133"/>
  <testcase name="testSetLabels" classname="apoc.trigger.TriggerTest" time="0.126"/>
  <testcase name="testTimeStampTrigger" classname="apoc.trigger.TriggerTest" time="0.111"/>
  <system-out><![CDATA[]]></system-out>
  <system-err><![CDATA[]]></system-err>
</testsuite>
