<?xml version="1.0" encoding="UTF-8"?>
<testsuite name="apoc.load.JdbcTest" tests="4" skipped="0" failures="0" errors="0" timestamp="2017-04-22T09:42:51" hostname="Pc" time="0.051">
  <properties/>
  <testcase name="testLoadJdbc" classname="apoc.load.JdbcTest" time="0.016"/>
  <testcase name="testLoadJdbcParams" classname="apoc.load.JdbcTest" time="0.024"/>
  <testcase name="testLoadJdbcSelect" classname="apoc.load.JdbcTest" time="0.006"/>
  <testcase name="testLoadJdbcKey" classname="apoc.load.JdbcTest" time="0.005"/>
  <system-out><![CDATA[]]></system-out>
  <system-err><![CDATA[]]></system-err>
</testsuite>
