<?xml version="1.0" encoding="UTF-8"?>
<testsuite name="apoc.data.ExtractTest" tests="8" skipped="0" failures="0" errors="0" timestamp="2017-04-22T14:39:18" hostname="Pc" time="0.937">
  <properties/>
  <testcase name="testBadString" classname="apoc.data.ExtractTest" time="0.123"/>
  <testcase name="testUrl" classname="apoc.data.ExtractTest" time="0.117"/>
  <testcase name="testEmail" classname="apoc.data.ExtractTest" time="0.105"/>
  <testcase name="testNull" classname="apoc.data.ExtractTest" time="0.132"/>
  <testcase name="testEmptyString" classname="apoc.data.ExtractTest" time="0.117"/>
  <testcase name="testQuotedEmail" classname="apoc.data.ExtractTest" time="0.119"/>
  <testcase name="testQueryParameter" classname="apoc.data.ExtractTest" time="0.115"/>
  <testcase name="testEmailWithDotsBeforeAt" classname="apoc.data.ExtractTest" time="0.108"/>
  <system-out><![CDATA[]]></system-out>
  <system-err><![CDATA[]]></system-err>
</testsuite>
