<?xml version="1.0" encoding="UTF-8"?>
<testsuite name="apoc.index.FreeTextSearchTest" tests="17" skipped="0" failures="0" errors="0" timestamp="2017-04-18T13:12:40" hostname="Pc" time="17.254">
  <properties/>
  <testcase name="shouldCreateIndexWithSingleLabel" classname="apoc.index.FreeTextSearchTest" time="0.221"/>
  <testcase name="shouldReportScoreFromIndex" classname="apoc.index.FreeTextSearchTest" time="0.16"/>
  <testcase name="shouldEnableSearchingBySpecificField" classname="apoc.index.FreeTextSearchTest" time="0.124"/>
  <testcase name="addAllNodeExtendedWithDynamicChainAnalyzer" classname="apoc.index.FreeTextSearchTest" time="0.141"/>
  <testcase name="addAllNodesExtendedOptionsCustomAnalyzer" classname="apoc.index.FreeTextSearchTest" time="0.103"/>
  <testcase name="shouldLimitNumberOfResults" classname="apoc.index.FreeTextSearchTest" time="1.174"/>
  <testcase name="addAllNodesDefaultParameters" classname="apoc.index.FreeTextSearchTest" time="0.108"/>
  <testcase name="shouldHandleRepeatedCalls" classname="apoc.index.FreeTextSearchTest" time="0.131"/>
  <testcase name="shouldIndexNodesWithMultipleLabels" classname="apoc.index.FreeTextSearchTest" time="0.113"/>
  <testcase name="addAllNodesExtendedNoOptionsDefaultParameters" classname="apoc.index.FreeTextSearchTest" time="0.109"/>
  <testcase name="shouldSearchInNumericRange" classname="apoc.index.FreeTextSearchTest" time="0.788"/>
  <testcase name="shouldFindWithWildcards" classname="apoc.index.FreeTextSearchTest" time="0.14"/>
  <testcase name="shouldCreateFreeTextIndexWithMultipleLabels" classname="apoc.index.FreeTextSearchTest" time="0.129"/>
  <testcase name="addAllNodesExtendedOptionsCheck" classname="apoc.index.FreeTextSearchTest" time="0.095"/>
  <testcase name="shouldQueryFreeTextIndex" classname="apoc.index.FreeTextSearchTest" time="0.104"/>
  <testcase name="shouldPopulateIndexInBatches" classname="apoc.index.FreeTextSearchTest" time="3.521"/>
  <testcase name="shouldRefuseToCreateIndexWithNoStructure" classname="apoc.index.FreeTextSearchTest" time="10.088"/>
  <system-out><![CDATA[]]></system-out>
  <system-err><![CDATA[]]></system-err>
</testsuite>
