<?xml version="1.0" encoding="UTF-8"?>
<testsuite name="apoc.help.HelpTest" tests="1" skipped="0" failures="0" errors="0" timestamp="2017-04-21T14:43:07" hostname="Pc" time="0.164">
  <properties/>
  <testcase name="info" classname="apoc.help.HelpTest" time="0.164"/>
  <system-out><![CDATA[]]></system-out>
  <system-err><![CDATA[]]></system-err>
</testsuite>
