<?xml version="1.0" encoding="UTF-8"?>
<testsuite name="apoc.index.UpdateFreetextIndexTest" tests="8" skipped="0" failures="1" errors="0" timestamp="2017-04-19T18:40:06" hostname="Pc" time="23.437">
  <properties/>
  <testcase name="shouldIndexGetUpdatedAcrossRestarts[with index config {}, autoUpdate.enabled = true, async = false]" classname="apoc.index.UpdateFreetextIndexTest" time="2.7"/>
  <testcase name="shouldIndexGetUpdatedAcrossRestarts[with index config {autoUpdate:false}, autoUpdate.enabled = true, async = false]" classname="apoc.index.UpdateFreetextIndexTest" time="2.632"/>
  <testcase name="shouldIndexGetUpdatedAcrossRestarts[with index config {autoUpdate:true}, autoUpdate.enabled = true, async = false]" classname="apoc.index.UpdateFreetextIndexTest" time="2.78"/>
  <testcase name="shouldIndexGetUpdatedAcrossRestarts[with index config {autoUpdate:true}, autoUpdate.enabled = false, async = false]" classname="apoc.index.UpdateFreetextIndexTest" time="2.57"/>
  <testcase name="shouldIndexGetUpdatedAcrossRestarts[with index config {}, autoUpdate.enabled = true, async = true]" classname="apoc.index.UpdateFreetextIndexTest" time="3.278"/>
  <testcase name="shouldIndexGetUpdatedAcrossRestarts[with index config {autoUpdate:false}, autoUpdate.enabled = true, async = true]" classname="apoc.index.UpdateFreetextIndexTest" time="3.315"/>
  <testcase name="shouldIndexGetUpdatedAcrossRestarts[with index config {autoUpdate:true}, autoUpdate.enabled = true, async = true]" classname="apoc.index.UpdateFreetextIndexTest" time="2.925">
    <failure message="java.lang.AssertionError: expected:&lt;3&gt; but was:&lt;2&gt;" type="java.lang.AssertionError">java.lang.AssertionError: expected:&lt;3&gt; but was:&lt;2&gt;
	at org.junit.Assert.fail(Assert.java:88)
	at org.junit.Assert.failNotEquals(Assert.java:834)
	at org.junit.Assert.assertEquals(Assert.java:645)
	at org.junit.Assert.assertEquals(Assert.java:631)
	at apoc.index.UpdateFreetextIndexTest.lambda$shouldIndexGetUpdatedAcrossRestarts$2(UpdateFreetextIndexTest.java:95)
	at apoc.util.TestUtil.testResult(TestUtil.java:86)
	at apoc.util.TestUtil.testResult(TestUtil.java:81)
	at apoc.index.UpdateFreetextIndexTest.shouldIndexGetUpdatedAcrossRestarts(UpdateFreetextIndexTest.java:94)
	at sun.reflect.NativeMethodAccessorImpl.invoke0(Native Method)
	at sun.reflect.NativeMethodAccessorImpl.invoke(NativeMethodAccessorImpl.java:62)
	at sun.reflect.DelegatingMethodAccessorImpl.invoke(DelegatingMethodAccessorImpl.java:43)
	at java.lang.reflect.Method.invoke(Method.java:498)
	at org.junit.runners.model.FrameworkMethod$1.runReflectiveCall(FrameworkMethod.java:50)
	at org.junit.internal.runners.model.ReflectiveCallable.run(ReflectiveCallable.java:12)
	at org.junit.runners.model.FrameworkMethod.invokeExplosively(FrameworkMethod.java:47)
	at org.junit.internal.runners.statements.InvokeMethod.evaluate(InvokeMethod.java:17)
	at org.junit.rules.ExternalResource$1.evaluate(ExternalResource.java:48)
	at org.junit.rules.RunRules.evaluate(RunRules.java:20)
	at org.junit.runners.ParentRunner.runLeaf(ParentRunner.java:325)
	at org.junit.runners.BlockJUnit4ClassRunner.runChild(BlockJUnit4ClassRunner.java:78)
	at org.junit.runners.BlockJUnit4ClassRunner.runChild(BlockJUnit4ClassRunner.java:57)
	at org.junit.runners.ParentRunner$3.run(ParentRunner.java:290)
	at org.junit.runners.ParentRunner$1.schedule(ParentRunner.java:71)
	at org.junit.runners.ParentRunner.runChildren(ParentRunner.java:288)
	at org.junit.runners.ParentRunner.access$000(ParentRunner.java:58)
	at org.junit.runners.ParentRunner$2.evaluate(ParentRunner.java:268)
	at org.junit.runners.ParentRunner.run(ParentRunner.java:363)
	at org.junit.runners.Suite.runChild(Suite.java:128)
	at org.junit.runners.Suite.runChild(Suite.java:27)
	at org.junit.runners.ParentRunner$3.run(ParentRunner.java:290)
	at org.junit.runners.ParentRunner$1.schedule(ParentRunner.java:71)
	at org.junit.runners.ParentRunner.runChildren(ParentRunner.java:288)
	at org.junit.runners.ParentRunner.access$000(ParentRunner.java:58)
	at org.junit.runners.ParentRunner$2.evaluate(ParentRunner.java:268)
	at org.junit.runners.ParentRunner.run(ParentRunner.java:363)
	at org.gradle.api.internal.tasks.testing.junit.JUnitTestClassExecuter.runTestClass(JUnitTestClassExecuter.java:114)
	at org.gradle.api.internal.tasks.testing.junit.JUnitTestClassExecuter.execute(JUnitTestClassExecuter.java:57)
	at org.gradle.api.internal.tasks.testing.junit.JUnitTestClassProcessor.processTestClass(JUnitTestClassProcessor.java:66)
	at org.gradle.api.internal.tasks.testing.SuiteTestClassProcessor.processTestClass(SuiteTestClassProcessor.java:51)
	at sun.reflect.GeneratedMethodAccessor89.invoke(Unknown Source)
	at sun.reflect.DelegatingMethodAccessorImpl.invoke(DelegatingMethodAccessorImpl.java:43)
	at java.lang.reflect.Method.invoke(Method.java:498)
	at org.gradle.internal.dispatch.ReflectionDispatch.dispatch(ReflectionDispatch.java:35)
	at org.gradle.internal.dispatch.ReflectionDispatch.dispatch(ReflectionDispatch.java:24)
	at org.gradle.internal.dispatch.ContextClassLoaderDispatch.dispatch(ContextClassLoaderDispatch.java:32)
	at org.gradle.internal.dispatch.ProxyDispatchAdapter$DispatchingInvocationHandler.invoke(ProxyDispatchAdapter.java:93)
	at com.sun.proxy.$Proxy2.processTestClass(Unknown Source)
	at org.gradle.api.internal.tasks.testing.worker.TestWorker.processTestClass(TestWorker.java:109)
	at sun.reflect.GeneratedMethodAccessor88.invoke(Unknown Source)
	at sun.reflect.DelegatingMethodAccessorImpl.invoke(DelegatingMethodAccessorImpl.java:43)
	at java.lang.reflect.Method.invoke(Method.java:498)
	at org.gradle.internal.dispatch.ReflectionDispatch.dispatch(ReflectionDispatch.java:35)
	at org.gradle.internal.dispatch.ReflectionDispatch.dispatch(ReflectionDispatch.java:24)
	at org.gradle.internal.remote.internal.hub.MessageHub$Handler.run(MessageHub.java:377)
	at org.gradle.internal.concurrent.ExecutorPolicy$CatchAndRecordFailures.onExecute(ExecutorPolicy.java:54)
	at org.gradle.internal.concurrent.StoppableExecutorImpl$1.run(StoppableExecutorImpl.java:40)
	at java.util.concurrent.ThreadPoolExecutor.runWorker(ThreadPoolExecutor.java:1142)
	at java.util.concurrent.ThreadPoolExecutor$Worker.run(ThreadPoolExecutor.java:617)
	at java.lang.Thread.run(Thread.java:745)
</failure>
  </testcase>
  <testcase name="shouldIndexGetUpdatedAcrossRestarts[with index config {autoUpdate:true}, autoUpdate.enabled = false, async = true]" classname="apoc.index.UpdateFreetextIndexTest" time="3.236"/>
  <system-out><![CDATA[]]></system-out>
  <system-err><![CDATA[]]></system-err>
</testsuite>
