<?xml version="1.0" encoding="UTF-8"?>
<testsuite name="apoc.load.LoadJsonTest" tests="6" skipped="1" failures="0" errors="0" timestamp="2017-04-22T14:00:55" hostname="Pc" time="0.538">
  <properties/>
  <testcase name="testLoadJson" classname="apoc.load.LoadJsonTest" time="0.119"/>
  <testcase name="testLoadJsonArrayPath" classname="apoc.load.LoadJsonTest" time="0.114"/>
  <testcase name="testLoadJsonPathRoot" classname="apoc.load.LoadJsonTest" time="0.093"/>
  <testcase name="testLoadJsonPath" classname="apoc.load.LoadJsonTest" time="0.114"/>
  <testcase name="testLoadJsonGraphCommons" classname="apoc.load.LoadJsonTest" time="0.0">
    <skipped/>
  </testcase>
  <testcase name="testLoadJsonArrayPathRoot" classname="apoc.load.LoadJsonTest" time="0.098"/>
  <system-out><![CDATA[]]></system-out>
  <system-err><![CDATA[]]></system-err>
</testsuite>
