<?xml version="1.0" encoding="UTF-8"?>
<testsuite name="apoc.cypher.CypherTest" tests="15" skipped="0" failures="0" errors="0" timestamp="2017-04-20T11:35:06" hostname="Pc" time="1.579">
  <properties/>
  <testcase name="testParallel2" classname="apoc.cypher.CypherTest" time="0.521"/>
  <testcase name="testRunFileWithResults" classname="apoc.cypher.CypherTest" time="0.058"/>
  <testcase name="testRunFileWithSchema" classname="apoc.cypher.CypherTest" time="0.006"/>
  <testcase name="testRunNoParams" classname="apoc.cypher.CypherTest" time="0.007"/>
  <testcase name="testRun" classname="apoc.cypher.CypherTest" time="0.008"/>
  <testcase name="testWithTimeout" classname="apoc.cypher.CypherTest" time="0.112"/>
  <testcase name="testMapParallel2" classname="apoc.cypher.CypherTest" time="0.162"/>
  <testcase name="testMapParallel" classname="apoc.cypher.CypherTest" time="0.169"/>
  <testcase name="testRunNullParams" classname="apoc.cypher.CypherTest" time="0.004"/>
  <testcase name="testRunVariable" classname="apoc.cypher.CypherTest" time="0.009"/>
  <testcase name="testRunFile" classname="apoc.cypher.CypherTest" time="0.016"/>
  <testcase name="testRunMany" classname="apoc.cypher.CypherTest" time="0.019"/>
  <testcase name="testSingular" classname="apoc.cypher.CypherTest" time="0.113"/>
  <testcase name="testRunWithPeriodic" classname="apoc.cypher.CypherTest" time="0.21"/>
  <testcase name="testParallel" classname="apoc.cypher.CypherTest" time="0.163"/>
  <system-out><![CDATA[]]></system-out>
  <system-err><![CDATA[]]></system-err>
</testsuite>
