<?xml version="1.0" encoding="UTF-8"?>
<testsuite name="apoc.create.CreateTest" tests="14" skipped="0" failures="0" errors="0" timestamp="2017-04-24T12:20:53" hostname="Pc" time="1.538">
  <properties/>
  <testcase name="testCreateVirtualRelationship" classname="apoc.create.CreateTest" time="0.124"/>
  <testcase name="testCreateNodeWithArrayProps" classname="apoc.create.CreateTest" time="0.108"/>
  <testcase name="testVirtualNodeFunction" classname="apoc.create.CreateTest" time="0.107"/>
  <testcase name="testVirtualNode" classname="apoc.create.CreateTest" time="0.105"/>
  <testcase name="testCreateNodes" classname="apoc.create.CreateTest" time="0.102"/>
  <testcase name="testCreatePattern" classname="apoc.create.CreateTest" time="0.09"/>
  <testcase name="testCreateRelationship" classname="apoc.create.CreateTest" time="0.11"/>
  <testcase name="testSetProperty" classname="apoc.create.CreateTest" time="0.134"/>
  <testcase name="testCreateNode" classname="apoc.create.CreateTest" time="0.091"/>
  <testcase name="testSetRelProperty" classname="apoc.create.CreateTest" time="0.108"/>
  <testcase name="testCreatePatternFull" classname="apoc.create.CreateTest" time="0.109"/>
  <testcase name="testSetProperties" classname="apoc.create.CreateTest" time="0.118"/>
  <testcase name="testSetRelProperties" classname="apoc.create.CreateTest" time="0.119"/>
  <testcase name="testCreateVirtualRelationshipFunction" classname="apoc.create.CreateTest" time="0.111"/>
  <system-out><![CDATA[]]></system-out>
  <system-err><![CDATA[]]></system-err>
</testsuite>
