<?xml version="1.0" encoding="UTF-8"?>
<testsuite name="apoc.index.FulltextIndexTest" tests="13" skipped="0" failures="0" errors="0" timestamp="2017-04-21T11:43:45" hostname="Pc" time="1.595">
  <properties/>
  <testcase name="testRelationships" classname="apoc.index.FulltextIndexTest" time="0.121"/>
  <testcase name="testAddNode" classname="apoc.index.FulltextIndexTest" time="0.112"/>
  <testcase name="testOut" classname="apoc.index.FulltextIndexTest" time="0.141"/>
  <testcase name="testNodes" classname="apoc.index.FulltextIndexTest" time="0.12"/>
  <testcase name="testRemoveRelationshipByName" classname="apoc.index.FulltextIndexTest" time="0.137"/>
  <testcase name="testIn" classname="apoc.index.FulltextIndexTest" time="0.109"/>
  <testcase name="testBetween" classname="apoc.index.FulltextIndexTest" time="0.135"/>
  <testcase name="testAddRelationshipToExistingIndex" classname="apoc.index.FulltextIndexTest" time="0.112"/>
  <testcase name="testAddNodeByLabel" classname="apoc.index.FulltextIndexTest" time="0.106"/>
  <testcase name="testAddNodeToExistingIndex" classname="apoc.index.FulltextIndexTest" time="0.128"/>
  <testcase name="testAddNodeByLabelMultipleProperties" classname="apoc.index.FulltextIndexTest" time="0.163"/>
  <testcase name="testRemoveNodeByName" classname="apoc.index.FulltextIndexTest" time="0.117"/>
  <testcase name="testAddRelationship" classname="apoc.index.FulltextIndexTest" time="0.093"/>
  <system-out><![CDATA[]]></system-out>
  <system-err><![CDATA[]]></system-err>
</testsuite>
