<?xml version="1.0" encoding="UTF-8"?>
<testsuite name="apoc.number.NumbersTest" tests="3" skipped="0" failures="0" errors="0" timestamp="2017-04-25T14:19:22" hostname="Pc" time="0.08">
  <properties/>
  <testcase name="testParseFloat" classname="apoc.number.NumbersTest" time="0.023"/>
  <testcase name="testFormat" classname="apoc.number.NumbersTest" time="0.038"/>
  <testcase name="testParseInt" classname="apoc.number.NumbersTest" time="0.019"/>
  <system-out><![CDATA[]]></system-out>
  <system-err><![CDATA[]]></system-err>
</testsuite>
