<?xml version="1.0" encoding="UTF-8"?>
<testsuite name="apoc.number.NumbersTest" tests="3" skipped="0" failures="0" errors="0" timestamp="2017-04-22T13:29:32" hostname="Pc" time="0.128">
  <properties/>
  <testcase name="testParseFloat" classname="apoc.number.NumbersTest" time="0.031"/>
  <testcase name="testFormat" classname="apoc.number.NumbersTest" time="0.062"/>
  <testcase name="testParseInt" classname="apoc.number.NumbersTest" time="0.034"/>
  <system-out><![CDATA[]]></system-out>
  <system-err><![CDATA[]]></system-err>
</testsuite>
