<?xml version="1.0" encoding="UTF-8"?>
<testsuite name="apoc.algo.PathFindingTest" tests="6" skipped="0" failures="0" errors="0" timestamp="2017-04-21T15:00:47" hostname="Pc" time="0.94">
  <properties/>
  <testcase name="testAllSimplePathResults" classname="apoc.algo.PathFindingTest" time="0.172"/>
  <testcase name="testAStar" classname="apoc.algo.PathFindingTest" time="0.156"/>
  <testcase name="testAStarConfig" classname="apoc.algo.PathFindingTest" time="0.15"/>
  <testcase name="testDijkstra" classname="apoc.algo.PathFindingTest" time="0.164"/>
  <testcase name="testAllSimplePaths" classname="apoc.algo.PathFindingTest" time="0.151"/>
  <testcase name="testDijkstraWithDefaultWeight" classname="apoc.algo.PathFindingTest" time="0.147"/>
  <system-out><![CDATA[]]></system-out>
  <system-err><![CDATA[]]></system-err>
</testsuite>
