<?xml version="1.0" encoding="UTF-8"?>
<testsuite name="apoc.algo.PathFindingTest" tests="6" skipped="0" failures="0" errors="0" timestamp="2017-04-19T18:24:13" hostname="Pc" time="0.917">
  <properties/>
  <testcase name="testAllSimplePathResults" classname="apoc.algo.PathFindingTest" time="0.178"/>
  <testcase name="testAStar" classname="apoc.algo.PathFindingTest" time="0.159"/>
  <testcase name="testAStarConfig" classname="apoc.algo.PathFindingTest" time="0.144"/>
  <testcase name="testDijkstra" classname="apoc.algo.PathFindingTest" time="0.148"/>
  <testcase name="testAllSimplePaths" classname="apoc.algo.PathFindingTest" time="0.153"/>
  <testcase name="testDijkstraWithDefaultWeight" classname="apoc.algo.PathFindingTest" time="0.134"/>
  <system-out><![CDATA[]]></system-out>
  <system-err><![CDATA[]]></system-err>
</testsuite>
