<?xml version="1.0" encoding="UTF-8"?>
<testsuite name="apoc.cypher.CypherTest" tests="15" skipped="0" failures="0" errors="0" timestamp="2017-04-22T10:47:25" hostname="Pc" time="2.076">
  <properties/>
  <testcase name="testParallel2" classname="apoc.cypher.CypherTest" time="0.629"/>
  <testcase name="testRunFileWithResults" classname="apoc.cypher.CypherTest" time="0.1"/>
  <testcase name="testRunFileWithSchema" classname="apoc.cypher.CypherTest" time="0.008"/>
  <testcase name="testRunNoParams" classname="apoc.cypher.CypherTest" time="0.01"/>
  <testcase name="testRun" classname="apoc.cypher.CypherTest" time="0.013"/>
  <testcase name="testWithTimeout" classname="apoc.cypher.CypherTest" time="0.117"/>
  <testcase name="testMapParallel2" classname="apoc.cypher.CypherTest" time="0.298"/>
  <testcase name="testMapParallel" classname="apoc.cypher.CypherTest" time="0.289"/>
  <testcase name="testRunNullParams" classname="apoc.cypher.CypherTest" time="0.006"/>
  <testcase name="testRunVariable" classname="apoc.cypher.CypherTest" time="0.019"/>
  <testcase name="testRunFile" classname="apoc.cypher.CypherTest" time="0.026"/>
  <testcase name="testRunMany" classname="apoc.cypher.CypherTest" time="0.029"/>
  <testcase name="testSingular" classname="apoc.cypher.CypherTest" time="0.16"/>
  <testcase name="testRunWithPeriodic" classname="apoc.cypher.CypherTest" time="0.189"/>
  <testcase name="testParallel" classname="apoc.cypher.CypherTest" time="0.178"/>
  <system-out><![CDATA[]]></system-out>
  <system-err><![CDATA[]]></system-err>
</testsuite>
