<?xml version="1.0" encoding="UTF-8"?>
<testsuite name="apoc.generate.GenerateTest" tests="13" skipped="0" failures="0" errors="0" timestamp="2017-04-21T14:29:07" hostname="Pc" time="1.748">
  <properties/>
  <testcase name="shouldGenerateWattsStrogatz1" classname="apoc.generate.GenerateTest" time="0.126"/>
  <testcase name="shouldGenerateWattsStrogatz2" classname="apoc.generate.GenerateTest" time="0.169"/>
  <testcase name="shouldGenerateWattsStrogatz3" classname="apoc.generate.GenerateTest" time="0.123"/>
  <testcase name="shouldGenerateComplete1" classname="apoc.generate.GenerateTest" time="0.107"/>
  <testcase name="shouldGenerateComplete2" classname="apoc.generate.GenerateTest" time="0.121"/>
  <testcase name="shouldGenerateBarabasiAlbert1" classname="apoc.generate.GenerateTest" time="0.142"/>
  <testcase name="shouldGenerateBarabasiAlbert2" classname="apoc.generate.GenerateTest" time="0.09"/>
  <testcase name="shouldGenerateBarabasiAlbert3" classname="apoc.generate.GenerateTest" time="0.119"/>
  <testcase name="shouldGenerateErdosRenyi1" classname="apoc.generate.GenerateTest" time="0.13"/>
  <testcase name="shouldGenerateErdosRenyi2" classname="apoc.generate.GenerateTest" time="0.225"/>
  <testcase name="shouldGenerateErdosRenyi3" classname="apoc.generate.GenerateTest" time="0.106"/>
  <testcase name="shouldGenerateSimple1" classname="apoc.generate.GenerateTest" time="0.138"/>
  <testcase name="shouldGenerateSimple2" classname="apoc.generate.GenerateTest" time="0.149"/>
  <system-out><![CDATA[]]></system-out>
  <system-err><![CDATA[]]></system-err>
</testsuite>
