<?xml version="1.0" encoding="UTF-8"?>
<testsuite name="apoc.spatial.SpatialTest" tests="4" skipped="0" failures="0" errors="0" timestamp="2017-04-18T22:42:35" hostname="Pc" time="0.584">
  <properties/>
  <testcase name="testGeocodePointAndDistance" classname="apoc.spatial.SpatialTest" time="0.182"/>
  <testcase name="testSimpleGeocode" classname="apoc.spatial.SpatialTest" time="0.114"/>
  <testcase name="testAllTheThings" classname="apoc.spatial.SpatialTest" time="0.135"/>
  <testcase name="testGraphRefactoring" classname="apoc.spatial.SpatialTest" time="0.153"/>
  <system-out><![CDATA[]]></system-out>
  <system-err><![CDATA[]]></system-err>
</testsuite>
