<?xml version="1.0" encoding="UTF-8"?>
<testsuite name="apoc.algo.CentralityTest" tests="23" skipped="0" failures="0" errors="0" timestamp="2017-04-22T09:39:55" hostname="Pc" time="8.721">
  <properties/>
  <testcase name="shouldHandleNullDirectionWhenUsingBetweenness" classname="apoc.algo.CentralityTest" time="4.075"/>
  <testcase name="shouldHandleEmptyRelationshipTypeUsingCloseness" classname="apoc.algo.CentralityTest" time="0.318"/>
  <testcase name="shouldHandleNullNodesWhenUsingCentrality" classname="apoc.algo.CentralityTest" time="0.202"/>
  <testcase name="shouldProvideSameResultUsingEmptyRelationshipTypeOrSpecifyAllTypesWhenUsingCloseness" classname="apoc.algo.CentralityTest" time="0.257"/>
  <testcase name="shouldReturnExpectedResultCountWhenUsingBetweennessAllDirections" classname="apoc.algo.CentralityTest" time="0.255"/>
  <testcase name="shouldHandleInvalidDirectionWhenUsingCentrality" classname="apoc.algo.CentralityTest" time="0.192"/>
  <testcase name="shouldHaveExpectedBetweennessResultsForCypher" classname="apoc.algo.CentralityTest" time="0.639"/>
  <testcase name="shouldBeCaseInsensitiveForDirectionCloseness" classname="apoc.algo.CentralityTest" time="0.202"/>
  <testcase name="shouldHandleRelationshipTypesThatDoesNotExistWhenUsingCentrality" classname="apoc.algo.CentralityTest" time="0.162"/>
  <testcase name="shouldHandleNullDirectionWhenUsingCentrality" classname="apoc.algo.CentralityTest" time="0.172"/>
  <testcase name="shouldHandleEmptyNodeSetWhenUsingCloseness" classname="apoc.algo.CentralityTest" time="0.135"/>
  <testcase name="shouldHandleNullNodesWhenUsingBetweenness" classname="apoc.algo.CentralityTest" time="0.164"/>
  <testcase name="shouldHaveExpectedBetweennessNodeRemappingForCypher" classname="apoc.algo.CentralityTest" time="0.255"/>
  <testcase name="shouldReturnExpectedResultCountWhenUsingClosenessOutgoingAllDirections" classname="apoc.algo.CentralityTest" time="0.198"/>
  <testcase name="shouldHandleEmptyRelationshipTypeWhenUsingBetweenness" classname="apoc.algo.CentralityTest" time="0.163"/>
  <testcase name="shouldProvideSameResultUsingEmptyRelationshipTypeOrSpecifyAllTypesWhenUsingBetweenness" classname="apoc.algo.CentralityTest" time="0.199"/>
  <testcase name="shouldBeCaseInsensitiveForDirectionBetweenness" classname="apoc.algo.CentralityTest" time="0.172"/>
  <testcase name="shouldHandleEmptyNodeSetWhenUsingBetweenness" classname="apoc.algo.CentralityTest" time="0.17"/>
  <testcase name="shouldHandleNullRelationshipTypesWhenUsingCentrality" classname="apoc.algo.CentralityTest" time="0.151"/>
  <testcase name="shouldHandleNullRelationshipTypesWhenUsingBetweenness" classname="apoc.algo.CentralityTest" time="0.158"/>
  <testcase name="shouldHandleRelationshipTypesThatDoesNotExistWhenUsingBetweenness" classname="apoc.algo.CentralityTest" time="0.158"/>
  <testcase name="shouldHaveExpectedBetweennessMultipleSPCypher" classname="apoc.algo.CentralityTest" time="0.173"/>
  <testcase name="shouldHandleInvalidDirectionWhenUsingBetweenness" classname="apoc.algo.CentralityTest" time="0.148"/>
  <system-out><![CDATA[+----------------------------------------------------------------------------------------------------------------------------------+
| nodes | relationships | readNodeMillis | readRelationshipMillis | computeMillis | writeMillis | write | property                 |
+----------------------------------------------------------------------------------------------------------------------------------+
| 6     | 5             | 155            | 73                     | 2             | 21          | true  | "betweenness_centrality" |
+----------------------------------------------------------------------------------------------------------------------------------+
1 row

+----------------------------------------------------------------------------------------------------------------------------------+
| nodes | relationships | readNodeMillis | readRelationshipMillis | computeMillis | writeMillis | write | property                 |
+----------------------------------------------------------------------------------------------------------------------------------+
| 10    | 5             | 14             | 23                     | 0             | 3           | true  | "betweenness_centrality" |
+----------------------------------------------------------------------------------------------------------------------------------+
1 row

+----------------------------------------------------------------------------------------------------------------------------------+
| nodes | relationships | readNodeMillis | readRelationshipMillis | computeMillis | writeMillis | write | property                 |
+----------------------------------------------------------------------------------------------------------------------------------+
| 7     | 8             | 11             | 15                     | 0             | 2           | true  | "betweenness_centrality" |
+----------------------------------------------------------------------------------------------------------------------------------+
1 row

]]></system-out>
  <system-err><![CDATA[]]></system-err>
</testsuite>
