<?xml version="1.0" encoding="UTF-8"?>
<testsuite name="apoc.trigger.TriggerTest" tests="8" skipped="0" failures="0" errors="0" timestamp="2017-04-20T17:45:05" hostname="Pc" time="0.962">
  <properties/>
  <testcase name="testTimeStampTriggerForUpdatedProperties" classname="apoc.trigger.TriggerTest" time="0.139"/>
  <testcase name="testTxId" classname="apoc.trigger.TriggerTest" time="0.102"/>
  <testcase name="testListTriggers" classname="apoc.trigger.TriggerTest" time="0.095"/>
  <testcase name="testLowerCaseName" classname="apoc.trigger.TriggerTest" time="0.113"/>
  <testcase name="testRemoveNode" classname="apoc.trigger.TriggerTest" time="0.143"/>
  <testcase name="testRemoveRelationship" classname="apoc.trigger.TriggerTest" time="0.144"/>
  <testcase name="testSetLabels" classname="apoc.trigger.TriggerTest" time="0.113"/>
  <testcase name="testTimeStampTrigger" classname="apoc.trigger.TriggerTest" time="0.112"/>
  <system-out><![CDATA[]]></system-out>
  <system-err><![CDATA[]]></system-err>
</testsuite>
