<?xml version="1.0" encoding="UTF-8"?>
<testsuite name="apoc.export.graphml.ExportGraphMLTest" tests="4" skipped="0" failures="0" errors="0" timestamp="2017-04-24T13:14:11" hostname="Pc" time="0.147">
  <properties/>
  <testcase name="testExportGraphGraphML" classname="apoc.export.graphml.ExportGraphMLTest" time="0.039"/>
  <testcase name="testExportAllGraphML" classname="apoc.export.graphml.ExportGraphMLTest" time="0.023"/>
  <testcase name="testExportGraphGraphMLTypes" classname="apoc.export.graphml.ExportGraphMLTest" time="0.021"/>
  <testcase name="testImportGraphML" classname="apoc.export.graphml.ExportGraphMLTest" time="0.064"/>
  <system-out><![CDATA[]]></system-out>
  <system-err><![CDATA[]]></system-err>
</testsuite>
