<?xml version="1.0" encoding="UTF-8"?>
<testsuite name="apoc.data.ExtractTest" tests="8" skipped="0" failures="0" errors="0" timestamp="2017-04-20T11:20:39" hostname="Pc" time="0.773">
  <properties/>
  <testcase name="testBadString" classname="apoc.data.ExtractTest" time="0.103"/>
  <testcase name="testUrl" classname="apoc.data.ExtractTest" time="0.08"/>
  <testcase name="testEmail" classname="apoc.data.ExtractTest" time="0.102"/>
  <testcase name="testNull" classname="apoc.data.ExtractTest" time="0.08"/>
  <testcase name="testEmptyString" classname="apoc.data.ExtractTest" time="0.105"/>
  <testcase name="testQuotedEmail" classname="apoc.data.ExtractTest" time="0.101"/>
  <testcase name="testQueryParameter" classname="apoc.data.ExtractTest" time="0.105"/>
  <testcase name="testEmailWithDotsBeforeAt" classname="apoc.data.ExtractTest" time="0.096"/>
  <system-out><![CDATA[]]></system-out>
  <system-err><![CDATA[]]></system-err>
</testsuite>
