<?xml version="1.0" encoding="UTF-8"?>
<testsuite name="apoc.gephi.GephiTest" tests="3" skipped="0" failures="0" errors="0" timestamp="2017-04-21T15:02:34" hostname="Pc" time="3.08">
  <properties/>
  <testcase name="testAdd" classname="apoc.gephi.GephiTest" time="1.042"/>
  <testcase name="testWeightParameter" classname="apoc.gephi.GephiTest" time="1.026"/>
  <testcase name="testWrongWeightParameter" classname="apoc.gephi.GephiTest" time="1.012"/>
  <system-out><![CDATA[]]></system-out>
  <system-err><![CDATA[                    Connection refused: connect
                    apoc.util.Util.writePayload(Util.java:244)
                    apoc.util.Util.openInputStream(Util.java:261)
                    apoc.util.JsonUtil.loadJson(JsonUtil.java:37)
                    apoc.util.JsonUtil.loadJson(JsonUtil.java:32)
                    apoc.gephi.Gephi.add(Gephi.java:58)
                    java.lang.invoke.MethodHandle.invokeWithArguments(MethodHandle.java:627)
                    org.neo4j.kernel.impl.api.OperationsFacade.callProcedure(OperationsFacade.java:1589)
                    org.neo4j.kernel.impl.api.OperationsFacade.procedureCallRead(OperationsFacade.java:1522)
                    apoc.gephi.GephiTest.lambda$testAdd$1(GephiTest.java:36)
                    apoc.gephi.GephiTest.testAdd(GephiTest.java:35)
                    org.gradle.api.internal.tasks.testing.junit.JUnitTestClassExecuter.runTestClass(JUnitTestClassExecuter.java:114)
                    org.gradle.api.internal.tasks.testing.junit.JUnitTestClassExecuter.execute(JUnitTestClassExecuter.java:57)
                    org.gradle.api.internal.tasks.testing.junit.JUnitTestClassProcessor.processTestClass(JUnitTestClassProcessor.java:66)
                    org.gradle.api.internal.tasks.testing.SuiteTestClassProcessor.processTestClass(SuiteTestClassProcessor.java:51)
                    org.gradle.internal.dispatch.ReflectionDispatch.dispatch(ReflectionDispatch.java:35)
                    org.gradle.internal.dispatch.ReflectionDispatch.dispatch(ReflectionDispatch.java:24)
                    org.gradle.internal.dispatch.ContextClassLoaderDispatch.dispatch(ContextClassLoaderDispatch.java:32)
                    org.gradle.internal.dispatch.ProxyDispatchAdapter$DispatchingInvocationHandler.invoke(ProxyDispatchAdapter.java:93)
                    com.sun.proxy.$Proxy2.processTestClass(Unknown Source)
                    org.gradle.api.internal.tasks.testing.worker.TestWorker.processTestClass(TestWorker.java:109)
                    org.gradle.internal.dispatch.ReflectionDispatch.dispatch(ReflectionDispatch.java:35)
                    org.gradle.internal.dispatch.ReflectionDispatch.dispatch(ReflectionDispatch.java:24)
                    org.gradle.internal.remote.internal.hub.MessageHub$Handler.run(MessageHub.java:377)
                    org.gradle.internal.concurrent.ExecutorPolicy$CatchAndRecordFailures.onExecute(ExecutorPolicy.java:54)
                    org.gradle.internal.concurrent.StoppableExecutorImpl$1.run(StoppableExecutorImpl.java:40)
                    java.util.concurrent.ThreadPoolExecutor.runWorker(ThreadPoolExecutor.java:1142)
                    java.util.concurrent.ThreadPoolExecutor$Worker.run(ThreadPoolExecutor.java:617)
                    java.lang.Thread.run(Thread.java:745)
Ignoring Exception org.neo4j.graphdb.QueryExecutionException: Failed to invoke procedure `apoc.gephi.add`: Caused by: java.lang.RuntimeException: Can't read url http://localhost:8080/workspace1?operation=updateGraph as json: Connection refused: connect: Failed to invoke procedure `apoc.gephi.add`: Caused by: java.lang.RuntimeException: Can't read url http://localhost:8080/workspace1?operation=updateGraph as json: Connection refused: connect due to causes [class java.io.FileNotFoundException, class java.net.ConnectException, class java.io.IOException]
                    Connection refused: connect
                    apoc.util.Util.writePayload(Util.java:244)
                    apoc.util.Util.openInputStream(Util.java:261)
                    apoc.util.JsonUtil.loadJson(JsonUtil.java:37)
                    apoc.util.JsonUtil.loadJson(JsonUtil.java:32)
                    apoc.gephi.Gephi.add(Gephi.java:58)
                    java.lang.invoke.MethodHandle.invokeWithArguments(MethodHandle.java:627)
                    org.neo4j.kernel.impl.api.OperationsFacade.callProcedure(OperationsFacade.java:1589)
                    org.neo4j.kernel.impl.api.OperationsFacade.procedureCallRead(OperationsFacade.java:1522)
                    apoc.gephi.GephiTest.lambda$testWeightParameter$3(GephiTest.java:46)
                    apoc.gephi.GephiTest.testWeightParameter(GephiTest.java:45)
                    org.gradle.api.internal.tasks.testing.junit.JUnitTestClassExecuter.runTestClass(JUnitTestClassExecuter.java:114)
                    org.gradle.api.internal.tasks.testing.junit.JUnitTestClassExecuter.execute(JUnitTestClassExecuter.java:57)
                    org.gradle.api.internal.tasks.testing.junit.JUnitTestClassProcessor.processTestClass(JUnitTestClassProcessor.java:66)
                    org.gradle.api.internal.tasks.testing.SuiteTestClassProcessor.processTestClass(SuiteTestClassProcessor.java:51)
                    org.gradle.internal.dispatch.ReflectionDispatch.dispatch(ReflectionDispatch.java:35)
                    org.gradle.internal.dispatch.ReflectionDispatch.dispatch(ReflectionDispatch.java:24)
                    org.gradle.internal.dispatch.ContextClassLoaderDispatch.dispatch(ContextClassLoaderDispatch.java:32)
                    org.gradle.internal.dispatch.ProxyDispatchAdapter$DispatchingInvocationHandler.invoke(ProxyDispatchAdapter.java:93)
                    com.sun.proxy.$Proxy2.processTestClass(Unknown Source)
                    org.gradle.api.internal.tasks.testing.worker.TestWorker.processTestClass(TestWorker.java:109)
                    org.gradle.internal.dispatch.ReflectionDispatch.dispatch(ReflectionDispatch.java:35)
                    org.gradle.internal.dispatch.ReflectionDispatch.dispatch(ReflectionDispatch.java:24)
                    org.gradle.internal.remote.internal.hub.MessageHub$Handler.run(MessageHub.java:377)
                    org.gradle.internal.concurrent.ExecutorPolicy$CatchAndRecordFailures.onExecute(ExecutorPolicy.java:54)
                    org.gradle.internal.concurrent.StoppableExecutorImpl$1.run(StoppableExecutorImpl.java:40)
                    java.util.concurrent.ThreadPoolExecutor.runWorker(ThreadPoolExecutor.java:1142)
                    java.util.concurrent.ThreadPoolExecutor$Worker.run(ThreadPoolExecutor.java:617)
                    java.lang.Thread.run(Thread.java:745)
Ignoring Exception org.neo4j.graphdb.QueryExecutionException: Failed to invoke procedure `apoc.gephi.add`: Caused by: java.lang.RuntimeException: Can't read url http://localhost:8080/workspace1?operation=updateGraph as json: Connection refused: connect: Failed to invoke procedure `apoc.gephi.add`: Caused by: java.lang.RuntimeException: Can't read url http://localhost:8080/workspace1?operation=updateGraph as json: Connection refused: connect due to causes [class java.io.FileNotFoundException, class java.net.ConnectException, class java.io.IOException]
                    Connection refused: connect
                    apoc.util.Util.writePayload(Util.java:244)
                    apoc.util.Util.openInputStream(Util.java:261)
                    apoc.util.JsonUtil.loadJson(JsonUtil.java:37)
                    apoc.util.JsonUtil.loadJson(JsonUtil.java:32)
                    apoc.gephi.Gephi.add(Gephi.java:58)
                    java.lang.invoke.MethodHandle.invokeWithArguments(MethodHandle.java:627)
                    org.neo4j.kernel.impl.api.OperationsFacade.callProcedure(OperationsFacade.java:1589)
                    org.neo4j.kernel.impl.api.OperationsFacade.procedureCallRead(OperationsFacade.java:1522)
                    apoc.gephi.GephiTest.lambda$testWrongWeightParameter$5(GephiTest.java:56)
                    apoc.gephi.GephiTest.testWrongWeightParameter(GephiTest.java:55)
                    org.gradle.api.internal.tasks.testing.junit.JUnitTestClassExecuter.runTestClass(JUnitTestClassExecuter.java:114)
                    org.gradle.api.internal.tasks.testing.junit.JUnitTestClassExecuter.execute(JUnitTestClassExecuter.java:57)
                    org.gradle.api.internal.tasks.testing.junit.JUnitTestClassProcessor.processTestClass(JUnitTestClassProcessor.java:66)
                    org.gradle.api.internal.tasks.testing.SuiteTestClassProcessor.processTestClass(SuiteTestClassProcessor.java:51)
                    org.gradle.internal.dispatch.ReflectionDispatch.dispatch(ReflectionDispatch.java:35)
                    org.gradle.internal.dispatch.ReflectionDispatch.dispatch(ReflectionDispatch.java:24)
                    org.gradle.internal.dispatch.ContextClassLoaderDispatch.dispatch(ContextClassLoaderDispatch.java:32)
                    org.gradle.internal.dispatch.ProxyDispatchAdapter$DispatchingInvocationHandler.invoke(ProxyDispatchAdapter.java:93)
                    com.sun.proxy.$Proxy2.processTestClass(Unknown Source)
                    org.gradle.api.internal.tasks.testing.worker.TestWorker.processTestClass(TestWorker.java:109)
                    org.gradle.internal.dispatch.ReflectionDispatch.dispatch(ReflectionDispatch.java:35)
                    org.gradle.internal.dispatch.ReflectionDispatch.dispatch(ReflectionDispatch.java:24)
                    org.gradle.internal.remote.internal.hub.MessageHub$Handler.run(MessageHub.java:377)
                    org.gradle.internal.concurrent.ExecutorPolicy$CatchAndRecordFailures.onExecute(ExecutorPolicy.java:54)
                    org.gradle.internal.concurrent.StoppableExecutorImpl$1.run(StoppableExecutorImpl.java:40)
                    java.util.concurrent.ThreadPoolExecutor.runWorker(ThreadPoolExecutor.java:1142)
                    java.util.concurrent.ThreadPoolExecutor$Worker.run(ThreadPoolExecutor.java:617)
                    java.lang.Thread.run(Thread.java:745)
Ignoring Exception org.neo4j.graphdb.QueryExecutionException: Failed to invoke procedure `apoc.gephi.add`: Caused by: java.lang.RuntimeException: Can't read url http://localhost:8080/workspace1?operation=updateGraph as json: Connection refused: connect: Failed to invoke procedure `apoc.gephi.add`: Caused by: java.lang.RuntimeException: Can't read url http://localhost:8080/workspace1?operation=updateGraph as json: Connection refused: connect due to causes [class java.io.FileNotFoundException, class java.net.ConnectException, class java.io.IOException]
]]></system-err>
</testsuite>
