<?xml version="1.0" encoding="UTF-8"?>
<testsuite name="apoc.es.ElasticSearchTest" tests="14" skipped="0" failures="0" errors="0" timestamp="2017-04-19T17:37:25" hostname="Pc" time="11.071">
  <properties/>
  <testcase name="testGetQueryUrlShouldNotHaveTrailingQuestionMarkIfQueryIsEmpty" classname="apoc.es.ElasticSearchTest" time="0.0"/>
  <testcase name="testGetWithQueryAsStringSingleParam" classname="apoc.es.ElasticSearchTest" time="1.01"/>
  <testcase name="testGetQueryUrlShouldBeTheSameAsOldFormatting" classname="apoc.es.ElasticSearchTest" time="0.001"/>
  <testcase name="testStats" classname="apoc.es.ElasticSearchTest" time="1.004"/>
  <testcase name="testGetWithQueryAsMapSingleParam" classname="apoc.es.ElasticSearchTest" time="1.007"/>
  <testcase name="testSearchWithQueryAsAMap" classname="apoc.es.ElasticSearchTest" time="1.016"/>
  <testcase name="testPostUpdateDocument" classname="apoc.es.ElasticSearchTest" time="1.005"/>
  <testcase name="testPutNewDocument" classname="apoc.es.ElasticSearchTest" time="1.002"/>
  <testcase name="testGetWithQueryAsMapMultipleParams" classname="apoc.es.ElasticSearchTest" time="1.004"/>
  <testcase name="testPostAddNewDocument" classname="apoc.es.ElasticSearchTest" time="1.003"/>
  <testcase name="testGetWithQueryAsStringMultipleParams" classname="apoc.es.ElasticSearchTest" time="1.007"/>
  <testcase name="testGetWithQueryNull" classname="apoc.es.ElasticSearchTest" time="1.004"/>
  <testcase name="testSearchWithQueryAsAString" classname="apoc.es.ElasticSearchTest" time="1.004"/>
  <testcase name="testGetQueryUrlShouldNotHaveTrailingQuestionMarkIfQueryIsNull" classname="apoc.es.ElasticSearchTest" time="0.0"/>
  <system-out><![CDATA[]]></system-out>
  <system-err><![CDATA[Ignoring Exception org.neo4j.graphdb.QueryExecutionException: Failed to invoke procedure `apoc.es.post`: Caused by: java.lang.RuntimeException: Can't read url http://localhost:9200/test-index/test-type/aeb2f51e-e143-4810-8337-ad770c1e2981 as json: Connection refused: connect: Failed to invoke procedure `apoc.es.post`: Caused by: java.lang.RuntimeException: Can't read url http://localhost:9200/test-index/test-type/aeb2f51e-e143-4810-8337-ad770c1e2981 as json: Connection refused: connect due to causes [class java.net.ConnectException]
Ignoring Exception org.neo4j.graphdb.QueryExecutionException: Failed to invoke procedure `apoc.es.post`: Caused by: java.lang.RuntimeException: Can't read url http://localhost:9200/test-index/test-type/393a268a-6090-49c1-8d1c-c130304bd5fa as json: Connection refused: connect: Failed to invoke procedure `apoc.es.post`: Caused by: java.lang.RuntimeException: Can't read url http://localhost:9200/test-index/test-type/393a268a-6090-49c1-8d1c-c130304bd5fa as json: Connection refused: connect due to causes [class java.net.ConnectException]
Ignoring Exception org.neo4j.graphdb.QueryExecutionException: Failed to invoke procedure `apoc.es.post`: Caused by: java.lang.RuntimeException: Can't read url http://localhost:9200/test-index/test-type/c48f5fbf-7d7e-43da-878e-b2a21da778b1 as json: Connection refused: connect: Failed to invoke procedure `apoc.es.post`: Caused by: java.lang.RuntimeException: Can't read url http://localhost:9200/test-index/test-type/c48f5fbf-7d7e-43da-878e-b2a21da778b1 as json: Connection refused: connect due to causes [class java.net.ConnectException]
Ignoring Exception org.neo4j.graphdb.QueryExecutionException: Failed to invoke procedure `apoc.es.get`: Caused by: java.lang.RuntimeException: Can't read url http://localhost:9200/test-index/test-type/c48f5fbf-7d7e-43da-878e-b2a21da778b1?_source_include=name as json: Connection refused: connect: Failed to invoke procedure `apoc.es.get`: Caused by: java.lang.RuntimeException: Can't read url http://localhost:9200/test-index/test-type/c48f5fbf-7d7e-43da-878e-b2a21da778b1?_source_include=name as json: Connection refused: connect due to causes [class java.net.ConnectException]
Ignoring Exception org.neo4j.graphdb.QueryExecutionException: Failed to invoke procedure `apoc.es.stats`: Caused by: java.lang.RuntimeException: Can't read url http://localhost:9200/_stats as json: Connection refused: connect: Failed to invoke procedure `apoc.es.stats`: Caused by: java.lang.RuntimeException: Can't read url http://localhost:9200/_stats as json: Connection refused: connect due to causes [class java.net.ConnectException]
Ignoring Exception org.neo4j.graphdb.QueryExecutionException: Failed to invoke procedure `apoc.es.get`: Caused by: java.lang.RuntimeException: Can't read url http://localhost:9200/test-index/test-type/c48f5fbf-7d7e-43da-878e-b2a21da778b1?_source_include=name as json: Connection refused: connect: Failed to invoke procedure `apoc.es.get`: Caused by: java.lang.RuntimeException: Can't read url http://localhost:9200/test-index/test-type/c48f5fbf-7d7e-43da-878e-b2a21da778b1?_source_include=name as json: Connection refused: connect due to causes [class java.net.ConnectException]
Ignoring Exception org.neo4j.graphdb.QueryExecutionException: Failed to invoke procedure `apoc.es.query`: Caused by: java.lang.RuntimeException: Can't read url http://localhost:9200/test-index/test-type/_search?q=name=Neo4j as json: Connection refused: connect: Failed to invoke procedure `apoc.es.query`: Caused by: java.lang.RuntimeException: Can't read url http://localhost:9200/test-index/test-type/_search?q=name=Neo4j as json: Connection refused: connect due to causes [class java.net.ConnectException]
Ignoring Exception org.neo4j.graphdb.QueryExecutionException: Failed to invoke procedure `apoc.es.put`: Caused by: java.lang.RuntimeException: Can't read url http://localhost:9200/test-index/test-type/a3cf3938-f1a1-4def-a7fe-00bd9ad263e0 as json: Connection refused: connect: Failed to invoke procedure `apoc.es.put`: Caused by: java.lang.RuntimeException: Can't read url http://localhost:9200/test-index/test-type/a3cf3938-f1a1-4def-a7fe-00bd9ad263e0 as json: Connection refused: connect due to causes [class java.net.ConnectException]
Ignoring Exception org.neo4j.graphdb.QueryExecutionException: Failed to invoke procedure `apoc.es.put`: Caused by: java.lang.RuntimeException: Can't read url http://localhost:9200/test-index/test-type/35c14939-1f16-43fc-8e83-a256e57711f9 as json: Connection refused: connect: Failed to invoke procedure `apoc.es.put`: Caused by: java.lang.RuntimeException: Can't read url http://localhost:9200/test-index/test-type/35c14939-1f16-43fc-8e83-a256e57711f9 as json: Connection refused: connect due to causes [class java.net.ConnectException]
Ignoring Exception org.neo4j.graphdb.QueryExecutionException: Failed to invoke procedure `apoc.es.get`: Caused by: java.lang.RuntimeException: Can't read url http://localhost:9200/test-index/test-type/c48f5fbf-7d7e-43da-878e-b2a21da778b1?_source_include=name&_source_exclude=description as json: Connection refused: connect: Failed to invoke procedure `apoc.es.get`: Caused by: java.lang.RuntimeException: Can't read url http://localhost:9200/test-index/test-type/c48f5fbf-7d7e-43da-878e-b2a21da778b1?_source_include=name&_source_exclude=description as json: Connection refused: connect due to causes [class java.net.ConnectException]
Ignoring Exception org.neo4j.graphdb.QueryExecutionException: Failed to invoke procedure `apoc.es.post`: Caused by: java.lang.RuntimeException: Can't read url http://localhost:9200/test-index/test-type/2162767a-58be-4805-8af0-898e14e3d5cc as json: Connection refused: connect: Failed to invoke procedure `apoc.es.post`: Caused by: java.lang.RuntimeException: Can't read url http://localhost:9200/test-index/test-type/2162767a-58be-4805-8af0-898e14e3d5cc as json: Connection refused: connect due to causes [class java.net.ConnectException]
Ignoring Exception org.neo4j.graphdb.QueryExecutionException: Failed to invoke procedure `apoc.es.get`: Caused by: java.lang.RuntimeException: Can't read url http://localhost:9200/test-index/test-type/c48f5fbf-7d7e-43da-878e-b2a21da778b1?_source_include=name&_source_exclude=description as json: Connection refused: connect: Failed to invoke procedure `apoc.es.get`: Caused by: java.lang.RuntimeException: Can't read url http://localhost:9200/test-index/test-type/c48f5fbf-7d7e-43da-878e-b2a21da778b1?_source_include=name&_source_exclude=description as json: Connection refused: connect due to causes [class java.net.ConnectException]
Ignoring Exception org.neo4j.graphdb.QueryExecutionException: Failed to invoke procedure `apoc.es.get`: Caused by: java.lang.RuntimeException: Can't read url http://localhost:9200/test-index/test-type/c48f5fbf-7d7e-43da-878e-b2a21da778b1 as json: Connection refused: connect: Failed to invoke procedure `apoc.es.get`: Caused by: java.lang.RuntimeException: Can't read url http://localhost:9200/test-index/test-type/c48f5fbf-7d7e-43da-878e-b2a21da778b1 as json: Connection refused: connect due to causes [class java.net.ConnectException]
Ignoring Exception org.neo4j.graphdb.QueryExecutionException: Failed to invoke procedure `apoc.es.query`: Caused by: java.lang.RuntimeException: Can't read url http://localhost:9200/test-index/test-type/_search?q=name:Neo4j as json: Connection refused: connect: Failed to invoke procedure `apoc.es.query`: Caused by: java.lang.RuntimeException: Can't read url http://localhost:9200/test-index/test-type/_search?q=name:Neo4j as json: Connection refused: connect due to causes [class java.net.ConnectException]
]]></system-err>
</testsuite>
