<?xml version="1.0" encoding="UTF-8"?>
<testsuite name="apoc.load.JdbcTest" tests="4" skipped="0" failures="0" errors="0" timestamp="2017-04-24T12:22:17" hostname="Pc" time="0.036">
  <properties/>
  <testcase name="testLoadJdbc" classname="apoc.load.JdbcTest" time="0.008"/>
  <testcase name="testLoadJdbcParams" classname="apoc.load.JdbcTest" time="0.019"/>
  <testcase name="testLoadJdbcSelect" classname="apoc.load.JdbcTest" time="0.005"/>
  <testcase name="testLoadJdbcKey" classname="apoc.load.JdbcTest" time="0.004"/>
  <system-out><![CDATA[]]></system-out>
  <system-err><![CDATA[]]></system-err>
</testsuite>
