<?xml version="1.0" encoding="UTF-8"?>
<testsuite name="apoc.warmup.WarmupTest" tests="1" skipped="0" failures="0" errors="0" timestamp="2017-04-22T14:41:48" hostname="Pc" time="0.191">
  <properties/>
  <testcase name="testWarmup" classname="apoc.warmup.WarmupTest" time="0.191"/>
  <system-out><![CDATA[]]></system-out>
  <system-err><![CDATA[]]></system-err>
</testsuite>
