<?xml version="1.0" encoding="UTF-8"?>
<testsuite name="apoc.get.GetTest" tests="2" skipped="0" failures="0" errors="0" timestamp="2017-04-20T17:43:34" hostname="Pc" time="0.204">
  <properties/>
  <testcase name="testNodes" classname="apoc.get.GetTest" time="0.102"/>
  <testcase name="testRels" classname="apoc.get.GetTest" time="0.102"/>
  <system-out><![CDATA[]]></system-out>
  <system-err><![CDATA[]]></system-err>
</testsuite>
