<?xml version="1.0" encoding="UTF-8"?>
<testsuite name="apoc.cluster.ClusterTest" tests="1" skipped="0" failures="0" errors="0" timestamp="2017-04-22T14:51:20" hostname="Pc" time="18.78">
  <properties/>
  <testcase name="testClusterOverview" classname="apoc.cluster.ClusterTest" time="18.78"/>
  <system-out><![CDATA[]]></system-out>
  <system-err><![CDATA[]]></system-err>
</testsuite>
