<?xml version="1.0" encoding="UTF-8"?>
<testsuite name="apoc.algo.PathFindingTest" tests="6" skipped="0" failures="0" errors="0" timestamp="2017-04-20T11:06:34" hostname="Pc" time="0.891">
  <properties/>
  <testcase name="testAllSimplePathResults" classname="apoc.algo.PathFindingTest" time="0.18"/>
  <testcase name="testAStar" classname="apoc.algo.PathFindingTest" time="0.144"/>
  <testcase name="testAStarConfig" classname="apoc.algo.PathFindingTest" time="0.15"/>
  <testcase name="testDijkstra" classname="apoc.algo.PathFindingTest" time="0.155"/>
  <testcase name="testAllSimplePaths" classname="apoc.algo.PathFindingTest" time="0.124"/>
  <testcase name="testDijkstraWithDefaultWeight" classname="apoc.algo.PathFindingTest" time="0.137"/>
  <system-out><![CDATA[]]></system-out>
  <system-err><![CDATA[]]></system-err>
</testsuite>
