<?xml version="1.0" encoding="UTF-8"?>
<testsuite name="apoc.export.cypher.ExportCypherTest" tests="2" skipped="0" failures="0" errors="0" timestamp="2017-04-20T15:39:19" hostname="Pc" time="0.104">
  <properties/>
  <testcase name="testExportGraphCypher" classname="apoc.export.cypher.ExportCypherTest" time="0.083"/>
  <testcase name="testExportAllCypher" classname="apoc.export.cypher.ExportCypherTest" time="0.021"/>
  <system-out><![CDATA[]]></system-out>
  <system-err><![CDATA[]]></system-err>
</testsuite>
