<?xml version="1.0" encoding="UTF-8"?>
<testsuite name="apoc.cache.StaticTest" tests="4" skipped="0" failures="0" errors="0" timestamp="2017-04-26T11:06:07" hostname="Pc" time="0.483">
  <properties/>
  <testcase name="testListFromConfig" classname="apoc.cache.StaticTest" time="0.146"/>
  <testcase name="testSet" classname="apoc.cache.StaticTest" time="0.111"/>
  <testcase name="testGetAllFromConfig" classname="apoc.cache.StaticTest" time="0.113"/>
  <testcase name="testOverrideConfig" classname="apoc.cache.StaticTest" time="0.113"/>
  <system-out><![CDATA[]]></system-out>
  <system-err><![CDATA[]]></system-err>
</testsuite>
