<?xml version="1.0" encoding="UTF-8"?>
<testsuite name="apoc.spatial.SpatialTest" tests="4" skipped="0" failures="0" errors="0" timestamp="2017-04-21T15:55:22" hostname="Pc" time="0.8">
  <properties/>
  <testcase name="testGeocodePointAndDistance" classname="apoc.spatial.SpatialTest" time="0.276"/>
  <testcase name="testSimpleGeocode" classname="apoc.spatial.SpatialTest" time="0.141"/>
  <testcase name="testAllTheThings" classname="apoc.spatial.SpatialTest" time="0.192"/>
  <testcase name="testGraphRefactoring" classname="apoc.spatial.SpatialTest" time="0.191"/>
  <system-out><![CDATA[]]></system-out>
  <system-err><![CDATA[]]></system-err>
</testsuite>
