<?xml version="1.0" encoding="UTF-8"?>
<testsuite name="apoc.algo.PathFindingTest" tests="6" skipped="0" failures="0" errors="0" timestamp="2017-04-18T13:10:54" hostname="Pc" time="0.939">
  <properties/>
  <testcase name="testAllSimplePathResults" classname="apoc.algo.PathFindingTest" time="0.198"/>
  <testcase name="testAStar" classname="apoc.algo.PathFindingTest" time="0.16"/>
  <testcase name="testAStarConfig" classname="apoc.algo.PathFindingTest" time="0.137"/>
  <testcase name="testDijkstra" classname="apoc.algo.PathFindingTest" time="0.171"/>
  <testcase name="testAllSimplePaths" classname="apoc.algo.PathFindingTest" time="0.14"/>
  <testcase name="testDijkstraWithDefaultWeight" classname="apoc.algo.PathFindingTest" time="0.132"/>
  <system-out><![CDATA[]]></system-out>
  <system-err><![CDATA[]]></system-err>
</testsuite>
