<?xml version="1.0" encoding="UTF-8"?>
<testsuite name="apoc.cache.StaticTest" tests="4" skipped="0" failures="0" errors="0" timestamp="2017-04-22T13:58:46" hostname="Pc" time="0.519">
  <properties/>
  <testcase name="testListFromConfig" classname="apoc.cache.StaticTest" time="0.156"/>
  <testcase name="testSet" classname="apoc.cache.StaticTest" time="0.114"/>
  <testcase name="testGetAllFromConfig" classname="apoc.cache.StaticTest" time="0.127"/>
  <testcase name="testOverrideConfig" classname="apoc.cache.StaticTest" time="0.122"/>
  <system-out><![CDATA[]]></system-out>
  <system-err><![CDATA[]]></system-err>
</testsuite>
