<?xml version="1.0" encoding="UTF-8"?>
<testsuite name="apoc.create.CreateTest" tests="14" skipped="0" failures="0" errors="0" timestamp="2017-04-21T16:36:48" hostname="Pc" time="1.74">
  <properties/>
  <testcase name="testCreateVirtualRelationship" classname="apoc.create.CreateTest" time="0.154"/>
  <testcase name="testCreateNodeWithArrayProps" classname="apoc.create.CreateTest" time="0.125"/>
  <testcase name="testVirtualNodeFunction" classname="apoc.create.CreateTest" time="0.123"/>
  <testcase name="testVirtualNode" classname="apoc.create.CreateTest" time="0.118"/>
  <testcase name="testCreateNodes" classname="apoc.create.CreateTest" time="0.115"/>
  <testcase name="testCreatePattern" classname="apoc.create.CreateTest" time="0.126"/>
  <testcase name="testCreateRelationship" classname="apoc.create.CreateTest" time="0.144"/>
  <testcase name="testSetProperty" classname="apoc.create.CreateTest" time="0.128"/>
  <testcase name="testCreateNode" classname="apoc.create.CreateTest" time="0.107"/>
  <testcase name="testSetRelProperty" classname="apoc.create.CreateTest" time="0.116"/>
  <testcase name="testCreatePatternFull" classname="apoc.create.CreateTest" time="0.118"/>
  <testcase name="testSetProperties" classname="apoc.create.CreateTest" time="0.118"/>
  <testcase name="testSetRelProperties" classname="apoc.create.CreateTest" time="0.124"/>
  <testcase name="testCreateVirtualRelationshipFunction" classname="apoc.create.CreateTest" time="0.122"/>
  <system-out><![CDATA[]]></system-out>
  <system-err><![CDATA[]]></system-err>
</testsuite>
