<?xml version="1.0" encoding="UTF-8"?>
<testsuite name="apoc.algo.CliquesTest" tests="6" skipped="0" failures="0" errors="0" timestamp="2017-04-18T13:37:08" hostname="Pc" time="0.724">
  <properties/>
  <testcase name="testCliquesFromGraphWithTwoCliquesAndExtraNodes" classname="apoc.algo.CliquesTest" time="0.155"/>
  <testcase name="testCliquesFromGraphWithOneCliqueAndExtraNodes" classname="apoc.algo.CliquesTest" time="0.117"/>
  <testcase name="testCliquesFromGraphWithTwoCliques" classname="apoc.algo.CliquesTest" time="0.109"/>
  <testcase name="testCliquesFromEmptyGraphShouldBeEmpty" classname="apoc.algo.CliquesTest" time="0.089"/>
  <testcase name="testCliquesFromSpecifcNode" classname="apoc.algo.CliquesTest" time="0.128"/>
  <testcase name="testCliquesFromGraphWithOneClique" classname="apoc.algo.CliquesTest" time="0.125"/>
  <system-out><![CDATA[]]></system-out>
  <system-err><![CDATA[]]></system-err>
</testsuite>
