<?xml version="1.0" encoding="UTF-8"?>
<testsuite name="apoc.cypher.CypherTest" tests="15" skipped="0" failures="0" errors="0" timestamp="2017-04-22T14:39:16" hostname="Pc" time="1.838">
  <properties/>
  <testcase name="testParallel2" classname="apoc.cypher.CypherTest" time="0.577"/>
  <testcase name="testRunFileWithResults" classname="apoc.cypher.CypherTest" time="0.092"/>
  <testcase name="testRunFileWithSchema" classname="apoc.cypher.CypherTest" time="0.007"/>
  <testcase name="testRunNoParams" classname="apoc.cypher.CypherTest" time="0.012"/>
  <testcase name="testRun" classname="apoc.cypher.CypherTest" time="0.01"/>
  <testcase name="testWithTimeout" classname="apoc.cypher.CypherTest" time="0.118"/>
  <testcase name="testMapParallel2" classname="apoc.cypher.CypherTest" time="0.235"/>
  <testcase name="testMapParallel" classname="apoc.cypher.CypherTest" time="0.198"/>
  <testcase name="testRunNullParams" classname="apoc.cypher.CypherTest" time="0.005"/>
  <testcase name="testRunVariable" classname="apoc.cypher.CypherTest" time="0.009"/>
  <testcase name="testRunFile" classname="apoc.cypher.CypherTest" time="0.023"/>
  <testcase name="testRunMany" classname="apoc.cypher.CypherTest" time="0.022"/>
  <testcase name="testSingular" classname="apoc.cypher.CypherTest" time="0.145"/>
  <testcase name="testRunWithPeriodic" classname="apoc.cypher.CypherTest" time="0.212"/>
  <testcase name="testParallel" classname="apoc.cypher.CypherTest" time="0.168"/>
  <system-out><![CDATA[]]></system-out>
  <system-err><![CDATA[]]></system-err>
</testsuite>
