<?xml version="1.0" encoding="UTF-8"?>
<testsuite name="apoc.create.CreateTest" tests="14" skipped="0" failures="0" errors="0" timestamp="2017-04-20T12:32:36" hostname="Pc" time="1.453">
  <properties/>
  <testcase name="testCreateVirtualRelationship" classname="apoc.create.CreateTest" time="0.104"/>
  <testcase name="testCreateNodeWithArrayProps" classname="apoc.create.CreateTest" time="0.116"/>
  <testcase name="testVirtualNodeFunction" classname="apoc.create.CreateTest" time="0.099"/>
  <testcase name="testVirtualNode" classname="apoc.create.CreateTest" time="0.082"/>
  <testcase name="testCreateNodes" classname="apoc.create.CreateTest" time="0.107"/>
  <testcase name="testCreatePattern" classname="apoc.create.CreateTest" time="0.094"/>
  <testcase name="testCreateRelationship" classname="apoc.create.CreateTest" time="0.104"/>
  <testcase name="testSetProperty" classname="apoc.create.CreateTest" time="0.119"/>
  <testcase name="testCreateNode" classname="apoc.create.CreateTest" time="0.113"/>
  <testcase name="testSetRelProperty" classname="apoc.create.CreateTest" time="0.117"/>
  <testcase name="testCreatePatternFull" classname="apoc.create.CreateTest" time="0.082"/>
  <testcase name="testSetProperties" classname="apoc.create.CreateTest" time="0.102"/>
  <testcase name="testSetRelProperties" classname="apoc.create.CreateTest" time="0.114"/>
  <testcase name="testCreateVirtualRelationshipFunction" classname="apoc.create.CreateTest" time="0.098"/>
  <system-out><![CDATA[]]></system-out>
  <system-err><![CDATA[]]></system-err>
</testsuite>
