<?xml version="1.0" encoding="UTF-8"?>
<testsuite name="apoc.warmup.WarmupTest" tests="1" skipped="0" failures="0" errors="0" timestamp="2017-04-21T14:44:49" hostname="Pc" time="0.154">
  <properties/>
  <testcase name="testWarmup" classname="apoc.warmup.WarmupTest" time="0.154"/>
  <system-out><![CDATA[]]></system-out>
  <system-err><![CDATA[]]></system-err>
</testsuite>
