<?xml version="1.0" encoding="UTF-8"?>
<testsuite name="apoc.util.UtilsTest" tests="6" skipped="0" failures="0" errors="0" timestamp="2017-04-21T16:39:09" hostname="Pc" time="0.349">
  <properties/>
  <testcase name="testMd5" classname="apoc.util.UtilsTest" time="0.013"/>
  <testcase name="testSleep" classname="apoc.util.UtilsTest" time="0.313"/>
  <testcase name="testSha1" classname="apoc.util.UtilsTest" time="0.004"/>
  <testcase name="testSleepWithTerminate" classname="apoc.util.UtilsTest" time="0.011"/>
  <testcase name="testValidateFalse" classname="apoc.util.UtilsTest" time="0.004"/>
  <testcase name="testValidateTrue" classname="apoc.util.UtilsTest" time="0.003"/>
  <system-out><![CDATA[]]></system-out>
  <system-err><![CDATA[]]></system-err>
</testsuite>
