<?xml version="1.0" encoding="UTF-8"?>
<testsuite name="apoc.search.ParallelNodeSearchTest" tests="7" skipped="0" failures="0" errors="0" timestamp="2017-04-22T09:43:13" hostname="Pc" time="0.46">
  <properties/>
  <testcase name="testMultiSearchNodeReduced" classname="apoc.search.ParallelNodeSearchTest" time="0.142"/>
  <testcase name="testMultiSearchNodeAll" classname="apoc.search.ParallelNodeSearchTest" time="0.138"/>
  <testcase name="testMultiSearchNode" classname="apoc.search.ParallelNodeSearchTest" time="0.026"/>
  <testcase name="testMultiSearchNodeAllReduced" classname="apoc.search.ParallelNodeSearchTest" time="0.031"/>
  <testcase name="testMultiSearchNodeNumberComparison" classname="apoc.search.ParallelNodeSearchTest" time="0.048"/>
  <testcase name="testMultiSearchNodeAllReducedMapParam" classname="apoc.search.ParallelNodeSearchTest" time="0.038"/>
  <testcase name="testMultiSearchNodeNumberExactComparison" classname="apoc.search.ParallelNodeSearchTest" time="0.036"/>
  <system-out><![CDATA[]]></system-out>
  <system-err><![CDATA[]]></system-err>
</testsuite>
