<?xml version="1.0" encoding="UTF-8"?>
<testsuite name="apoc.generate.GenerateTest" tests="13" skipped="0" failures="0" errors="0" timestamp="2017-04-22T13:28:21" hostname="Pc" time="2.182">
  <properties/>
  <testcase name="shouldGenerateWattsStrogatz1" classname="apoc.generate.GenerateTest" time="0.174"/>
  <testcase name="shouldGenerateWattsStrogatz2" classname="apoc.generate.GenerateTest" time="0.217"/>
  <testcase name="shouldGenerateWattsStrogatz3" classname="apoc.generate.GenerateTest" time="0.16"/>
  <testcase name="shouldGenerateComplete1" classname="apoc.generate.GenerateTest" time="0.127"/>
  <testcase name="shouldGenerateComplete2" classname="apoc.generate.GenerateTest" time="0.146"/>
  <testcase name="shouldGenerateBarabasiAlbert1" classname="apoc.generate.GenerateTest" time="0.187"/>
  <testcase name="shouldGenerateBarabasiAlbert2" classname="apoc.generate.GenerateTest" time="0.106"/>
  <testcase name="shouldGenerateBarabasiAlbert3" classname="apoc.generate.GenerateTest" time="0.161"/>
  <testcase name="shouldGenerateErdosRenyi1" classname="apoc.generate.GenerateTest" time="0.146"/>
  <testcase name="shouldGenerateErdosRenyi2" classname="apoc.generate.GenerateTest" time="0.3"/>
  <testcase name="shouldGenerateErdosRenyi3" classname="apoc.generate.GenerateTest" time="0.116"/>
  <testcase name="shouldGenerateSimple1" classname="apoc.generate.GenerateTest" time="0.15"/>
  <testcase name="shouldGenerateSimple2" classname="apoc.generate.GenerateTest" time="0.189"/>
  <system-out><![CDATA[]]></system-out>
  <system-err><![CDATA[]]></system-err>
</testsuite>
