<?xml version="1.0" encoding="UTF-8"?>
<testsuite name="apoc.cache.StaticTest" tests="4" skipped="0" failures="0" errors="0" timestamp="2017-04-21T15:52:36" hostname="Pc" time="0.504">
  <properties/>
  <testcase name="testListFromConfig" classname="apoc.cache.StaticTest" time="0.149"/>
  <testcase name="testSet" classname="apoc.cache.StaticTest" time="0.116"/>
  <testcase name="testGetAllFromConfig" classname="apoc.cache.StaticTest" time="0.122"/>
  <testcase name="testOverrideConfig" classname="apoc.cache.StaticTest" time="0.117"/>
  <system-out><![CDATA[]]></system-out>
  <system-err><![CDATA[]]></system-err>
</testsuite>
