<?xml version="1.0" encoding="UTF-8"?>
<testsuite name="apoc.index.FreeTextSearchTest" tests="17" skipped="0" failures="0" errors="0" timestamp="2017-04-20T16:01:00" hostname="Pc" time="17.621">
  <properties/>
  <testcase name="shouldCreateIndexWithSingleLabel" classname="apoc.index.FreeTextSearchTest" time="0.23"/>
  <testcase name="shouldReportScoreFromIndex" classname="apoc.index.FreeTextSearchTest" time="0.13"/>
  <testcase name="shouldEnableSearchingBySpecificField" classname="apoc.index.FreeTextSearchTest" time="0.129"/>
  <testcase name="addAllNodeExtendedWithDynamicChainAnalyzer" classname="apoc.index.FreeTextSearchTest" time="0.134"/>
  <testcase name="addAllNodesExtendedOptionsCustomAnalyzer" classname="apoc.index.FreeTextSearchTest" time="0.115"/>
  <testcase name="shouldLimitNumberOfResults" classname="apoc.index.FreeTextSearchTest" time="1.281"/>
  <testcase name="addAllNodesDefaultParameters" classname="apoc.index.FreeTextSearchTest" time="0.114"/>
  <testcase name="shouldHandleRepeatedCalls" classname="apoc.index.FreeTextSearchTest" time="0.143"/>
  <testcase name="shouldIndexNodesWithMultipleLabels" classname="apoc.index.FreeTextSearchTest" time="0.118"/>
  <testcase name="addAllNodesExtendedNoOptionsDefaultParameters" classname="apoc.index.FreeTextSearchTest" time="0.112"/>
  <testcase name="shouldSearchInNumericRange" classname="apoc.index.FreeTextSearchTest" time="0.852"/>
  <testcase name="shouldFindWithWildcards" classname="apoc.index.FreeTextSearchTest" time="0.141"/>
  <testcase name="shouldCreateFreeTextIndexWithMultipleLabels" classname="apoc.index.FreeTextSearchTest" time="0.122"/>
  <testcase name="addAllNodesExtendedOptionsCheck" classname="apoc.index.FreeTextSearchTest" time="0.107"/>
  <testcase name="shouldQueryFreeTextIndex" classname="apoc.index.FreeTextSearchTest" time="0.122"/>
  <testcase name="shouldPopulateIndexInBatches" classname="apoc.index.FreeTextSearchTest" time="3.678"/>
  <testcase name="shouldRefuseToCreateIndexWithNoStructure" classname="apoc.index.FreeTextSearchTest" time="10.093"/>
  <system-out><![CDATA[]]></system-out>
  <system-err><![CDATA[]]></system-err>
</testsuite>
