<?xml version="1.0" encoding="UTF-8"?>
<testsuite name="apoc.algo.WeaklyConnectedComponentsTest" tests="2" skipped="0" failures="0" errors="0" timestamp="2017-04-20T17:42:22" hostname="Pc" time="0.342">
  <properties/>
  <testcase name="shouldReturnExpectedResultWhenUsingWeaklyConnected" classname="apoc.algo.WeaklyConnectedComponentsTest" time="0.178"/>
  <testcase name="shouldReturnExpectedResultCountWhenUsingWeaklyConnected" classname="apoc.algo.WeaklyConnectedComponentsTest" time="0.164"/>
  <system-out><![CDATA[]]></system-out>
  <system-err><![CDATA[]]></system-err>
</testsuite>
