<?xml version="1.0" encoding="UTF-8"?>
<testsuite name="apoc.index.FulltextIndexTest" tests="13" skipped="0" failures="0" errors="0" timestamp="2017-04-20T10:33:56" hostname="Pc" time="1.708">
  <properties/>
  <testcase name="testRelationships" classname="apoc.index.FulltextIndexTest" time="0.129"/>
  <testcase name="testAddNode" classname="apoc.index.FulltextIndexTest" time="0.121"/>
  <testcase name="testOut" classname="apoc.index.FulltextIndexTest" time="0.146"/>
  <testcase name="testNodes" classname="apoc.index.FulltextIndexTest" time="0.12"/>
  <testcase name="testRemoveRelationshipByName" classname="apoc.index.FulltextIndexTest" time="0.14"/>
  <testcase name="testIn" classname="apoc.index.FulltextIndexTest" time="0.176"/>
  <testcase name="testBetween" classname="apoc.index.FulltextIndexTest" time="0.13"/>
  <testcase name="testAddRelationshipToExistingIndex" classname="apoc.index.FulltextIndexTest" time="0.12"/>
  <testcase name="testAddNodeByLabel" classname="apoc.index.FulltextIndexTest" time="0.104"/>
  <testcase name="testAddNodeToExistingIndex" classname="apoc.index.FulltextIndexTest" time="0.127"/>
  <testcase name="testAddNodeByLabelMultipleProperties" classname="apoc.index.FulltextIndexTest" time="0.115"/>
  <testcase name="testRemoveNodeByName" classname="apoc.index.FulltextIndexTest" time="0.116"/>
  <testcase name="testAddRelationship" classname="apoc.index.FulltextIndexTest" time="0.162"/>
  <system-out><![CDATA[]]></system-out>
  <system-err><![CDATA[]]></system-err>
</testsuite>
