<?xml version="1.0" encoding="UTF-8"?>
<testsuite name="apoc.map.MapsTest" tests="17" skipped="0" failures="0" errors="0" timestamp="2017-04-22T14:00:56" hostname="Pc" time="1.866">
  <properties/>
  <testcase name="testMergeList" classname="apoc.map.MapsTest" time="0.126"/>
  <testcase name="testClean" classname="apoc.map.MapsTest" time="0.125"/>
  <testcase name="testMerge" classname="apoc.map.MapsTest" time="0.1"/>
  <testcase name="testFlatten" classname="apoc.map.MapsTest" time="0.108"/>
  <testcase name="testGroupBy" classname="apoc.map.MapsTest" time="0.1"/>
  <testcase name="testRemoveKeys" classname="apoc.map.MapsTest" time="0.114"/>
  <testcase name="testFromLists" classname="apoc.map.MapsTest" time="0.113"/>
  <testcase name="testFromNodes" classname="apoc.map.MapsTest" time="0.11"/>
  <testcase name="testFromPairs" classname="apoc.map.MapsTest" time="0.11"/>
  <testcase name="testGroupByMulti" classname="apoc.map.MapsTest" time="0.104"/>
  <testcase name="testSetValues" classname="apoc.map.MapsTest" time="0.103"/>
  <testcase name="testFromValues" classname="apoc.map.MapsTest" time="0.106"/>
  <testcase name="testSetKey" classname="apoc.map.MapsTest" time="0.111"/>
  <testcase name="testRemoveKey" classname="apoc.map.MapsTest" time="0.112"/>
  <testcase name="testSetEntry" classname="apoc.map.MapsTest" time="0.101"/>
  <testcase name="testSetLists" classname="apoc.map.MapsTest" time="0.105"/>
  <testcase name="testSetPairs" classname="apoc.map.MapsTest" time="0.114"/>
  <system-out><![CDATA[]]></system-out>
  <system-err><![CDATA[]]></system-err>
</testsuite>
