<?xml version="1.0" encoding="UTF-8"?>
<testsuite name="apoc.nodes.NodesTest" tests="4" skipped="0" failures="0" errors="0" timestamp="2017-04-19T18:26:50" hostname="Pc" time="0.693">
  <properties/>
  <testcase name="delete" classname="apoc.nodes.NodesTest" time="0.324"/>
  <testcase name="link" classname="apoc.nodes.NodesTest" time="0.115"/>
  <testcase name="hasRelationhip" classname="apoc.nodes.NodesTest" time="0.146"/>
  <testcase name="isDense" classname="apoc.nodes.NodesTest" time="0.108"/>
  <system-out><![CDATA[]]></system-out>
  <system-err><![CDATA[]]></system-err>
</testsuite>
