<?xml version="1.0" encoding="UTF-8"?>
<testsuite name="apoc.create.CreateTest" tests="14" skipped="0" failures="0" errors="0" timestamp="2017-04-21T15:26:35" hostname="Pc" time="1.667">
  <properties/>
  <testcase name="testCreateVirtualRelationship" classname="apoc.create.CreateTest" time="0.15"/>
  <testcase name="testCreateNodeWithArrayProps" classname="apoc.create.CreateTest" time="0.111"/>
  <testcase name="testVirtualNodeFunction" classname="apoc.create.CreateTest" time="0.119"/>
  <testcase name="testVirtualNode" classname="apoc.create.CreateTest" time="0.099"/>
  <testcase name="testCreateNodes" classname="apoc.create.CreateTest" time="0.104"/>
  <testcase name="testCreatePattern" classname="apoc.create.CreateTest" time="0.127"/>
  <testcase name="testCreateRelationship" classname="apoc.create.CreateTest" time="0.123"/>
  <testcase name="testSetProperty" classname="apoc.create.CreateTest" time="0.16"/>
  <testcase name="testCreateNode" classname="apoc.create.CreateTest" time="0.091"/>
  <testcase name="testSetRelProperty" classname="apoc.create.CreateTest" time="0.109"/>
  <testcase name="testCreatePatternFull" classname="apoc.create.CreateTest" time="0.118"/>
  <testcase name="testSetProperties" classname="apoc.create.CreateTest" time="0.124"/>
  <testcase name="testSetRelProperties" classname="apoc.create.CreateTest" time="0.113"/>
  <testcase name="testCreateVirtualRelationshipFunction" classname="apoc.create.CreateTest" time="0.117"/>
  <system-out><![CDATA[]]></system-out>
  <system-err><![CDATA[]]></system-err>
</testsuite>
