<?xml version="1.0" encoding="UTF-8"?>
<testsuite name="apoc.generate.ErdosRenyiGeneratorTest" tests="3" skipped="2" failures="0" errors="0" timestamp="2017-04-21T11:43:20" hostname="Pc" time="0.878">
  <properties/>
  <testcase name="shouldGenerateCorrectNumberOfNodesAndRelationships" classname="apoc.generate.ErdosRenyiGeneratorTest" time="0.878"/>
  <testcase name="shouldGenerateRelationshipsForLargeGraphInAReasonableAmountOfTime2" classname="apoc.generate.ErdosRenyiGeneratorTest" time="0.0">
    <skipped/>
  </testcase>
  <testcase name="shouldGenerateRelationshipsForLargeGraphInAReasonableAmountOfTime" classname="apoc.generate.ErdosRenyiGeneratorTest" time="0.0">
    <skipped/>
  </testcase>
  <system-out><![CDATA[]]></system-out>
  <system-err><![CDATA[]]></system-err>
</testsuite>
