<?xml version="1.0" encoding="UTF-8"?>
<testsuite name="apoc.algo.CoverTest" tests="1" skipped="0" failures="0" errors="0" timestamp="2017-04-19T17:26:30" hostname="Pc" time="0.017">
  <properties/>
  <testcase name="testCover" classname="apoc.algo.CoverTest" time="0.017"/>
  <system-out><![CDATA[]]></system-out>
  <system-err><![CDATA[]]></system-err>
</testsuite>
