<?xml version="1.0" encoding="UTF-8"?>
<testsuite name="apoc.schema.SchemasTest" tests="6" skipped="0" failures="0" errors="0" timestamp="2017-04-22T09:43:11" hostname="Pc" time="0.673">
  <properties/>
  <testcase name="testCreateSchema" classname="apoc.schema.SchemasTest" time="0.111"/>
  <testcase name="testCreateIndex" classname="apoc.schema.SchemasTest" time="0.106"/>
  <testcase name="testKeepIndex" classname="apoc.schema.SchemasTest" time="0.105"/>
  <testcase name="testDropIndex" classname="apoc.schema.SchemasTest" time="0.119"/>
  <testcase name="testDropSchema" classname="apoc.schema.SchemasTest" time="0.123"/>
  <testcase name="testKeepSchema" classname="apoc.schema.SchemasTest" time="0.109"/>
  <system-out><![CDATA[]]></system-out>
  <system-err><![CDATA[]]></system-err>
</testsuite>
