<?xml version="1.0" encoding="UTF-8"?>
<testsuite name="apoc.get.GetTest" tests="2" skipped="0" failures="0" errors="0" timestamp="2017-04-26T11:07:17" hostname="Pc" time="0.186">
  <properties/>
  <testcase name="testNodes" classname="apoc.get.GetTest" time="0.089"/>
  <testcase name="testRels" classname="apoc.get.GetTest" time="0.097"/>
  <system-out><![CDATA[]]></system-out>
  <system-err><![CDATA[]]></system-err>
</testsuite>
