<?xml version="1.0" encoding="UTF-8"?>
<testsuite name="apoc.index.FreeTextSearchTest" tests="17" skipped="0" failures="0" errors="0" timestamp="2017-04-22T14:52:33" hostname="Pc" time="19.658">
  <properties/>
  <testcase name="shouldCreateIndexWithSingleLabel" classname="apoc.index.FreeTextSearchTest" time="0.24"/>
  <testcase name="shouldReportScoreFromIndex" classname="apoc.index.FreeTextSearchTest" time="0.17"/>
  <testcase name="shouldEnableSearchingBySpecificField" classname="apoc.index.FreeTextSearchTest" time="0.118"/>
  <testcase name="addAllNodeExtendedWithDynamicChainAnalyzer" classname="apoc.index.FreeTextSearchTest" time="0.194"/>
  <testcase name="addAllNodesExtendedOptionsCustomAnalyzer" classname="apoc.index.FreeTextSearchTest" time="0.115"/>
  <testcase name="shouldLimitNumberOfResults" classname="apoc.index.FreeTextSearchTest" time="1.75"/>
  <testcase name="addAllNodesDefaultParameters" classname="apoc.index.FreeTextSearchTest" time="0.152"/>
  <testcase name="shouldHandleRepeatedCalls" classname="apoc.index.FreeTextSearchTest" time="0.15"/>
  <testcase name="shouldIndexNodesWithMultipleLabels" classname="apoc.index.FreeTextSearchTest" time="0.141"/>
  <testcase name="addAllNodesExtendedNoOptionsDefaultParameters" classname="apoc.index.FreeTextSearchTest" time="0.118"/>
  <testcase name="shouldSearchInNumericRange" classname="apoc.index.FreeTextSearchTest" time="1.077"/>
  <testcase name="shouldFindWithWildcards" classname="apoc.index.FreeTextSearchTest" time="0.148"/>
  <testcase name="shouldCreateFreeTextIndexWithMultipleLabels" classname="apoc.index.FreeTextSearchTest" time="0.126"/>
  <testcase name="addAllNodesExtendedOptionsCheck" classname="apoc.index.FreeTextSearchTest" time="0.11"/>
  <testcase name="shouldQueryFreeTextIndex" classname="apoc.index.FreeTextSearchTest" time="0.135"/>
  <testcase name="shouldPopulateIndexInBatches" classname="apoc.index.FreeTextSearchTest" time="4.804"/>
  <testcase name="shouldRefuseToCreateIndexWithNoStructure" classname="apoc.index.FreeTextSearchTest" time="10.106"/>
  <system-out><![CDATA[]]></system-out>
  <system-err><![CDATA[]]></system-err>
</testsuite>
