<?xml version="1.0" encoding="UTF-8"?>
<testsuite name="apoc.spatial.SpatialTest" tests="4" skipped="0" failures="0" errors="0" timestamp="2017-04-24T14:34:58" hostname="Pc" time="0.593">
  <properties/>
  <testcase name="testGeocodePointAndDistance" classname="apoc.spatial.SpatialTest" time="0.183"/>
  <testcase name="testSimpleGeocode" classname="apoc.spatial.SpatialTest" time="0.114"/>
  <testcase name="testAllTheThings" classname="apoc.spatial.SpatialTest" time="0.141"/>
  <testcase name="testGraphRefactoring" classname="apoc.spatial.SpatialTest" time="0.155"/>
  <system-out><![CDATA[]]></system-out>
  <system-err><![CDATA[]]></system-err>
</testsuite>
