<?xml version="1.0" encoding="UTF-8"?>
<testsuite name="apoc.config.ConfigTest" tests="8" skipped="0" failures="0" errors="0" timestamp="2017-04-19T18:25:12" hostname="Pc" time="0.776">
  <properties/>
  <testcase name="changeSlashUrlWithDirectoryImportContrained" classname="apoc.config.ConfigTest" time="0.111"/>
  <testcase name="notChangeFileUrlWithdirectoryImportConstrained" classname="apoc.config.ConfigTest" time="0.1"/>
  <testcase name="changeFileSlashUrlWithDirectoryImportContrained" classname="apoc.config.ConfigTest" time="0.088"/>
  <testcase name="list" classname="apoc.config.ConfigTest" time="0.103"/>
  <testcase name="changeFileTripleSlashesUrlWithdirectoryImportConstrained" classname="apoc.config.ConfigTest" time="0.086"/>
  <testcase name="changeNoSlashesUrlWithDirectoryImportContrained" classname="apoc.config.ConfigTest" time="0.089"/>
  <testcase name="changeFileDoubleSlashesUrlWithdirectoryImportConstrained" classname="apoc.config.ConfigTest" time="0.081"/>
  <testcase name="getConfigurationValue" classname="apoc.config.ConfigTest" time="0.118"/>
  <system-out><![CDATA[]]></system-out>
  <system-err><![CDATA[]]></system-err>
</testsuite>
