<?xml version="1.0" encoding="UTF-8"?>
<testsuite name="apoc.nodes.NodesTest" tests="4" skipped="0" failures="0" errors="0" timestamp="2017-04-24T13:39:44" hostname="Pc" time="0.74">
  <properties/>
  <testcase name="delete" classname="apoc.nodes.NodesTest" time="0.366"/>
  <testcase name="link" classname="apoc.nodes.NodesTest" time="0.11"/>
  <testcase name="hasRelationhip" classname="apoc.nodes.NodesTest" time="0.147"/>
  <testcase name="isDense" classname="apoc.nodes.NodesTest" time="0.117"/>
  <system-out><![CDATA[]]></system-out>
  <system-err><![CDATA[]]></system-err>
</testsuite>
