<?xml version="1.0" encoding="UTF-8"?>
<testsuite name="apoc.spatial.GeocodeTest" tests="2" skipped="0" failures="0" errors="0" timestamp="2017-04-26T10:38:30" hostname="Pc" time="25.394">
  <properties/>
  <testcase name="testGeocodeGoogle" classname="apoc.spatial.GeocodeTest" time="12.084"/>
  <testcase name="testGeocodeOSM" classname="apoc.spatial.GeocodeTest" time="13.31"/>
  <system-out><![CDATA[Fast google test took 2464ms
Slow google test took 9498ms
Fast osm test took 1205ms
Slow osm test took 12003ms
]]></system-out>
  <system-err><![CDATA[]]></system-err>
</testsuite>
