<?xml version="1.0" encoding="UTF-8"?>
<testsuite name="apoc.cypher.CypherTest" tests="15" skipped="0" failures="0" errors="0" timestamp="2017-04-21T14:28:36" hostname="Pc" time="1.609">
  <properties/>
  <testcase name="testParallel2" classname="apoc.cypher.CypherTest" time="0.474"/>
  <testcase name="testRunFileWithResults" classname="apoc.cypher.CypherTest" time="0.067"/>
  <testcase name="testRunFileWithSchema" classname="apoc.cypher.CypherTest" time="0.007"/>
  <testcase name="testRunNoParams" classname="apoc.cypher.CypherTest" time="0.007"/>
  <testcase name="testRun" classname="apoc.cypher.CypherTest" time="0.009"/>
  <testcase name="testWithTimeout" classname="apoc.cypher.CypherTest" time="0.115"/>
  <testcase name="testMapParallel2" classname="apoc.cypher.CypherTest" time="0.193"/>
  <testcase name="testMapParallel" classname="apoc.cypher.CypherTest" time="0.168"/>
  <testcase name="testRunNullParams" classname="apoc.cypher.CypherTest" time="0.003"/>
  <testcase name="testRunVariable" classname="apoc.cypher.CypherTest" time="0.012"/>
  <testcase name="testRunFile" classname="apoc.cypher.CypherTest" time="0.021"/>
  <testcase name="testRunMany" classname="apoc.cypher.CypherTest" time="0.042"/>
  <testcase name="testSingular" classname="apoc.cypher.CypherTest" time="0.128"/>
  <testcase name="testRunWithPeriodic" classname="apoc.cypher.CypherTest" time="0.181"/>
  <testcase name="testParallel" classname="apoc.cypher.CypherTest" time="0.18"/>
  <system-out><![CDATA[]]></system-out>
  <system-err><![CDATA[]]></system-err>
</testsuite>
