<?xml version="1.0" encoding="UTF-8"?>
<testsuite name="apoc.load.JdbcTest" tests="4" skipped="0" failures="0" errors="0" timestamp="2017-04-21T15:54:38" hostname="Pc" time="0.041">
  <properties/>
  <testcase name="testLoadJdbc" classname="apoc.load.JdbcTest" time="0.009"/>
  <testcase name="testLoadJdbcParams" classname="apoc.load.JdbcTest" time="0.021"/>
  <testcase name="testLoadJdbcSelect" classname="apoc.load.JdbcTest" time="0.006"/>
  <testcase name="testLoadJdbcKey" classname="apoc.load.JdbcTest" time="0.004"/>
  <system-out><![CDATA[]]></system-out>
  <system-err><![CDATA[]]></system-err>
</testsuite>
