<?xml version="1.0" encoding="UTF-8"?>
<testsuite name="apoc.trigger.TriggerTest" tests="8" skipped="0" failures="0" errors="0" timestamp="2017-04-18T13:40:32" hostname="Pc" time="0.871">
  <properties/>
  <testcase name="testTimeStampTriggerForUpdatedProperties" classname="apoc.trigger.TriggerTest" time="0.117"/>
  <testcase name="testTxId" classname="apoc.trigger.TriggerTest" time="0.09"/>
  <testcase name="testListTriggers" classname="apoc.trigger.TriggerTest" time="0.088"/>
  <testcase name="testLowerCaseName" classname="apoc.trigger.TriggerTest" time="0.107"/>
  <testcase name="testRemoveNode" classname="apoc.trigger.TriggerTest" time="0.139"/>
  <testcase name="testRemoveRelationship" classname="apoc.trigger.TriggerTest" time="0.111"/>
  <testcase name="testSetLabels" classname="apoc.trigger.TriggerTest" time="0.108"/>
  <testcase name="testTimeStampTrigger" classname="apoc.trigger.TriggerTest" time="0.11"/>
  <system-out><![CDATA[]]></system-out>
  <system-err><![CDATA[]]></system-err>
</testsuite>
