<?xml version="1.0" encoding="UTF-8"?>
<testsuite name="apoc.cache.StaticTest" tests="4" skipped="0" failures="0" errors="0" timestamp="2017-04-26T17:22:29" hostname="Pc" time="0.435">
  <properties/>
  <testcase name="testListFromConfig" classname="apoc.cache.StaticTest" time="0.125"/>
  <testcase name="testSet" classname="apoc.cache.StaticTest" time="0.12"/>
  <testcase name="testGetAllFromConfig" classname="apoc.cache.StaticTest" time="0.101"/>
  <testcase name="testOverrideConfig" classname="apoc.cache.StaticTest" time="0.089"/>
  <system-out><![CDATA[]]></system-out>
  <system-err><![CDATA[]]></system-err>
</testsuite>
