<?xml version="1.0" encoding="UTF-8"?>
<testsuite name="apoc.create.CreateTest" tests="14" skipped="0" failures="0" errors="0" timestamp="2017-04-20T10:11:28" hostname="Pc" time="1.62">
  <properties/>
  <testcase name="testCreateVirtualRelationship" classname="apoc.create.CreateTest" time="0.135"/>
  <testcase name="testCreateNodeWithArrayProps" classname="apoc.create.CreateTest" time="0.13"/>
  <testcase name="testVirtualNodeFunction" classname="apoc.create.CreateTest" time="0.116"/>
  <testcase name="testVirtualNode" classname="apoc.create.CreateTest" time="0.106"/>
  <testcase name="testCreateNodes" classname="apoc.create.CreateTest" time="0.112"/>
  <testcase name="testCreatePattern" classname="apoc.create.CreateTest" time="0.103"/>
  <testcase name="testCreateRelationship" classname="apoc.create.CreateTest" time="0.11"/>
  <testcase name="testSetProperty" classname="apoc.create.CreateTest" time="0.132"/>
  <testcase name="testCreateNode" classname="apoc.create.CreateTest" time="0.104"/>
  <testcase name="testSetRelProperty" classname="apoc.create.CreateTest" time="0.111"/>
  <testcase name="testCreatePatternFull" classname="apoc.create.CreateTest" time="0.113"/>
  <testcase name="testSetProperties" classname="apoc.create.CreateTest" time="0.124"/>
  <testcase name="testSetRelProperties" classname="apoc.create.CreateTest" time="0.106"/>
  <testcase name="testCreateVirtualRelationshipFunction" classname="apoc.create.CreateTest" time="0.115"/>
  <system-out><![CDATA[]]></system-out>
  <system-err><![CDATA[]]></system-err>
</testsuite>
