<?xml version="1.0" encoding="UTF-8"?>
<testsuite name="apoc.algo.PathFindingTest" tests="6" skipped="0" failures="0" errors="0" timestamp="2017-04-19T17:26:33" hostname="Pc" time="0.962">
  <properties/>
  <testcase name="testAllSimplePathResults" classname="apoc.algo.PathFindingTest" time="0.183"/>
  <testcase name="testAStar" classname="apoc.algo.PathFindingTest" time="0.156"/>
  <testcase name="testAStarConfig" classname="apoc.algo.PathFindingTest" time="0.147"/>
  <testcase name="testDijkstra" classname="apoc.algo.PathFindingTest" time="0.187"/>
  <testcase name="testAllSimplePaths" classname="apoc.algo.PathFindingTest" time="0.144"/>
  <testcase name="testDijkstraWithDefaultWeight" classname="apoc.algo.PathFindingTest" time="0.144"/>
  <system-out><![CDATA[]]></system-out>
  <system-err><![CDATA[]]></system-err>
</testsuite>
