<?xml version="1.0" encoding="UTF-8"?>
<testsuite name="apoc.spatial.SpatialTest" tests="4" skipped="0" failures="0" errors="0" timestamp="2017-04-22T10:49:42" hostname="Pc" time="0.784">
  <properties/>
  <testcase name="testGeocodePointAndDistance" classname="apoc.spatial.SpatialTest" time="0.238"/>
  <testcase name="testSimpleGeocode" classname="apoc.spatial.SpatialTest" time="0.16"/>
  <testcase name="testAllTheThings" classname="apoc.spatial.SpatialTest" time="0.179"/>
  <testcase name="testGraphRefactoring" classname="apoc.spatial.SpatialTest" time="0.206"/>
  <system-out><![CDATA[]]></system-out>
  <system-err><![CDATA[]]></system-err>
</testsuite>
